renaming:https://www-dav.odont.uio.no/personer/adm/fak/oystholm/index.html:Knut Gythfeldt:Øystein Holm-Haagensen
renaming:https://www-dav.odont.uio.no/iob/personer/vit/ingunlw/index.html:Louise Bjerkan:Ingun Lund Witsø
renaming:https://www-dav.odont.uio.no/iko/english/people/aca/lisapr/index.html:Ivar Andersen-Gott:Lisa Printzell
renaming:https://www-dav.odont.uio.no/iko/english/people/aca/grysp/index.html:Ivar Andersen-Gott:Gry Steinsvoll Prøsch
hiding:https://www-dav.odont.uio.no/iko/english/people/aca/nielsfh/index.html
hiding:https://www-dav.odont.uio.no/iko/personer/vit/nielsfh/index.html
renaming:https://www-dav.odont.uio.no/iob/english/people/aca/ingunlw/index.html:Cecilie Gjøvaag Attramadal:Ingun Lund Witsø
renaming:https://www-dav.odont.uio.no/iob/english/people/aca/rabia/index.html:Cecilie Gjøvaag Attramadal:Rabia Khan
renaming:https://www-dav.odont.uio.no/iob/personer/vit/rabia/index.html:Louise Bjerkan:Rabia Khan
hiding:https://www-dav.odont.uio.no/iko/english/people/aca/majbritb/index.html
hiding:https://www-dav.odont.uio.no/iko/personer/vit/majbritb/index.html
ldap-error:https://www-dav.odont.uio.no/personer/adm/fak/knutfg/index.html:Knut Gythfeldt::knutfg
ldap-error:https://www-dav.odont.uio.no/iko/personer/vit/jorunnvk/veslemoylinde.html:Veslemøy Linde::Veslemøy Linde
hiding:https://www-dav.odont.uio.no/iko/english/people/aca/grykk/index.html
hiding:https://www-dav.odont.uio.no/iko/personer/vit/grykk/index.html
ldap-error:https://www-dav.odont.uio.no/english/people/adm/fac/helgena/index.html:Helge Olav Næss::helgena
hiding:https://www-dav.odont.uio.no/iko/english/people/aca/kimaka/index.html
renaming:https://www-dav.odont.uio.no/iko/english/people/aca/ormarta/index.html:Oscar Rodolfo Villa Marta:Oscar Villa
hiding:https://www-dav.odont.uio.no/iko/english/people/aca/ormarta/index.html
hiding:https://www-dav.odont.uio.no/iko/english/people/aca/kjmbere/index.html
hiding:https://www-dav.odont.uio.no/iko/english/people/aca/jasnaka/index.html
hiding:https://www-dav.odont.uio.no/iko/english/people/aca/elsehard/index.html
hiding:https://www-dav.odont.uio.no/iko/english/people/aca/jannekol/index.html
hiding:https://www-dav.odont.uio.no/iko/english/people/aca/esbenos/index.html
ldap-error:https://www-dav.odont.uio.no/iko/english/people/aca/mortenas/index.html:Morten Alexander Sandsmark::mortenas
hiding:https://www-dav.odont.uio.no/iko/english/people/aca/mortenas/index.html
hiding:https://www-dav.odont.uio.no/iko/english/people/aca/aka/index.html
ldap-error:https://www-dav.odont.uio.no/iko/personer/vit/mortenas/index.html:Morten Alexander Sandsmark::mortenas
hiding:https://www-dav.odont.uio.no/iko/personer/vit/mortenas/index.html
hiding:https://www-dav.odont.uio.no/iko/personer/vit/aka/index.html
hiding:https://www-dav.odont.uio.no/iko/personer/vit/jannekol/index.html
hiding:https://www-dav.odont.uio.no/iko/personer/vit/elsehard/index.html
hiding:https://www-dav.odont.uio.no/iko/personer/vit/jasnaka/index.html
hiding:https://www-dav.odont.uio.no/iko/personer/vit/kjmbere/index.html
renaming:https://www-dav.odont.uio.no/iko/personer/vit/skjerven/index.html:Skjerven, Finn Henrik:Finn Henrik Skjerven
ldap-error:https://www-dav.odont.uio.no/personer/adm/fak/helgena/index.html:Helge Olav Næss::helgena
unpublished-error:https://www-dav.odont.uio.no/iob/english/people/adm/kjole/index.html
unpublished-error:https://www-dav.odont.uio.no/iob/english/people/adm/pedro/index.html
unpublished-error:https://www-dav.odont.uio.no/iob/personer/adm/pedro/index.html
unpublished-error:https://www-dav.odont.uio.no/iob/personer/adm/isabellm/index.html
unpublished-error:https://www-dav.odont.uio.no/iob/english/people/adm/isabellm/index.html
hiding:https://www-dav.odont.uio.no/iko/personer/vit/esbenos/index.html
renaming:https://www-dav.odont.uio.no/iko/personer/vit/ormarta/index.html:Oscar Rodolfo Villa Marta:Oscar Villa
hiding:https://www-dav.odont.uio.no/iko/personer/vit/ormarta/index.html
hiding:https://www-dav.odont.uio.no/iko/personer/vit/kimaka/index.html
ldap-error:https://www-dav.odont.uio.no/iko/personer/vit/amette/index.html:Anne-Mette Winther-Larsen::amette
hiding:https://www-dav.odont.uio.no/iko/english/people/aca/grocf/index.html
hiding:https://www-dav.odont.uio.no/iko/personer/vit/grocf/index.html
ldap-error:https://www-dav.odont.uio.no/iko/english/people/aca/gabrielv/index.html:Gabriella Trischler Vinje::gabrielv
ldap-error:https://www-dav.odont.uio.no/iko/personer/vit/gabrielv/index.html:Gabriella Trischler Vinje::gabrielv
renaming:https://www-dav.odont.uio.no/iko/personer/vit/vibeel/index.html:Kjærheim, Vibeke Elisabeth:Vibeke Elisabeth Kjærheim
hiding:https://www-dav.odont.uio.no/iko/english/people/aca/ragnab/index.html
hiding:https://www-dav.odont.uio.no/iko/english/people/aca/chrilh/index.html
hiding:https://www-dav.odont.uio.no/iko/english/people/aca/knuaar/index.html
hiding:https://www-dav.odont.uio.no/iko/english/people/aca/camistei/index.html
hiding:https://www-dav.odont.uio.no/iko/english/people/adm/luisd/index.html
hiding:https://www-dav.odont.uio.no/iko/personer/vit/camistei/index.html
hiding:https://www-dav.odont.uio.no/iko/personer/vit/knuaar/index.html
hiding:https://www-dav.odont.uio.no/iko/personer/vit/chrilh/index.html
hiding:https://www-dav.odont.uio.no/iko/personer/vit/ragnab/index.html
ldap-error:https://www-dav.odont.uio.no/iko/personer/vit/perhaug/index.html:Per Haugen::perhaug
renaming:https://www-dav.odont.uio.no/iko/english/people/aca/joneinad/index.html:Dahl, Jon Einar:Jon Einar Dahl
renaming:https://www-dav.odont.uio.no/iko/personer/vit/joneinad/index.html:Dahl, Jon Einar:Jon Einar Dahl
unpublished-error:https://www-dav.odont.uio.no/iko/personer/adm/zinak/index.html
ldap-error:https://www-dav.odont.uio.no/iko/personer/vit/sivfha/index.html:Hansen, Siv Forsberg::sivfha
renaming:https://www-dav.odont.uio.no/iko/personer/vit/janlin/index.html:Line, Jan:Jan Line
renaming:https://www-dav.odont.uio.no/iko/english/people/adm/andefi/index.html:Finsrud, Anders:Anders Finsrud
renaming:https://www-dav.odont.uio.no/iko/personer/adm/andefi/index.html:Finsrud, Anders:Anders Finsrud
hiding:https://www-dav.odont.uio.no/iko/english/people/aca/jorunnvk/index.html
ldap-error:https://www-dav.odont.uio.no/iko/english/people/aca/sivfha/index.html:Forsberg Hansen, Siv::sivfha
ldap-error:https://www-dav.odont.uio.no/english/people/adm/fac/knutfg/index.html:Knut Gythfeldt::knutfg
renaming:https://www-dav.odont.uio.no/iko/personer/vit/erikmstr/index.html:Strand, Erik M:Erik M Strand
unpublished-error:https://www-dav.odont.uio.no/iko/personer/vit/elisaba/index.html
ldap-error:https://www-dav.odont.uio.no/iko/personer/vit/gunvorse/index.html:Semb, Gunvor::gunvorse
renaming:https://www-dav.odont.uio.no/iko/personer/vit/roysa/index.html:Samuelsson, Roy:Roy Samuelsson
ldap-error:https://www-dav.odont.uio.no/iko/personer/vit/cecilibg/index.html:Cecilie Gravdahl Pedersen::cecilibg
ldap-error:https://www-dav.odont.uio.no/iko/personer/vit/perfna/index.html:Per Franck Næss::perfna
ldap-error:https://www-dav.odont.uio.no/iko/personer/vit/arildm/index.html:Mo, Arild::arildm
ldap-error:https://www-dav.odont.uio.no/iko/personer/vit/kjetimis/index.html:Kjetil Misje::kjetimis
ldap-error:https://www-dav.odont.uio.no/iko/personer/vit/alexami/index.html:Miazina, Alexandra::alexami
ldap-error:https://www-dav.odont.uio.no/iko/personer/vit/nabeelm/index.html:Nabeel Khaleel Mekhlif::nabeelm
renaming:https://www-dav.odont.uio.no/iko/personer/vit/marilof/index.html:Lofstad, Marianne:Marianne Lofstad
ldap-error:https://www-dav.odont.uio.no/iko/personer/vit/yuntk/index.html:Korstadhagen, Yun Therese::yuntk
ldap-error:https://www-dav.odont.uio.no/iko/personer/vit/kolseth/index.html:Kolseth, Ingeborg::kolseth
ldap-error:https://www-dav.odont.uio.no/iko/personer/vit/hhaanas/index.html:Haanæs, Hans R::hhaanas
ldap-error:https://www-dav.odont.uio.no/iko/personer/vit/larsgun/index.html:Gunther, Lars A::larsgun
ldap-error:https://www-dav.odont.uio.no/iko/personer/vit/ralphe/index.html:Ralph Edeklev::ralphe
ldap-error:https://www-dav.odont.uio.no/iko/personer/vit/salehe/index.html:Saleh Ebrahimi::salehe
ldap-error:https://www-dav.odont.uio.no/iko/personer/vit/hansfrea/index.html:Hans-Fredrik Andresen::hansfrea
renaming:https://www-dav.odont.uio.no/iko/personer/vit/arildan/index.html:Andersen, Arild:Arild Andersen
ldap-error:https://www-dav.odont.uio.no/iob/personer/vit/marithoy/index.html:Marit Høyberg Aure::marithoy
ldap-error:https://www-dav.odont.uio.no/iko/personer/adm/gjertrsv/index.html:Gjertrud Svantesvold::gjertrsv
ldap-error:https://www-dav.odont.uio.no/iko/personer/adm/torillr/index.html:Ripel, Torill::torillr
ldap-error:https://www-dav.odont.uio.no/iko/personer/adm/elisaml/index.html:Hamar, Elisabeth Marie::elisaml
ldap-error:https://www-dav.odont.uio.no/iko/personer/adm/gmgunner/index.html:Gunnerud, Gunn Marit Randin::gmgunner
ldap-error:https://www-dav.odont.uio.no/iko/personer/adm/hannebj/index.html:Hanne Bjørnstad::hannebj
ldap-error:https://www-dav.odont.uio.no/iob/personer/adm/meretsan/index.html:Merete Sandvik::meretsan
ldap-error:https://www-dav.odont.uio.no/iob/personer/vit/annemaj/index.html:Anne Marthe Jevnaker::annemaj
ldap-error:https://www-dav.odont.uio.no/personer/vit/fak/benthel/index.html:Benthe Løvaas::benthel
ldap-error:https://www-dav.odont.uio.no/personer/vit/fak/stefan/index.html:Stefan Axelsson::stefan
ldap-error:https://www-dav.odont.uio.no/personer/adm/fak/hannetuv/index.html:Hanne Tuvrønningen::hannetuv
ldap-error:https://www-dav.odont.uio.no/personer/adm/fak/aashk/index.html:Kvammen, Åshild::aashk
renaming:https://www-dav.odont.uio.no/iko/personer/vit/gsvendse/index.html:Svendsen, Gunnar:Gunnar Svendsen
ldap-error:https://www-dav.odont.uio.no/iko/english/people/adm/torillr/index.html:Ripel, Torill::torillr
ldap-error:https://www-dav.odont.uio.no/iko/english/people/adm/rakellu/index.html:Lundberg, Rakel::rakellu
ldap-error:https://www-dav.odont.uio.no/iko/english/people/adm/leai/index.html:Klein, Leja::leai
ldap-error:https://www-dav.odont.uio.no/iko/english/people/adm/liseel/index.html:Elden, Lise::liseel
ldap-error:https://www-dav.odont.uio.no/iko/english/people/adm/hannebj/index.html:Hanne Bjørnstad::hannebj
ldap-error:https://www-dav.odont.uio.no/iko/english/people/adm/gjertrsv/index.html:Gjertrud Svantesvold::gjertrsv
ldap-error:https://www-dav.odont.uio.no/iko/english/people/adm/gmgunner/index.html:Gunnerud, Gunn Marit Randin::gmgunner
ldap-error:https://www-dav.odont.uio.no/iko/english/people/adm/elisaml/index.html:Hamar, Elisabeth Marie::elisaml
ldap-error:https://www-dav.odont.uio.no/iko/english/people/aca/yuntk/index.html:Korstadhagen, Yun Therese::yuntk
ldap-error:https://www-dav.odont.uio.no/iko/english/people/aca/salehe/index.html:Saleh Ebrahimi::salehe
ldap-error:https://www-dav.odont.uio.no/iko/english/people/aca/ralphe/index.html:Ralph Edeklev::ralphe
ldap-error:https://www-dav.odont.uio.no/iko/english/people/aca/perfna/index.html:Per Franck Næss::perfna
ldap-error:https://www-dav.odont.uio.no/iko/english/people/aca/paulava/index.html:Vågen, Paul Åsmund::paulava
ldap-error:https://www-dav.odont.uio.no/iko/english/people/aca/perhaug/index.html:Per Haugen::perhaug
ldap-error:https://www-dav.odont.uio.no/iko/english/people/aca/oyvinve/index.html:Verket, Øyvind::oyvinve
ldap-error:https://www-dav.odont.uio.no/iko/english/people/aca/nabeelm/index.html:Nabeel Khaleel Mekhlif::nabeelm
ldap-error:https://www-dav.odont.uio.no/iko/english/people/aca/mvwhittl/index.html:Maria Obregon-Whittle::mvwhittl
ldap-error:https://www-dav.odont.uio.no/iko/english/people/aca/linepmi/index.html:Minster, Line::linepmi
ldap-error:https://www-dav.odont.uio.no/iko/english/people/aca/larsgun/index.html:Gunther, Lars A::larsgun
ldap-error:https://www-dav.odont.uio.no/iko/english/people/aca/kristimk/index.html:Kolltveit, Kristin Melkevik::kristimk
ldap-error:https://www-dav.odont.uio.no/iko/english/people/aca/kjetimis/index.html:Kjetil Misje::kjetimis
ldap-error:https://www-dav.odont.uio.no/iko/english/people/aca/kolseth/index.html:Kolseth, Ingeborg::kolseth
renaming:https://www-dav.odont.uio.no/iko/english/people/aca/janlin/index.html:Line, Jan:Jan Line
ldap-error:https://www-dav.odont.uio.no/iko/english/people/aca/ingrch/index.html:Henriksson, Ingrid Christina Heuck::ingrch
ldap-error:https://www-dav.odont.uio.no/iko/english/people/aca/ingvisae/index.html:Sæthre, Ingvild::ingvisae
ldap-error:https://www-dav.odont.uio.no/iko/english/people/aca/hhaanas/index.html:Haanæs, Hans R::hhaanas
ldap-error:https://www-dav.odont.uio.no/iko/english/people/aca/hansfrea/index.html:Hans-Fredrik Andresen::hansfrea
ldap-error:https://www-dav.odont.uio.no/iko/english/people/aca/guria/index.html:Guri Detlie Angaard::guria
ldap-error:https://www-dav.odont.uio.no/iko/english/people/aca/gurost/index.html:Stordahl, Guro Wetrhus::gurost
ldap-error:https://www-dav.odont.uio.no/iko/english/people/aca/gunvorse/index.html:Semb, Gunvor::gunvorse
renaming:https://www-dav.odont.uio.no/iko/english/people/aca/erikmstr/index.html:Strand, Erik M:Erik M Strand
ldap-error:https://www-dav.odont.uio.no/iko/english/people/aca/cecilibg/index.html:Cecilie Gravdahl Pedersen::cecilibg
renaming:https://www-dav.odont.uio.no/iko/english/people/aca/constas/index.html:Schär, Constance:Constance Schär
ldap-error:https://www-dav.odont.uio.no/iko/english/people/aca/bjorgul/index.html:Gulsvik, Bjørn Even::bjorgul
ldap-error:https://www-dav.odont.uio.no/iko/english/people/aca/arildm/index.html:Mo, Arild::arildm
ldap-error:https://www-dav.odont.uio.no/iko/english/people/aca/amette/index.html:Anne-Mette Winther-Larsen::amette
ldap-error:https://www-dav.odont.uio.no/iko/english/people/aca/alexami/index.html:Miazina, Alexandra::alexami
ldap-error:https://www-dav.odont.uio.no/iob/english/people/adm/meretsan/index.html:Merete Sandvik::meretsan
ldap-error:https://www-dav.odont.uio.no/iob/english/people/aca/marithoy/index.html:Marit Høyberg Aure::marithoy
ldap-error:https://www-dav.odont.uio.no/iob/english/people/aca/helgase/index.html:Larsen, Helga Soppeland::helgase
ldap-error:https://www-dav.odont.uio.no/iob/english/people/aca/annemaj/index.html:Anne Marthe Jevnaker::annemaj
ldap-error:https://www-dav.odont.uio.no/english/people/adm/fac/hannetuv/index.html:Hanne Tuvrønningen::hannetuv
ldap-error:https://www-dav.odont.uio.no/english/people/adm/fac/aased/index.html:Devold, Aase::aased
ldap-error:https://www-dav.odont.uio.no/english/people/adm/fac/aashk/index.html:Kvammen, Åshild::aashk
ldap-error:https://www-dav.odont.uio.no/english/people/adm/fac/beatak/index.html:Beata, Kretovicova::beatak
ldap-error:https://www-dav.odont.uio.no/english/people/aca/stefan/index.html:Stefan Axelsson::stefan
ldap-error:https://www-dav.odont.uio.no/english/people/aca/torunbi/index.html:Birkeland, Torunn::torunbi
ldap-error:https://www-dav.odont.uio.no/english/people/aca/maryamp/index.html:Pervaiz, Maryam::maryamp
ldap-error:https://www-dav.odont.uio.no/english/people/aca/ngocn/index.html:Nguyen, Nguyen::ngocn
ldap-error:https://www-dav.odont.uio.no/english/people/aca/kariedah/index.html:Kari Elisabeth Dahl::kariedah
ldap-error:https://www-dav.odont.uio.no/english/people/aca/anettkr/index.html:Kristiansen, Anette::anettkr
ldap-error:https://www-dav.odont.uio.no/english/people/aca/benthel/index.html:Benthe Løvaas::benthel
ldap-error:https://www-dav.odont.uio.no/english/people/aca/astridhy/index.html:Hynne, Astrid::astridhy
renaming:https://www-dav.odont.uio.no/iko/personer/vit/arneej/index.html:Jacobsen, Arne E.:Arne E. Jacobsen
ldap-error:https://www-dav.odont.uio.no/iko/personer/vit/guria/index.html:Guri Detlie Angaard::guria
renaming:https://www-dav.odont.uio.no/iko/personer/vit/constas/index.html:Schär, Constance:Constance Schär
unpublished-error:https://www-dav.odont.uio.no/iko/personer/vit/ruix/index.html
ldap-error:https://www-dav.odont.uio.no/iob/personer/vit/helgase/index.html:Larsen, Helga Soppeland::helgase
ldap-error:https://www-dav.odont.uio.no/personer/vit/fak/kariedah/index.html:Kari Elisabeth Dahl::kariedah
renaming:https://www-dav.odont.uio.no/personer/vit/fak/ahalvari/index.html:Halvari, Anne Elisabeth Munster:Anne Elisabeth Munster Halvari
ldap-error:https://www-dav.odont.uio.no/iko/personer/vit/mvwhittl/index.html:Maria Obregon-Whittle::mvwhittl
renaming:https://www-dav.odont.uio.no/personer/adm/fak/iawestad/index.html:Ingvild A  Holm Westad:Ingvild Andrea Holm Westad
unpublished-error:https://www-dav.odont.uio.no/iko/personer/adm/steigeda/inger/index.html
unpublished-error:https://www-dav.odont.uio.no/english/people/adm/fac/andreasd/index.html
unpublished-error:https://www-dav.odont.uio.no/iko/personer/vit/paulava/index.html
unpublished-error:https://www-dav.odont.uio.no/konv/test/index.html
unpublished-error:https://www-dav.odont.uio.no/konv/kopier/iko/adm/bentega/index.html
