unpublished-error:https://www-dav.med.uio.no/helsam/english/people/aca/arildbj/index.html
unpublished-error:https://www-dav.med.uio.no/helsam/personer/vit/arildbj/index.html
unpublished-error:https://www-dav.med.uio.no/personer/adm/fak/forskningsadministrasjon/hildhenr/index.html
renaming:https://www-dav.med.uio.no/klinmed/personer/adm/jorunu/index.html:Jorunu:Jorun Ur
renaming:https://www-dav.med.uio.no/imb/english/people/aca/jstorm/index.html:Johan Fredrik Storm:Johan Frederik Storm
renaming:https://www-dav.med.uio.no/imb/personer/vit/jstorm/index.html:Johan Fredrik Storm:Johan Frederik Storm
unpublished-error:https://www-dav.med.uio.no/english/people/adm/fac/research-education/majes/index.html
unpublished-error:https://www-dav.med.uio.no/personer/adm/fak/forskerutdanning/majes/index.html
unpublished-error:https://www-dav.med.uio.no/english/people/adm/fac/research-administration/hildhenr/index.html
renaming:https://www-dav.med.uio.no/klinmed/personer/adm/mdnesteb/index.html:Mdnesteb:Maria Dana Hansen Nesteby
renaming:https://www-dav.med.uio.no/klinmed/personer/adm/elisdahl/index.html:Elisabeth dahl:Elisabeth Dahl
ldap-error:https://www-dav.med.uio.no/helsam/english/people/adm/gtjoflot/index.html:Gunn Kristin Tjoflot::tjoflot
ldap-error:https://www-dav.med.uio.no/helsam/personer/adm/gtjoflot/index.html:Gunn Kristin Tjoflot::tjoflot
unpublished-error:https://www-dav.med.uio.no/helsam/english/people/adm/kvdtuu/index.html
renaming:https://www-dav.med.uio.no/klinmed/personer/adm/hanneho/index.html:Hanneho:Hanne Holmesland
renaming:https://www-dav.med.uio.no/klinmed/personer/adm/imbekkev/index.html:Imbekkev:Ina Marie Kolås Bekkevold
unpublished-error:https://www-dav.med.uio.no/klinmed/english/people/adm/hanneho/index.html
unpublished-error:https://www-dav.med.uio.no/klinmed/english/people/adm/imbekkev/index.html
renaming:https://www-dav.med.uio.no/english/people/adm/fac/research-education/camira/index.html:Camira:Camilla Rake
renaming:https://www-dav.med.uio.no/personer/adm/fak/forskerutdanning/camira/index.html:Camira:Camilla Rake
renaming:https://www-dav.med.uio.no/helsam/personer/adm/johnkp/index.html:Kjetil Paulsen:John Kjetil Paulsen
renaming:https://www-dav.med.uio.no/helsam/english/people/adm/johnkp/index.html:Kjetil Paulsen:John Kjetil Paulsen
ldap-error:https://www-dav.med.uio.no/helsam/personer/adm/evak/index.html:Eva Kristensen::evak
ldap-error:https://www-dav.med.uio.no/klinmed/personer/adm/randiste/index.html:Randi Stene::randiste
unpublished-error:https://www-dav.med.uio.no/klinmed/english/people/adm/jorunu/index.html
renaming:https://www-dav.med.uio.no/english/people/adm/fac/research-education/siljehs/index.html:Siljehs:Silje Høiland Stenersen
renaming:https://www-dav.med.uio.no/personer/adm/fak/forskerutdanning/siljehs/index.html:Siljehs:Silje Høiland Stenersen
renaming:https://www-dav.med.uio.no/helsam/personer/adm/anetlang/index.html:Anette Langtvedt:Anette Langtvet
renaming:https://www-dav.med.uio.no/helsam/english/people/adm/anetlang/index.html:Anette Langtvedt:Anette Langtvet
renaming:https://www-dav.med.uio.no/klinmed/english/people/adm/mdnesteb/index.html:Mdnesteb:Maria Dana Hansen Nesteby
ldap-error:https://www-dav.med.uio.no/helsam/english/people/aca/ninaas/index.html:Nina Aarhus Smeby::ninaas
ldap-error:https://www-dav.med.uio.no/helsam/personer/vit/ninaas/index.html:Nina Aarhus Smeby::ninaas
ldap-error:https://www-dav.med.uio.no/imb/english/people/adm/ingebosb/index.html:Ingeborg Stang::ingebosb
ldap-error:https://www-dav.med.uio.no/imb/personer/adm/ingebosb/index.html:Ingeborg Stang::ingebosb
unpublished-error:https://www-dav.med.uio.no/personer/adm/fak/studier/kjerstmp/index.html
renaming:https://www-dav.med.uio.no/helsam/english/people/aca/hildsol/index.html:Hilds Solli:Hilde Solli
unpublished-error:https://www-dav.med.uio.no/english/people/adm/fac/studies/kjerstmp/index.html
renaming:https://www-dav.med.uio.no/helsam/english/people/aca/anlise/index.html:Anne-Lise Middelthon:Anne-Lise Orvin Middelthon
renaming:https://www-dav.med.uio.no/helsam/english/people/aca/sirijen/index.html:Sirijen:Siri Jensen
renaming:https://www-dav.med.uio.no/helsam/english/people/aca/cfoss/index.html:Christina Foss:Ingrid Christina Foss
renaming:https://www-dav.med.uio.no/helsam/english/people/adm/karibla/index.html:Karibla:Kari Blakstad
ldap-error:https://www-dav.med.uio.no/helsam/english/people/aca/gunvoraa/index.html:Gunvor Aasbø::gunvoraa
ldap-error:https://www-dav.med.uio.no/helsam/personer/vit/gunvoraa/index.html:Gunvor Aasbø::gunvoraa
ldap-error:https://www-dav.med.uio.no/helsam/english/people/aca/phaave/index.html:Per Haave::phaave
ldap-error:https://www-dav.med.uio.no/helsam/personer/vit/phaave/index.html:Per Haave::phaave
renaming:https://www-dav.med.uio.no/klinmed/english/people/aca/fredrikm/index.html:Fredrik Muller:Fredrik Müller
renaming:https://www-dav.med.uio.no/klinmed/personer/vit/fredrikm/index.html:Fredrik Muller:Fredrik Müller
unpublished-error:https://www-dav.med.uio.no/klinmed/personer/adm/kjetsv/index.html
unpublished-error:https://www-dav.med.uio.no/klinmed/english/people/adm/stinelab/index.html
ldap-error:https://www-dav.med.uio.no/english/people/adm/fac/studies/wenchehh/index.html:Wenche Hakestad Hansen::wenchehh
ldap-error:https://www-dav.med.uio.no/helsam/english/people/aca/theresih/index.html:Theresia Hofer::theresih
ldap-error:https://www-dav.med.uio.no/helsam/english/people/aca/ingvikj/index.html:Ingvild Kjeken::ingvikj
ldap-error:https://www-dav.med.uio.no/helsam/personer/vit/ingvikj/index.html:Ingvild Kjeken::ingvikj
renaming:https://www-dav.med.uio.no/klinmed/english/people/aca/twilberg/index.html:Twilberg:Theresa Wilberg
renaming:https://www-dav.med.uio.no/klinmed/personer/vit/twilberg/index.html:Twilberg:Theresa Wilberg
renaming:https://www-dav.med.uio.no/helsam/personer/adm/kathrj/index.html:Lill Kathrine Altunsoy:Lill Kathrine Løvendahl
renaming:https://www-dav.med.uio.no/helsam/personer/adm/karibla/index.html:Karibla:Kari Blakstad
renaming:https://www-dav.med.uio.no/helsam/personer/vit/sirijen/index.html:Sirijen:Siri Jensen
renaming:https://www-dav.med.uio.no/imb/english/people/adm/teresekr/index.html:Terese Arna Kristoffersen:Terese Arna Andersstuen
ldap-error:https://www-dav.med.uio.no/imb/english/people/adm/stigok/index.html:Stig Ommund Knutson::stigok
ldap-error:https://www-dav.med.uio.no/imb/english/people/adm/simekr/index.html:Simen Kristiansen::simekr
ldap-error:https://www-dav.med.uio.no/imb/english/people/adm/muthurar/index.html:Muthuraja Ramachandran::muthurar
ldap-error:https://www-dav.med.uio.no/imb/english/people/adm/lilid/index.html:Lili Leko Dizdarevic::lilid
unpublished-error:https://www-dav.med.uio.no/imb/english/people/adm/fannya/index.html
ldap-error:https://www-dav.med.uio.no/imb/english/people/adm/bjarned/index.html:Bjarne Døhlen::bjarned
ldap-error:https://www-dav.med.uio.no/imb/english/people/adm/anetand/index.html:Anette Mellem::anetand
ldap-error:https://www-dav.med.uio.no/imb/english/people/aca/yolandlc/index.html:Yolanda Corrales Lorenzo::yolandlc
ldap-error:https://www-dav.med.uio.no/imb/english/people/aca/trinhjo/index.html:Trine Hjørnevik::trinhjo
ldap-error:https://www-dav.med.uio.no/imb/english/people/aca/thomasgu/index.html:Thomas Erik Gundersen::thomasgu
ldap-error:https://www-dav.med.uio.no/imb/english/people/aca/simengyl/index.html:Simen Gylterud Owe::simengyl
ldap-error:https://www-dav.med.uio.no/imb/english/people/aca/siljemro/index.html:Silje Rødevand Melhus::siljemro
ldap-error:https://www-dav.med.uio.no/imb/english/people/aca/sigurcr/index.html:Sigurd Christoffer Rolseth::sigurcr
ldap-error:https://www-dav.med.uio.no/imb/english/people/aca/sigridp/index.html:Sigrid Pedersen::sigridp
renaming:https://www-dav.med.uio.no/imb/english/people/aca/pmmoreno/index.html:Mateos Aparicio Moreno Pedro:Pedro Mateos Aparicio Moreno
renaming:https://www-dav.med.uio.no/imb/english/people/aca/pascuall/index.html:Pascual Ana Lobato:Ana Lobato Pascual
ldap-error:https://www-dav.med.uio.no/imb/english/people/aca/nlholme/index.html:Nathalie Holme::nlholme
ldap-error:https://www-dav.med.uio.no/imb/english/people/aca/ninagunn/index.html:Nina Gunnes::ninagunn
ldap-error:https://www-dav.med.uio.no/imb/english/people/aca/navnitk/index.html:Navnit Kaur Grewal::navnitk
ldap-error:https://www-dav.med.uio.no/imb/english/people/aca/mikaelv/index.html:Mikael Vestberg::mikaelv
ldap-error:https://www-dav.med.uio.no/imb/english/people/aca/marimkri/index.html:Mari Mohn Paulsen::marimkri
ldap-error:https://www-dav.med.uio.no/imb/english/people/aca/mariatro/index.html:Marianne Tronrud::mariatro
ldap-error:https://www-dav.med.uio.no/imb/english/people/aca/marfjer/index.html:Marit Fjerdingren::marfjer
ldap-error:https://www-dav.med.uio.no/imb/english/people/aca/loviser/index.html:Lovise Ribe::loviser
ldap-error:https://www-dav.med.uio.no/imb/english/people/aca/kristiwj/index.html:Kristine Wingård Johansen::kristiwj
ldap-error:https://www-dav.med.uio.no/imb/english/people/aca/krishenj/index.html:Kristi Henjum::krishenj
ldap-error:https://www-dav.med.uio.no/imb/english/people/aca/kaarefr/index.html:Kåre Frisvold::kaarefr
ldap-error:https://www-dav.med.uio.no/imb/english/people/aca/jpvogt/index.html:Jon Peter Adam Vogt::jpvogt
ldap-error:https://www-dav.med.uio.no/imb/english/people/aca/idh/index.html:Ida Hauge::idh
ldap-error:https://www-dav.med.uio.no/imb/english/people/aca/huah/index.html:Hua Hu::huah
ldap-error:https://www-dav.med.uio.no/imb/english/people/aca/hirokos/index.html:Hiroko Kato Solvang::hirokos
ldap-error:https://www-dav.med.uio.no/imb/english/people/aca/hildskar/index.html:Hilde Skarning::hildskar
ldap-error:https://www-dav.med.uio.no/imb/english/people/aca/helenede/index.html:Helene Dahl Eide::helenede
ldap-error:https://www-dav.med.uio.no/imb/english/people/aca/ghay/index.html:Gry Hay::ghay
ldap-error:https://www-dav.med.uio.no/imb/english/people/aca/gaborg/index.html:Gabor Gyorgy Halasi::gaborg
ldap-error:https://www-dav.med.uio.no/imb/english/people/aca/ellenkie/index.html:Ellen Kielland::ellenkie
ldap-error:https://www-dav.med.uio.no/imb/english/people/aca/eivindig/index.html:Eivind Igland::eivindig
ldap-error:https://www-dav.med.uio.no/imb/english/people/aca/danielsw/index.html:Daniel Swiejkowski::danielsw
ldap-error:https://www-dav.med.uio.no/imb/english/people/aca/chrisom/index.html:Christine Sommer::chrisom
ldap-error:https://www-dav.med.uio.no/imb/english/people/aca/brittnak/index.html:Britt Nakken::brittnak
ldap-error:https://www-dav.med.uio.no/imb/english/people/aca/annewik/index.html:Anne Kristin Aksaas::annewik
ldap-error:https://www-dav.med.uio.no/imb/english/people/aca/annekkv/index.html:Anne Katrine Kvissel::annekkv
renaming:https://www-dav.med.uio.no/imb/english/people/aca/annehed/index.html:Anne Edvartsen:Anne Edvardsen
ldap-error:https://www-dav.med.uio.no/imb/english/people/aca/andrewcb/index.html:Andrew Craig Boquest::andrewcb
ldap-error:https://www-dav.med.uio.no/imb/english/people/aca/ajmolvae/index.html:Arnold John Ngugi Molvær::ajmolvae
ldap-error:https://www-dav.med.uio.no/imb/personer/vit/yolandlc/index.html:Yolanda Corrales Lorenzo::yolandlc
ldap-error:https://www-dav.med.uio.no/imb/personer/vit/trinhjo/index.html:Trine Hjørnevik::trinhjo
ldap-error:https://www-dav.med.uio.no/imb/personer/vit/thomasgu/index.html:Thomas Erik Gundersen::thomasgu
ldap-error:https://www-dav.med.uio.no/imb/personer/vit/simengyl/index.html:Simen Gylterud Owe::simengyl
ldap-error:https://www-dav.med.uio.no/imb/personer/vit/siljemro/index.html:Silje Rødevand Melhus::siljemro
ldap-error:https://www-dav.med.uio.no/imb/personer/vit/sigurcr/index.html:Sigurd Christoffer Rolseth::sigurcr
ldap-error:https://www-dav.med.uio.no/imb/personer/vit/sigridp/index.html:Sigrid Pedersen::sigridp
renaming:https://www-dav.med.uio.no/imb/personer/vit/pmmoreno/index.html:Mateos Aparicio Moreno Pedro:Pedro Mateos Aparicio Moreno
renaming:https://www-dav.med.uio.no/imb/personer/vit/pascuall/index.html:Pascual Ana Lobato:Ana Lobato Pascual
ldap-error:https://www-dav.med.uio.no/imb/personer/vit/nlholme/index.html:Nathalie Holme::nlholme
ldap-error:https://www-dav.med.uio.no/imb/personer/vit/ninagunn/index.html:Nina Gunnes::ninagunn
ldap-error:https://www-dav.med.uio.no/imb/personer/vit/navnitk/index.html:Navnit Kaur Grewal::navnitk
ldap-error:https://www-dav.med.uio.no/imb/personer/vit/mikaelv/index.html:Mikael Vestberg::mikaelv
ldap-error:https://www-dav.med.uio.no/imb/personer/vit/marimkri/index.html:Mari Mohn Paulsen::marimkri
ldap-error:https://www-dav.med.uio.no/imb/personer/vit/mariatro/index.html:Marianne Tronrud::mariatro
ldap-error:https://www-dav.med.uio.no/imb/personer/vit/marfjer/index.html:Marit Fjerdingren::marfjer
ldap-error:https://www-dav.med.uio.no/imb/personer/vit/loviser/index.html:Lovise Ribe::loviser
ldap-error:https://www-dav.med.uio.no/imb/personer/vit/kristiwj/index.html:Kristine Wingård Johansen::kristiwj
ldap-error:https://www-dav.med.uio.no/imb/personer/vit/krishenj/index.html:Kristi Henjum::krishenj
ldap-error:https://www-dav.med.uio.no/imb/personer/vit/kaarefr/index.html:Kåre Frisvold::kaarefr
ldap-error:https://www-dav.med.uio.no/imb/personer/vit/jpvogt/index.html:Jon Peter Adam Vogt::jpvogt
ldap-error:https://www-dav.med.uio.no/imb/personer/vit/idh/index.html:Ida Hauge::idh
ldap-error:https://www-dav.med.uio.no/imb/personer/vit/huah/index.html:Hua Hu::huah
ldap-error:https://www-dav.med.uio.no/imb/personer/vit/hirokos/index.html:Hiroko Kato Solvang::hirokos
ldap-error:https://www-dav.med.uio.no/imb/personer/vit/hildskar/index.html:Hilde Skarning::hildskar
ldap-error:https://www-dav.med.uio.no/imb/personer/vit/helenede/index.html:Helene Dahl Eide::helenede
ldap-error:https://www-dav.med.uio.no/imb/personer/vit/ghay/index.html:Gry Hay::ghay
ldap-error:https://www-dav.med.uio.no/imb/personer/vit/gaborg/index.html:Gabor Gyorgy Halasi::gaborg
ldap-error:https://www-dav.med.uio.no/imb/personer/vit/ellenkie/index.html:Ellen Kielland::ellenkie
ldap-error:https://www-dav.med.uio.no/imb/personer/vit/eivindig/index.html:Eivind Igland::eivindig
ldap-error:https://www-dav.med.uio.no/imb/personer/vit/danielsw/index.html:Daniel Swiejkowski::danielsw
ldap-error:https://www-dav.med.uio.no/imb/personer/vit/chrisom/index.html:Christine Sommer::chrisom
ldap-error:https://www-dav.med.uio.no/imb/personer/vit/brittnak/index.html:Britt Nakken::brittnak
ldap-error:https://www-dav.med.uio.no/imb/personer/vit/annewik/index.html:Anne Kristin Aksaas::annewik
ldap-error:https://www-dav.med.uio.no/imb/personer/vit/annekkv/index.html:Anne Katrine Kvissel::annekkv
renaming:https://www-dav.med.uio.no/imb/personer/vit/annehed/index.html:Anne Edvartsen:Anne Edvardsen
ldap-error:https://www-dav.med.uio.no/imb/personer/vit/andrewcb/index.html:Andrew Craig Boquest::andrewcb
ldap-error:https://www-dav.med.uio.no/imb/personer/vit/ajmolvae/index.html:Arnold John Ngugi Molvær::ajmolvae
renaming:https://www-dav.med.uio.no/imb/personer/adm/teresekr/index.html:Terese Arna Kristoffersen:Terese Arna Andersstuen
ldap-error:https://www-dav.med.uio.no/imb/personer/adm/stigok/index.html:Stig Ommund Knutson::stigok
ldap-error:https://www-dav.med.uio.no/imb/personer/adm/simekr/index.html:Simen Kristiansen::simekr
ldap-error:https://www-dav.med.uio.no/imb/personer/adm/muthurar/index.html:Muthuraja Ramachandran::muthurar
ldap-error:https://www-dav.med.uio.no/imb/personer/adm/lilid/index.html:Lili Leko Dizdarevic::lilid
unpublished-error:https://www-dav.med.uio.no/imb/personer/adm/fannya/index.html
ldap-error:https://www-dav.med.uio.no/imb/personer/adm/bjarned/index.html:Bjarne Døhlen::bjarned
ldap-error:https://www-dav.med.uio.no/imb/personer/adm/anetand/index.html:Anette Mellem::anetand
ldap-error:https://www-dav.med.uio.no/helsam/personer/vit/svener/index.html:Sven Eirik Ruud::svener
ldap-error:https://www-dav.med.uio.no/helsam/personer/vit/oivinm/index.html:Øivind Michelsen::oivinm
ldap-error:https://www-dav.med.uio.no/helsam/personer/vit/meselutk/index.html:Meselu Taye Kebede::meselutk
ldap-error:https://www-dav.med.uio.no/helsam/personer/vit/anncsu/index.html:Anne Cathrine Sundseth::anncsu
ldap-error:https://www-dav.med.uio.no/helsam/personer/vit/aha/index.html:Anne Hambro Alnæs::aha
ldap-error:https://www-dav.med.uio.no/helsam/english/people/aca/viviannm/index.html:Vivian Mbanya::vivannm
ldap-error:https://www-dav.med.uio.no/helsam/english/people/aca/trygvets/index.html:Trygve T. Skonnord::trygvets
ldap-error:https://www-dav.med.uio.no/helsam/english/people/aca/svener/index.html:Sven Eirik Ruud::svener
ldap-error:https://www-dav.med.uio.no/helsam/english/people/aca/oivinm/index.html:Øivind Michelsen::oivinm
ldap-error:https://www-dav.med.uio.no/helsam/english/people/aca/mlun/index.html:Marianne Sylvana Haug Lunde::mlun
ldap-error:https://www-dav.med.uio.no/helsam/english/people/aca/meselutk/index.html:Meselu Taye Kebede::meselutk
ldap-error:https://www-dav.med.uio.no/helsam/english/people/aca/kaaremo/index.html:Kåre Moen::kaaremo
ldap-error:https://www-dav.med.uio.no/helsam/english/people/aca/junyi/index.html:Yin Jun::junyi
ldap-error:https://www-dav.med.uio.no/helsam/english/people/aca/idaie/index.html:Ida Iren Eriksen::idaie
renaming:https://www-dav.med.uio.no/helsam/english/people/aca/gudrunmw/index.html:Gudrun Maria Waaler:Gudrun Maria Waaler Bjørnelv
ldap-error:https://www-dav.med.uio.no/helsam/english/people/aca/anncsu/index.html:Anne Cathrine Sundseth::anncsu
ldap-error:https://www-dav.med.uio.no/helsam/english/people/aca/aha/index.html:Anne Hambro Alnæs::aha
ldap-error:https://www-dav.med.uio.no/personer/adm/fak/studier/elisewn/index.html:Elise Wiig Nordby::elisewn
ldap-error:https://www-dav.med.uio.no/english/people/adm/fac/studies/elisewn/index.html:Elise Wiig Nordby::elisewn
ldap-error:https://www-dav.med.uio.no/english/people/adm/fac/research-education/ingud/index.html:Ingunn Dørve::ingud
ldap-error:https://www-dav.med.uio.no/klinmed/english/people/adm/sgimnes/index.html:Siri Gimnes Are::sgimnes
ldap-error:https://www-dav.med.uio.no/klinmed/english/people/adm/reiduns/index.html:Reidun Synnøve Strøm::reiduns
ldap-error:https://www-dav.med.uio.no/klinmed/english/people/adm/randiste/index.html:Randi Stene::randiste
renaming:https://www-dav.med.uio.no/klinmed/english/people/adm/manigehb/index.html:Manigeh Mohammadbeigi:Manigeh Beigi
renaming:https://www-dav.med.uio.no/klinmed/english/people/aca/magnetv/index.html:Kjell Tveit:Kjell Magne Tveit
ldap-error:https://www-dav.med.uio.no/klinmed/english/people/aca/larswei/index.html:Lars Weisæth::larswei
ldap-error:https://www-dav.med.uio.no/klinmed/english/people/aca/elisabeq/index.html:Elisabeth Qvigstad::elisabeq
ldap-error:https://www-dav.med.uio.no/klinmed/english/people/aca/arnfib/index.html:Arnfinn Birger Ilebekk::arnfib
renaming:https://www-dav.med.uio.no/klinmed/english/people/aca/annerii/index.html:Anne Riise:Anne Margarita Dyrhol Riise
renaming:https://www-dav.med.uio.no/klinmed/personer/vit/magnetv/index.html:Kjell Tveit:Kjell Magne Tveit
ldap-error:https://www-dav.med.uio.no/klinmed/personer/vit/larswei/index.html:Lars Weisæth::larswei
unpublished-error:https://www-dav.med.uio.no/klinmed/personer/vit/elisabeq/index.html
ldap-error:https://www-dav.med.uio.no/klinmed/personer/vit/arnfib/index.html:Arnfinn Birger Ilebekk::arnfib
renaming:https://www-dav.med.uio.no/klinmed/personer/vit/annerii/index.html:Anne Riise:Anne Margarita Dyrhol Riise
ldap-error:https://www-dav.med.uio.no/klinmed/personer/adm/sgimnes/index.html:Siri Gimnes Are::sgimnes
ldap-error:https://www-dav.med.uio.no/klinmed/personer/adm/reiduns/index.html:Reidun Synnøve Strøm::reiduns
renaming:https://www-dav.med.uio.no/klinmed/personer/adm/manigehb/index.html:Manigeh Mohammadbeigi:Manigeh Beigi
ldap-error:https://www-dav.med.uio.no/personer/adm/fak/studier/wenchehh/index.html:Wenche Hakestad Hansen::wenchehh
ldap-error:https://www-dav.med.uio.no/personer/adm/fak/internasjonalisering/mettej/index.html:Mette L Johannessen::mettej
renaming:https://www-dav.med.uio.no/klinmed/personer/adm/oystehas/index.html:Øystein Hasselø Horgmo:Øystein  Hasselø Horgmo
unpublished-error:https://www-dav.med.uio.no/klinmed/personer/adm/lindathe/index.html
renaming:https://www-dav.med.uio.no/klinmed/english/people/adm/oystehas/index.html:Øystein Hasselø Horgmo:Øystein  Hasselø Horgmo
ldap-error:https://www-dav.med.uio.no/klinmed/english/people/adm/lindathe/index.html:Linda Teigland Helgesen::lindathe
ldap-error:https://www-dav.med.uio.no/klinmed/english/people/adm/kjetsv/index.html:Kjetil Svangtun::kjetsv
ldap-error:https://www-dav.med.uio.no/imb/personer/adm/susinths/index.html:Susinthiran Sithamparanathan::susinths
ldap-error:https://www-dav.med.uio.no/imb/english/people/adm/susinths/index.html:Susinthiran Sithamparanathan::susinths
ldap-error:https://www-dav.med.uio.no/helsam/personer/vit/vivannm/index.html:Vivan Mbanya::vivannm
ldap-error:https://www-dav.med.uio.no/helsam/personer/vit/trygvets/index.html:Trygve T. Skonnord::trygvets
ldap-error:https://www-dav.med.uio.no/helsam/personer/vit/theresih/index.html:Theresia Hofer::theresih
ldap-error:https://www-dav.med.uio.no/helsam/personer/vit/sidselek/index.html:Sidsel Kreyberg::sidselek
ldap-error:https://www-dav.med.uio.no/helsam/personer/vit/mlun/index.html:Marianne Sylvana Haug Lunde::mlun
ldap-error:https://www-dav.med.uio.no/helsam/personer/vit/kristih/index.html:Kristi Elisabeth Heiberg::kristih
renaming:https://www-dav.med.uio.no/helsam/personer/vit/katerits/index.html:Katerini T Storeng:Katerini Tagmatarchi Storeng
ldap-error:https://www-dav.med.uio.no/helsam/personer/vit/kaaremo/index.html:Kåre Moen::kaaremo
ldap-error:https://www-dav.med.uio.no/helsam/personer/vit/junyi/index.html:Yin Jun::junyi
ldap-error:https://www-dav.med.uio.no/helsam/personer/vit/idaie/index.html:Ida Iren Eriksen::idaie
renaming:https://www-dav.med.uio.no/helsam/personer/vit/gudrunmw/index.html:Gudrun Maria Waaler:Gudrun Maria Waaler Bjørnelv
renaming:https://www-dav.med.uio.no/helsam/personer/vit/dagbr/index.html:Dagbr:Dag Bruusgaard
renaming:https://www-dav.med.uio.no/helsam/personer/vit/cfoss/index.html:Christina Foss:Ingrid Christina Foss
renaming:https://www-dav.med.uio.no/helsam/personer/vit/anlise/index.html:Anne-Lise Middelthon:Anne-Lise Orvin Middelthon
ldap-error:https://www-dav.med.uio.no/helsam/personer/adm/gerdls/index.html:Gerd Lindstad Svarholt::gerdls
renaming:https://www-dav.med.uio.no/helsam/english/people/adm/kathrj/index.html:Lill Kathrine Altunsoy:Lill Kathrine Løvendahl
ldap-error:https://www-dav.med.uio.no/helsam/english/people/adm/evak/index.html:Eva Kristensen::evak
ldap-error:https://www-dav.med.uio.no/helsam/english/people/adm/gerdls/index.html:Gerd Lindstad Svarholt::gerdls
ldap-error:https://www-dav.med.uio.no/helsam/english/people/aca/sidselek/index.html:Sidsel Kreyberg::sidselek
ldap-error:https://www-dav.med.uio.no/helsam/english/people/aca/kristih/index.html:Kristi Elisabeth Heiberg::kristih
renaming:https://www-dav.med.uio.no/helsam/english/people/aca/katerits/index.html:Katerini T Storeng:Katerini Tagmatarchi Storeng
renaming:https://www-dav.med.uio.no/helsam/english/people/aca/dagbr/index.html:Dagbr:Dag Bruusgaard
ldap-error:https://www-dav.med.uio.no/english/people/adm/fac/internationalization/mettej/index.html:Mette L Johannessen::mettej
unpublished-error:https://www-dav.med.uio.no/personer/adm/fak/kommunikasjon/siljer/div/indexold.html
unpublished-error:https://www-dav.med.uio.no/english/people/adm/fac/communication/siljer/div/indexold.html
renaming:https://www-dav.med.uio.no/gammelt/konvertert-med-0324b-htmluendret/ish/forskning_LESEBEGRENSET/geof/nor/Line%20Kildal%20Bragstad_personside_test/index.html:Line Kildal Bragstad_personside_test:Line Kildal Bragstad
hiding:https://www-dav.med.uio.no/gammelt/konvertert-med-0324b-htmluendret/ish/forskning_LESEBEGRENSET/geof/nor/Line%20Kildal%20Bragstad_personside_test/index.html
renaming:https://www-dav.med.uio.no/gammelt/konvertert-med-0324a/heled/ansatte_LESEBEGRENSET/nor/hagen/index.html:Hagen:Terje P. Hagen
hiding:https://www-dav.med.uio.no/gammelt/konvertert-med-0324a/heled/ansatte_LESEBEGRENSET/nor/hagen/index.html
renaming:https://www-dav.med.uio.no/gammelt/konvertert-med-0324b-htmluendret/iasam/antropologi_LESEBEGRENSET/ansatte/nor/ulrichcg/index.html:Ulrichcg:Christoph Gradmann
hiding:https://www-dav.med.uio.no/gammelt/konvertert-med-0324b-htmluendret/iasam/antropologi_LESEBEGRENSET/ansatte/nor/ulrichcg/index.html
renaming:https://www-dav.med.uio.no/gammelt/konvertert-med-0324a/iasam/antropologi_LESEBEGRENSET/ansatte/nor/ulrichcg/index.html:Ulrichcg:Christoph Gradmann
hiding:https://www-dav.med.uio.no/gammelt/konvertert-med-0324a/iasam/antropologi_LESEBEGRENSET/ansatte/nor/ulrichcg/index.html
renaming:https://www-dav.med.uio.no/gammelt/cir-konvertert/cir/people/senior/nor/bbogen/index.html:Bbogen:Bjarne Bogen
hiding:https://www-dav.med.uio.no/gammelt/cir-konvertert/cir/people/senior/nor/bbogen/index.html
renaming:https://www-dav.med.uio.no/gammelt/cir-konvertert/cir-htmluendret/people/senior/nor/bbogen/index.html:Bbogen:Bjarne Bogen
hiding:https://www-dav.med.uio.no/gammelt/cir-konvertert/cir-htmluendret/people/senior/nor/bbogen/index.html
renaming:https://www-dav.med.uio.no/gammelt/cir-konvertert/cir/people/senior/nor/lmsollid/index.html:Lmsollid:Ludvig Magne Sollid
hiding:https://www-dav.med.uio.no/gammelt/cir-konvertert/cir/people/senior/nor/lmsollid/index.html
renaming:https://www-dav.med.uio.no/gammelt/cir-konvertert/cir-htmluendret/people/senior/nor/lmsollid/index.html:Lmsollid:Ludvig Magne Sollid
hiding:https://www-dav.med.uio.no/gammelt/cir-konvertert/cir-htmluendret/people/senior/nor/lmsollid/index.html
renaming:https://www-dav.med.uio.no/gammelt/cir-konvertert/cir/people/senior/nor/isandlie/index.html:Isandlie:Inger Sandlie
hiding:https://www-dav.med.uio.no/gammelt/cir-konvertert/cir/people/senior/nor/isandlie/index.html
renaming:https://www-dav.med.uio.no/gammelt/cir-konvertert/cir-htmluendret/people/senior/nor/isandlie/index.html:Isandlie:Inger Sandlie
hiding:https://www-dav.med.uio.no/gammelt/cir-konvertert/cir-htmluendret/people/senior/nor/isandlie/index.html
renaming:https://www-dav.med.uio.no/gammelt/cir-konvertert/cir/people/senior/nor/fejohansen/index.html:Fejohansen:Finn Eirik Johansen
hiding:https://www-dav.med.uio.no/gammelt/cir-konvertert/cir/people/senior/nor/fejohansen/index.html
renaming:https://www-dav.med.uio.no/gammelt/cir-konvertert/cir-htmluendret/people/senior/nor/fejohansen/index.html:Fejohansen:Finn Eirik Johansen
hiding:https://www-dav.med.uio.no/gammelt/cir-konvertert/cir-htmluendret/people/senior/nor/fejohansen/index.html
renaming:https://www-dav.med.uio.no/gammelt/cir-konvertert/cir/people/admin/nor/asandvik/index.html:Asandvik:Anders Sandvik
hiding:https://www-dav.med.uio.no/gammelt/cir-konvertert/cir/people/admin/nor/asandvik/index.html
renaming:https://www-dav.med.uio.no/gammelt/cir-konvertert/cir-htmluendret/people/admin/nor/asandvik/index.html:Asandvik:Anders Sandvik
hiding:https://www-dav.med.uio.no/gammelt/cir-konvertert/cir-htmluendret/people/admin/nor/asandvik/index.html
renaming:https://www-dav.med.uio.no/gammelt/konvertert-med-0324b-htmluendret/ahus/admin/nor/GSEkeland/index.html:GSEkeland:Gunn Seim Ekeland
hiding:https://www-dav.med.uio.no/gammelt/konvertert-med-0324b-htmluendret/ahus/admin/nor/GSEkeland/index.html
renaming:https://www-dav.med.uio.no/gammelt/konvertert-med-0324a/ahus/admin/nor/GSEkeland/index.html:GSEkeland:Gunn Seim Ekeland
hiding:https://www-dav.med.uio.no/gammelt/konvertert-med-0324a/ahus/admin/nor/GSEkeland/index.html
renaming:https://www-dav.med.uio.no/gammelt/konvertert-med-0324a/ish/forskning_LESEBEGRENSET/geof/nor/Line%20Kildal%20Bragstad_personside_test/index.html:Line Kildal Bragstad_personside_test:Line Kildal Bragstad
hiding:https://www-dav.med.uio.no/gammelt/konvertert-med-0324a/ish/forskning_LESEBEGRENSET/geof/nor/Line%20Kildal%20Bragstad_personside_test/index.html
renaming:https://www-dav.med.uio.no/gammelt/konvertert-med-0324b-htmluendret/heled/ansatte_LESEBEGRENSET/nor/hagen/index.html:Hagen:Terje P. Hagen
hiding:https://www-dav.med.uio.no/gammelt/konvertert-med-0324b-htmluendret/heled/ansatte_LESEBEGRENSET/nor/hagen/index.html
renaming:https://www-dav.med.uio.no/gammelt/cir-konvertert/cir/people/admin/nor/stinelbe/index.html:Stinelbe:Stine Louise Bergholtz
hiding:https://www-dav.med.uio.no/gammelt/cir-konvertert/cir/people/admin/nor/stinelbe/index.html
renaming:https://www-dav.med.uio.no/gammelt/cir-konvertert/cir-htmluendret/people/admin/nor/stinelbe/index.html:Stinelbe:Stine Louise Bergholtz
hiding:https://www-dav.med.uio.no/gammelt/cir-konvertert/cir-htmluendret/people/admin/nor/stinelbe/index.html
renaming:https://www-dav.med.uio.no/gammelt/konvertert-med-0324b-htmluendret/ahus/nevroklinikken/nor/ronning/index.html:Ronning:Ole M. Rønning
hiding:https://www-dav.med.uio.no/gammelt/konvertert-med-0324b-htmluendret/ahus/nevroklinikken/nor/ronning/index.html
renaming:https://www-dav.med.uio.no/gammelt/konvertert-med-0324a/ahus/nevroklinikken/nor/ronning/index.html:Ronning:Ole M. Rønning
hiding:https://www-dav.med.uio.no/gammelt/konvertert-med-0324a/ahus/nevroklinikken/nor/ronning/index.html
ldap-error:https://www-dav.med.uio.no/gammelt/cir-konvertert/cir/people/admin/nor/elunde/index.html:Elunde::elunde
hiding:https://www-dav.med.uio.no/gammelt/cir-konvertert/cir/people/admin/nor/elunde/index.html
ldap-error:https://www-dav.med.uio.no/gammelt/cir-konvertert/cir-htmluendret/people/admin/nor/elunde/index.html:Elunde::elunde
hiding:https://www-dav.med.uio.no/gammelt/cir-konvertert/cir-htmluendret/people/admin/nor/elunde/index.html
renaming:https://www-dav.med.uio.no/gammelt/konvertert-med-0324b-htmluendret/heled/ansatte_LESEBEGRENSET/nor/godager/index.html:Godager:Geir Christian Helgesen Godager
hiding:https://www-dav.med.uio.no/gammelt/konvertert-med-0324b-htmluendret/heled/ansatte_LESEBEGRENSET/nor/godager/index.html
renaming:https://www-dav.med.uio.no/gammelt/konvertert-med-0324a/heled/ansatte_LESEBEGRENSET/nor/godager/index.html:Godager:Geir Christian Helgesen Godager
hiding:https://www-dav.med.uio.no/gammelt/konvertert-med-0324a/heled/ansatte_LESEBEGRENSET/nor/godager/index.html
renaming:https://www-dav.med.uio.no/gammelt/konvertert-med-0324b-htmluendret/ahus/kvinneklinikken/nor/anne_eskild/index.html:Anne_eskild:Anne Eskild
hiding:https://www-dav.med.uio.no/gammelt/konvertert-med-0324b-htmluendret/ahus/kvinneklinikken/nor/anne_eskild/index.html
renaming:https://www-dav.med.uio.no/gammelt/konvertert-med-0324a/ahus/kvinneklinikken/nor/anne_eskild/index.html:Anne_eskild:Anne Eskild
hiding:https://www-dav.med.uio.no/gammelt/konvertert-med-0324a/ahus/kvinneklinikken/nor/anne_eskild/index.html
renaming:https://www-dav.med.uio.no/gammelt/konvertert-med-0324b-htmluendret/heled/ansatte_LESEBEGRENSET/nor/wangen/index.html:Wangen:Knut Reidar Wangen
hiding:https://www-dav.med.uio.no/gammelt/konvertert-med-0324b-htmluendret/heled/ansatte_LESEBEGRENSET/nor/wangen/index.html
renaming:https://www-dav.med.uio.no/gammelt/konvertert-med-0324a/heled/ansatte_LESEBEGRENSET/nor/wangen/index.html:Wangen:Knut Reidar Wangen
hiding:https://www-dav.med.uio.no/gammelt/konvertert-med-0324a/heled/ansatte_LESEBEGRENSET/nor/wangen/index.html
renaming:https://www-dav.med.uio.no/gammelt/konvertert-med-0324b-htmluendret/ahus/admin/nor/opheim/index.html:Opheim:Berit Lund Opheim
hiding:https://www-dav.med.uio.no/gammelt/konvertert-med-0324b-htmluendret/ahus/admin/nor/opheim/index.html
renaming:https://www-dav.med.uio.no/gammelt/konvertert-med-0324a/ahus/admin/nor/opheim/index.html:Opheim:Berit Lund Opheim
hiding:https://www-dav.med.uio.no/gammelt/konvertert-med-0324a/ahus/admin/nor/opheim/index.html
unable-to-rename-error:https://www-dav.med.uio.no/gammelt/konvertert-med-0324b-htmluendret/forskning/forskerutdanning/forskerlinjen/nor/person/index.html:Person:
hiding:https://www-dav.med.uio.no/gammelt/konvertert-med-0324b-htmluendret/forskning/forskerutdanning/forskerlinjen/nor/person/index.html
renaming:https://www-dav.med.uio.no/gammelt/konvertert-med-0324b-htmluendret/heled/ansatte_LESEBEGRENSET/nor/tjoflot/index.html:Tjoflot:Gunn Kristin Tjoflot
hiding:https://www-dav.med.uio.no/gammelt/konvertert-med-0324b-htmluendret/heled/ansatte_LESEBEGRENSET/nor/tjoflot/index.html
renaming:https://www-dav.med.uio.no/gammelt/konvertert-med-0324a/heled/ansatte_LESEBEGRENSET/nor/tjoflot/index.html:Tjoflot:Gunn Kristin Tjoflot
hiding:https://www-dav.med.uio.no/gammelt/konvertert-med-0324a/heled/ansatte_LESEBEGRENSET/nor/tjoflot/index.html
renaming:https://www-dav.med.uio.no/gammelt/konvertert-med-0324b-htmluendret/ahus/epi-gen/nor/bkulle/index.html:Bkulle:Bettina Kulle Andreassen
hiding:https://www-dav.med.uio.no/gammelt/konvertert-med-0324b-htmluendret/ahus/epi-gen/nor/bkulle/index.html
renaming:https://www-dav.med.uio.no/gammelt/konvertert-med-0324a/ahus/epi-gen/nor/bkulle/index.html:Bkulle:Bettina Kulle Andreassen
hiding:https://www-dav.med.uio.no/gammelt/konvertert-med-0324a/ahus/epi-gen/nor/bkulle/index.html
renaming:https://www-dav.med.uio.no/gammelt/konvertert-med-0324b-htmluendret/heled/personnel_LESEBEGRENSET/nor/Hagen/index.html:Hagen:Terje P. Hagen
hiding:https://www-dav.med.uio.no/gammelt/konvertert-med-0324b-htmluendret/heled/personnel_LESEBEGRENSET/nor/Hagen/index.html
renaming:https://www-dav.med.uio.no/gammelt/konvertert-med-0324a/heled/personnel_LESEBEGRENSET/nor/Hagen/index.html:Hagen:Terje P. Hagen
hiding:https://www-dav.med.uio.no/gammelt/konvertert-med-0324a/heled/personnel_LESEBEGRENSET/nor/Hagen/index.html
renaming:https://www-dav.med.uio.no/gammelt/konvertert-med-0324b-htmluendret/iasam/forepi_LESEBEGRENSET/ansatte/nor/espenb/index.html:Espenb:Espen Bjertness
hiding:https://www-dav.med.uio.no/gammelt/konvertert-med-0324b-htmluendret/iasam/forepi_LESEBEGRENSET/ansatte/nor/espenb/index.html
renaming:https://www-dav.med.uio.no/gammelt/konvertert-med-0324a/iasam/forepi_LESEBEGRENSET/ansatte/nor/espenb/index.html:Espenb:Espen Bjertness
hiding:https://www-dav.med.uio.no/gammelt/konvertert-med-0324a/iasam/forepi_LESEBEGRENSET/ansatte/nor/espenb/index.html
renaming:https://www-dav.med.uio.no/gammelt/konvertert-med-0324b-htmluendret/iasam/antropologi_LESEBEGRENSET/ansatte/nor/ulrichcg%20kopi/index.html:Ulrichcg kopi:Christoph Gradmann
hiding:https://www-dav.med.uio.no/gammelt/konvertert-med-0324b-htmluendret/iasam/antropologi_LESEBEGRENSET/ansatte/nor/ulrichcg%20kopi/index.html
renaming:https://www-dav.med.uio.no/gammelt/konvertert-med-0324a/iasam/antropologi_LESEBEGRENSET/ansatte/nor/ulrichcg%20kopi/index.html:Ulrichcg kopi:Christoph Gradmann
hiding:https://www-dav.med.uio.no/gammelt/konvertert-med-0324a/iasam/antropologi_LESEBEGRENSET/ansatte/nor/ulrichcg%20kopi/index.html
renaming:https://www-dav.med.uio.no/gammelt/konvertert-med-0324b-htmluendret/ahus/anestesi/nor/BSLundeland/index.html:BSLundeland:Bård Stuen Lundeland
hiding:https://www-dav.med.uio.no/gammelt/konvertert-med-0324b-htmluendret/ahus/anestesi/nor/BSLundeland/index.html
renaming:https://www-dav.med.uio.no/gammelt/konvertert-med-0324a/ahus/anestesi/nor/BSLundeland/index.html:BSLundeland:Bård Stuen Lundeland
hiding:https://www-dav.med.uio.no/gammelt/konvertert-med-0324a/ahus/anestesi/nor/BSLundeland/index.html
renaming:https://www-dav.med.uio.no/gammelt/konvertert-med-0324b-htmluendret/iasam/sosmed_LESEBEGRENSET/ansatte/nor/ariansen/index.html:Ariansen:Morten Ariansen
hiding:https://www-dav.med.uio.no/gammelt/konvertert-med-0324b-htmluendret/iasam/sosmed_LESEBEGRENSET/ansatte/nor/ariansen/index.html
renaming:https://www-dav.med.uio.no/gammelt/konvertert-med-0324a/iasam/sosmed_LESEBEGRENSET/ansatte/nor/ariansen/index.html:Ariansen:Morten Ariansen
hiding:https://www-dav.med.uio.no/gammelt/konvertert-med-0324a/iasam/sosmed_LESEBEGRENSET/ansatte/nor/ariansen/index.html
ldap-error:https://www-dav.med.uio.no/gammelt/konvertert-med-0324b-htmluendret/heled/ansatte_LESEBEGRENSET/nor/fuglenes/index.html:Fuglenes::dorthefu
hiding:https://www-dav.med.uio.no/gammelt/konvertert-med-0324b-htmluendret/heled/ansatte_LESEBEGRENSET/nor/fuglenes/index.html
ldap-error:https://www-dav.med.uio.no/gammelt/konvertert-med-0324a/heled/ansatte_LESEBEGRENSET/nor/fuglenes/index.html:Fuglenes::dorthefu
hiding:https://www-dav.med.uio.no/gammelt/konvertert-med-0324a/heled/ansatte_LESEBEGRENSET/nor/fuglenes/index.html
renaming:https://www-dav.med.uio.no/gammelt/konvertert-med-0324b-htmluendret/heled/ansatte_LESEBEGRENSET/nor/kjekshus/index.html:Kjekshus:Lars Erik Kjekshus
hiding:https://www-dav.med.uio.no/gammelt/konvertert-med-0324b-htmluendret/heled/ansatte_LESEBEGRENSET/nor/kjekshus/index.html
renaming:https://www-dav.med.uio.no/gammelt/konvertert-med-0324a/heled/ansatte_LESEBEGRENSET/nor/kjekshus/index.html:Kjekshus:Lars Erik Kjekshus
hiding:https://www-dav.med.uio.no/gammelt/konvertert-med-0324a/heled/ansatte_LESEBEGRENSET/nor/kjekshus/index.html
renaming:https://www-dav.med.uio.no/gammelt/konvertert-med-0324b-htmluendret/heled/personnel_LESEBEGRENSET/nor/Tjoflot/index.html:Tjoflot:Gunn Kristin Tjoflot
hiding:https://www-dav.med.uio.no/gammelt/konvertert-med-0324b-htmluendret/heled/personnel_LESEBEGRENSET/nor/Tjoflot/index.html
renaming:https://www-dav.med.uio.no/gammelt/konvertert-med-0324a/heled/personnel_LESEBEGRENSET/nor/Tjoflot/index.html:Tjoflot:Gunn Kristin Tjoflot
hiding:https://www-dav.med.uio.no/gammelt/konvertert-med-0324a/heled/personnel_LESEBEGRENSET/nor/Tjoflot/index.html
renaming:https://www-dav.med.uio.no/gammelt/cir-konvertert/cir/people/senior/nor/obakke/index.html:Obakke:Oddmund Bakke
hiding:https://www-dav.med.uio.no/gammelt/cir-konvertert/cir/people/senior/nor/obakke/index.html
renaming:https://www-dav.med.uio.no/gammelt/cir-konvertert/cir-htmluendret/people/senior/nor/obakke/index.html:Obakke:Oddmund Bakke
hiding:https://www-dav.med.uio.no/gammelt/cir-konvertert/cir-htmluendret/people/senior/nor/obakke/index.html
renaming:https://www-dav.med.uio.no/gammelt/cir-konvertert/cir/people/nor/test-person/index.html:Test-person:Kristian Syversen
hiding:https://www-dav.med.uio.no/gammelt/cir-konvertert/cir/people/nor/test-person/index.html
renaming:https://www-dav.med.uio.no/gammelt/cir-konvertert/cir-htmluendret/people/nor/test-person/index.html:Test-person:Kristian Syversen
hiding:https://www-dav.med.uio.no/gammelt/cir-konvertert/cir-htmluendret/people/nor/test-person/index.html
renaming:https://www-dav.med.uio.no/gammelt/konvertert-med-0324b-htmluendret/ahus/admin/nor/bjorklund/index.html:Bjorklund:Vibeke Solberg Bjørklund
hiding:https://www-dav.med.uio.no/gammelt/konvertert-med-0324b-htmluendret/ahus/admin/nor/bjorklund/index.html
renaming:https://www-dav.med.uio.no/gammelt/konvertert-med-0324a/ahus/admin/nor/bjorklund/index.html:Bjorklund:Vibeke Solberg Bjørklund
hiding:https://www-dav.med.uio.no/gammelt/konvertert-med-0324a/ahus/admin/nor/bjorklund/index.html
renaming:https://www-dav.med.uio.no/gammelt/konvertert-med-0324b-htmluendret/ahus/admin/nor/westgaard/index.html:Westgaard:Ellen Elisabeth Westgaard
hiding:https://www-dav.med.uio.no/gammelt/konvertert-med-0324b-htmluendret/ahus/admin/nor/westgaard/index.html
renaming:https://www-dav.med.uio.no/gammelt/konvertert-med-0324a/ahus/admin/nor/westgaard/index.html:Westgaard:Ellen Elisabeth Westgaard
hiding:https://www-dav.med.uio.no/gammelt/konvertert-med-0324a/ahus/admin/nor/westgaard/index.html
renaming:https://www-dav.med.uio.no/gammelt/konvertert-med-0324b-htmluendret/iasam/sosmed_LESEBEGRENSET/ansatte/nor/claussen/index.html:Claussen:Bjørgulf Claussen
hiding:https://www-dav.med.uio.no/gammelt/konvertert-med-0324b-htmluendret/iasam/sosmed_LESEBEGRENSET/ansatte/nor/claussen/index.html
renaming:https://www-dav.med.uio.no/gammelt/konvertert-med-0324a/iasam/sosmed_LESEBEGRENSET/ansatte/nor/claussen/index.html:Claussen:Bjørgulf Claussen
hiding:https://www-dav.med.uio.no/gammelt/konvertert-med-0324a/iasam/sosmed_LESEBEGRENSET/ansatte/nor/claussen/index.html
renaming:https://www-dav.med.uio.no/gammelt/konvertert-med-0324b-htmluendret/iasam/sosmed_LESEBEGRENSET/ansatte/arkiv/nor/claussen/index.html:Claussen:Bjørgulf Claussen
hiding:https://www-dav.med.uio.no/gammelt/konvertert-med-0324b-htmluendret/iasam/sosmed_LESEBEGRENSET/ansatte/arkiv/nor/claussen/index.html
renaming:https://www-dav.med.uio.no/gammelt/konvertert-med-0324a/iasam/sosmed_LESEBEGRENSET/ansatte/arkiv/nor/claussen/index.html:Claussen:Bjørgulf Claussen
hiding:https://www-dav.med.uio.no/gammelt/konvertert-med-0324a/iasam/sosmed_LESEBEGRENSET/ansatte/arkiv/nor/claussen/index.html
renaming:https://www-dav.med.uio.no/gammelt/konvertert-med-0324b-htmluendret/rh/patologi/research/liipat/bcells/members/nor/finnej/index.html:Finnej:Finn Eirik Johansen
hiding:https://www-dav.med.uio.no/gammelt/konvertert-med-0324b-htmluendret/rh/patologi/research/liipat/bcells/members/nor/finnej/index.html
renaming:https://www-dav.med.uio.no/gammelt/konvertert-med-0324a/rh/patologi/research/liipat/bcells/members/nor/finnej/index.html:Finnej:Finn Eirik Johansen
hiding:https://www-dav.med.uio.no/gammelt/konvertert-med-0324a/rh/patologi/research/liipat/bcells/members/nor/finnej/index.html
ldap-error:https://www-dav.med.uio.no/gammelt/konvertert-med-0324b-htmluendret/rh/patologi/research/liipat/bcells/members/nor/Finn-Eirik/index.html:Finn-Eirik::fjohanse
hiding:https://www-dav.med.uio.no/gammelt/konvertert-med-0324b-htmluendret/rh/patologi/research/liipat/bcells/members/nor/Finn-Eirik/index.html
ldap-error:https://www-dav.med.uio.no/gammelt/konvertert-med-0324a/rh/patologi/research/liipat/bcells/members/nor/Finn-Eirik/index.html:Finn-Eirik::fjohanse
hiding:https://www-dav.med.uio.no/gammelt/konvertert-med-0324a/rh/patologi/research/liipat/bcells/members/nor/Finn-Eirik/index.html
renaming:https://www-dav.med.uio.no/gammelt/konvertert-med-0324b-htmluendret/dnr/nyweb/admin/nor/livab/index.html:Livab:Liv Killengreen Andersen
hiding:https://www-dav.med.uio.no/gammelt/konvertert-med-0324b-htmluendret/dnr/nyweb/admin/nor/livab/index.html
renaming:https://www-dav.med.uio.no/gammelt/konvertert-med-0324a/dnr/nyweb/admin/nor/livab/index.html:Livab:Liv Killengreen Andersen
hiding:https://www-dav.med.uio.no/gammelt/konvertert-med-0324a/dnr/nyweb/admin/nor/livab/index.html
renaming:https://www-dav.med.uio.no/gammelt/konvertert-med-0324b-htmluendret/iasam/sosmed_LESEBEGRENSET/ansatte/nor/tellnes/index.html:Tellnes:Gunnar Tellnes
hiding:https://www-dav.med.uio.no/gammelt/konvertert-med-0324b-htmluendret/iasam/sosmed_LESEBEGRENSET/ansatte/nor/tellnes/index.html
renaming:https://www-dav.med.uio.no/gammelt/konvertert-med-0324a/iasam/sosmed_LESEBEGRENSET/ansatte/nor/tellnes/index.html:Tellnes:Gunnar Tellnes
hiding:https://www-dav.med.uio.no/gammelt/konvertert-med-0324a/iasam/sosmed_LESEBEGRENSET/ansatte/nor/tellnes/index.html
renaming:https://www-dav.med.uio.no/gammelt/konvertert-med-0324b-htmluendret/iasam/sosmed_LESEBEGRENSET/ansatte/arkiv/nor/tellnes/index.html:Tellnes:Gunnar Tellnes
hiding:https://www-dav.med.uio.no/gammelt/konvertert-med-0324b-htmluendret/iasam/sosmed_LESEBEGRENSET/ansatte/arkiv/nor/tellnes/index.html
renaming:https://www-dav.med.uio.no/gammelt/konvertert-med-0324a/iasam/sosmed_LESEBEGRENSET/ansatte/arkiv/nor/tellnes/index.html:Tellnes:Gunnar Tellnes
hiding:https://www-dav.med.uio.no/gammelt/konvertert-med-0324a/iasam/sosmed_LESEBEGRENSET/ansatte/arkiv/nor/tellnes/index.html
renaming:https://www-dav.med.uio.no/gammelt/konvertert-med-0324b-htmluendret/ahus/english/psychiatry_english/nor/Torleif_Ruud/index.html:Torleif_Ruud:Torleif Ruud
hiding:https://www-dav.med.uio.no/gammelt/konvertert-med-0324b-htmluendret/ahus/english/psychiatry_english/nor/Torleif_Ruud/index.html
renaming:https://www-dav.med.uio.no/gammelt/konvertert-med-0324a/ahus/english/psychiatry_english/nor/Torleif_Ruud/index.html:Torleif_Ruud:Torleif Ruud
hiding:https://www-dav.med.uio.no/gammelt/konvertert-med-0324a/ahus/english/psychiatry_english/nor/Torleif_Ruud/index.html
renaming:https://www-dav.med.uio.no/gammelt/konvertert-med-0324b-htmluendret/ahus/psykisk%20helsevern/nor/Torleif_Ruud/index.html:Torleif_Ruud:Torleif Ruud
hiding:https://www-dav.med.uio.no/gammelt/konvertert-med-0324b-htmluendret/ahus/psykisk%20helsevern/nor/Torleif_Ruud/index.html
renaming:https://www-dav.med.uio.no/gammelt/konvertert-med-0324a/ahus/psykisk%20helsevern/nor/Torleif_Ruud/index.html:Torleif_Ruud:Torleif Ruud
hiding:https://www-dav.med.uio.no/gammelt/konvertert-med-0324a/ahus/psykisk%20helsevern/nor/Torleif_Ruud/index.html
renaming:https://www-dav.med.uio.no/gammelt/konvertert-med-0324b-htmluendret/ahus/english/surgery_english/nor/arne_bakka/index.html:Arne_bakka:Arne Olav Bakka
hiding:https://www-dav.med.uio.no/gammelt/konvertert-med-0324b-htmluendret/ahus/english/surgery_english/nor/arne_bakka/index.html
renaming:https://www-dav.med.uio.no/gammelt/konvertert-med-0324a/ahus/english/surgery_english/nor/arne_bakka/index.html:Arne_bakka:Arne Olav Bakka
hiding:https://www-dav.med.uio.no/gammelt/konvertert-med-0324a/ahus/english/surgery_english/nor/arne_bakka/index.html
renaming:https://www-dav.med.uio.no/gammelt/konvertert-med-0324b-htmluendret/ahus/english/lab_english/nor/SNA/index.html:SNA:Solveig Norheim Andersen
hiding:https://www-dav.med.uio.no/gammelt/konvertert-med-0324b-htmluendret/ahus/english/lab_english/nor/SNA/index.html
renaming:https://www-dav.med.uio.no/gammelt/konvertert-med-0324a/ahus/english/lab_english/nor/SNA/index.html:SNA:Solveig Norheim Andersen
hiding:https://www-dav.med.uio.no/gammelt/konvertert-med-0324a/ahus/english/lab_english/nor/SNA/index.html
renaming:https://www-dav.med.uio.no/gammelt/konvertert-med-0324b-htmluendret/ahus/medisin/nor/t_omland/index.html:T_omland:Torbjørn Omland
hiding:https://www-dav.med.uio.no/gammelt/konvertert-med-0324b-htmluendret/ahus/medisin/nor/t_omland/index.html
renaming:https://www-dav.med.uio.no/gammelt/konvertert-med-0324a/ahus/medisin/nor/t_omland/index.html:T_omland:Torbjørn Omland
hiding:https://www-dav.med.uio.no/gammelt/konvertert-med-0324a/ahus/medisin/nor/t_omland/index.html
renaming:https://www-dav.med.uio.no/gammelt/konvertert-med-0324b-htmluendret/ahus/patologisk%20anatomi/solveig_nordheim_andersen-Xdup-1:Laboratoriemedisinsk senter:Solveig Norheim Andersen
hiding:https://www-dav.med.uio.no/gammelt/konvertert-med-0324b-htmluendret/ahus/patologisk%20anatomi/solveig_nordheim_andersen-Xdup-1
renaming:https://www-dav.med.uio.no/gammelt/konvertert-med-0324a/ahus/patologisk%20anatomi/solveig_nordheim_andersen-Xdup-1:Laboratoriemedisinsk senter:Solveig Norheim Andersen
hiding:https://www-dav.med.uio.no/gammelt/konvertert-med-0324a/ahus/patologisk%20anatomi/solveig_nordheim_andersen-Xdup-1
renaming:https://www-dav.med.uio.no/gammelt/konvertert-med-0324b-htmluendret/ahus/BUK/nor/b_nakstad./index.html:B_nakstad.:Britt Nakstad
hiding:https://www-dav.med.uio.no/gammelt/konvertert-med-0324b-htmluendret/ahus/BUK/nor/b_nakstad./index.html
renaming:https://www-dav.med.uio.no/gammelt/konvertert-med-0324a/ahus/BUK/nor/b_nakstad./index.html:B_nakstad.:Britt Nakstad
hiding:https://www-dav.med.uio.no/gammelt/konvertert-med-0324a/ahus/BUK/nor/b_nakstad./index.html
renaming:https://www-dav.med.uio.no/gammelt/konvertert-med-0324b-htmluendret/ahus/ortopedi/nor/s_e_utvaag/index.html:S_e_utvaag:Stein-Erik Utvåg
hiding:https://www-dav.med.uio.no/gammelt/konvertert-med-0324b-htmluendret/ahus/ortopedi/nor/s_e_utvaag/index.html
renaming:https://www-dav.med.uio.no/gammelt/konvertert-med-0324a/ahus/ortopedi/nor/s_e_utvaag/index.html:S_e_utvaag:Stein-Erik Utvåg
hiding:https://www-dav.med.uio.no/gammelt/konvertert-med-0324a/ahus/ortopedi/nor/s_e_utvaag/index.html
renaming:https://www-dav.med.uio.no/gammelt/konvertert-med-0324b-htmluendret/ahus/nevroklinikken/nor/m_b_russell/index.html:M_b_russell:Michael Bjørn Russell
hiding:https://www-dav.med.uio.no/gammelt/konvertert-med-0324b-htmluendret/ahus/nevroklinikken/nor/m_b_russell/index.html
renaming:https://www-dav.med.uio.no/gammelt/konvertert-med-0324a/ahus/nevroklinikken/nor/m_b_russell/index.html:M_b_russell:Michael Bjørn Russell
hiding:https://www-dav.med.uio.no/gammelt/konvertert-med-0324a/ahus/nevroklinikken/nor/m_b_russell/index.html
renaming:https://www-dav.med.uio.no/gammelt/konvertert-med-0324b-htmluendret/ahus/kirurgi/nor/arne_bakka/index.html:Arne_bakka:Arne Olav Bakka
hiding:https://www-dav.med.uio.no/gammelt/konvertert-med-0324b-htmluendret/ahus/kirurgi/nor/arne_bakka/index.html
renaming:https://www-dav.med.uio.no/gammelt/konvertert-med-0324a/ahus/kirurgi/nor/arne_bakka/index.html:Arne_bakka:Arne Olav Bakka
hiding:https://www-dav.med.uio.no/gammelt/konvertert-med-0324a/ahus/kirurgi/nor/arne_bakka/index.html
renaming:https://www-dav.med.uio.no/gammelt/konvertert-med-0324b-htmluendret/ahus/hokh/nor/pal-gulbrandsen/index.html:Pal-gulbrandsen:Pål Gulbrandsen
hiding:https://www-dav.med.uio.no/gammelt/konvertert-med-0324b-htmluendret/ahus/hokh/nor/pal-gulbrandsen/index.html
renaming:https://www-dav.med.uio.no/gammelt/konvertert-med-0324a/ahus/hokh/nor/pal-gulbrandsen/index.html:Pal-gulbrandsen:Pål Gulbrandsen
hiding:https://www-dav.med.uio.no/gammelt/konvertert-med-0324a/ahus/hokh/nor/pal-gulbrandsen/index.html
renaming:https://www-dav.med.uio.no/gammelt/konvertert-med-0324b-htmluendret/ahus/english/otolaryngology_head%20and%20neck%20surgery/nor/erik_lie/index.html:Erik_lie:Erik Steensæth Lie
hiding:https://www-dav.med.uio.no/gammelt/konvertert-med-0324b-htmluendret/ahus/english/otolaryngology_head%20and%20neck%20surgery/nor/erik_lie/index.html
renaming:https://www-dav.med.uio.no/gammelt/konvertert-med-0324a/ahus/english/otolaryngology_head%20and%20neck%20surgery/nor/erik_lie/index.html:Erik_lie:Erik Steensæth Lie
hiding:https://www-dav.med.uio.no/gammelt/konvertert-med-0324a/ahus/english/otolaryngology_head%20and%20neck%20surgery/nor/erik_lie/index.html
ldap-error:https://www-dav.med.uio.no/gammelt/konvertert-med-0324b-htmluendret/ahus/anestesi/nor/nils_smitherichsen/index.html:Nils_smitherichsen::erichses
hiding:https://www-dav.med.uio.no/gammelt/konvertert-med-0324b-htmluendret/ahus/anestesi/nor/nils_smitherichsen/index.html
ldap-error:https://www-dav.med.uio.no/gammelt/konvertert-med-0324a/ahus/anestesi/nor/nils_smitherichsen/index.html:Nils_smitherichsen::erichses
hiding:https://www-dav.med.uio.no/gammelt/konvertert-med-0324a/ahus/anestesi/nor/nils_smitherichsen/index.html
ldap-error:https://www-dav.med.uio.no/gammelt/konvertert-med-0324b-htmluendret/iasam/sosmed_LESEBEGRENSET/ansatte/nor/sbrage/index.html:Sbrage::sbrage
hiding:https://www-dav.med.uio.no/gammelt/konvertert-med-0324b-htmluendret/iasam/sosmed_LESEBEGRENSET/ansatte/nor/sbrage/index.html
ldap-error:https://www-dav.med.uio.no/gammelt/konvertert-med-0324a/iasam/sosmed_LESEBEGRENSET/ansatte/nor/sbrage/index.html:Sbrage::sbrage
hiding:https://www-dav.med.uio.no/gammelt/konvertert-med-0324a/iasam/sosmed_LESEBEGRENSET/ansatte/nor/sbrage/index.html
renaming:https://www-dav.med.uio.no/gammelt/konvertert-med-0324b-htmluendret/iasam/sosmed_LESEBEGRENSET/ansatte/nor/baardn/index.html:Baardn:Bård Natvig
hiding:https://www-dav.med.uio.no/gammelt/konvertert-med-0324b-htmluendret/iasam/sosmed_LESEBEGRENSET/ansatte/nor/baardn/index.html
renaming:https://www-dav.med.uio.no/gammelt/konvertert-med-0324a/iasam/sosmed_LESEBEGRENSET/ansatte/nor/baardn/index.html:Baardn:Bård Natvig
hiding:https://www-dav.med.uio.no/gammelt/konvertert-med-0324a/iasam/sosmed_LESEBEGRENSET/ansatte/nor/baardn/index.html
renaming:https://www-dav.med.uio.no/gammelt/konvertert-med-0324b-htmluendret/iasam/sosmed_LESEBEGRENSET/ansatte/nor/dagbr/index.html:Dagbr:Dag Bruusgaard
hiding:https://www-dav.med.uio.no/gammelt/konvertert-med-0324b-htmluendret/iasam/sosmed_LESEBEGRENSET/ansatte/nor/dagbr/index.html
renaming:https://www-dav.med.uio.no/gammelt/konvertert-med-0324a/iasam/sosmed_LESEBEGRENSET/ansatte/nor/dagbr/index.html:Dagbr:Dag Bruusgaard
hiding:https://www-dav.med.uio.no/gammelt/konvertert-med-0324a/iasam/sosmed_LESEBEGRENSET/ansatte/nor/dagbr/index.html
renaming:https://www-dav.med.uio.no/gammelt/konvertert-med-0324b-htmluendret/iasam/forepi_LESEBEGRENSET/ansatte/nor/larli/index.html:Larli:Lars Lien
hiding:https://www-dav.med.uio.no/gammelt/konvertert-med-0324b-htmluendret/iasam/forepi_LESEBEGRENSET/ansatte/nor/larli/index.html
renaming:https://www-dav.med.uio.no/gammelt/konvertert-med-0324a/iasam/forepi_LESEBEGRENSET/ansatte/nor/larli/index.html:Larli:Lars Lien
hiding:https://www-dav.med.uio.no/gammelt/konvertert-med-0324a/iasam/forepi_LESEBEGRENSET/ansatte/nor/larli/index.html
ldap-error:https://www-dav.med.uio.no/gammelt/konvertert-med-0324b-htmluendret/iasam/forepi_LESEBEGRENSET/ansatte/nor/kristig/index.html:Kristig::kristig
hiding:https://www-dav.med.uio.no/gammelt/konvertert-med-0324b-htmluendret/iasam/forepi_LESEBEGRENSET/ansatte/nor/kristig/index.html
ldap-error:https://www-dav.med.uio.no/gammelt/konvertert-med-0324a/iasam/forepi_LESEBEGRENSET/ansatte/nor/kristig/index.html:Kristig::kristig
hiding:https://www-dav.med.uio.no/gammelt/konvertert-med-0324a/iasam/forepi_LESEBEGRENSET/ansatte/nor/kristig/index.html
ldap-error:https://www-dav.med.uio.no/gammelt/konvertert-med-0324b-htmluendret/iasam/forepi_LESEBEGRENSET/ansatte/nor/kholvik/index.html:Kholvik::kholvik
hiding:https://www-dav.med.uio.no/gammelt/konvertert-med-0324b-htmluendret/iasam/forepi_LESEBEGRENSET/ansatte/nor/kholvik/index.html
ldap-error:https://www-dav.med.uio.no/gammelt/konvertert-med-0324a/iasam/forepi_LESEBEGRENSET/ansatte/nor/kholvik/index.html:Kholvik::kholvik
hiding:https://www-dav.med.uio.no/gammelt/konvertert-med-0324a/iasam/forepi_LESEBEGRENSET/ansatte/nor/kholvik/index.html
ldap-error:https://www-dav.med.uio.no/gammelt/konvertert-med-0324b-htmluendret/iasam/forepi_LESEBEGRENSET/ansatte/nor/karolin/index.html:Karolin::karolin
hiding:https://www-dav.med.uio.no/gammelt/konvertert-med-0324b-htmluendret/iasam/forepi_LESEBEGRENSET/ansatte/nor/karolin/index.html
ldap-error:https://www-dav.med.uio.no/gammelt/konvertert-med-0324a/iasam/forepi_LESEBEGRENSET/ansatte/nor/karolin/index.html:Karolin::karolin
hiding:https://www-dav.med.uio.no/gammelt/konvertert-med-0324a/iasam/forepi_LESEBEGRENSET/ansatte/nor/karolin/index.html
ldap-error:https://www-dav.med.uio.no/gammelt/konvertert-med-0324b-htmluendret/iasam/forepi_LESEBEGRENSET/ansatte/nor/ihlen/index.html:Ihlen::ihlen
hiding:https://www-dav.med.uio.no/gammelt/konvertert-med-0324b-htmluendret/iasam/forepi_LESEBEGRENSET/ansatte/nor/ihlen/index.html
ldap-error:https://www-dav.med.uio.no/gammelt/konvertert-med-0324a/iasam/forepi_LESEBEGRENSET/ansatte/nor/ihlen/index.html:Ihlen::ihlen
hiding:https://www-dav.med.uio.no/gammelt/konvertert-med-0324a/iasam/forepi_LESEBEGRENSET/ansatte/nor/ihlen/index.html
ldap-error:https://www-dav.med.uio.no/gammelt/konvertert-med-0324b-htmluendret/iasam/forepi_LESEBEGRENSET/ansatte/nor/florencd/index.html:Florencd::florencd
hiding:https://www-dav.med.uio.no/gammelt/konvertert-med-0324b-htmluendret/iasam/forepi_LESEBEGRENSET/ansatte/nor/florencd/index.html
ldap-error:https://www-dav.med.uio.no/gammelt/konvertert-med-0324a/iasam/forepi_LESEBEGRENSET/ansatte/nor/florencd/index.html:Florencd::florencd
hiding:https://www-dav.med.uio.no/gammelt/konvertert-med-0324a/iasam/forepi_LESEBEGRENSET/ansatte/nor/florencd/index.html
ldap-error:https://www-dav.med.uio.no/gammelt/konvertert-med-0324b-htmluendret/iasam/forepi_LESEBEGRENSET/ansatte/nor/dongh/index.html:Dongh::dongh
hiding:https://www-dav.med.uio.no/gammelt/konvertert-med-0324b-htmluendret/iasam/forepi_LESEBEGRENSET/ansatte/nor/dongh/index.html
ldap-error:https://www-dav.med.uio.no/gammelt/konvertert-med-0324a/iasam/forepi_LESEBEGRENSET/ansatte/nor/dongh/index.html:Dongh::dongh
hiding:https://www-dav.med.uio.no/gammelt/konvertert-med-0324a/iasam/forepi_LESEBEGRENSET/ansatte/nor/dongh/index.html
renaming:https://www-dav.med.uio.no/gammelt/konvertert-med-0324b-htmluendret/iasam/forepi_LESEBEGRENSET/ansatte/nor/bernadnk/index.html:Bernadnk:Bernadette Kumar
hiding:https://www-dav.med.uio.no/gammelt/konvertert-med-0324b-htmluendret/iasam/forepi_LESEBEGRENSET/ansatte/nor/bernadnk/index.html
renaming:https://www-dav.med.uio.no/gammelt/konvertert-med-0324a/iasam/forepi_LESEBEGRENSET/ansatte/nor/bernadnk/index.html:Bernadnk:Bernadette Kumar
hiding:https://www-dav.med.uio.no/gammelt/konvertert-med-0324a/iasam/forepi_LESEBEGRENSET/ansatte/nor/bernadnk/index.html
renaming:https://www-dav.med.uio.no/gammelt/konvertert-med-0324b-htmluendret/iasam/forepi_LESEBEGRENSET/ansatte/nor/ahmedma/index.html:Ahmedma:Ahmed Ali Madar
hiding:https://www-dav.med.uio.no/gammelt/konvertert-med-0324b-htmluendret/iasam/forepi_LESEBEGRENSET/ansatte/nor/ahmedma/index.html
renaming:https://www-dav.med.uio.no/gammelt/konvertert-med-0324a/iasam/forepi_LESEBEGRENSET/ansatte/nor/ahmedma/index.html:Ahmedma:Ahmed Ali Madar
hiding:https://www-dav.med.uio.no/gammelt/konvertert-med-0324a/iasam/forepi_LESEBEGRENSET/ansatte/nor/ahmedma/index.html
renaming:https://www-dav.med.uio.no/gammelt/konvertert-med-0324b-htmluendret/heled/personnel_LESEBEGRENSET/nor/Kjekshus/index.html:Kjekshus:Lars Erik Kjekshus
hiding:https://www-dav.med.uio.no/gammelt/konvertert-med-0324b-htmluendret/heled/personnel_LESEBEGRENSET/nor/Kjekshus/index.html
renaming:https://www-dav.med.uio.no/gammelt/konvertert-med-0324a/heled/personnel_LESEBEGRENSET/nor/Kjekshus/index.html:Kjekshus:Lars Erik Kjekshus
hiding:https://www-dav.med.uio.no/gammelt/konvertert-med-0324a/heled/personnel_LESEBEGRENSET/nor/Kjekshus/index.html
renaming:https://www-dav.med.uio.no/gammelt/konvertert-med-0324b-htmluendret/heled/personnel_LESEBEGRENSET/nor/Moger/index.html:Moger:Tron Anders Moger
hiding:https://www-dav.med.uio.no/gammelt/konvertert-med-0324b-htmluendret/heled/personnel_LESEBEGRENSET/nor/Moger/index.html
renaming:https://www-dav.med.uio.no/gammelt/konvertert-med-0324a/heled/personnel_LESEBEGRENSET/nor/Moger/index.html:Moger:Tron Anders Moger
hiding:https://www-dav.med.uio.no/gammelt/konvertert-med-0324a/heled/personnel_LESEBEGRENSET/nor/Moger/index.html
renaming:https://www-dav.med.uio.no/gammelt/konvertert-med-0324b-htmluendret/heled/ansatte_LESEBEGRENSET/nor/moger/index.html:Moger:Tron Moger
hiding:https://www-dav.med.uio.no/gammelt/konvertert-med-0324b-htmluendret/heled/ansatte_LESEBEGRENSET/nor/moger/index.html
renaming:https://www-dav.med.uio.no/gammelt/konvertert-med-0324a/heled/ansatte_LESEBEGRENSET/nor/moger/index.html:Moger:Tron Moger
hiding:https://www-dav.med.uio.no/gammelt/konvertert-med-0324a/heled/ansatte_LESEBEGRENSET/nor/moger/index.html
renaming:https://www-dav.med.uio.no/gammelt/konvertert-med-0324b-htmluendret/heled/personnel_LESEBEGRENSET/nor/Ringard/index.html:Ringard:Ånen Ringard
hiding:https://www-dav.med.uio.no/gammelt/konvertert-med-0324b-htmluendret/heled/personnel_LESEBEGRENSET/nor/Ringard/index.html
renaming:https://www-dav.med.uio.no/gammelt/konvertert-med-0324a/heled/personnel_LESEBEGRENSET/nor/Ringard/index.html:Ringard:Ånen Ringard
hiding:https://www-dav.med.uio.no/gammelt/konvertert-med-0324a/heled/personnel_LESEBEGRENSET/nor/Ringard/index.html
ldap-error:https://www-dav.med.uio.no/gammelt/konvertert-med-0324b-htmluendret/heled/personnel_LESEBEGRENSET/nor/Thurmer/index.html:Thurmer::hannthu
hiding:https://www-dav.med.uio.no/gammelt/konvertert-med-0324b-htmluendret/heled/personnel_LESEBEGRENSET/nor/Thurmer/index.html
ldap-error:https://www-dav.med.uio.no/gammelt/konvertert-med-0324a/heled/personnel_LESEBEGRENSET/nor/Thurmer/index.html:Thurmer::hannthu
hiding:https://www-dav.med.uio.no/gammelt/konvertert-med-0324a/heled/personnel_LESEBEGRENSET/nor/Thurmer/index.html
renaming:https://www-dav.med.uio.no/gammelt/konvertert-med-0324b-htmluendret/heled/personnel_LESEBEGRENSET/nor/Joner/index.html:Joner:Geir Joner
hiding:https://www-dav.med.uio.no/gammelt/konvertert-med-0324b-htmluendret/heled/personnel_LESEBEGRENSET/nor/Joner/index.html
renaming:https://www-dav.med.uio.no/gammelt/konvertert-med-0324a/heled/personnel_LESEBEGRENSET/nor/Joner/index.html:Joner:Geir Joner
hiding:https://www-dav.med.uio.no/gammelt/konvertert-med-0324a/heled/personnel_LESEBEGRENSET/nor/Joner/index.html
renaming:https://www-dav.med.uio.no/gammelt/konvertert-med-0324b-htmluendret/heled/personnel_LESEBEGRENSET/nor/Kristiansen/index.html:Kristiansen:Ivar Sønbø Kristiansen
hiding:https://www-dav.med.uio.no/gammelt/konvertert-med-0324b-htmluendret/heled/personnel_LESEBEGRENSET/nor/Kristiansen/index.html
renaming:https://www-dav.med.uio.no/gammelt/konvertert-med-0324a/heled/personnel_LESEBEGRENSET/nor/Kristiansen/index.html:Kristiansen:Ivar Sønbø Kristiansen
hiding:https://www-dav.med.uio.no/gammelt/konvertert-med-0324a/heled/personnel_LESEBEGRENSET/nor/Kristiansen/index.html
ldap-error:https://www-dav.med.uio.no/gammelt/konvertert-med-0324b-htmluendret/heled/personnel_LESEBEGRENSET/nor/Bretteville-Jensen/index.html:Bretteville-Jensen::annelbre
hiding:https://www-dav.med.uio.no/gammelt/konvertert-med-0324b-htmluendret/heled/personnel_LESEBEGRENSET/nor/Bretteville-Jensen/index.html
ldap-error:https://www-dav.med.uio.no/gammelt/konvertert-med-0324a/heled/personnel_LESEBEGRENSET/nor/Bretteville-Jensen/index.html:Bretteville-Jensen::annelbre
hiding:https://www-dav.med.uio.no/gammelt/konvertert-med-0324a/heled/personnel_LESEBEGRENSET/nor/Bretteville-Jensen/index.html
ldap-error:https://www-dav.med.uio.no/gammelt/konvertert-med-0324b-htmluendret/heled/personnel_LESEBEGRENSET/nor/Bringedal/index.html:Bringedal::beribri
hiding:https://www-dav.med.uio.no/gammelt/konvertert-med-0324b-htmluendret/heled/personnel_LESEBEGRENSET/nor/Bringedal/index.html
ldap-error:https://www-dav.med.uio.no/gammelt/konvertert-med-0324a/heled/personnel_LESEBEGRENSET/nor/Bringedal/index.html:Bringedal::beribri
hiding:https://www-dav.med.uio.no/gammelt/konvertert-med-0324a/heled/personnel_LESEBEGRENSET/nor/Bringedal/index.html
renaming:https://www-dav.med.uio.no/gammelt/konvertert-med-0324b-htmluendret/heled/personnel_LESEBEGRENSET/nor/Alstads%C3%A6ter/index.html:Alstadsæter:Annette Alstadsæter
hiding:https://www-dav.med.uio.no/gammelt/konvertert-med-0324b-htmluendret/heled/personnel_LESEBEGRENSET/nor/Alstads%C3%A6ter/index.html
renaming:https://www-dav.med.uio.no/gammelt/konvertert-med-0324a/heled/personnel_LESEBEGRENSET/nor/Alstads%C3%A6ter/index.html:Alstadsæter:Annette Alstadsæter
hiding:https://www-dav.med.uio.no/gammelt/konvertert-med-0324a/heled/personnel_LESEBEGRENSET/nor/Alstads%C3%A6ter/index.html
ldap-error:https://www-dav.med.uio.no/gammelt/konvertert-med-0324b-htmluendret/heled/ansatte_LESEBEGRENSET/nor/olsen/index.html:Olsen::janabel
hiding:https://www-dav.med.uio.no/gammelt/konvertert-med-0324b-htmluendret/heled/ansatte_LESEBEGRENSET/nor/olsen/index.html
ldap-error:https://www-dav.med.uio.no/gammelt/konvertert-med-0324a/heled/ansatte_LESEBEGRENSET/nor/olsen/index.html:Olsen::janabel
hiding:https://www-dav.med.uio.no/gammelt/konvertert-med-0324a/heled/ansatte_LESEBEGRENSET/nor/olsen/index.html
renaming:https://www-dav.med.uio.no/gammelt/konvertert-med-0324b-htmluendret/heled/ansatte_LESEBEGRENSET/nor/kristiansen/index.html:Kristiansen:Ivar Sønbø Kristiansen
hiding:https://www-dav.med.uio.no/gammelt/konvertert-med-0324b-htmluendret/heled/ansatte_LESEBEGRENSET/nor/kristiansen/index.html
renaming:https://www-dav.med.uio.no/gammelt/konvertert-med-0324a/heled/ansatte_LESEBEGRENSET/nor/kristiansen/index.html:Kristiansen:Ivar Sønbø Kristiansen
hiding:https://www-dav.med.uio.no/gammelt/konvertert-med-0324a/heled/ansatte_LESEBEGRENSET/nor/kristiansen/index.html
renaming:https://www-dav.med.uio.no/gammelt/konvertert-med-0324b-htmluendret/heled/ansatte_LESEBEGRENSET/nor/alstads%C3%A6ter/index.html:Alstadsæter:Annette Alstadsæter
hiding:https://www-dav.med.uio.no/gammelt/konvertert-med-0324b-htmluendret/heled/ansatte_LESEBEGRENSET/nor/alstads%C3%A6ter/index.html
renaming:https://www-dav.med.uio.no/gammelt/konvertert-med-0324a/heled/ansatte_LESEBEGRENSET/nor/alstads%C3%A6ter/index.html:Alstadsæter:Annette Alstadsæter
hiding:https://www-dav.med.uio.no/gammelt/konvertert-med-0324a/heled/ansatte_LESEBEGRENSET/nor/alstads%C3%A6ter/index.html
unable-to-rename-error:https://www-dav.med.uio.no/gammelt/konvertert-med-0324b-htmluendret/ipsy/ssbu/nor/person/index.html:Person:
hiding:https://www-dav.med.uio.no/gammelt/konvertert-med-0324b-htmluendret/ipsy/ssbu/nor/person/index.html
unable-to-rename-error:https://www-dav.med.uio.no/gammelt/konvertert-med-0324a/ipsy/ssbu/nor/person/index.html:Person:
hiding:https://www-dav.med.uio.no/gammelt/konvertert-med-0324a/ipsy/ssbu/nor/person/index.html
renaming:https://www-dav.med.uio.no/gammelt/konvertert-med-0324b-htmluendret/heled/ansatte_LESEBEGRENSET/nor/neset/index.html:Neset:Birthe Neset
hiding:https://www-dav.med.uio.no/gammelt/konvertert-med-0324b-htmluendret/heled/ansatte_LESEBEGRENSET/nor/neset/index.html
renaming:https://www-dav.med.uio.no/gammelt/konvertert-med-0324a/heled/ansatte_LESEBEGRENSET/nor/neset/index.html:Neset:Birthe Neset
hiding:https://www-dav.med.uio.no/gammelt/konvertert-med-0324a/heled/ansatte_LESEBEGRENSET/nor/neset/index.html
renaming:https://www-dav.med.uio.no/gammelt/konvertert-med-0324b-htmluendret/heled/personnel_LESEBEGRENSET/nor/Wisloff/index.html:Wisloff:Torbjørn Wisløff
hiding:https://www-dav.med.uio.no/gammelt/konvertert-med-0324b-htmluendret/heled/personnel_LESEBEGRENSET/nor/Wisloff/index.html
renaming:https://www-dav.med.uio.no/gammelt/konvertert-med-0324a/heled/personnel_LESEBEGRENSET/nor/Wisloff/index.html:Wisloff:Torbjørn Wisløff
hiding:https://www-dav.med.uio.no/gammelt/konvertert-med-0324a/heled/personnel_LESEBEGRENSET/nor/Wisloff/index.html
unable-to-rename-error:https://www-dav.med.uio.no/gammelt/konvertert-med-0324b-htmluendret/iasam/test_LESEBEGRENSET/ariansen/nor/person2/index.html:Person2:
hiding:https://www-dav.med.uio.no/gammelt/konvertert-med-0324b-htmluendret/iasam/test_LESEBEGRENSET/ariansen/nor/person2/index.html
unable-to-rename-error:https://www-dav.med.uio.no/gammelt/konvertert-med-0324a/iasam/test_LESEBEGRENSET/ariansen/nor/person2/index.html:Person2:
hiding:https://www-dav.med.uio.no/gammelt/konvertert-med-0324a/iasam/test_LESEBEGRENSET/ariansen/nor/person2/index.html
renaming:https://www-dav.med.uio.no/gammelt/konvertert-med-0324b-htmluendret/heled/personnel_LESEBEGRENSET/nor/Godager/index.html:Godager:Geir Christian Helgesen Godager
hiding:https://www-dav.med.uio.no/gammelt/konvertert-med-0324b-htmluendret/heled/personnel_LESEBEGRENSET/nor/Godager/index.html
renaming:https://www-dav.med.uio.no/gammelt/konvertert-med-0324a/heled/personnel_LESEBEGRENSET/nor/Godager/index.html:Godager:Geir Christian Helgesen Godager
hiding:https://www-dav.med.uio.no/gammelt/konvertert-med-0324a/heled/personnel_LESEBEGRENSET/nor/Godager/index.html
renaming:https://www-dav.med.uio.no/gammelt/konvertert-med-0324b-htmluendret/heled/personnel_LESEBEGRENSET/nor/Guttormsen/index.html:Guttormsen:Atle Guttormsen
hiding:https://www-dav.med.uio.no/gammelt/konvertert-med-0324b-htmluendret/heled/personnel_LESEBEGRENSET/nor/Guttormsen/index.html
renaming:https://www-dav.med.uio.no/gammelt/konvertert-med-0324a/heled/personnel_LESEBEGRENSET/nor/Guttormsen/index.html:Guttormsen:Atle Guttormsen
hiding:https://www-dav.med.uio.no/gammelt/konvertert-med-0324a/heled/personnel_LESEBEGRENSET/nor/Guttormsen/index.html
renaming:https://www-dav.med.uio.no/gammelt/konvertert-med-0324b-htmluendret/heled/personnel_LESEBEGRENSET/nor/Kjelsvik/index.html:Kjelsvik:Ingrid Kjelsvik
hiding:https://www-dav.med.uio.no/gammelt/konvertert-med-0324b-htmluendret/heled/personnel_LESEBEGRENSET/nor/Kjelsvik/index.html
renaming:https://www-dav.med.uio.no/gammelt/konvertert-med-0324a/heled/personnel_LESEBEGRENSET/nor/Kjelsvik/index.html:Kjelsvik:Ingrid Kjelsvik
hiding:https://www-dav.med.uio.no/gammelt/konvertert-med-0324a/heled/personnel_LESEBEGRENSET/nor/Kjelsvik/index.html
renaming:https://www-dav.med.uio.no/gammelt/konvertert-med-0324b-htmluendret/heled/personnel_LESEBEGRENSET/nor/Breivik/index.html:Breivik:Nicola Breivik
hiding:https://www-dav.med.uio.no/gammelt/konvertert-med-0324b-htmluendret/heled/personnel_LESEBEGRENSET/nor/Breivik/index.html
renaming:https://www-dav.med.uio.no/gammelt/konvertert-med-0324a/heled/personnel_LESEBEGRENSET/nor/Breivik/index.html:Breivik:Nicola Breivik
hiding:https://www-dav.med.uio.no/gammelt/konvertert-med-0324a/heled/personnel_LESEBEGRENSET/nor/Breivik/index.html
renaming:https://www-dav.med.uio.no/gammelt/konvertert-med-0324b-htmluendret/heled/personnel_LESEBEGRENSET/nor/Neset/index.html:Neset:Birthe Neset
hiding:https://www-dav.med.uio.no/gammelt/konvertert-med-0324b-htmluendret/heled/personnel_LESEBEGRENSET/nor/Neset/index.html
renaming:https://www-dav.med.uio.no/gammelt/konvertert-med-0324a/heled/personnel_LESEBEGRENSET/nor/Neset/index.html:Neset:Birthe Neset
hiding:https://www-dav.med.uio.no/gammelt/konvertert-med-0324a/heled/personnel_LESEBEGRENSET/nor/Neset/index.html
unable-to-rename-error:https://www-dav.med.uio.no/gammelt/konvertert-med-0324b-htmluendret/ahus/bildediagnostisk%20senter/nor/person/index.html:Person:
hiding:https://www-dav.med.uio.no/gammelt/konvertert-med-0324b-htmluendret/ahus/bildediagnostisk%20senter/nor/person/index.html
unable-to-rename-error:https://www-dav.med.uio.no/gammelt/konvertert-med-0324a/ahus/bildediagnostisk%20senter/nor/person/index.html:Person:
hiding:https://www-dav.med.uio.no/gammelt/konvertert-med-0324a/ahus/bildediagnostisk%20senter/nor/person/index.html
unable-to-rename-error:https://www-dav.med.uio.no/gammelt/konvertert-med-0324b-htmluendret/ahus/onh/nor/person/index.html:Person:
hiding:https://www-dav.med.uio.no/gammelt/konvertert-med-0324b-htmluendret/ahus/onh/nor/person/index.html
unable-to-rename-error:https://www-dav.med.uio.no/gammelt/konvertert-med-0324a/ahus/onh/nor/person/index.html:Person:
hiding:https://www-dav.med.uio.no/gammelt/konvertert-med-0324a/ahus/onh/nor/person/index.html
renaming:https://www-dav.med.uio.no/gammelt/konvertert-med-0324b-htmluendret/heled/personnel_LESEBEGRENSET/nor/Aas/index.html:Aas:Eline Aas
hiding:https://www-dav.med.uio.no/gammelt/konvertert-med-0324b-htmluendret/heled/personnel_LESEBEGRENSET/nor/Aas/index.html
renaming:https://www-dav.med.uio.no/gammelt/konvertert-med-0324a/heled/personnel_LESEBEGRENSET/nor/Aas/index.html:Aas:Eline Aas
hiding:https://www-dav.med.uio.no/gammelt/konvertert-med-0324a/heled/personnel_LESEBEGRENSET/nor/Aas/index.html
ldap-error:https://www-dav.med.uio.no/gammelt/konvertert-med-0324b-htmluendret/rh/patologi/vortexmaler/nor/person/index.html:Person::gorilo
hiding:https://www-dav.med.uio.no/gammelt/konvertert-med-0324b-htmluendret/rh/patologi/vortexmaler/nor/person/index.html
ldap-error:https://www-dav.med.uio.no/gammelt/konvertert-med-0324a/rh/patologi/vortexmaler/nor/person/index.html:Person::gorilo
hiding:https://www-dav.med.uio.no/gammelt/konvertert-med-0324a/rh/patologi/vortexmaler/nor/person/index.html
renaming:https://www-dav.med.uio.no/gammelt/konvertert-med-0324b-htmluendret/heled/ansatte_LESEBEGRENSET/nor/feiring/index.html:Feiring:Eli Feiring
hiding:https://www-dav.med.uio.no/gammelt/konvertert-med-0324b-htmluendret/heled/ansatte_LESEBEGRENSET/nor/feiring/index.html
renaming:https://www-dav.med.uio.no/gammelt/konvertert-med-0324a/heled/ansatte_LESEBEGRENSET/nor/feiring/index.html:Feiring:Eli Feiring
hiding:https://www-dav.med.uio.no/gammelt/konvertert-med-0324a/heled/ansatte_LESEBEGRENSET/nor/feiring/index.html
renaming:https://www-dav.med.uio.no/gammelt/konvertert-med-0324b-htmluendret/heled/ansatte_LESEBEGRENSET/nor/berg/index.html:Berg:Ole Trond Berg
hiding:https://www-dav.med.uio.no/gammelt/konvertert-med-0324b-htmluendret/heled/ansatte_LESEBEGRENSET/nor/berg/index.html
renaming:https://www-dav.med.uio.no/gammelt/konvertert-med-0324a/heled/ansatte_LESEBEGRENSET/nor/berg/index.html:Berg:Ole Trond Berg
hiding:https://www-dav.med.uio.no/gammelt/konvertert-med-0324a/heled/ansatte_LESEBEGRENSET/nor/berg/index.html
renaming:https://www-dav.med.uio.no/gammelt/konvertert-med-0324b-htmluendret/heled/ansatte_LESEBEGRENSET/nor/grepperud/index.html:Grepperud:Sverre Grepperud
hiding:https://www-dav.med.uio.no/gammelt/konvertert-med-0324b-htmluendret/heled/ansatte_LESEBEGRENSET/nor/grepperud/index.html
renaming:https://www-dav.med.uio.no/gammelt/konvertert-med-0324a/heled/ansatte_LESEBEGRENSET/nor/grepperud/index.html:Grepperud:Sverre Grepperud
hiding:https://www-dav.med.uio.no/gammelt/konvertert-med-0324a/heled/ansatte_LESEBEGRENSET/nor/grepperud/index.html
renaming:https://www-dav.med.uio.no/gammelt/konvertert-med-0324b-htmluendret/heled/personnel_LESEBEGRENSET/nor/Feiring/index.html:Feiring:Eli Feiring
hiding:https://www-dav.med.uio.no/gammelt/konvertert-med-0324b-htmluendret/heled/personnel_LESEBEGRENSET/nor/Feiring/index.html
renaming:https://www-dav.med.uio.no/gammelt/konvertert-med-0324a/heled/personnel_LESEBEGRENSET/nor/Feiring/index.html:Feiring:Eli Feiring
hiding:https://www-dav.med.uio.no/gammelt/konvertert-med-0324a/heled/personnel_LESEBEGRENSET/nor/Feiring/index.html
renaming:https://www-dav.med.uio.no/gammelt/konvertert-med-0324b-htmluendret/heled/personnel_LESEBEGRENSET/nor/Magnussen/index.html:Magnussen:Jon Magnussen
hiding:https://www-dav.med.uio.no/gammelt/konvertert-med-0324b-htmluendret/heled/personnel_LESEBEGRENSET/nor/Magnussen/index.html
renaming:https://www-dav.med.uio.no/gammelt/konvertert-med-0324b-htmluendret/heled/personnel_LESEBEGRENSET/nor/Mishra/index.html:Mishra:Vinod Kumar Mishra
hiding:https://www-dav.med.uio.no/gammelt/konvertert-med-0324b-htmluendret/heled/personnel_LESEBEGRENSET/nor/Mishra/index.html
renaming:https://www-dav.med.uio.no/gammelt/konvertert-med-0324b-htmluendret/heled/personnel_LESEBEGRENSET/nor/Larsen/index.html:Larsen:Fornavn Etternamn
hiding:https://www-dav.med.uio.no/gammelt/konvertert-med-0324b-htmluendret/heled/personnel_LESEBEGRENSET/nor/Larsen/index.html
renaming:https://www-dav.med.uio.no/gammelt/konvertert-med-0324b-htmluendret/heled/personnel_LESEBEGRENSET/nor/N%C3%A6ss/index.html:Næss:Fornavn Etternamn
hiding:https://www-dav.med.uio.no/gammelt/konvertert-med-0324b-htmluendret/heled/personnel_LESEBEGRENSET/nor/N%C3%A6ss/index.html
ldap-error:https://www-dav.med.uio.no/gammelt/konvertert-med-0324b-htmluendret/heled/personnel_LESEBEGRENSET/nor/Olsen/index.html:Olsen::janabel
hiding:https://www-dav.med.uio.no/gammelt/konvertert-med-0324b-htmluendret/heled/personnel_LESEBEGRENSET/nor/Olsen/index.html
ldap-error:https://www-dav.med.uio.no/gammelt/konvertert-med-0324a/heled/personnel_LESEBEGRENSET/nor/Olsen/index.html:Olsen::janabel
hiding:https://www-dav.med.uio.no/gammelt/konvertert-med-0324a/heled/personnel_LESEBEGRENSET/nor/Olsen/index.html
renaming:https://www-dav.med.uio.no/gammelt/konvertert-med-0324a/heled/personnel_LESEBEGRENSET/nor/Larsen/index.html:Larsen:Fornavn Etternamn
hiding:https://www-dav.med.uio.no/gammelt/konvertert-med-0324a/heled/personnel_LESEBEGRENSET/nor/Larsen/index.html
renaming:https://www-dav.med.uio.no/gammelt/konvertert-med-0324a/heled/personnel_LESEBEGRENSET/nor/Magnussen/index.html:Magnussen:Jon Magnussen
hiding:https://www-dav.med.uio.no/gammelt/konvertert-med-0324a/heled/personnel_LESEBEGRENSET/nor/Magnussen/index.html
renaming:https://www-dav.med.uio.no/gammelt/konvertert-med-0324a/heled/personnel_LESEBEGRENSET/nor/Mishra/index.html:Mishra:Vinod Kumar Mishra
hiding:https://www-dav.med.uio.no/gammelt/konvertert-med-0324a/heled/personnel_LESEBEGRENSET/nor/Mishra/index.html
renaming:https://www-dav.med.uio.no/gammelt/konvertert-med-0324a/heled/personnel_LESEBEGRENSET/nor/N%C3%A6ss/index.html:Næss:Fornavn Etternamn
hiding:https://www-dav.med.uio.no/gammelt/konvertert-med-0324a/heled/personnel_LESEBEGRENSET/nor/N%C3%A6ss/index.html
renaming:https://www-dav.med.uio.no/gammelt/konvertert-med-0324b-htmluendret/heled/personnel_LESEBEGRENSET/nor/Fagerbakk/index.html:Fagerbakk:Frode Fagerbakk
hiding:https://www-dav.med.uio.no/gammelt/konvertert-med-0324b-htmluendret/heled/personnel_LESEBEGRENSET/nor/Fagerbakk/index.html
ldap-error:https://www-dav.med.uio.no/gammelt/konvertert-med-0324b-htmluendret/heled/personnel_LESEBEGRENSET/nor/Fuglenes/index.html:Fuglenes::dorthefu
hiding:https://www-dav.med.uio.no/gammelt/konvertert-med-0324b-htmluendret/heled/personnel_LESEBEGRENSET/nor/Fuglenes/index.html
renaming:https://www-dav.med.uio.no/gammelt/konvertert-med-0324b-htmluendret/heled/personnel_LESEBEGRENSET/nor/Grann/index.html:Grann:Fornavn Etternamn
hiding:https://www-dav.med.uio.no/gammelt/konvertert-med-0324b-htmluendret/heled/personnel_LESEBEGRENSET/nor/Grann/index.html
renaming:https://www-dav.med.uio.no/gammelt/konvertert-med-0324b-htmluendret/heled/personnel_LESEBEGRENSET/nor/Grepperud/index.html:Grepperud:Sverre Grepperud
hiding:https://www-dav.med.uio.no/gammelt/konvertert-med-0324b-htmluendret/heled/personnel_LESEBEGRENSET/nor/Grepperud/index.html
renaming:https://www-dav.med.uio.no/gammelt/konvertert-med-0324b-htmluendret/heled/personnel_LESEBEGRENSET/nor/Nordby/index.html:Nordby:Fornavn Etternamn
hiding:https://www-dav.med.uio.no/gammelt/konvertert-med-0324b-htmluendret/heled/personnel_LESEBEGRENSET/nor/Nordby/index.html
renaming:https://www-dav.med.uio.no/gammelt/konvertert-med-0324a/heled/personnel_LESEBEGRENSET/nor/Fagerbakk/index.html:Fagerbakk:Frode Fagerbakk
hiding:https://www-dav.med.uio.no/gammelt/konvertert-med-0324a/heled/personnel_LESEBEGRENSET/nor/Fagerbakk/index.html
renaming:https://www-dav.med.uio.no/gammelt/konvertert-med-0324a/heled/personnel_LESEBEGRENSET/nor/Grepperud/index.html:Grepperud:Sverre Grepperud
hiding:https://www-dav.med.uio.no/gammelt/konvertert-med-0324a/heled/personnel_LESEBEGRENSET/nor/Grepperud/index.html
ldap-error:https://www-dav.med.uio.no/gammelt/konvertert-med-0324a/heled/personnel_LESEBEGRENSET/nor/Fuglenes/index.html:Fuglenes::dorthefu
hiding:https://www-dav.med.uio.no/gammelt/konvertert-med-0324a/heled/personnel_LESEBEGRENSET/nor/Fuglenes/index.html
renaming:https://www-dav.med.uio.no/gammelt/konvertert-med-0324a/heled/personnel_LESEBEGRENSET/nor/Grann/index.html:Grann:Fornavn Etternamn
hiding:https://www-dav.med.uio.no/gammelt/konvertert-med-0324a/heled/personnel_LESEBEGRENSET/nor/Grann/index.html
renaming:https://www-dav.med.uio.no/gammelt/konvertert-med-0324a/heled/personnel_LESEBEGRENSET/nor/Nordby/index.html:Nordby:Fornavn Etternamn
hiding:https://www-dav.med.uio.no/gammelt/konvertert-med-0324a/heled/personnel_LESEBEGRENSET/nor/Nordby/index.html
renaming:https://www-dav.med.uio.no/gammelt/konvertert-med-0324b-htmluendret/heled/personnel_LESEBEGRENSET/nor/Kivle/index.html:Kivle:Fornavn Etternamn
hiding:https://www-dav.med.uio.no/gammelt/konvertert-med-0324b-htmluendret/heled/personnel_LESEBEGRENSET/nor/Kivle/index.html
renaming:https://www-dav.med.uio.no/gammelt/konvertert-med-0324b-htmluendret/heled/personnel_LESEBEGRENSET/nor/Melberg/index.html:Melberg:Fornavn Etternamn
hiding:https://www-dav.med.uio.no/gammelt/konvertert-med-0324b-htmluendret/heled/personnel_LESEBEGRENSET/nor/Melberg/index.html
renaming:https://www-dav.med.uio.no/gammelt/konvertert-med-0324b-htmluendret/heled/personnel_LESEBEGRENSET/nor/Solli/index.html:Solli:Fornavn Etternamn
hiding:https://www-dav.med.uio.no/gammelt/konvertert-med-0324b-htmluendret/heled/personnel_LESEBEGRENSET/nor/Solli/index.html
renaming:https://www-dav.med.uio.no/gammelt/konvertert-med-0324b-htmluendret/heled/personnel_LESEBEGRENSET/nor/Undlien/index.html:Undlien:Jan Halvor Undlien
hiding:https://www-dav.med.uio.no/gammelt/konvertert-med-0324b-htmluendret/heled/personnel_LESEBEGRENSET/nor/Undlien/index.html
renaming:https://www-dav.med.uio.no/gammelt/konvertert-med-0324a/heled/personnel_LESEBEGRENSET/nor/Kivle/index.html:Kivle:Fornavn Etternamn
hiding:https://www-dav.med.uio.no/gammelt/konvertert-med-0324a/heled/personnel_LESEBEGRENSET/nor/Kivle/index.html
renaming:https://www-dav.med.uio.no/gammelt/konvertert-med-0324a/heled/personnel_LESEBEGRENSET/nor/Melberg/index.html:Melberg:Fornavn Etternamn
hiding:https://www-dav.med.uio.no/gammelt/konvertert-med-0324a/heled/personnel_LESEBEGRENSET/nor/Melberg/index.html
renaming:https://www-dav.med.uio.no/gammelt/konvertert-med-0324a/heled/personnel_LESEBEGRENSET/nor/Solli/index.html:Solli:Fornavn Etternamn
hiding:https://www-dav.med.uio.no/gammelt/konvertert-med-0324a/heled/personnel_LESEBEGRENSET/nor/Solli/index.html
renaming:https://www-dav.med.uio.no/gammelt/konvertert-med-0324a/heled/personnel_LESEBEGRENSET/nor/Undlien/index.html:Undlien:Jan Halvor Undlien
hiding:https://www-dav.med.uio.no/gammelt/konvertert-med-0324a/heled/personnel_LESEBEGRENSET/nor/Undlien/index.html
renaming:https://www-dav.med.uio.no/gammelt/konvertert-med-0324b-htmluendret/heled/personnel_LESEBEGRENSET/nor/Aasland/index.html:Aasland:Olaf Gjerløw Aasland
hiding:https://www-dav.med.uio.no/gammelt/konvertert-med-0324b-htmluendret/heled/personnel_LESEBEGRENSET/nor/Aasland/index.html
renaming:https://www-dav.med.uio.no/gammelt/konvertert-med-0324b-htmluendret/heled/personnel_LESEBEGRENSET/nor/Botten/index.html:Botten:Grete Synøve Botten
hiding:https://www-dav.med.uio.no/gammelt/konvertert-med-0324b-htmluendret/heled/personnel_LESEBEGRENSET/nor/Botten/index.html
renaming:https://www-dav.med.uio.no/gammelt/konvertert-med-0324b-htmluendret/heled/personnel_LESEBEGRENSET/nor/Berg/index.html:Berg:Ole Trond Berg
hiding:https://www-dav.med.uio.no/gammelt/konvertert-med-0324b-htmluendret/heled/personnel_LESEBEGRENSET/nor/Berg/index.html
renaming:https://www-dav.med.uio.no/gammelt/konvertert-med-0324b-htmluendret/heled/personnel_LESEBEGRENSET/nor/Garratt/index.html:Garratt:Fornavn Etternamn
hiding:https://www-dav.med.uio.no/gammelt/konvertert-med-0324b-htmluendret/heled/personnel_LESEBEGRENSET/nor/Garratt/index.html
renaming:https://www-dav.med.uio.no/gammelt/konvertert-med-0324b-htmluendret/heled/personnel_LESEBEGRENSET/nor/Iversen/index.html:Iversen:Tor Iversen
hiding:https://www-dav.med.uio.no/gammelt/konvertert-med-0324b-htmluendret/heled/personnel_LESEBEGRENSET/nor/Iversen/index.html
renaming:https://www-dav.med.uio.no/gammelt/konvertert-med-0324b-htmluendret/heled/personnel_LESEBEGRENSET/nor/Olbrich/index.html:Olbrich:Fornavn Etternamn
hiding:https://www-dav.med.uio.no/gammelt/konvertert-med-0324b-htmluendret/heled/personnel_LESEBEGRENSET/nor/Olbrich/index.html
ldap-error:https://www-dav.med.uio.no/gammelt/konvertert-med-0324b-htmluendret/heled/personnel_LESEBEGRENSET/nor/Sitkin/index.html:Sitkin::msitkin
hiding:https://www-dav.med.uio.no/gammelt/konvertert-med-0324b-htmluendret/heled/personnel_LESEBEGRENSET/nor/Sitkin/index.html
renaming:https://www-dav.med.uio.no/gammelt/konvertert-med-0324a/heled/personnel_LESEBEGRENSET/nor/Aasland/index.html:Aasland:Olaf Gjerløw Aasland
hiding:https://www-dav.med.uio.no/gammelt/konvertert-med-0324a/heled/personnel_LESEBEGRENSET/nor/Aasland/index.html
renaming:https://www-dav.med.uio.no/gammelt/konvertert-med-0324a/heled/personnel_LESEBEGRENSET/nor/Berg/index.html:Berg:Ole Trond Berg
hiding:https://www-dav.med.uio.no/gammelt/konvertert-med-0324a/heled/personnel_LESEBEGRENSET/nor/Berg/index.html
renaming:https://www-dav.med.uio.no/gammelt/konvertert-med-0324a/heled/personnel_LESEBEGRENSET/nor/Botten/index.html:Botten:Grete Synøve Botten
hiding:https://www-dav.med.uio.no/gammelt/konvertert-med-0324a/heled/personnel_LESEBEGRENSET/nor/Botten/index.html
renaming:https://www-dav.med.uio.no/gammelt/konvertert-med-0324a/heled/personnel_LESEBEGRENSET/nor/Olbrich/index.html:Olbrich:Fornavn Etternamn
hiding:https://www-dav.med.uio.no/gammelt/konvertert-med-0324a/heled/personnel_LESEBEGRENSET/nor/Olbrich/index.html
ldap-error:https://www-dav.med.uio.no/gammelt/konvertert-med-0324a/heled/personnel_LESEBEGRENSET/nor/Sitkin/index.html:Sitkin::msitkin
hiding:https://www-dav.med.uio.no/gammelt/konvertert-med-0324a/heled/personnel_LESEBEGRENSET/nor/Sitkin/index.html
renaming:https://www-dav.med.uio.no/gammelt/konvertert-med-0324a/heled/personnel_LESEBEGRENSET/nor/Garratt/index.html:Garratt:Fornavn Etternamn
hiding:https://www-dav.med.uio.no/gammelt/konvertert-med-0324a/heled/personnel_LESEBEGRENSET/nor/Garratt/index.html
renaming:https://www-dav.med.uio.no/gammelt/konvertert-med-0324a/heled/personnel_LESEBEGRENSET/nor/Iversen/index.html:Iversen:Tor Iversen
hiding:https://www-dav.med.uio.no/gammelt/konvertert-med-0324a/heled/personnel_LESEBEGRENSET/nor/Iversen/index.html
renaming:https://www-dav.med.uio.no/gammelt/konvertert-med-0324b-htmluendret/heled/personnel_LESEBEGRENSET/nor/1%20Engelsk/index.html:1 Engelsk:Fornavn Etternamn
hiding:https://www-dav.med.uio.no/gammelt/konvertert-med-0324b-htmluendret/heled/personnel_LESEBEGRENSET/nor/1%20Engelsk/index.html
renaming:https://www-dav.med.uio.no/gammelt/konvertert-med-0324b-htmluendret/heled/personnel_LESEBEGRENSET/nor/Tveiten/index.html:Tveiten:Fornavn Etternamn
hiding:https://www-dav.med.uio.no/gammelt/konvertert-med-0324b-htmluendret/heled/personnel_LESEBEGRENSET/nor/Tveiten/index.html
renaming:https://www-dav.med.uio.no/gammelt/konvertert-med-0324b-htmluendret/heled/personnel_LESEBEGRENSET/nor/Wangen/index.html:Wangen:Knut Reidar Wangen
hiding:https://www-dav.med.uio.no/gammelt/konvertert-med-0324b-htmluendret/heled/personnel_LESEBEGRENSET/nor/Wangen/index.html
renaming:https://www-dav.med.uio.no/gammelt/konvertert-med-0324a/heled/personnel_LESEBEGRENSET/nor/1%20Engelsk/index.html:1 Engelsk:Fornavn Etternamn
hiding:https://www-dav.med.uio.no/gammelt/konvertert-med-0324a/heled/personnel_LESEBEGRENSET/nor/1%20Engelsk/index.html
renaming:https://www-dav.med.uio.no/gammelt/konvertert-med-0324a/heled/personnel_LESEBEGRENSET/nor/Tveiten/index.html:Tveiten:Fornavn Etternamn
hiding:https://www-dav.med.uio.no/gammelt/konvertert-med-0324a/heled/personnel_LESEBEGRENSET/nor/Tveiten/index.html
renaming:https://www-dav.med.uio.no/gammelt/konvertert-med-0324a/heled/personnel_LESEBEGRENSET/nor/Wangen/index.html:Wangen:Knut Reidar Wangen
hiding:https://www-dav.med.uio.no/gammelt/konvertert-med-0324a/heled/personnel_LESEBEGRENSET/nor/Wangen/index.html
renaming:https://www-dav.med.uio.no/gammelt/konvertert-med-0324b-htmluendret/heled/ansatte_LESEBEGRENSET/nor/nordby/index.html:Nordby:Fornavn Etternavn
hiding:https://www-dav.med.uio.no/gammelt/konvertert-med-0324b-htmluendret/heled/ansatte_LESEBEGRENSET/nor/nordby/index.html
renaming:https://www-dav.med.uio.no/gammelt/konvertert-med-0324a/heled/ansatte_LESEBEGRENSET/nor/nordby/index.html:Nordby:Fornavn Etternavn
hiding:https://www-dav.med.uio.no/gammelt/konvertert-med-0324a/heled/ansatte_LESEBEGRENSET/nor/nordby/index.html
renaming:https://www-dav.med.uio.no/gammelt/konvertert-med-0324b-htmluendret/heled/ansatte_LESEBEGRENSET/nor/melberg/index.html:Melberg:Fornavn Etternavn
hiding:https://www-dav.med.uio.no/gammelt/konvertert-med-0324b-htmluendret/heled/ansatte_LESEBEGRENSET/nor/melberg/index.html
renaming:https://www-dav.med.uio.no/gammelt/konvertert-med-0324a/heled/ansatte_LESEBEGRENSET/nor/melberg/index.html:Melberg:Fornavn Etternavn
hiding:https://www-dav.med.uio.no/gammelt/konvertert-med-0324a/heled/ansatte_LESEBEGRENSET/nor/melberg/index.html
unable-to-rename-error:https://www-dav.med.uio.no/gammelt/konvertert-med-0324b-htmluendret/heled/ansatte_LESEBEGRENSET/nor/n%C3%A6ss/index.html:Næss:
hiding:https://www-dav.med.uio.no/gammelt/konvertert-med-0324b-htmluendret/heled/ansatte_LESEBEGRENSET/nor/n%C3%A6ss/index.html
unable-to-rename-error:https://www-dav.med.uio.no/gammelt/konvertert-med-0324a/heled/ansatte_LESEBEGRENSET/nor/n%C3%A6ss/index.html:Næss:
hiding:https://www-dav.med.uio.no/gammelt/konvertert-med-0324a/heled/ansatte_LESEBEGRENSET/nor/n%C3%A6ss/index.html
renaming:https://www-dav.med.uio.no/gammelt/konvertert-med-0324b-htmluendret/heled/ansatte_LESEBEGRENSET/nor/iversen/index.html:Iversen:Tor Iversen
hiding:https://www-dav.med.uio.no/gammelt/konvertert-med-0324b-htmluendret/heled/ansatte_LESEBEGRENSET/nor/iversen/index.html
renaming:https://www-dav.med.uio.no/gammelt/konvertert-med-0324a/heled/ansatte_LESEBEGRENSET/nor/iversen/index.html:Iversen:Tor Iversen
hiding:https://www-dav.med.uio.no/gammelt/konvertert-med-0324a/heled/ansatte_LESEBEGRENSET/nor/iversen/index.html
unable-to-rename-error:https://www-dav.med.uio.no/gammelt/konvertert-med-0324b-htmluendret/studier/arkiv_LESEBEGRENSET/2010/forskerlinjen-old/nor/person/index.html:Person:
hiding:https://www-dav.med.uio.no/gammelt/konvertert-med-0324b-htmluendret/studier/arkiv_LESEBEGRENSET/2010/forskerlinjen-old/nor/person/index.html
unable-to-rename-error:https://www-dav.med.uio.no/gammelt/konvertert-med-0324a/studier/arkiv_LESEBEGRENSET/2010/forskerlinjen-old/nor/person/index.html:Person:
hiding:https://www-dav.med.uio.no/gammelt/konvertert-med-0324a/studier/arkiv_LESEBEGRENSET/2010/forskerlinjen-old/nor/person/index.html
renaming:https://www-dav.med.uio.no/gammelt/konvertert-med-0324b-htmluendret/iasam/test_LESEBEGRENSET/ariansen/nor/person/index.html:Person:Morten Ariansen
hiding:https://www-dav.med.uio.no/gammelt/konvertert-med-0324b-htmluendret/iasam/test_LESEBEGRENSET/ariansen/nor/person/index.html
renaming:https://www-dav.med.uio.no/gammelt/konvertert-med-0324a/iasam/test_LESEBEGRENSET/ariansen/nor/person/index.html:Person:Morten Ariansen
hiding:https://www-dav.med.uio.no/gammelt/konvertert-med-0324a/iasam/test_LESEBEGRENSET/ariansen/nor/person/index.html
