https://www-dav.tf.uio.no/personer/vit/faste/hmoxnes/index.html
https://www-dav.tf.uio.no/english/people/aca/perm/hmoxnes/index.html
https://www-dav.tf.uio.no/personer/vit/stipendiater/andermar/index.html
https://www-dav.tf.uio.no/personer/vit/stipendiater/leonoron/index.html
https://www-dav.tf.uio.no/personer/vit/stipendiater/olejlo/index.html
https://www-dav.tf.uio.no/personer/vit/stipendiater/helgeaaa/index.html
https://www-dav.tf.uio.no/english/people/aca/fellow/helgeaaa/index.html
https://www-dav.tf.uio.no/personer/vit/postdoktor/eivorao/index.html
https://www-dav.tf.uio.no/personer/vit/stipendiater/petteski/index.html
https://www-dav.tf.uio.no/personer/vit/faste/leirvik/index.html
https://www-dav.tf.uio.no/personer/admin/markuske/index.html
https://www-dav.tf.uio.no/personer/admin/Hege%20Handberg/index.html
https://www-dav.tf.uio.no/personer/admin/ingunnmg/index.html
https://www-dav.tf.uio.no/english/people/admin/tinar/index.html
https://www-dav.tf.uio.no/english/people/admin/khgustav/index.html
https://www-dav.tf.uio.no/english/people/admin/johannrs/index.html
https://www-dav.tf.uio.no/english/people/admin/eseland/index.html
https://www-dav.tf.uio.no/english/people/admin/eysteie/index.html
https://www-dav.tf.uio.no/english/people/aca/project/blerheim/index.html
https://www-dav.tf.uio.no/english/people/aca/postdoc/rjensen/index.html
https://www-dav.tf.uio.no/english/people/aca/postdoc/kirsteh/index.html
https://www-dav.tf.uio.no/english/people/aca/postdoc/hugolu/index.html
https://www-dav.tf.uio.no/english/people/aca/postdoc/eivorao/index.html
https://www-dav.tf.uio.no/english/people/aca/fellow/zorodzad/index.html
https://www-dav.tf.uio.no/english/people/aca/fellow/sypiriah/index.html
https://www-dav.tf.uio.no/english/people/aca/fellow/olejlo/index.html
https://www-dav.tf.uio.no/english/people/aca/fellow/leonoron/index.html
https://www-dav.tf.uio.no/english/people/aca/fellow/jonofl/index.html
https://www-dav.tf.uio.no/english/people/aca/fellow/ingviljl/index.html
https://www-dav.tf.uio.no/english/people/aca/fellow/bjornoh/index.html
https://www-dav.tf.uio.no/english/people/aca/fellow/bjorgfo/index.html
https://www-dav.tf.uio.no/english/people/aca/fellow/aslab/index.html
https://www-dav.tf.uio.no/english/people/aca/fellow/annhilda/index.html
https://www-dav.tf.uio.no/english/people/aca/fellow/annehg/index.html
https://www-dav.tf.uio.no/english/people/aca/fellow/annarso/index.html
https://www-dav.tf.uio.no/english/people/aca/fellow/andermar/index.html
https://www-dav.tf.uio.no/english/people/aca/fellow/aasted/index.html
https://www-dav.tf.uio.no/personer/vit/faste/vb/index.html
https://www-dav.tf.uio.no/english/people/admin/handberg/index.html
https://www-dav.tf.uio.no/personer/vit/faste/kariebo/index.html
https://www-dav.tf.uio.no/personer/vit/prosjekt/kristbaa/index.html
https://www-dav.tf.uio.no/english/people/admin/ingunbfr/index.html
https://www-dav.tf.uio.no/personer/admin/ingunbfr/index.html
https://www-dav.tf.uio.no/english/people/aca/perm/kariebo/index.html
https://www-dav.tf.uio.no/personer/admin/mariesth/index.html
https://www-dav.tf.uio.no/english/people/admin/mariesth/index.html
https://www-dav.tf.uio.no/english/people/aca/fellow/kdschult/index.html
https://www-dav.tf.uio.no/personer/vit/stipendiater/kdschult/index.html
https://www-dav.tf.uio.no/english/people/aca/postdoc/espenda/index.html
https://www-dav.tf.uio.no/personer/vit/postdoktor/espenda/index.html
https://www-dav.tf.uio.no/personer/vit/stipendiater/annarso/index.html
https://www-dav.tf.uio.no/english/people/aca/fellow/stinholt/index.html
https://www-dav.tf.uio.no/personer/vit/stipendiater/stinholt/index.html
https://www-dav.tf.uio.no/english/people/aca/fellow/vebjorh/index.html
https://www-dav.tf.uio.no/personer/vit/stipendiater/vebjorh/index.html
https://www-dav.tf.uio.no/english/people/aca/project/marium/index.html
https://www-dav.tf.uio.no/personer/vit/prosjekt/marium/index.html
https://www-dav.tf.uio.no/personer/vit/stipendiater/annehg/index.html
https://www-dav.tf.uio.no/personer/admin/lukeb/index.html
https://www-dav.tf.uio.no/english/people/admin/lukeb/index.html
https://www-dav.tf.uio.no/personer/vit/faste/jonesa/index.html
https://www-dav.tf.uio.no/english/people/aca/perm/jonesa/index.html
https://www-dav.tf.uio.no/english/people/aca/project/marianbk/index.html
https://www-dav.tf.uio.no/english/people/aca/perm/kea/index.html
https://www-dav.tf.uio.no/personer/vit/faste/kea/index.html
https://www-dav.tf.uio.no/english/people/aca/fellow/rosemarv/index.html
https://www-dav.tf.uio.no/personer/vit/stipendiater/rosemarv/index.html
https://www-dav.tf.uio.no/personer/vit/faste/gitteb/index.html
https://www-dav.tf.uio.no/english/people/aca/project/kristbaa/index.html
https://www-dav.tf.uio.no/personer/vit/stipendiater/aasted/index.html
https://www-dav.tf.uio.no/english/people/aca/perm/taraldr/index.html
https://www-dav.tf.uio.no/personer/vit/faste/taraldr/index.html
https://www-dav.tf.uio.no/personer/vit/stipendiater/sypiriah/index.html
https://www-dav.tf.uio.no/personer/vit/stipendiater/zorodzad/index.html
https://www-dav.tf.uio.no/personer/vit/postdoktor/hugolu/index.html
https://www-dav.tf.uio.no/english/people/aca/perm/chrpette/index.html
https://www-dav.tf.uio.no/personer/vit/faste/chrpette/index.html
https://www-dav.tf.uio.no/personer/vit/faste/terjesto/index.html
https://www-dav.tf.uio.no/personer/vit/faste/helgesk/index.html
https://www-dav.tf.uio.no/personer/vit/prosjekt/marianbk/index.html
https://www-dav.tf.uio.no/personer/vit/postdoktor/kirsteh/index.html
https://www-dav.tf.uio.no/personer/admin/heidio/index.html
https://www-dav.tf.uio.no/personer/vit/faste/elstad/index.html
https://www-dav.tf.uio.no/personer/admin/johannrs/index.html
https://www-dav.tf.uio.no/personer/vit/stipendiater/margunsa/index.html
https://www-dav.tf.uio.no/english/people/aca/fellow/margunsa/index.html
https://www-dav.tf.uio.no/english/people/aca/fellow/petteski/index.html
https://www-dav.tf.uio.no/personer/admin/runese/index.html
https://www-dav.tf.uio.no/personer/admin/mathiahe/index.html
https://www-dav.tf.uio.no/personer/admin/brynjuln/index.html
https://www-dav.tf.uio.no/english/people/aca/fellow/sissefi/index.html
https://www-dav.tf.uio.no/personer/vit/stipendiater/sissefi/index.html
https://www-dav.tf.uio.no/personer/vit/faste/ingunm/index.html
https://www-dav.tf.uio.no/english/people/aca/perm/ingunm/index.html
https://www-dav.tf.uio.no/personer/vit/faste/twyller/index.html
https://www-dav.tf.uio.no/english/people/aca/perm/twyller/index.html
https://www-dav.tf.uio.no/personer/vit/prosjekt/blerheim/index.html
https://www-dav.tf.uio.no/personer/vit/faste/nottot/index.html
https://www-dav.tf.uio.no/english/people/aca/perm/nottot/index.html
https://www-dav.tf.uio.no/personer/vit/stipendiater/sivertan/index.html
https://www-dav.tf.uio.no/personer/vit/stipendiater/ingviljl/index.html
https://www-dav.tf.uio.no/personer/vit/stipendiater/bjornoh/index.html
https://www-dav.tf.uio.no/personer/vit/stipendiater/bjorgfo/index.html
https://www-dav.tf.uio.no/personer/vit/stipendiater/annhilda/index.html
https://www-dav.tf.uio.no/personer/admin/eysteie/index.html
https://www-dav.tf.uio.no/english/people/aca/perm/kjetilh/index.html
https://www-dav.tf.uio.no/english/people/admin/ttonness/index.html
https://www-dav.tf.uio.no/english/people/aca/perm/knutwr/index.html
https://www-dav.tf.uio.no/english/people/aca/perm/bfurre/index.html
https://www-dav.tf.uio.no/english/people/admin/mathiahe/index.html
https://www-dav.tf.uio.no/english/people/aca/perm/dagth/index.html
https://www-dav.tf.uio.no/english/people/admin/dagn/index.html
https://www-dav.tf.uio.no/english/people/aca/perm/dokka/index.html
https://www-dav.tf.uio.no/english/people/aca/perm/gitteb/index.html
https://www-dav.tf.uio.no/english/people/admin/heidio/index.html
https://www-dav.tf.uio.no/english/people/aca/perm/turids/index.html
https://www-dav.tf.uio.no/english/people/aca/perm/kjetilg/index.html
https://www-dav.tf.uio.no/english/people/aca/perm/oyvinor/index.html
https://www-dav.tf.uio.no/english/people/admin/markuske/index.html
https://www-dav.tf.uio.no/english/people/aca/perm/sveinc/index.html
https://www-dav.tf.uio.no/english/people/aca/perm/ullas/index.html
https://www-dav.tf.uio.no/english/people/admin/runese/index.html
https://www-dav.tf.uio.no/english/people/aca/perm/elstad/index.html
https://www-dav.tf.uio.no/english/people/aca/perm/vb/index.html
https://www-dav.tf.uio.no/english/people/aca/perm/ingel/index.html
https://www-dav.tf.uio.no/english/people/admin/bschjerv/index.html
https://www-dav.tf.uio.no/english/people/aca/perm/davidh/index.html
https://www-dav.tf.uio.no/english/people/aca/perm/mhauge/index.html
https://www-dav.tf.uio.no/english/people/aca/perm/audt/index.html
https://www-dav.tf.uio.no/english/people/aca/perm/terjesto/index.html
https://www-dav.tf.uio.no/english/people/aca/perm/leirvik/index.html
https://www-dav.tf.uio.no/english/people/aca/perm/helgesk/index.html
https://www-dav.tf.uio.no/english/people/admin/ingunnmg/index.html
https://www-dav.tf.uio.no/english/people/aca/perm/stigrf/index.html
https://www-dav.tf.uio.no/english/people/aca/fellow/sivertan/index.html
https://www-dav.tf.uio.no/english/people/admin/brynjuln/index.html
https://www-dav.tf.uio.no/personer/admin/dagn/index.html
https://www-dav.tf.uio.no/personer/vit/stipendiater/aslab/index.html
https://www-dav.tf.uio.no/personer/vit/stipendiater/jonofl/index.html
https://www-dav.tf.uio.no/personer/admin/eseland/index.html
https://www-dav.tf.uio.no/personer/admin/tinar/index.html
https://www-dav.tf.uio.no/personer/admin/khgustav/index.html
https://www-dav.tf.uio.no/personer/vit/faste/oyvinor/index.html
https://www-dav.tf.uio.no/personer/vit/faste/kjetilg/index.html
https://www-dav.tf.uio.no/personer/vit/faste/audt/index.html
https://www-dav.tf.uio.no/personer/vit/faste/dokka/index.html
https://www-dav.tf.uio.no/personer/vit/faste/ullas/index.html
https://www-dav.tf.uio.no/personer/vit/faste/turids/index.html
https://www-dav.tf.uio.no/personer/vit/faste/stigrf/index.html
https://www-dav.tf.uio.no/personer/vit/faste/kjetilh/index.html
https://www-dav.tf.uio.no/personer/vit/faste/mhauge/index.html
https://www-dav.tf.uio.no/personer/vit/faste/knutwr/index.html
https://www-dav.tf.uio.no/personer/vit/faste/sveinc/index.html
https://www-dav.tf.uio.no/personer/vit/faste/ingel/index.html
https://www-dav.tf.uio.no/personer/vit/faste/davidh/index.html
https://www-dav.tf.uio.no/personer/vit/faste/dagth/index.html
https://www-dav.tf.uio.no/personer/vit/faste/bfurre/index.html
https://www-dav.tf.uio.no/personer/admin/ttonness/index.html
https://www-dav.tf.uio.no/personer/vit/postdoktor/rjensen/index.html
https://www-dav.tf.uio.no/for-ansatte/arbeidsstotte/administrasjon/arbeidsmapper/lub/index/index.html
https://www-dav.tf.uio.no/personer/admin/bschjerv/index.html
https://www-dav.tf.uio.no/gammelt/%7Ekonvertert-tf-0312a/for_ansatte/adm/arbeidsmapper/Luke%20Bullock/index/index.html
https://www-dav.tf.uio.no/gammelt/%7Ekonvertert-tf-0312a/aks/ansatte/solvehs/index.html
https://www-dav.tf.uio.no/gammelt/%7Ekonvertert-tf-0312a/for_ansatte/adm/aks_LESEBEGRENSET/aksadm/person/index.html
https://www-dav.tf.uio.no/gammelt/%7Ekonvertert-tf-0312a/for_ansatte/adm/aks_LESEBEGRENSET/aksadm/personer/norheim/index.html
https://www-dav.tf.uio.no/for-ansatte/arbeidsstotte/administrasjon/aks/aksadm/person/index.html
https://www-dav.tf.uio.no/for-ansatte/arbeidsstotte/administrasjon/aks/aksadm/personer/norheim/index.html
https://www-dav.tf.uio.no/gammelt/%7Ekonvertert-tf-0312a/for_ansatte/OLD_LESEBEGRENSET/adm/aks/aksadm/person/index.html
https://www-dav.tf.uio.no/gammelt/%7Ekonvertert-tf-0312a/for_ansatte/OLD_LESEBEGRENSET/adm/aks/aksadm/personer/norheim/index.html
https://www-dav.tf.uio.no/gammelt/%7Ekonvertert-tf-0312a/aks/aksadm/personer/norheim/index.html
https://www-dav.tf.uio.no/gammelt/%7Ekonvertert-tf-0312a/aks/aksadm/person/index.html