https://www-dav.odont.uio.no/english/people/adm/fac/oystholm/index.html
https://www-dav.odont.uio.no/iko/english/people/aca/karlh/index.html
https://www-dav.odont.uio.no/iko/english/people/aca/tormobk/index.html
https://www-dav.odont.uio.no/iko/personer/vit/tormobk/index.html
https://www-dav.odont.uio.no/personer/adm/fak/astridsl/index.html
https://www-dav.odont.uio.no/english/people/adm/fac/astridsl/index.html
https://www-dav.odont.uio.no/personer/adm/fak/namgyalb/index.html
https://www-dav.odont.uio.no/personer/adm/fak/hegeglo/index.html
https://www-dav.odont.uio.no/iob/personer/vit/heddaho/index.html
https://www-dav.odont.uio.no/iob/personer/vit/camillah/index.html
https://www-dav.odont.uio.no/personer/adm/fak/oystholm/index.html
https://www-dav.odont.uio.no/iko/personer/vit/haukfo/index.html
https://www-dav.odont.uio.no/iko/personer/vit/bjornlan/index.html
https://www-dav.odont.uio.no/iob/personer/vit/ingunlw/index.html
https://www-dav.odont.uio.no/iko/english/people/aca/lisapr/index.html
https://www-dav.odont.uio.no/iko/personer/vit/lisapr/index.html
https://www-dav.odont.uio.no/iko/english/people/aca/grysp/index.html
https://www-dav.odont.uio.no/iko/personer/vit/grysp/index.html
https://www-dav.odont.uio.no/iko/english/people/aca/nielsfh/index.html
https://www-dav.odont.uio.no/iko/personer/vit/nielsfh/index.html
https://www-dav.odont.uio.no/iob/english/people/aca/ingunlw/index.html
https://www-dav.odont.uio.no/iob/english/people/aca/rabia/index.html
https://www-dav.odont.uio.no/iob/personer/vit/rabia/index.html
https://www-dav.odont.uio.no/english/people/adm/fac/hegeglo/index.html
https://www-dav.odont.uio.no/iko/english/people/aca/majbritb/index.html
https://www-dav.odont.uio.no/iko/personer/vit/majbritb/index.html
https://www-dav.odont.uio.no/iko/english/people/aca/brokstad/index.html
https://www-dav.odont.uio.no/iko/personer/vit/johanul/index.html
https://www-dav.odont.uio.no/iko/personer/vit/rasas/index.html
https://www-dav.odont.uio.no/iko/english/people/aca/rasas/index.html
https://www-dav.odont.uio.no/personer/adm/fak/krisbha/index.html
https://www-dav.odont.uio.no/personer/adm/fak/knutfg/index.html
https://www-dav.odont.uio.no/iko/personer/vit/alixr/index.html
https://www-dav.odont.uio.no/iko/personer/vit/jorunnvk/veslemoylinde.html
https://www-dav.odont.uio.no/iko/personer/adm/annekoh/index.html
https://www-dav.odont.uio.no/english/people/adm/fac/namgyalb/index.html
https://www-dav.odont.uio.no/personer/adm/fak/tovelang/index.html
https://www-dav.odont.uio.no/personer/adm/fak/leifej/index.html
https://www-dav.odont.uio.no/iko/english/people/aca/haukfo/index.html
https://www-dav.odont.uio.no/iko/english/people/aca/jljensen/index.html
https://www-dav.odont.uio.no/iko/personer/vit/jljensen/index.html
https://www-dav.odont.uio.no/iko/personer/adm/kjerstec/index.html
https://www-dav.odont.uio.no/iob/personer/vit/hongtth/index.html
https://www-dav.odont.uio.no/iob/english/people/aca/hongtth/index.html
https://www-dav.odont.uio.no/iob/personer/vit/preetb/index.html
https://www-dav.odont.uio.no/iob/personer/adm/aaslab/index.html
https://www-dav.odont.uio.no/iob/english/people/aca/marikkek/index.html
https://www-dav.odont.uio.no/iob/personer/vit/marikkek/index.html
https://www-dav.odont.uio.no/iko/english/people/aca/grykk/index.html
https://www-dav.odont.uio.no/iko/personer/vit/grykk/index.html
https://www-dav.odont.uio.no/english/people/adm/fac/sverretd/index.html
https://www-dav.odont.uio.no/english/people/adm/fac/helgena/index.html
https://www-dav.odont.uio.no/iko/english/people/aca/kimaka/index.html
https://www-dav.odont.uio.no/iko/english/people/aca/ormarta/index.html
https://www-dav.odont.uio.no/iko/english/people/aca/kjmbere/index.html
https://www-dav.odont.uio.no/iko/english/people/aca/jasnaka/index.html
https://www-dav.odont.uio.no/iko/english/people/aca/tonjej/index.html
https://www-dav.odont.uio.no/iko/english/people/aca/elsehard/index.html
https://www-dav.odont.uio.no/iko/english/people/aca/jannekol/index.html
https://www-dav.odont.uio.no/iko/english/people/aca/esbenos/index.html
https://www-dav.odont.uio.no/iko/english/people/aca/mortenas/index.html
https://www-dav.odont.uio.no/iko/english/people/aca/aka/index.html
https://www-dav.odont.uio.no/personer/adm/fak/sverretd/index.html
https://www-dav.odont.uio.no/iko/personer/vit/mortenas/index.html
https://www-dav.odont.uio.no/iko/personer/vit/aka/index.html
https://www-dav.odont.uio.no/iko/personer/vit/jannekol/index.html
https://www-dav.odont.uio.no/iko/personer/vit/elsehard/index.html
https://www-dav.odont.uio.no/iko/personer/vit/jasnaka/index.html
https://www-dav.odont.uio.no/iko/personer/vit/kjmbere/index.html
https://www-dav.odont.uio.no/iko/personer/vit/tonjej/index.html
https://www-dav.odont.uio.no/iko/personer/vit/elingie/index.html
https://www-dav.odont.uio.no/iko/personer/vit/ulfri/index.html
https://www-dav.odont.uio.no/iko/personer/adm/ainamari/index.html
https://www-dav.odont.uio.no/iko/personer/vit/skjerven/index.html
https://www-dav.odont.uio.no/iko/personer/vit/jornaaas/index.html
https://www-dav.odont.uio.no/iob/personer/adm/heidiaam/index.html
https://www-dav.odont.uio.no/iko/english/people/aca/skjerven/index.html
https://www-dav.odont.uio.no/iob/personer/adm/cuongk/index.html
https://www-dav.odont.uio.no/personer/adm/fak/josephb/index.html
https://www-dav.odont.uio.no/iko/personer/vit/simenvk/index.html
https://www-dav.odont.uio.no/iob/personer/adm/steinost/index.html
https://www-dav.odont.uio.no/personer/adm/fak/helgena/index.html
https://www-dav.odont.uio.no/personer/adm/fak/olavaho/index.html
https://www-dav.odont.uio.no/iob/personer/vit/cpaiva/index.html
https://www-dav.odont.uio.no/iob/english/people/adm/kjole/index.html
https://www-dav.odont.uio.no/iob/english/people/adm/pedro/index.html
https://www-dav.odont.uio.no/iob/personer/adm/pedro/index.html
https://www-dav.odont.uio.no/iob/personer/adm/isabellm/index.html
https://www-dav.odont.uio.no/iob/english/people/adm/isabellm/index.html
https://www-dav.odont.uio.no/iob/english/people/adm/peraom/index.html
https://www-dav.odont.uio.no/iob/personer/vit/solheim/index.html
https://www-dav.odont.uio.no/iob/personer/vit/asbjoern/index.html
https://www-dav.odont.uio.no/iob/english/people/aca/hvrukke/index.html
https://www-dav.odont.uio.no/iob/english/people/aca/stianen/index.html
https://www-dav.odont.uio.no/iob/personer/vit/stianen/index.html
https://www-dav.odont.uio.no/iob/personer/vit/steinarr/index.html
https://www-dav.odont.uio.no/iob/personer/vit/haraldo/index.html
https://www-dav.odont.uio.no/iob/english/people/aca/jessiclo/index.html
https://www-dav.odont.uio.no/iob/english/people/adm/annekkri/index.html
https://www-dav.odont.uio.no/iob/english/people/adm/alioddin/index.html
https://www-dav.odont.uio.no/iob/english/people/adm/bgehrken/index.html
https://www-dav.odont.uio.no/iob/english/people/adm/aaslab/index.html
https://www-dav.odont.uio.no/iob/english/people/aca/steinata/index.html
https://www-dav.odont.uio.no/iob/personer/vit/steinata/index.html
https://www-dav.odont.uio.no/iko/personer/vit/esbenos/index.html
https://www-dav.odont.uio.no/iko/personer/vit/ormarta/index.html
https://www-dav.odont.uio.no/iko/personer/vit/kimaka/index.html
https://www-dav.odont.uio.no/personer/vit/fak/elikarks/index.html
https://www-dav.odont.uio.no/iko/personer/adm/asevh/index.html
https://www-dav.odont.uio.no/iko/personer/adm/jorunnw/index.html
https://www-dav.odont.uio.no/iko/personer/vit/anvorso/index.html
https://www-dav.odont.uio.no/iko/personer/vit/amette/index.html
https://www-dav.odont.uio.no/iko/english/people/aca/sissel/index.html
https://www-dav.odont.uio.no/iko/personer/adm/mariaamu/index.html
https://www-dav.odont.uio.no/iko/personer/adm/muameras/index.html
https://www-dav.odont.uio.no/iko/personer/adm/hfattari/index.html
https://www-dav.odont.uio.no/iko/personer/vit/anjaska/index.html
https://www-dav.odont.uio.no/iko/english/people/adm/aasahal/index.html
https://www-dav.odont.uio.no/iko/english/people/adm/rigmorr/index.html
https://www-dav.odont.uio.no/iko/english/people/aca/annern/index.html
https://www-dav.odont.uio.no/iko/english/people/adm/mettjo/index.html
https://www-dav.odont.uio.no/iko/english/people/aca/marikah/index.html
https://www-dav.odont.uio.no/iko/personer/adm/thin/index.html
https://www-dav.odont.uio.no/iko/personer/vit/frodsta/index.html
https://www-dav.odont.uio.no/iko/english/people/aca/grocf/index.html
https://www-dav.odont.uio.no/iko/personer/vit/grocf/index.html
https://www-dav.odont.uio.no/iko/personer/adm/aasahal/index.html
https://www-dav.odont.uio.no/iob/personer/vit/louiseb/index.html
https://www-dav.odont.uio.no/iko/personer/vit/amoystad/index.html
https://www-dav.odont.uio.no/iob/english/people/aca/mariew/index.html
https://www-dav.odont.uio.no/iob/personer/vit/mariew/index.html
https://www-dav.odont.uio.no/iob/personer/vit/karls/index.html
https://www-dav.odont.uio.no/iob/english/people/aca/louiseb/index.html
https://www-dav.odont.uio.no/iko/personer/adm/birgitta/index.html
https://www-dav.odont.uio.no/iko/personer/vit/hmnpham/index.html
https://www-dav.odont.uio.no/iko/english/people/aca/hmnpham/index.html
https://www-dav.odont.uio.no/iko/english/people/aca/gabrielv/index.html
https://www-dav.odont.uio.no/iko/personer/vit/gabrielv/index.html
https://www-dav.odont.uio.no/iko/english/people/aca/linot/index.html
https://www-dav.odont.uio.no/iko/personer/vit/linot/index.html
https://www-dav.odont.uio.no/iko/english/people/aca/chripetz/index.html
https://www-dav.odont.uio.no/iko/personer/vit/bjmork/index.html
https://www-dav.odont.uio.no/iko/english/people/aca/wigen/index.html
https://www-dav.odont.uio.no/iko/personer/vit/wigen/index.html
https://www-dav.odont.uio.no/iko/english/people/adm/tovewe/index.html
https://www-dav.odont.uio.no/iko/personer/adm/skramsta/index.html
https://www-dav.odont.uio.no/iko/english/people/aca/morteene/index.html
https://www-dav.odont.uio.no/iko/personer/vit/morteene/index.html
https://www-dav.odont.uio.no/iko/personer/vit/hpreus/index.html
https://www-dav.odont.uio.no/iko/personer/adm/benvindm/index.html
https://www-dav.odont.uio.no/iko/personer/adm/ceikeset/index.html
https://www-dav.odont.uio.no/iko/english/people/aca/hansr/index.html
https://www-dav.odont.uio.no/iko/personer/vit/thjortsj/index.html
https://www-dav.odont.uio.no/iko/personer/vit/ekfeldt/index.html
https://www-dav.odont.uio.no/iko/english/people/aca/kjerests/index.html
https://www-dav.odont.uio.no/iko/english/people/aca/alixr/index.html
https://www-dav.odont.uio.no/iko/personer/adm/sandsmar/index.html
https://www-dav.odont.uio.no/iko/personer/vit/ninart/index.html
https://www-dav.odont.uio.no/iko/personer/vit/thorew/index.html
https://www-dav.odont.uio.no/iko/personer/vit/kjerests/index.html
https://www-dav.odont.uio.no/iko/personer/vit/vibeel/index.html
https://www-dav.odont.uio.no/iko/personer/vit/annebtv/index.html
https://www-dav.odont.uio.no/iko/english/people/aca/josteing/index.html
https://www-dav.odont.uio.no/iko/personer/vit/josteing/index.html
https://www-dav.odont.uio.no/personer/adm/fak/gerald/index.html
https://www-dav.odont.uio.no/iob/personer/vit/zahraa/index.html
https://www-dav.odont.uio.no/personer/adm/fak/thomberg/index.html
https://www-dav.odont.uio.no/personer/vit/fak/larscha/index.html
https://www-dav.odont.uio.no/iko/personer/vit/anderver/index.html
https://www-dav.odont.uio.no/iko/english/people/aca/ragnab/index.html
https://www-dav.odont.uio.no/iko/english/people/aca/chrilh/index.html
https://www-dav.odont.uio.no/iko/english/people/aca/knuaar/index.html
https://www-dav.odont.uio.no/english/people/adm/fac/lenandre/index.html
https://www-dav.odont.uio.no/iko/english/people/aca/camistei/index.html
https://www-dav.odont.uio.no/iko/english/people/adm/luisd/index.html
https://www-dav.odont.uio.no/iko/personer/adm/luisd/index.html
https://www-dav.odont.uio.no/personer/adm/fak/lenandre/index.html
https://www-dav.odont.uio.no/iko/personer/vit/camistei/index.html
https://www-dav.odont.uio.no/iko/personer/vit/knuaar/index.html
https://www-dav.odont.uio.no/iko/personer/vit/chrilh/index.html
https://www-dav.odont.uio.no/iko/personer/vit/ragnab/index.html
https://www-dav.odont.uio.no/iko/personer/vit/annern/index.html
https://www-dav.odont.uio.no/iob/personer/adm/benediag/index.html
https://www-dav.odont.uio.no/iko/personer/vit/perhaug/index.html
https://www-dav.odont.uio.no/iko/english/people/adm/arizoos/index.html
https://www-dav.odont.uio.no/iko/personer/vit/sisselgh/index.html
https://www-dav.odont.uio.no/iko/personer/adm/oleaj/index.html
https://www-dav.odont.uio.no/iko/english/people/aca/ama/index.html
https://www-dav.odont.uio.no/iko/personer/vit/ama/index.html
https://www-dav.odont.uio.no/iko/english/people/adm/bjacobse/index.html
https://www-dav.odont.uio.no/iko/personer/adm/bjacobse/index.html
https://www-dav.odont.uio.no/iko/personer/vit/margak/index.html
https://www-dav.odont.uio.no/iko/english/people/aca/margak/index.html
https://www-dav.odont.uio.no/iko/english/people/adm/sissstro/index.html
https://www-dav.odont.uio.no/iko/personer/adm/sissstro/index.html
https://www-dav.odont.uio.no/personer/adm/fak/junneber/index.html
https://www-dav.odont.uio.no/iko/personer/adm/elsean/index.html
https://www-dav.odont.uio.no/iko/personer/adm/liliana/index.html
https://www-dav.odont.uio.no/personer/adm/fak/dagrunme/index.html
https://www-dav.odont.uio.no/personer/adm/fak/vivi-ann/index.html
https://www-dav.odont.uio.no/personer/adm/fak/hammerst/index.html
https://www-dav.odont.uio.no/iob/personer/adm/solveig/index.html
https://www-dav.odont.uio.no/iko/personer/adm/elinmto/index.html
https://www-dav.odont.uio.no/iko/personer/adm/huongl/index.html
https://www-dav.odont.uio.no/iko/personer/adm/lea/index.html
https://www-dav.odont.uio.no/iko/personer/adm/unnla/index.html
https://www-dav.odont.uio.no/iko/personer/adm/parivasp/index.html
https://www-dav.odont.uio.no/iko/personer/adm/lenasolb/index.html
https://www-dav.odont.uio.no/iko/personer/adm/ragnhild/index.html
https://www-dav.odont.uio.no/iob/personer/adm/gryr/index.html
https://www-dav.odont.uio.no/iob/personer/vit/cecilgat/index.html
https://www-dav.odont.uio.no/iko/english/people/adm/katarins/index.html
https://www-dav.odont.uio.no/iko/personer/adm/katarins/index.html
https://www-dav.odont.uio.no/iko/english/people/aca/sisselgh/index.html
https://www-dav.odont.uio.no/iko/personer/vit/oisteiha/index.html
https://www-dav.odont.uio.no/personer/adm/fak/audhildn/index.html
https://www-dav.odont.uio.no/iko/personer/vit/alaas/index.html
https://www-dav.odont.uio.no/iko/english/people/aca/joneinad/index.html
https://www-dav.odont.uio.no/iko/personer/vit/joneinad/index.html
https://www-dav.odont.uio.no/iko/personer/vit/brokstad/index.html
https://www-dav.odont.uio.no/iko/personer/vit/bogaard/index.html
https://www-dav.odont.uio.no/iko/english/people/aca/elisaba/index.html
https://www-dav.odont.uio.no/iko/english/people/aca/dagor/index.html
https://www-dav.odont.uio.no/iob/personer/vit/jessiclo/index.html
https://www-dav.odont.uio.no/iko/personer/vit/reiduna/index.html
https://www-dav.odont.uio.no/iko/personer/vit/lindaza/index.html
https://www-dav.odont.uio.no/iko/personer/vit/karbirke/index.html
https://www-dav.odont.uio.no/iko/personer/vit/iblix/index.html
https://www-dav.odont.uio.no/iko/personer/vit/barkvoll/index.html
https://www-dav.odont.uio.no/personer/adm/fak/maritkvi/index.html
https://www-dav.odont.uio.no/iko/english/people/aca/elingie/index.html
https://www-dav.odont.uio.no/iko/personer/vit/sebastl/index.html
https://www-dav.odont.uio.no/iob/personer/adm/alioddin/index.html
https://www-dav.odont.uio.no/iob/english/people/aca/cpaiva/index.html
https://www-dav.odont.uio.no/english/people/adm/fac/sukhdeek/index.html
https://www-dav.odont.uio.no/iko/personer/vit/larheim/index.html
https://www-dav.odont.uio.no/iko/english/people/aca/tiril/index.html
https://www-dav.odont.uio.no/iko/personer/vit/dagor/index.html
https://www-dav.odont.uio.no/iko/personer/vit/hansr/index.html
https://www-dav.odont.uio.no/iob/english/people/aca/ingaro/index.html
https://www-dav.odont.uio.no/iob/personer/vit/ingaro/index.html
https://www-dav.odont.uio.no/iko/personer/vit/tiril/index.html
https://www-dav.odont.uio.no/iko/personer/vit/janee/index.html
https://www-dav.odont.uio.no/iko/personer/adm/audjh/index.html
https://www-dav.odont.uio.no/personer/adm/fak/andreasd/index.html
https://www-dav.odont.uio.no/iob/english/people/aca/heddaho/index.html
https://www-dav.odont.uio.no/english/people/adm/fac/thomberg/index.html
https://www-dav.odont.uio.no/personer/adm/fak/sukhdeek/index.html
https://www-dav.odont.uio.no/iko/personer/adm/olaugh/index.html
https://www-dav.odont.uio.no/iko/personer/adm/zinak/index.html
https://www-dav.odont.uio.no/iko/personer/adm/heiborg/index.html
https://www-dav.odont.uio.no/personer/vit/fak/anneei/index.html
https://www-dav.odont.uio.no/iko/personer/adm/nesholen/index.html
https://www-dav.odont.uio.no/iko/personer/adm/sonnyml/index.html
https://www-dav.odont.uio.no/iko/personer/adm/tovewe/index.html
https://www-dav.odont.uio.no/iko/english/people/adm/nesholen/index.html
https://www-dav.odont.uio.no/iko/personer/vit/ninaw/index.html
https://www-dav.odont.uio.no/iko/english/people/adm/larsosk/index.html
https://www-dav.odont.uio.no/english/people/adm/fac/leifej/index.html
https://www-dav.odont.uio.no/iko/personer/adm/rigmorr/index.html
https://www-dav.odont.uio.no/iko/personer/adm/mettjo/index.html
https://www-dav.odont.uio.no/iko/personer/vit/tomaba/index.html
https://www-dav.odont.uio.no/iko/english/people/aca/ekfeldt/index.html
https://www-dav.odont.uio.no/iko/personer/vit/marikah/index.html
https://www-dav.odont.uio.no/iko/personer/vit/askaare/index.html
https://www-dav.odont.uio.no/english/people/adm/fac/josephb/index.html
https://www-dav.odont.uio.no/iko/english/people/adm/brittiz/index.html
https://www-dav.odont.uio.no/iko/personer/adm/brittiz/index.html
https://www-dav.odont.uio.no/iob/personer/vit/kanli/index.html
https://www-dav.odont.uio.no/iko/personer/vit/sivfha/index.html
https://www-dav.odont.uio.no/iob/personer/adm/annekkri/index.html
https://www-dav.odont.uio.no/iob/personer/vit/zlatkod/index.html
https://www-dav.odont.uio.no/iob/english/people/adm/schreurs/index.html
https://www-dav.odont.uio.no/iko/personer/vit/janlin/index.html
https://www-dav.odont.uio.no/iko/personer/vit/tomh/index.html
https://www-dav.odont.uio.no/iko/english/people/adm/andefi/index.html
https://www-dav.odont.uio.no/iko/personer/adm/andefi/index.html
https://www-dav.odont.uio.no/iko/english/people/aca/jorunnvk/index.html
https://www-dav.odont.uio.no/iko/english/people/aca/sivfha/index.html
https://www-dav.odont.uio.no/iko/personer/vit/hansjba/index.html
https://www-dav.odont.uio.no/iko/personer/vit/johancw/index.html
https://www-dav.odont.uio.no/iko/personer/vit/annejro/index.html
https://www-dav.odont.uio.no/iko/personer/vit/ingerhh/index.html
https://www-dav.odont.uio.no/iko/english/people/aca/helenpu/index.html
https://www-dav.odont.uio.no/iko/personer/adm/lttran/index.html
https://www-dav.odont.uio.no/iko/personer/adm/ninhel/index.html
https://www-dav.odont.uio.no/iko/personer/adm/audu/index.html
https://www-dav.odont.uio.no/iko/personer/adm/hegekvaa/index.html
https://www-dav.odont.uio.no/iko/personer/adm/stineasp/index.html
https://www-dav.odont.uio.no/english/people/adm/fac/tovelang/index.html
https://www-dav.odont.uio.no/english/people/adm/fac/knutfg/index.html
https://www-dav.odont.uio.no/iko/personer/adm/monast/index.html
https://www-dav.odont.uio.no/iko/personer/adm/bkvam/index.html
https://www-dav.odont.uio.no/iko/personer/vit/siribaa/index.html
https://www-dav.odont.uio.no/iko/personer/vit/jonoa/index.html
https://www-dav.odont.uio.no/iko/personer/vit/annekor/index.html
https://www-dav.odont.uio.no/iko/personer/vit/homanz/index.html
https://www-dav.odont.uio.no/iko/personer/vit/leifw/index.html
https://www-dav.odont.uio.no/iko/personer/vit/larswal/index.html
https://www-dav.odont.uio.no/iko/personer/vit/thomasgw/index.html
https://www-dav.odont.uio.no/iko/personer/vit/annemv/index.html
https://www-dav.odont.uio.no/iko/personer/vit/jakobav/index.html
https://www-dav.odont.uio.no/iko/personer/vit/ellencv/index.html
https://www-dav.odont.uio.no/iko/personer/vit/marvan/index.html
https://www-dav.odont.uio.no/iko/personer/vit/jorunt/index.html
https://www-dav.odont.uio.no/iko/personer/vit/wicksell/index.html
https://www-dav.odont.uio.no/iko/personer/vit/marianti/index.html
https://www-dav.odont.uio.no/iko/personer/vit/hannati/index.html
https://www-dav.odont.uio.no/iko/personer/vit/asorum/index.html
https://www-dav.odont.uio.no/iko/personer/vit/unniss/index.html
https://www-dav.odont.uio.no/iko/personer/vit/torgeisv/index.html
https://www-dav.odont.uio.no/iko/personer/vit/dagfinns/index.html
https://www-dav.odont.uio.no/iko/personer/vit/sissel/index.html
https://www-dav.odont.uio.no/iko/personer/vit/titterud/index.html
https://www-dav.odont.uio.no/iko/personer/vit/erikmstr/index.html
https://www-dav.odont.uio.no/iko/personer/vit/mastorr/index.html
https://www-dav.odont.uio.no/iko/personer/vit/benteds/index.html
https://www-dav.odont.uio.no/iko/personer/vit/kajos/index.html
https://www-dav.odont.uio.no/iko/personer/vit/hansgste/index.html
https://www-dav.odont.uio.no/iko/personer/vit/annestab/index.html
https://www-dav.odont.uio.no/iko/personer/vit/lasses/index.html
https://www-dav.odont.uio.no/iko/personer/vit/elisaba/index.html
https://www-dav.odont.uio.no/iko/personer/vit/perskj/index.html
https://www-dav.odont.uio.no/iko/personer/vit/skei/index.html
https://www-dav.odont.uio.no/iko/personer/vit/rafaels/index.html
https://www-dav.odont.uio.no/iko/personer/vit/gunvorse/index.html
https://www-dav.odont.uio.no/iko/personer/vit/eriksa/index.html
https://www-dav.odont.uio.no/iko/personer/vit/roysa/index.html
https://www-dav.odont.uio.no/iko/personer/vit/mrykke/index.html
https://www-dav.odont.uio.no/iko/personer/vit/anderrye/index.html
https://www-dav.odont.uio.no/iko/personer/vit/monikkr/index.html
https://www-dav.odont.uio.no/iko/personer/vit/silker/index.html
https://www-dav.odont.uio.no/iko/personer/vit/jreselan/index.html
https://www-dav.odont.uio.no/iko/personer/vit/emredfor/index.html
https://www-dav.odont.uio.no/iko/personer/vit/doritap/index.html
https://www-dav.odont.uio.no/iko/personer/vit/chripetz/index.html
https://www-dav.odont.uio.no/iko/personer/vit/cecilibg/index.html
https://www-dav.odont.uio.no/iko/personer/vit/lilliaou/index.html
https://www-dav.odont.uio.no/iko/personer/vit/stigot/index.html
https://www-dav.odont.uio.no/iko/personer/vit/hemingb/index.html
https://www-dav.odont.uio.no/iko/personer/vit/perfna/index.html
https://www-dav.odont.uio.no/iko/personer/vit/trygven/index.html
https://www-dav.odont.uio.no/iko/personer/vit/mariusmn/index.html
https://www-dav.odont.uio.no/iko/personer/vit/harvold/index.html
https://www-dav.odont.uio.no/iko/personer/vit/nielsn/index.html
https://www-dav.odont.uio.no/iko/personer/vit/maing/index.html
https://www-dav.odont.uio.no/iko/personer/vit/thommy/index.html
https://www-dav.odont.uio.no/iko/personer/vit/karimy/index.html
https://www-dav.odont.uio.no/iko/personer/vit/arildm/index.html
https://www-dav.odont.uio.no/iko/personer/vit/kjetimis/index.html
https://www-dav.odont.uio.no/iko/personer/vit/mojganmi/index.html
https://www-dav.odont.uio.no/iko/personer/vit/alexami/index.html
https://www-dav.odont.uio.no/iko/personer/vit/nabeelm/index.html
https://www-dav.odont.uio.no/iko/personer/vit/monamart/index.html
https://www-dav.odont.uio.no/iko/personer/vit/josteil/index.html
https://www-dav.odont.uio.no/iko/personer/vit/spl/index.html
https://www-dav.odont.uio.no/iko/personer/vit/gautelyn/index.html
https://www-dav.odont.uio.no/iko/personer/vit/ellelun/index.html
https://www-dav.odont.uio.no/iko/personer/vit/marilof/index.html
https://www-dav.odont.uio.no/iko/personer/vit/lerstol/index.html
https://www-dav.odont.uio.no/iko/personer/vit/erikala/index.html
https://www-dav.odont.uio.no/iko/personer/vit/moyfrila/index.html
https://www-dav.odont.uio.no/iko/personer/vit/swadeshk/index.html
https://www-dav.odont.uio.no/iko/personer/vit/sarak/index.html
https://www-dav.odont.uio.no/iko/personer/vit/olemku/index.html
https://www-dav.odont.uio.no/iko/personer/vit/yuntk/index.html
https://www-dav.odont.uio.no/iko/personer/vit/kolseth/index.html
https://www-dav.odont.uio.no/iko/personer/vit/tatiankl/index.html
https://www-dav.odont.uio.no/iko/personer/vit/chrijene/index.html
https://www-dav.odont.uio.no/iko/personer/vit/keyvakes/index.html
https://www-dav.odont.uio.no/iko/personer/vit/annikesj/index.html
https://www-dav.odont.uio.no/iko/personer/vit/steinj/index.html
https://www-dav.odont.uio.no/iko/personer/vit/erikjoh/index.html
https://www-dav.odont.uio.no/iko/personer/vit/erlingi/index.html
https://www-dav.odont.uio.no/iko/personer/vit/hannei/index.html
https://www-dav.odont.uio.no/iko/personer/vit/hhaanas/index.html
https://www-dav.odont.uio.no/iko/personer/vit/hhoyvik/index.html
https://www-dav.odont.uio.no/iko/personer/vit/anncho/index.html
https://www-dav.odont.uio.no/iko/personer/vit/hahoeg/index.html
https://www-dav.odont.uio.no/iko/personer/vit/eghustav/index.html
https://www-dav.odont.uio.no/iko/personer/vit/brittauh/index.html
https://www-dav.odont.uio.no/iko/personer/vit/kennesh/index.html
https://www-dav.odont.uio.no/iko/personer/vit/aasterh/index.html
https://www-dav.odont.uio.no/iko/personer/vit/gislehau/index.html
https://www-dav.odont.uio.no/iko/personer/vit/karlh/index.html
https://www-dav.odont.uio.no/iko/personer/vit/thandal/index.html
https://www-dav.odont.uio.no/iko/personer/vit/larsgun/index.html
https://www-dav.odont.uio.no/iko/personer/vit/ruthks/index.html
https://www-dav.odont.uio.no/iko/personer/vit/anneag/index.html
https://www-dav.odont.uio.no/iko/personer/vit/marialfa/index.html
https://www-dav.odont.uio.no/iko/personer/vit/espenfa/index.html
https://www-dav.odont.uio.no/iko/personer/vit/jennyfer/index.html
https://www-dav.odont.uio.no/iko/personer/vit/ivare/index.html
https://www-dav.odont.uio.no/iko/personer/vit/lisene/index.html
https://www-dav.odont.uio.no/iko/personer/vit/ingeboen/index.html
https://www-dav.odont.uio.no/iko/personer/vit/toneben/index.html
https://www-dav.odont.uio.no/iko/personer/vit/endal/index.html
https://www-dav.odont.uio.no/iko/personer/vit/perke/index.html
https://www-dav.odont.uio.no/iko/personer/vit/karlek/index.html
https://www-dav.odont.uio.no/iko/personer/vit/knutei/index.html
https://www-dav.odont.uio.no/iko/personer/vit/ralphe/index.html
https://www-dav.odont.uio.no/iko/personer/vit/salehe/index.html
https://www-dav.odont.uio.no/iko/personer/vit/larsdo/index.html
https://www-dav.odont.uio.no/iko/personer/vit/acdiesen/index.html
https://www-dav.odont.uio.no/iko/personer/vit/toroa/index.html
https://www-dav.odont.uio.no/iko/personer/vit/ragnard/index.html
https://www-dav.odont.uio.no/iko/personer/vit/annebson/index.html
https://www-dav.odont.uio.no/iko/personer/vit/deec/index.html
https://www-dav.odont.uio.no/iko/personer/vit/annesosb/index.html
https://www-dav.odont.uio.no/iko/personer/vit/grypbe/index.html
https://www-dav.odont.uio.no/iko/personer/vit/larsabe/index.html
https://www-dav.odont.uio.no/iko/personer/vit/janbal/index.html
https://www-dav.odont.uio.no/iko/personer/vit/hansfrea/index.html
https://www-dav.odont.uio.no/iko/personer/vit/elsmaria/index.html
https://www-dav.odont.uio.no/iko/personer/vit/iag/index.html
https://www-dav.odont.uio.no/iko/personer/vit/arildan/index.html
https://www-dav.odont.uio.no/iko/personer/vit/elhama/index.html
https://www-dav.odont.uio.no/iko/personer/vit/sveials/index.html
https://www-dav.odont.uio.no/iko/personer/vit/aliab/index.html
https://www-dav.odont.uio.no/iko/personer/vit/frodeh/index.html
https://www-dav.odont.uio.no/iko/personer/vit/finnfl/index.html
https://www-dav.odont.uio.no/iko/personer/vit/aidam/index.html
https://www-dav.odont.uio.no/iko/personer/vit/kirsso/index.html
https://www-dav.odont.uio.no/iko/personer/adm/gerdnr/index.html
https://www-dav.odont.uio.no/iko/personer/adm/margites/index.html
https://www-dav.odont.uio.no/iko/personer/adm/brittsk/index.html
https://www-dav.odont.uio.no/iko/personer/adm/skar/index.html
https://www-dav.odont.uio.no/iko/personer/adm/skaarud/index.html
https://www-dav.odont.uio.no/iob/personer/vit/magnebr/index.html
https://www-dav.odont.uio.no/iob/personer/vit/marithoy/index.html
https://www-dav.odont.uio.no/iko/personer/adm/gjertrsv/index.html
https://www-dav.odont.uio.no/iko/personer/adm/arazwt/index.html
https://www-dav.odont.uio.no/iko/personer/adm/sabat/index.html
https://www-dav.odont.uio.no/iko/personer/adm/helenlsa/index.html
https://www-dav.odont.uio.no/iko/personer/adm/wencher/index.html
https://www-dav.odont.uio.no/iko/personer/adm/grolfsen/index.html
https://www-dav.odont.uio.no/iko/personer/adm/torillr/index.html
https://www-dav.odont.uio.no/iko/personer/adm/nerem/index.html
https://www-dav.odont.uio.no/iko/personer/adm/anitamy/index.html
https://www-dav.odont.uio.no/iko/personer/adm/ingridel/index.html
https://www-dav.odont.uio.no/iko/personer/adm/faozial/index.html
https://www-dav.odont.uio.no/iko/personer/adm/tordisj/index.html
https://www-dav.odont.uio.no/iko/personer/adm/ranheidj/index.html
https://www-dav.odont.uio.no/iko/personer/adm/jacobsen/index.html
https://www-dav.odont.uio.no/iko/personer/adm/helenj/index.html
https://www-dav.odont.uio.no/iko/personer/adm/krishans/index.html
https://www-dav.odont.uio.no/iko/personer/adm/elisaml/index.html
https://www-dav.odont.uio.no/iko/personer/adm/liha/index.html
https://www-dav.odont.uio.no/iko/personer/adm/gmgunner/index.html
https://www-dav.odont.uio.no/iko/personer/adm/renukaff/index.html
https://www-dav.odont.uio.no/iko/personer/adm/mhforsbe/index.html
https://www-dav.odont.uio.no/iko/personer/adm/johanneb/index.html
https://www-dav.odont.uio.no/iko/personer/adm/bardmb/index.html
https://www-dav.odont.uio.no/iko/personer/adm/hannebj/index.html
https://www-dav.odont.uio.no/iko/personer/adm/tmberen/index.html
https://www-dav.odont.uio.no/iko/personer/adm/annelysa/index.html
https://www-dav.odont.uio.no/iko/personer/adm/fatbarr/index.html
https://www-dav.odont.uio.no/iob/personer/adm/meretsan/index.html
https://www-dav.odont.uio.no/iob/personer/adm/ikschei/index.html
https://www-dav.odont.uio.no/iob/personer/adm/emnetba/index.html
https://www-dav.odont.uio.no/iob/personer/vit/tinehe/index.html
https://www-dav.odont.uio.no/iob/personer/vit/amers/index.html
https://www-dav.odont.uio.no/iob/personer/vit/qsahmed/index.html
https://www-dav.odont.uio.no/iob/personer/vit/ibrahimd/index.html
https://www-dav.odont.uio.no/iob/personer/vit/annemaj/index.html
https://www-dav.odont.uio.no/iob/personer/vit/annehaah/index.html
https://www-dav.odont.uio.no/personer/vit/fak/skei/index.html
https://www-dav.odont.uio.no/personer/vit/fak/leivs/index.html
https://www-dav.odont.uio.no/personer/vit/fak/benthel/index.html
https://www-dav.odont.uio.no/personer/vit/fak/tessk/index.html
https://www-dav.odont.uio.no/personer/vit/fak/bjorgbu/index.html
https://www-dav.odont.uio.no/personer/vit/fak/stefan/index.html
https://www-dav.odont.uio.no/personer/adm/fak/hannetuv/index.html
https://www-dav.odont.uio.no/personer/adm/fak/unnits/index.html
https://www-dav.odont.uio.no/personer/adm/fak/aashk/index.html
https://www-dav.odont.uio.no/personer/adm/fak/ragnhhen/index.html
https://www-dav.odont.uio.no/personer/adm/fak/maartee/index.html
https://www-dav.odont.uio.no/iob/personer/vit/hvrukke/index.html
https://www-dav.odont.uio.no/iob/personer/vit/thalsten/index.html
https://www-dav.odont.uio.no/iob/english/people/adm/heidiaam/index.html
https://www-dav.odont.uio.no/iob/personer/vit/brodin/index.html
https://www-dav.odont.uio.no/iko/personer/vit/erikskar/index.html
https://www-dav.odont.uio.no/iko/english/people/aca/erikskar/index.html
https://www-dav.odont.uio.no/iko/english/people/aca/akalvik/index.html
https://www-dav.odont.uio.no/iko/personer/vit/akalvik/index.html
https://www-dav.odont.uio.no/english/people/adm/fac/snavarat/index.html
https://www-dav.odont.uio.no/iko/personer/adm/ghazalaa/index.html
https://www-dav.odont.uio.no/iob/english/people/aca/magnebr/index.html
https://www-dav.odont.uio.no/personer/adm/fak/jayananp/index.html
https://www-dav.odont.uio.no/personer/adm/fak/bervell/index.html
https://www-dav.odont.uio.no/iko/english/people/aca/haavarjh/index.html
https://www-dav.odont.uio.no/iko/personer/vit/gsvendse/index.html
https://www-dav.odont.uio.no/iko/personer/vit/helenpu/index.html
https://www-dav.odont.uio.no/personer/adm/fak/snavarat/index.html
https://www-dav.odont.uio.no/iko/personer/vit/eliku/index.html
https://www-dav.odont.uio.no/iko/english/people/aca/hannati/index.html
https://www-dav.odont.uio.no/iob/personer/vit/ascheie/index.html
https://www-dav.odont.uio.no/iko/english/people/aca/monefeld/index.html
https://www-dav.odont.uio.no/iko/personer/adm/kjerslor/index.html
https://www-dav.odont.uio.no/iko/personer/adm/svanhilj/index.html
https://www-dav.odont.uio.no/iko/personer/vit/monefeld/index.html
https://www-dav.odont.uio.no/iko/personer/adm/seldaa/index.html
https://www-dav.odont.uio.no/iob/english/people/adm/cuongk/index.html
https://www-dav.odont.uio.no/iob/english/people/aca/ascheie/index.html
https://www-dav.odont.uio.no/iko/english/people/adm/unnla/index.html
https://www-dav.odont.uio.no/iko/english/people/adm/wencheo/index.html
https://www-dav.odont.uio.no/iko/english/people/adm/zinak/index.html
https://www-dav.odont.uio.no/iko/english/people/adm/vikdal/index.html
https://www-dav.odont.uio.no/iko/english/people/adm/wencher/index.html
https://www-dav.odont.uio.no/iko/english/people/adm/tordisj/index.html
https://www-dav.odont.uio.no/iko/english/people/adm/tmberen/index.html
https://www-dav.odont.uio.no/iko/english/people/adm/tnordahl/index.html
https://www-dav.odont.uio.no/iko/english/people/adm/torillr/index.html
https://www-dav.odont.uio.no/iko/english/people/adm/stineasp/index.html
https://www-dav.odont.uio.no/iko/english/people/adm/telang/index.html
https://www-dav.odont.uio.no/iko/english/people/adm/sonnyml/index.html
https://www-dav.odont.uio.no/iko/english/people/adm/steigeda/index.html
https://www-dav.odont.uio.no/iko/english/people/adm/svanhilj/index.html
https://www-dav.odont.uio.no/iko/english/people/adm/thin/index.html
https://www-dav.odont.uio.no/iko/english/people/adm/skaarud/index.html
https://www-dav.odont.uio.no/iko/english/people/adm/skramsta/index.html
https://www-dav.odont.uio.no/iko/english/people/adm/shabazy/index.html
https://www-dav.odont.uio.no/iko/english/people/adm/skar/index.html
https://www-dav.odont.uio.no/iko/english/people/adm/rjorgens/index.html
https://www-dav.odont.uio.no/iko/english/people/adm/sabat/index.html
https://www-dav.odont.uio.no/iko/english/people/adm/sandsmar/index.html
https://www-dav.odont.uio.no/iko/english/people/adm/seldaa/index.html
https://www-dav.odont.uio.no/iko/english/people/adm/oleaj/index.html
https://www-dav.odont.uio.no/iko/english/people/adm/renukaff/index.html
https://www-dav.odont.uio.no/iko/english/people/adm/ragnhild/index.html
https://www-dav.odont.uio.no/iko/english/people/adm/rakellu/index.html
https://www-dav.odont.uio.no/iko/english/people/adm/ranheidj/index.html
https://www-dav.odont.uio.no/iko/english/people/adm/parivasp/index.html
https://www-dav.odont.uio.no/iko/english/people/adm/ninhel/index.html
https://www-dav.odont.uio.no/iko/english/people/adm/nerem/index.html
https://www-dav.odont.uio.no/iko/english/people/adm/olaugh/index.html
https://www-dav.odont.uio.no/iko/english/people/adm/monanils/index.html
https://www-dav.odont.uio.no/iko/english/people/adm/monast/index.html
https://www-dav.odont.uio.no/iko/english/people/adm/monicah/index.html
https://www-dav.odont.uio.no/iko/english/people/adm/muameras/index.html
https://www-dav.odont.uio.no/iko/english/people/adm/meryemb/index.html
https://www-dav.odont.uio.no/iko/english/people/adm/mhforsbe/index.html
https://www-dav.odont.uio.no/iko/english/people/adm/mariaamu/index.html
https://www-dav.odont.uio.no/iko/english/people/adm/mariapm/index.html
https://www-dav.odont.uio.no/iko/english/people/adm/lindahar/index.html
https://www-dav.odont.uio.no/iko/english/people/adm/lttran/index.html
https://www-dav.odont.uio.no/iko/english/people/adm/margites/index.html
https://www-dav.odont.uio.no/iko/english/people/adm/lottev/index.html
https://www-dav.odont.uio.no/iko/english/people/adm/majh/index.html
https://www-dav.odont.uio.no/iko/english/people/adm/leneck/index.html
https://www-dav.odont.uio.no/iko/english/people/adm/leai/index.html
https://www-dav.odont.uio.no/iko/english/people/adm/liha/index.html
https://www-dav.odont.uio.no/iko/english/people/adm/liliana/index.html
https://www-dav.odont.uio.no/iko/english/people/adm/liseel/index.html
https://www-dav.odont.uio.no/iko/english/people/adm/kjerslor/index.html
https://www-dav.odont.uio.no/iko/english/people/adm/krishans/index.html
https://www-dav.odont.uio.no/iko/english/people/adm/kulebaj/index.html
https://www-dav.odont.uio.no/iko/english/people/adm/lea/index.html
https://www-dav.odont.uio.no/iko/english/people/adm/lenasolb/index.html
https://www-dav.odont.uio.no/iko/english/people/adm/jorunnw/index.html
https://www-dav.odont.uio.no/iko/english/people/adm/karihba/index.html
https://www-dav.odont.uio.no/iko/english/people/adm/kjershov/index.html
https://www-dav.odont.uio.no/iko/english/people/adm/jacobsen/index.html
https://www-dav.odont.uio.no/iko/english/people/adm/ingridel/index.html
https://www-dav.odont.uio.no/iko/english/people/adm/ingrmi/index.html
https://www-dav.odont.uio.no/iko/english/people/adm/johanneb/index.html
https://www-dav.odont.uio.no/iko/english/people/adm/heikej/index.html
https://www-dav.odont.uio.no/iko/english/people/adm/hfattari/index.html
https://www-dav.odont.uio.no/iko/english/people/adm/huongl/index.html
https://www-dav.odont.uio.no/iko/english/people/adm/helleem/index.html
https://www-dav.odont.uio.no/iko/english/people/adm/heidiks/index.html
https://www-dav.odont.uio.no/iko/english/people/adm/helenj/index.html
https://www-dav.odont.uio.no/iko/english/people/adm/helenlsa/index.html
https://www-dav.odont.uio.no/iko/english/people/adm/hannebj/index.html
https://www-dav.odont.uio.no/iko/english/people/adm/gunncka/index.html
https://www-dav.odont.uio.no/iko/english/people/adm/hegekvaa/index.html
https://www-dav.odont.uio.no/iko/english/people/adm/heiborg/index.html
https://www-dav.odont.uio.no/iko/english/people/adm/ghazalaa/index.html
https://www-dav.odont.uio.no/iko/english/people/adm/gjertrsv/index.html
https://www-dav.odont.uio.no/iko/english/people/adm/gmgunner/index.html
https://www-dav.odont.uio.no/iko/english/people/adm/granberg/index.html
https://www-dav.odont.uio.no/iko/english/people/adm/grazyna/index.html
https://www-dav.odont.uio.no/iko/english/people/adm/grolfsen/index.html
https://www-dav.odont.uio.no/iko/english/people/adm/fatbarr/index.html
https://www-dav.odont.uio.no/iko/english/people/adm/gerdnr/index.html
https://www-dav.odont.uio.no/iko/english/people/adm/ceikeset/index.html
https://www-dav.odont.uio.no/iko/english/people/adm/elisaml/index.html
https://www-dav.odont.uio.no/iko/english/people/adm/elsean/index.html
https://www-dav.odont.uio.no/iko/english/people/adm/elinmto/index.html
https://www-dav.odont.uio.no/iko/english/people/adm/faozial/index.html
https://www-dav.odont.uio.no/iko/english/people/adm/bkvam/index.html
https://www-dav.odont.uio.no/iko/english/people/adm/cneerbye/index.html
https://www-dav.odont.uio.no/iko/english/people/adm/cwachter/index.html
https://www-dav.odont.uio.no/iko/english/people/adm/birgitta/index.html
https://www-dav.odont.uio.no/iko/english/people/adm/brittsk/index.html
https://www-dav.odont.uio.no/iko/english/people/adm/audjh/index.html
https://www-dav.odont.uio.no/iko/english/people/adm/audu/index.html
https://www-dav.odont.uio.no/iko/english/people/adm/benvindm/index.html
https://www-dav.odont.uio.no/iko/english/people/adm/bardmb/index.html
https://www-dav.odont.uio.no/iko/english/people/adm/arazwt/index.html
https://www-dav.odont.uio.no/iko/english/people/adm/asevh/index.html
https://www-dav.odont.uio.no/iko/english/people/adm/ainamari/index.html
https://www-dav.odont.uio.no/iko/english/people/adm/anisaak/index.html
https://www-dav.odont.uio.no/iko/english/people/adm/anitamy/index.html
https://www-dav.odont.uio.no/iko/english/people/adm/annekoh/index.html
https://www-dav.odont.uio.no/iko/english/people/adm/annelysa/index.html
https://www-dav.odont.uio.no/iko/english/people/adm/annemare/index.html
https://www-dav.odont.uio.no/iob/personer/adm/woldene/index.html
https://www-dav.odont.uio.no/personer/adm/fak/pgran/index.html
https://www-dav.odont.uio.no/iko/english/people/aca/yuntk/index.html
https://www-dav.odont.uio.no/iko/english/people/aca/vibeel/index.html
https://www-dav.odont.uio.no/iko/english/people/aca/wicksell/index.html
https://www-dav.odont.uio.no/iko/english/people/aca/vaskav/index.html
https://www-dav.odont.uio.no/iko/english/people/aca/unniss/index.html
https://www-dav.odont.uio.no/iko/english/people/aca/thandal/index.html
https://www-dav.odont.uio.no/iko/english/people/aca/trygven/index.html
https://www-dav.odont.uio.no/iko/english/people/aca/ulfri/index.html
https://www-dav.odont.uio.no/iko/english/people/aca/toroa/index.html
https://www-dav.odont.uio.no/iko/english/people/aca/torgeisv/index.html
https://www-dav.odont.uio.no/iko/english/people/aca/toneben/index.html
https://www-dav.odont.uio.no/iko/english/people/aca/titterud/index.html
https://www-dav.odont.uio.no/iko/english/people/aca/tomh/index.html
https://www-dav.odont.uio.no/iko/english/people/aca/tomaba/index.html
https://www-dav.odont.uio.no/iko/english/people/aca/thommy/index.html
https://www-dav.odont.uio.no/iko/english/people/aca/thorew/index.html
https://www-dav.odont.uio.no/iko/english/people/aca/thjortsj/index.html
https://www-dav.odont.uio.no/iko/english/people/aca/thomasgw/index.html
https://www-dav.odont.uio.no/iko/english/people/aca/sveials/index.html
https://www-dav.odont.uio.no/iko/english/people/aca/tanyaf/index.html
https://www-dav.odont.uio.no/iko/english/people/aca/tatiankl/index.html
https://www-dav.odont.uio.no/iko/english/people/aca/swadeshk/index.html
https://www-dav.odont.uio.no/iko/english/people/aca/steinj/index.html
https://www-dav.odont.uio.no/iko/english/people/aca/stigot/index.html
https://www-dav.odont.uio.no/iko/english/people/aca/spl/index.html
https://www-dav.odont.uio.no/iko/english/people/aca/skvaal/index.html
https://www-dav.odont.uio.no/iko/english/people/aca/smw/index.html
https://www-dav.odont.uio.no/iko/english/people/aca/skei/index.html
https://www-dav.odont.uio.no/iko/english/people/aca/simenvk/index.html
https://www-dav.odont.uio.no/iko/english/people/aca/siribaa/index.html
https://www-dav.odont.uio.no/iko/english/people/aca/sarak/index.html
https://www-dav.odont.uio.no/iko/english/people/aca/silker/index.html
https://www-dav.odont.uio.no/iko/english/people/aca/salehe/index.html
https://www-dav.odont.uio.no/iko/english/people/aca/ruix/index.html
https://www-dav.odont.uio.no/iko/english/people/aca/ruthks/index.html
https://www-dav.odont.uio.no/iko/english/people/aca/reiduna/index.html
https://www-dav.odont.uio.no/iko/english/people/aca/roysa/index.html
https://www-dav.odont.uio.no/iko/english/people/aca/ralphe/index.html
https://www-dav.odont.uio.no/iko/english/people/aca/ragnard/index.html
https://www-dav.odont.uio.no/iko/english/people/aca/perskj/index.html
https://www-dav.odont.uio.no/iko/english/people/aca/rafaels/index.html
https://www-dav.odont.uio.no/iko/english/people/aca/perke/index.html
https://www-dav.odont.uio.no/iko/english/people/aca/perfna/index.html
https://www-dav.odont.uio.no/iko/english/people/aca/paulava/index.html
https://www-dav.odont.uio.no/iko/english/people/aca/perhaug/index.html
https://www-dav.odont.uio.no/iko/english/people/aca/oyvinve/index.html
https://www-dav.odont.uio.no/iko/english/people/aca/ninaw/index.html
https://www-dav.odont.uio.no/iko/english/people/aca/olemku/index.html
https://www-dav.odont.uio.no/iko/english/people/aca/oisteiha/index.html
https://www-dav.odont.uio.no/iko/english/people/aca/ninart/index.html
https://www-dav.odont.uio.no/iko/english/people/aca/nabeelm/index.html
https://www-dav.odont.uio.no/iko/english/people/aca/nielsn/index.html
https://www-dav.odont.uio.no/iko/english/people/aca/mvwhittl/index.html
https://www-dav.odont.uio.no/iko/english/people/aca/mrykke/index.html
https://www-dav.odont.uio.no/iko/english/people/aca/moyfrila/index.html
https://www-dav.odont.uio.no/iko/english/people/aca/mortefje/index.html
https://www-dav.odont.uio.no/iko/english/people/aca/monikkr/index.html
https://www-dav.odont.uio.no/iko/english/people/aca/monamart/index.html
https://www-dav.odont.uio.no/iko/english/people/aca/mastorr/index.html
https://www-dav.odont.uio.no/iko/english/people/aca/marvan/index.html
https://www-dav.odont.uio.no/iko/english/people/aca/mojganmi/index.html
https://www-dav.odont.uio.no/iko/english/people/aca/marilof/index.html
https://www-dav.odont.uio.no/iko/english/people/aca/martinch/index.html
https://www-dav.odont.uio.no/iko/english/people/aca/mariusmn/index.html
https://www-dav.odont.uio.no/iko/english/people/aca/lisene/index.html
https://www-dav.odont.uio.no/iko/english/people/aca/maing/index.html
https://www-dav.odont.uio.no/iko/english/people/aca/marialfa/index.html
https://www-dav.odont.uio.no/iko/english/people/aca/marianti/index.html
https://www-dav.odont.uio.no/iko/english/people/aca/linepmi/index.html
https://www-dav.odont.uio.no/iko/english/people/aca/lindaza/index.html
https://www-dav.odont.uio.no/iko/english/people/aca/lilliaou/index.html
https://www-dav.odont.uio.no/iko/english/people/aca/lerstol/index.html
https://www-dav.odont.uio.no/iko/english/people/aca/lasses/index.html
https://www-dav.odont.uio.no/iko/english/people/aca/leifw/index.html
https://www-dav.odont.uio.no/iko/english/people/aca/lenehh/index.html
https://www-dav.odont.uio.no/iko/english/people/aca/larswal/index.html
https://www-dav.odont.uio.no/iko/english/people/aca/larsdo/index.html
https://www-dav.odont.uio.no/iko/english/people/aca/larsgun/index.html
https://www-dav.odont.uio.no/iko/english/people/aca/kreppen/index.html
https://www-dav.odont.uio.no/iko/english/people/aca/larheim/index.html
https://www-dav.odont.uio.no/iko/english/people/aca/larsabe/index.html
https://www-dav.odont.uio.no/iko/english/people/aca/kristimk/index.html
https://www-dav.odont.uio.no/iko/english/people/aca/kjetimis/index.html
https://www-dav.odont.uio.no/iko/english/people/aca/kolseth/index.html
https://www-dav.odont.uio.no/iko/english/people/aca/knutei/index.html
https://www-dav.odont.uio.no/iko/english/people/aca/kirsso/index.html
https://www-dav.odont.uio.no/iko/english/people/aca/kennesh/index.html
https://www-dav.odont.uio.no/iko/english/people/aca/keyvakes/index.html
https://www-dav.odont.uio.no/iko/english/people/aca/karlek/index.html
https://www-dav.odont.uio.no/iko/english/people/aca/kajos/index.html
https://www-dav.odont.uio.no/iko/english/people/aca/jreselan/index.html
https://www-dav.odont.uio.no/iko/english/people/aca/karimy/index.html
https://www-dav.odont.uio.no/iko/english/people/aca/karbirke/index.html
https://www-dav.odont.uio.no/iko/english/people/aca/jorunt/index.html
https://www-dav.odont.uio.no/iko/english/people/aca/josteil/index.html
https://www-dav.odont.uio.no/iko/english/people/aca/jornaaas/index.html
https://www-dav.odont.uio.no/iko/english/people/aca/jonoa/index.html
https://www-dav.odont.uio.no/iko/english/people/aca/janee/index.html
https://www-dav.odont.uio.no/iko/english/people/aca/johanul/index.html
https://www-dav.odont.uio.no/iko/english/people/aca/johancw/index.html
https://www-dav.odont.uio.no/iko/english/people/aca/janlin/index.html
https://www-dav.odont.uio.no/iko/english/people/aca/jennyfer/index.html
https://www-dav.odont.uio.no/iko/english/people/aca/janbal/index.html
https://www-dav.odont.uio.no/iko/english/people/aca/ivare/index.html
https://www-dav.odont.uio.no/iko/english/people/aca/jakobav/index.html
https://www-dav.odont.uio.no/iko/english/people/aca/ingrch/index.html
https://www-dav.odont.uio.no/iko/english/people/aca/ingvisae/index.html
https://www-dav.odont.uio.no/iko/english/people/aca/ingeboen/index.html
https://www-dav.odont.uio.no/iko/english/people/aca/ingerhh/index.html
https://www-dav.odont.uio.no/iko/english/people/aca/hpreus/index.html
https://www-dav.odont.uio.no/iko/english/people/aca/iblix/index.html
https://www-dav.odont.uio.no/iko/english/people/aca/iag/index.html
https://www-dav.odont.uio.no/iko/english/people/aca/homanz/index.html
https://www-dav.odont.uio.no/iko/english/people/aca/hemingb/index.html
https://www-dav.odont.uio.no/iko/english/people/aca/hhaanas/index.html
https://www-dav.odont.uio.no/iko/english/people/aca/hhoyvik/index.html
https://www-dav.odont.uio.no/iko/english/people/aca/harvold/index.html
https://www-dav.odont.uio.no/iko/english/people/aca/hansfrea/index.html
https://www-dav.odont.uio.no/iko/english/people/aca/hansjba/index.html
https://www-dav.odont.uio.no/iko/english/people/aca/hannei/index.html
https://www-dav.odont.uio.no/iko/english/people/aca/hahoeg/index.html
https://www-dav.odont.uio.no/iko/english/people/aca/hansgste/index.html
https://www-dav.odont.uio.no/iko/english/people/aca/guria/index.html
https://www-dav.odont.uio.no/iko/english/people/aca/gurost/index.html
https://www-dav.odont.uio.no/iko/english/people/aca/gunvorse/index.html
https://www-dav.odont.uio.no/iko/english/people/aca/grypbe/index.html
https://www-dav.odont.uio.no/iko/english/people/aca/gsvendse/index.html
https://www-dav.odont.uio.no/iko/english/people/aca/gislehau/index.html
https://www-dav.odont.uio.no/iko/english/people/aca/gautelyn/index.html
https://www-dav.odont.uio.no/iko/english/people/aca/frodsta/index.html
https://www-dav.odont.uio.no/iko/english/people/aca/frodeh/index.html
https://www-dav.odont.uio.no/iko/english/people/aca/eriksa/index.html
https://www-dav.odont.uio.no/iko/english/people/aca/finnfl/index.html
https://www-dav.odont.uio.no/iko/english/people/aca/espenfa/index.html
https://www-dav.odont.uio.no/iko/english/people/aca/erikjoh/index.html
https://www-dav.odont.uio.no/iko/english/people/aca/erikmstr/index.html
https://www-dav.odont.uio.no/iko/english/people/aca/erlingi/index.html
https://www-dav.odont.uio.no/iko/english/people/aca/emredfor/index.html
https://www-dav.odont.uio.no/iko/english/people/aca/erikala/index.html
https://www-dav.odont.uio.no/iko/english/people/aca/endal/index.html
https://www-dav.odont.uio.no/iko/english/people/aca/elsmaria/index.html
https://www-dav.odont.uio.no/iko/english/people/aca/ellencv/index.html
https://www-dav.odont.uio.no/iko/english/people/aca/ellelun/index.html
https://www-dav.odont.uio.no/iko/english/people/aca/ekristin/index.html
https://www-dav.odont.uio.no/iko/english/people/aca/elhama/index.html
https://www-dav.odont.uio.no/iko/english/people/aca/eliku/index.html
https://www-dav.odont.uio.no/iko/english/people/aca/doritap/index.html
https://www-dav.odont.uio.no/iko/english/people/aca/eghustav/index.html
https://www-dav.odont.uio.no/iko/english/people/aca/deec/index.html
https://www-dav.odont.uio.no/iko/english/people/aca/dagfinns/index.html
https://www-dav.odont.uio.no/iko/english/people/aca/cecilibg/index.html
https://www-dav.odont.uio.no/iko/english/people/aca/chrijene/index.html
https://www-dav.odont.uio.no/iko/english/people/aca/constas/index.html
https://www-dav.odont.uio.no/iko/english/people/aca/brittauh/index.html
https://www-dav.odont.uio.no/iko/english/people/aca/bjmork/index.html
https://www-dav.odont.uio.no/iko/english/people/aca/bjorgul/index.html
https://www-dav.odont.uio.no/iko/english/people/aca/benteds/index.html
https://www-dav.odont.uio.no/iko/english/people/aca/arneej/index.html
https://www-dav.odont.uio.no/iko/english/people/aca/askaare/index.html
https://www-dav.odont.uio.no/iko/english/people/aca/asorum/index.html
https://www-dav.odont.uio.no/iko/english/people/aca/arildm/index.html
https://www-dav.odont.uio.no/iko/english/people/aca/anvorso/index.html
https://www-dav.odont.uio.no/iko/english/people/aca/annikesj/index.html
https://www-dav.odont.uio.no/iko/english/people/aca/arildan/index.html
https://www-dav.odont.uio.no/iko/english/people/aca/annesosb/index.html
https://www-dav.odont.uio.no/iko/english/people/aca/annestab/index.html
https://www-dav.odont.uio.no/iko/english/people/aca/annektr/index.html
https://www-dav.odont.uio.no/iko/english/people/aca/annekor/index.html
https://www-dav.odont.uio.no/iko/english/people/aca/annemv/index.html
https://www-dav.odont.uio.no/iko/english/people/aca/annejro/index.html
https://www-dav.odont.uio.no/iko/english/people/aca/anneag/index.html
https://www-dav.odont.uio.no/iko/english/people/aca/annebtv/index.html
https://www-dav.odont.uio.no/iko/english/people/aca/annebson/index.html
https://www-dav.odont.uio.no/iko/english/people/aca/anncho/index.html
https://www-dav.odont.uio.no/iko/english/people/aca/anjaska/index.html
https://www-dav.odont.uio.no/iko/english/people/aca/amette/index.html
https://www-dav.odont.uio.no/iko/english/people/aca/anderrye/index.html
https://www-dav.odont.uio.no/iko/english/people/aca/anderver/index.html
https://www-dav.odont.uio.no/iko/english/people/aca/aliab/index.html
https://www-dav.odont.uio.no/iko/english/people/aca/aliro/index.html
https://www-dav.odont.uio.no/iko/english/people/aca/alaas/index.html
https://www-dav.odont.uio.no/iko/english/people/aca/alexami/index.html
https://www-dav.odont.uio.no/iko/english/people/aca/acdiesen/index.html
https://www-dav.odont.uio.no/iko/english/people/aca/aidam/index.html
https://www-dav.odont.uio.no/iko/english/people/aca/aasterh/index.html
https://www-dav.odont.uio.no/personer/adm/fak/lindaeva/index.html
https://www-dav.odont.uio.no/iob/english/people/adm/steinost/index.html
https://www-dav.odont.uio.no/iob/english/people/adm/woldene/index.html
https://www-dav.odont.uio.no/iob/english/people/adm/yiqingc/index.html
https://www-dav.odont.uio.no/iob/english/people/adm/solveig/index.html
https://www-dav.odont.uio.no/iob/english/people/adm/meretsan/index.html
https://www-dav.odont.uio.no/iob/english/people/adm/hannemj/index.html
https://www-dav.odont.uio.no/iob/english/people/adm/ikschei/index.html
https://www-dav.odont.uio.no/iob/english/people/adm/akhansen/index.html
https://www-dav.odont.uio.no/iob/english/people/adm/gryr/index.html
https://www-dav.odont.uio.no/iob/english/people/adm/emnetba/index.html
https://www-dav.odont.uio.no/iob/english/people/adm/astrism/index.html
https://www-dav.odont.uio.no/iob/english/people/adm/benediag/index.html
https://www-dav.odont.uio.no/iob/english/people/aca/tinehe/index.html
https://www-dav.odont.uio.no/iob/english/people/aca/zahraa/index.html
https://www-dav.odont.uio.no/iob/english/people/aca/thalsten/index.html
https://www-dav.odont.uio.no/iob/english/people/aca/steinarr/index.html
https://www-dav.odont.uio.no/iob/english/people/aca/solheim/index.html
https://www-dav.odont.uio.no/iob/english/people/aca/qsahmed/index.html
https://www-dav.odont.uio.no/iob/english/people/aca/marithoy/index.html
https://www-dav.odont.uio.no/iob/english/people/aca/messelt/index.html
https://www-dav.odont.uio.no/iob/english/people/aca/preetb/index.html
https://www-dav.odont.uio.no/iob/english/people/aca/ibrahimd/index.html
https://www-dav.odont.uio.no/iob/english/people/aca/kanli/index.html
https://www-dav.odont.uio.no/iob/english/people/aca/karls/index.html
https://www-dav.odont.uio.no/iob/english/people/aca/haraldo/index.html
https://www-dav.odont.uio.no/iob/english/people/aca/helgase/index.html
https://www-dav.odont.uio.no/iob/english/people/aca/annemaj/index.html
https://www-dav.odont.uio.no/iob/english/people/aca/camillah/index.html
https://www-dav.odont.uio.no/iob/english/people/aca/cecilgat/index.html
https://www-dav.odont.uio.no/iob/english/people/aca/annehaah/index.html
https://www-dav.odont.uio.no/iob/english/people/aca/asbjoern/index.html
https://www-dav.odont.uio.no/iob/english/people/aca/brodin/index.html
https://www-dav.odont.uio.no/iob/english/people/aca/amers/index.html
https://www-dav.odont.uio.no/english/people/adm/fac/tonerot/index.html
https://www-dav.odont.uio.no/english/people/adm/fac/unnits/index.html
https://www-dav.odont.uio.no/english/people/adm/fac/vivi-ann/index.html
https://www-dav.odont.uio.no/english/people/adm/fac/yamila/index.html
https://www-dav.odont.uio.no/english/people/adm/fac/ragnhhen/index.html
https://www-dav.odont.uio.no/english/people/adm/fac/olaugn/index.html
https://www-dav.odont.uio.no/english/people/adm/fac/maartee/index.html
https://www-dav.odont.uio.no/english/people/adm/fac/pgran/index.html
https://www-dav.odont.uio.no/english/people/adm/fac/junneber/index.html
https://www-dav.odont.uio.no/english/people/adm/fac/krisbha/index.html
https://www-dav.odont.uio.no/english/people/adm/fac/lindaeva/index.html
https://www-dav.odont.uio.no/english/people/adm/fac/hildekt/index.html
https://www-dav.odont.uio.no/english/people/adm/fac/ingunh/index.html
https://www-dav.odont.uio.no/english/people/adm/fac/henrmag/index.html
https://www-dav.odont.uio.no/english/people/adm/fac/hannetuv/index.html
https://www-dav.odont.uio.no/english/people/adm/fac/jayananp/index.html
https://www-dav.odont.uio.no/english/people/adm/fac/bervell/index.html
https://www-dav.odont.uio.no/english/people/adm/fac/dagrunme/index.html
https://www-dav.odont.uio.no/english/people/aca/elikarks/index.html
https://www-dav.odont.uio.no/english/people/adm/fac/gerda/index.html
https://www-dav.odont.uio.no/english/people/adm/fac/gunnbs/index.html
https://www-dav.odont.uio.no/english/people/adm/fac/hakons/index.html
https://www-dav.odont.uio.no/english/people/adm/fac/hammerst/index.html
https://www-dav.odont.uio.no/english/people/adm/fac/aased/index.html
https://www-dav.odont.uio.no/english/people/adm/fac/aashk/index.html
https://www-dav.odont.uio.no/english/people/adm/fac/audhildn/index.html
https://www-dav.odont.uio.no/english/people/adm/fac/beatak/index.html
https://www-dav.odont.uio.no/english/people/aca/stefan/index.html
https://www-dav.odont.uio.no/english/people/aca/tessk/index.html
https://www-dav.odont.uio.no/english/people/aca/torunbi/index.html
https://www-dav.odont.uio.no/english/people/aca/skei/index.html
https://www-dav.odont.uio.no/english/people/aca/ninaps/index.html
https://www-dav.odont.uio.no/english/people/aca/leivs/index.html
https://www-dav.odont.uio.no/english/people/aca/larscha/index.html
https://www-dav.odont.uio.no/english/people/aca/maryamp/index.html
https://www-dav.odont.uio.no/english/people/aca/ngocn/index.html
https://www-dav.odont.uio.no/english/people/aca/kariedah/index.html
https://www-dav.odont.uio.no/english/people/aca/kjetstro/index.html
https://www-dav.odont.uio.no/english/people/aca/anettkr/index.html
https://www-dav.odont.uio.no/english/people/aca/anneei/index.html
https://www-dav.odont.uio.no/english/people/aca/benthel/index.html
https://www-dav.odont.uio.no/english/people/aca/bjorgbu/index.html
https://www-dav.odont.uio.no/english/people/aca/ahalvari/index.html
https://www-dav.odont.uio.no/english/people/aca/astridhy/index.html
https://www-dav.odont.uio.no/iko/personer/vit/haavarjh/index.html
https://www-dav.odont.uio.no/iko/personer/adm/kjershov/index.html
https://www-dav.odont.uio.no/iko/personer/vit/tanyaf/index.html
https://www-dav.odont.uio.no/iko/personer/adm/mariapm/index.html
https://www-dav.odont.uio.no/iko/english/people/aca/bogaard/index.html
https://www-dav.odont.uio.no/iko/personer/vit/vaskav/index.html
https://www-dav.odont.uio.no/iko/personer/vit/aliro/index.html
https://www-dav.odont.uio.no/iko/personer/adm/karihba/index.html
https://www-dav.odont.uio.no/iko/english/people/aca/wipe/index.html
https://www-dav.odont.uio.no/iko/personer/adm/kulebaj/index.html
https://www-dav.odont.uio.no/personer/adm/fak/gerda/index.html
https://www-dav.odont.uio.no/personer/adm/fak/olaugn/index.html
https://www-dav.odont.uio.no/iko/personer/adm/meryemb/index.html
https://www-dav.odont.uio.no/iko/personer/vit/wipe/index.html
https://www-dav.odont.uio.no/personer/adm/fak/yamila/index.html
https://www-dav.odont.uio.no/personer/adm/fak/gunnbs/index.html
https://www-dav.odont.uio.no/iko/personer/adm/vikdal/index.html
https://www-dav.odont.uio.no/personer/adm/fak/henrmag/index.html
https://www-dav.odont.uio.no/iko/personer/adm/granberg/index.html
https://www-dav.odont.uio.no/iob/personer/adm/peraom/index.html
https://www-dav.odont.uio.no/iko/english/people/aca/sebastl/index.html
https://www-dav.odont.uio.no/iko/personer/vit/arneej/index.html
https://www-dav.odont.uio.no/iob/personer/adm/hannemj/index.html
https://www-dav.odont.uio.no/iko/english/people/adm/kjerstec/index.html
https://www-dav.odont.uio.no/iko/personer/adm/gunncka/index.html
https://www-dav.odont.uio.no/iko/personer/vit/guria/index.html
https://www-dav.odont.uio.no/personer/adm/fak/torwold/index.html
https://www-dav.odont.uio.no/iko/personer/adm/anisaak/index.html
https://www-dav.odont.uio.no/iko/personer/vit/constas/index.html
https://www-dav.odont.uio.no/iko/personer/vit/ruix/index.html
https://www-dav.odont.uio.no/iob/personer/vit/messelt/index.html
https://www-dav.odont.uio.no/personer/adm/fak/hildekt/index.html
https://www-dav.odont.uio.no/personer/adm/fak/ingunh/index.html
https://www-dav.odont.uio.no/english/people/adm/fac/torwold/index.html
https://www-dav.odont.uio.no/iko/personer/adm/heidiks/index.html
https://www-dav.odont.uio.no/iko/personer/adm/heikej/index.html
https://www-dav.odont.uio.no/iko/english/people/aca/thrane/index.html
https://www-dav.odont.uio.no/iko/personer/vit/thrane/index.html
https://www-dav.odont.uio.no/iko/personer/vit/lenehh/index.html
https://www-dav.odont.uio.no/iko/personer/adm/elisabhk/index.html
https://www-dav.odont.uio.no/iko/english/people/adm/bentega/index.html
https://www-dav.odont.uio.no/iko/personer/adm/bentega/index.html
https://www-dav.odont.uio.no/iko/personer/adm/monicah/index.html
https://www-dav.odont.uio.no/english/people/adm/fac/iawestad/index.html
https://www-dav.odont.uio.no/iko/english/people/adm/elisaaks/index.html
https://www-dav.odont.uio.no/iko/english/people/aca/barkvoll/index.html
https://www-dav.odont.uio.no/personer/vit/fak/kjetstro/index.html
https://www-dav.odont.uio.no/iko/personer/vit/annektr/index.html
https://www-dav.odont.uio.no/iko/personer/adm/majh/index.html
https://www-dav.odont.uio.no/iko/english/people/adm/elisabhk/index.html
https://www-dav.odont.uio.no/iko/personer/vit/skvaal/index.html
https://www-dav.odont.uio.no/iko/personer/adm/annemare/index.html
https://www-dav.odont.uio.no/iko/personer/adm/leneck/index.html
https://www-dav.odont.uio.no/iob/personer/vit/helgase/index.html
https://www-dav.odont.uio.no/iko/personer/vit/martinch/index.html
https://www-dav.odont.uio.no/iko/personer/adm/elisaaks/index.html
https://www-dav.odont.uio.no/iko/personer/adm/cneerbye/index.html
https://www-dav.odont.uio.no/english/people/adm/fac/gerald/index.html
https://www-dav.odont.uio.no/iob/personer/adm/schreurs/index.html
https://www-dav.odont.uio.no/iob/personer/adm/akhansen/index.html
https://www-dav.odont.uio.no/personer/vit/fak/kariedah/index.html
https://www-dav.odont.uio.no/iko/personer/vit/smw/index.html
https://www-dav.odont.uio.no/iko/personer/adm/larsosk/index.html
https://www-dav.odont.uio.no/iko/personer/adm/grazyna/index.html
https://www-dav.odont.uio.no/iko/english/people/aca/amoystad/index.html
https://www-dav.odont.uio.no/personer/adm/fak/hakons/index.html
https://www-dav.odont.uio.no/iko/personer/adm/lottev/index.html
https://www-dav.odont.uio.no/iko/personer/adm/shabazy/index.html
https://www-dav.odont.uio.no/iko/personer/adm/arizoos/index.html
https://www-dav.odont.uio.no/iko/personer/adm/steigeda/index.html
https://www-dav.odont.uio.no/iko/personer/adm/ingrmi/index.html
https://www-dav.odont.uio.no/personer/vit/fak/ahalvari/index.html
https://www-dav.odont.uio.no/iko/personer/vit/mvwhittl/index.html
https://www-dav.odont.uio.no/iko/personer/adm/cwachter/index.html
https://www-dav.odont.uio.no/iko/personer/adm/tnordahl/index.html
https://www-dav.odont.uio.no/iko/english/people/aca/bjornlan/index.html
https://www-dav.odont.uio.no/iko/personer/vit/mortefje/index.html
https://www-dav.odont.uio.no/iob/personer/adm/bgehrken/index.html
https://www-dav.odont.uio.no/iob/personer/adm/yiqingc/index.html
https://www-dav.odont.uio.no/iob/english/people/aca/zlatkod/index.html
https://www-dav.odont.uio.no/iko/english/people/aca/iskau/index.html
https://www-dav.odont.uio.no/iko/english/people/aca/dholst/index.html
https://www-dav.odont.uio.no/iko/personer/vit/dholst/index.html
https://www-dav.odont.uio.no/personer/adm/fak/iawestad/index.html
https://www-dav.odont.uio.no/iko/personer/adm/wencheo/index.html
https://www-dav.odont.uio.no/iko/personer/adm/monanils/index.html
https://www-dav.odont.uio.no/iko/personer/adm/telang/index.html
https://www-dav.odont.uio.no/iko/personer/adm/helleem/index.html
https://www-dav.odont.uio.no/iko/personer/vit/iskau/index.html
https://www-dav.odont.uio.no/iob/personer/adm/astrism/index.html
https://www-dav.odont.uio.no/iko/personer/adm/lindahar/index.html
https://www-dav.odont.uio.no/iko/personer/adm/rjorgens/index.html
https://www-dav.odont.uio.no/personer/vit/fak/ninaps/index.html
https://www-dav.odont.uio.no/iko/personer/adm/steigeda/inger/index.html
https://www-dav.odont.uio.no/english/people/adm/fac/andreasd/index.html
https://www-dav.odont.uio.no/iko/personer/vit/kreppen/index.html
https://www-dav.odont.uio.no/personer/adm/fak/tonerot/index.html
https://www-dav.odont.uio.no/english/people/adm/fac/olavaho/index.html
https://www-dav.odont.uio.no/iko/personer/vit/ekristin/index.html
https://www-dav.odont.uio.no/iko/personer/vit/paulava/index.html
https://www-dav.odont.uio.no/konv/test/index.html
https://www-dav.odont.uio.no/konv/kopier/iko/adm/bentega/index.html
