https://www-dav.sv.uio.no/econ/english/people/aca/kristomi/index.html
https://www-dav.sv.uio.no/econ/english/people/aca/katinkah/index.html
https://www-dav.sv.uio.no/econ/english/people/aca/edwinl/index.html
https://www-dav.sv.uio.no/econ/english/people/aca/andrkot/index.html
https://www-dav.sv.uio.no/econ/english/people/aca/andegk/index.html
https://www-dav.sv.uio.no/econ/english/people/aca/alicec/index.html
https://www-dav.sv.uio.no/econ/english/people/aca/adrienv/index.html
https://www-dav.sv.uio.no/econ/english/people/aca/steinast/index.html
https://www-dav.sv.uio.no/econ/personer/vit/gasheim/index.html
https://www-dav.sv.uio.no/econ/english/people/aca/gasheim/index.html
https://www-dav.sv.uio.no/arena/english/people/aca/chrilor/index.html
https://www-dav.sv.uio.no/econ/personer/vit/katinkah/index.html
https://www-dav.sv.uio.no/econ/english/people/aca/kjellbre/index.html
https://www-dav.sv.uio.no/econ/personer/vit/edwinl/index.html
https://www-dav.sv.uio.no/sai/personer/vit/cecilgsa/index.html
https://www-dav.sv.uio.no/econ/personer/vit/alicec/index.html
https://www-dav.sv.uio.no/isv/personer/adm/krien/index.html
https://www-dav.sv.uio.no/isv/personer/vit/asletoje/index.html
https://www-dav.sv.uio.no/sai/english/people/aca/kimberlw/index.html
https://www-dav.sv.uio.no/sai/personer/vit/kimberlw/index.html
https://www-dav.sv.uio.no/econ/personer/adm/rhianab/index.html
https://www-dav.sv.uio.no/econ/personer/vit/ingridk/index.html
https://www-dav.sv.uio.no/econ/english/people/aca/ingridk/index.html
https://www-dav.sv.uio.no/psi/personer/adm/runekil/index.html
https://www-dav.sv.uio.no/econ/personer/vit/jostrand/index.html
https://www-dav.sv.uio.no/econ/personer/vit/kjstore/index.html
https://www-dav.sv.uio.no/psi/english/people/admin/sveinhm/index.html
https://www-dav.sv.uio.no/arena/english/people/aca/espendo/index.html
https://www-dav.sv.uio.no/iss/personer/vit/hansena/index.html
https://www-dav.sv.uio.no/iss/personer/adm/britalan/index.html
https://www-dav.sv.uio.no/iss/english/people/admin/britalan/index.html
https://www-dav.sv.uio.no/iss/english/people/aca/heidiha/index.html
https://www-dav.sv.uio.no/iss/english/people/aca/ingarbr/index.html
https://www-dav.sv.uio.no/iss/english/people/admin/marilig/index.html
https://www-dav.sv.uio.no/iss/personer/vit/heidiha/index.html
https://www-dav.sv.uio.no/iss/personer/vit/ingarbr/index.html
https://www-dav.sv.uio.no/econ/personer/vit/kristomi/index.html
https://www-dav.sv.uio.no/econ/personer/vit/andrkot/index.html
https://www-dav.sv.uio.no/econ/english/people/admin/mhz/index.html
https://www-dav.sv.uio.no/econ/english/people/admin/mhz/index000.html
https://www-dav.sv.uio.no/sai/personer/vit/thorgeik/index.html
https://www-dav.sv.uio.no/sai/english/people/aca/thorgeik/index.html
https://www-dav.sv.uio.no/sai/english/people/aca/cecilgsa/index.html
https://www-dav.sv.uio.no/psi/personer/vit/andreen/index.html
https://www-dav.sv.uio.no/tik/english/people/aca/keithhs/index.html
https://www-dav.sv.uio.no/tik/personer/vit/keithhs/index.html
https://www-dav.sv.uio.no/iss/english/people/aca/jornel/index.html
https://www-dav.sv.uio.no/iss/english/people/admin/lixianch/index.html
https://www-dav.sv.uio.no/iss/english/people/aca/nanz/index.html
https://www-dav.sv.uio.no/iss/english/people/aca/haldorb/index.html
https://www-dav.sv.uio.no/iss/personer/vit/haldorb/index.html
https://www-dav.sv.uio.no/iss/personer/vit/tonemlio/index.html
https://www-dav.sv.uio.no/psi/english/people/aca/martiake/index.html
https://www-dav.sv.uio.no/tik/english/people/aca/stefanij/index.html
https://www-dav.sv.uio.no/econ/personer/vit/andegk/index.html
https://www-dav.sv.uio.no/psi/personer/vit/martiake/index.html
https://www-dav.sv.uio.no/econ/personer/vit/adrienv/index.html
https://www-dav.sv.uio.no/econ/personer/vit/karenmi/index.html
https://www-dav.sv.uio.no/psi/english/people/aca/roaldbj/index.html
https://www-dav.sv.uio.no/psi/personer/vit/roaldbj/index.html
https://www-dav.sv.uio.no/psi/personer/vit/timothb/index.html
https://www-dav.sv.uio.no/psi/english/people/aca/timothb/index.html
https://www-dav.sv.uio.no/psi/english/people/aca/eliseto/index.html
https://www-dav.sv.uio.no/iss/personer/adm/lindsy/index.html
https://www-dav.sv.uio.no/isv/personer/vit/andersju/index.html
https://www-dav.sv.uio.no/arena/personer/vit/helenesj/index.html
https://www-dav.sv.uio.no/arena/personer/vit/erikoer/index.html
https://www-dav.sv.uio.no/arena/english/people/aca/helenesj/index.html
https://www-dav.sv.uio.no/arena/english/people/aca/erikoer/index.html
https://www-dav.sv.uio.no/arena/english/people/aca/ninamv/index.html
https://www-dav.sv.uio.no/arena/english/people/aca/johanstr/index.html
https://www-dav.sv.uio.no/arena/english/people/aca/helensei/index.html
https://www-dav.sv.uio.no/arena/english/people/aca/guriros/index.html
https://www-dav.sv.uio.no/arena/english/people/aca/mariarid/index.html
https://www-dav.sv.uio.no/arena/english/people/aca/stvjpo1/index.html
https://www-dav.sv.uio.no/arena/english/people/admin/shholmoy/index.html
https://www-dav.sv.uio.no/arena/english/people/aca/asiminam/index.html
https://www-dav.sv.uio.no/arena/english/people/stud-ass/kadrita/index.html
https://www-dav.sv.uio.no/arena/english/people/admin/ragnarli/index.html
https://www-dav.sv.uio.no/arena/english/people/admin/geirok/index.html
https://www-dav.sv.uio.no/arena/english/people/aca/cathho/index.html
https://www-dav.sv.uio.no/arena/english/people/admin/idahjel/index.html
https://www-dav.sv.uio.no/arena/english/people/admin/sindreeh/sindreeh.html
https://www-dav.sv.uio.no/arena/english/people/aca/chrisg/index.html
https://www-dav.sv.uio.no/arena/english/people/aca/aasego/index.html
https://www-dav.sv.uio.no/arena/english/people/aca/danielga/index.html
https://www-dav.sv.uio.no/arena/english/people/aca/jonef/index.html
https://www-dav.sv.uio.no/arena/english/people/admin/marieldh/index.html
https://www-dav.sv.uio.no/arena/english/people/aca/stvme1/index.html
https://www-dav.sv.uio.no/arena/english/people/aca/robertic/index.html
https://www-dav.sv.uio.no/arena/english/people/aca/menghsuc/index.html
https://www-dav.sv.uio.no/arena/personer/adm/ragnarli/index.html
https://www-dav.sv.uio.no/arena/personer/adm/geirok/index.html
https://www-dav.sv.uio.no/arena/personer/adm/idahjel/index.html
https://www-dav.sv.uio.no/arena/personer/adm/sindreeh/index.html
https://www-dav.sv.uio.no/arena/personer/vit/jonef/index.html
https://www-dav.sv.uio.no/arena/personer/adm/marieldh/index.html
https://www-dav.sv.uio.no/arena/personer/vit/stvme1/index.html
https://www-dav.sv.uio.no/arena/personer/vit/stvjpo1/index.html
https://www-dav.sv.uio.no/arena/personer/vit/espendo/index.html
https://www-dav.sv.uio.no/arena/personer/vit/danielga/index.html
https://www-dav.sv.uio.no/arena/personer/vit/robertic/index.html
https://www-dav.sv.uio.no/arena/personer/vit/menghsuc/index.html
https://www-dav.sv.uio.no/arena/personer/vit/ninamv/index.html
https://www-dav.sv.uio.no/arena/personer/vit/guriros/index.html
https://www-dav.sv.uio.no/arena/personer/vit/mariarid/index.html
https://www-dav.sv.uio.no/arena/personer/vit/chrilor/index.html
https://www-dav.sv.uio.no/arena/personer/vit/asiminam/index.html
https://www-dav.sv.uio.no/arena/personer/vit/cathho/index.html
https://www-dav.sv.uio.no/arena/personer/adm/shholmoy/index.html
https://www-dav.sv.uio.no/arena/personer/vit/chrisg/index.html
https://www-dav.sv.uio.no/arena/personer/stud-ass/assistenter/kadrita/index.html
https://www-dav.sv.uio.no/arena/personer/vit/aasego/index.html
https://www-dav.sv.uio.no/isv/personer/adm/aashildr/index.html
https://www-dav.sv.uio.no/personer/adm/fak/studier/aneslo/index.html
https://www-dav.sv.uio.no/econ/personer/vit/tarjeiha/index.html
https://www-dav.sv.uio.no/econ/english/people/aca/tarjeiha/index.html
https://www-dav.sv.uio.no/tik/personer/adm/moeno/index.html
https://www-dav.sv.uio.no/tik/english/people/aca/asdisj/index.html
https://www-dav.sv.uio.no/tik/personer/vit/asdisj/index.html
https://www-dav.sv.uio.no/tik/personer/vit/stefanij/index.html
https://www-dav.sv.uio.no/tik/personer/vit/skasa/index.html
https://www-dav.sv.uio.no/econ/personer/vit/ninael/index.html
https://www-dav.sv.uio.no/econ/english/people/aca/ninael/index.html
https://www-dav.sv.uio.no/psi/english/people/aca/erikc/index.html
https://www-dav.sv.uio.no/econ/personer/vit/vidarch/index.html
https://www-dav.sv.uio.no/psi/english/people/aca/tendesta/index.html
https://www-dav.sv.uio.no/psi/personer/vit/tendesta/index.html
https://www-dav.sv.uio.no/psi/english/people/aca/reidaro/index.html
https://www-dav.sv.uio.no/psi/personer/vit/reidaro/index.html
https://www-dav.sv.uio.no/iss/english/people/admin/joakidy/index.html
https://www-dav.sv.uio.no/isv/personer/adm/kentigr/index.html
https://www-dav.sv.uio.no/econ/personer/vit/karlom/index.html
https://www-dav.sv.uio.no/arena/personer/vit/helensei/index.html
https://www-dav.sv.uio.no/psi/english/people/aca/francisp/index.html
https://www-dav.sv.uio.no/psi/personer/vit/francisp/index.html
https://www-dav.sv.uio.no/arena/personer/vit/johanstr/index.html
https://www-dav.sv.uio.no/tik/personer/vit/tonedr/index.html
https://www-dav.sv.uio.no/sai/personer/vit/ebanfins/index.html
https://www-dav.sv.uio.no/psi/personer/vit/erikc/index.html
https://www-dav.sv.uio.no/iss/personer/adm/kathl/index.html
https://www-dav.sv.uio.no/iss/personer/adm/gunha/index.html
https://www-dav.sv.uio.no/psi/personer/vit/avdl/index.html
https://www-dav.sv.uio.no/arena/english/people/stud-ass/hskarv/index.html
https://www-dav.sv.uio.no/arena/personer/stud-ass/assistenter/hskarv/index.html
https://www-dav.sv.uio.no/arena/personer/stud-ass/assistenter/solveigs/index.html
https://www-dav.sv.uio.no/arena/english/people/guest-researchers/stefabr/index.html
https://www-dav.sv.uio.no/arena/personer/gjesteforskere/stefabr/index.html
https://www-dav.sv.uio.no/iss/english/people/aca/toreraf/index.html
https://www-dav.sv.uio.no/psi/personer/adm/toneels/index.html
https://www-dav.sv.uio.no/psi/english/people/admin/sindreri/index.html
https://www-dav.sv.uio.no/psi/english/people/admin/kristiom/index.html
https://www-dav.sv.uio.no/arena/english/people/stud-ass/solveigs/index.html
https://www-dav.sv.uio.no/sai/english/people/aca/annehg/index.html
https://www-dav.sv.uio.no/sai/english/people/aca/annekatn/index.html
https://www-dav.sv.uio.no/sai/personer/vit/annehg/index.html
https://www-dav.sv.uio.no/sai/english/people/aca/ebanfins/index.html
https://www-dav.sv.uio.no/psi/personer/vit/henninb/index.html
https://www-dav.sv.uio.no/psi/english/people/aca/henningb/index.html
https://www-dav.sv.uio.no/econ/personer/vit/rnymoen/index.html
https://www-dav.sv.uio.no/personer/adm/fak/studier/linerak/index.html
https://www-dav.sv.uio.no/iss/personer/vit/toreraf/index.html
https://www-dav.sv.uio.no/iss/personer/adm/lixianch/index.html
https://www-dav.sv.uio.no/iss/personer/adm/audunme/index.html
https://www-dav.sv.uio.no/sai/personer/vit/susannbr/index.html
https://www-dav.sv.uio.no/personer/adm/fak/it-av/rubensv/index.html
https://www-dav.sv.uio.no/personer/adm/fak/studier/holdhus/index.html
https://www-dav.sv.uio.no/tik/personer/adm/tinanae/index.html
https://www-dav.sv.uio.no/sai/english/people/aca/showell/index.html
https://www-dav.sv.uio.no/sai/personer/vit/sarahls/index.html
https://www-dav.sv.uio.no/sai/personer/vit/efurst/index.html
https://www-dav.sv.uio.no/sai/personer/vit/runefl/index.html
https://www-dav.sv.uio.no/sai/personer/vit/sharama/index.html
https://www-dav.sv.uio.no/econ/personer/vit/mihoel/index.html
https://www-dav.sv.uio.no/econ/personer/vit/jvislie/index.html
https://www-dav.sv.uio.no/arena/personer/stud-ass/assistenter/kathinlr/index.html
https://www-dav.sv.uio.no/arena/personer/stud-ass/assistenter/chriosa/index.html
https://www-dav.sv.uio.no/arena/english/people/aca/stvus1/index.html
https://www-dav.sv.uio.no/arena/personer/vit/stvus/index.html
https://www-dav.sv.uio.no/isv/personer/vit/runekarl/index.html
https://www-dav.sv.uio.no/econ/english/people/aca/bstigum/index.html
https://www-dav.sv.uio.no/iss/personer/adm/joakidy/index.html
https://www-dav.sv.uio.no/personer/adm/fak/it-av/hein/index.html
https://www-dav.sv.uio.no/sai/english/people/aca/csorhaug/index.html
https://www-dav.sv.uio.no/iss/english/people/admin/mattheww/index.html
https://www-dav.sv.uio.no/sai/english/people/admin/mattheww/index.html
https://www-dav.sv.uio.no/iss/personer/adm/frankps/index.html
https://www-dav.sv.uio.no/iss/personer/adm/mattheww/index.html
https://www-dav.sv.uio.no/econ/english/people/admin/torillbo/index.html
https://www-dav.sv.uio.no/econ/english/people/aca/tores/index.html
https://www-dav.sv.uio.no/econ/english/people/aca/tskrogh/index.html
https://www-dav.sv.uio.no/econ/english/people/aca/toneo/index.html
https://www-dav.sv.uio.no/econ/english/people/admin/tonee/index.html
https://www-dav.sv.uio.no/econ/english/people/aca/sholden/index.html
https://www-dav.sv.uio.no/econ/english/people/admin/snezanae/index.html
https://www-dav.sv.uio.no/econ/english/people/aca/sigurg/index.html
https://www-dav.sv.uio.no/econ/english/people/aca/ragnhifj/index.html
https://www-dav.sv.uio.no/econ/english/people/aca/rnymoen/index.html
https://www-dav.sv.uio.no/econ/english/people/aca/okravdal/index.html
https://www-dav.sv.uio.no/econ/english/people/aca/nhfehr/index.html
https://www-dav.sv.uio.no/econ/english/people/aca/mihoel/index.html
https://www-dav.sv.uio.no/econ/english/people/admin/merethea/index.html
https://www-dav.sv.uio.no/econ/english/people/aca/mstrom/index.html
https://www-dav.sv.uio.no/econ/english/people/aca/lasseeik/index.html
https://www-dav.sv.uio.no/econ/english/people/aca/kso/index.html
https://www-dav.sv.uio.no/econ/english/people/aca/knutsy/index.html
https://www-dav.sv.uio.no/econ/english/people/admin/kasverre/index.html
https://www-dav.sv.uio.no/econ/english/people/admin/katbli/index.html
https://www-dav.sv.uio.no/econ/english/people/aca/karivea/index.html
https://www-dav.sv.uio.no/econ/english/people/aca/karenmi/index.html
https://www-dav.sv.uio.no/econ/english/people/aca/jvislie/index.html
https://www-dav.sv.uio.no/econ/english/people/aca/jennymcl/index.html
https://www-dav.sv.uio.no/econ/english/people/admin/ingsand/index.html
https://www-dav.sv.uio.no/econ/english/people/aca/haraldg/index.html
https://www-dav.sv.uio.no/econ/english/people/aca/gryto/index.html
https://www-dav.sv.uio.no/econ/english/people/admin/gstensbo/index.html
https://www-dav.sv.uio.no/econ/english/people/aca/fredrihw/index.html
https://www-dav.sv.uio.no/econ/english/people/aca/finnrf/index.html
https://www-dav.sv.uio.no/econ/english/people/aca/eaboler/index.html
https://www-dav.sv.uio.no/econ/english/people/aca/erlingba/index.html
https://www-dav.sv.uio.no/econ/english/people/aca/dilund/index.html
https://www-dav.sv.uio.no/econ/english/people/aca/berheb/index.html
https://www-dav.sv.uio.no/econ/english/people/aca/asro/index.html
https://www-dav.sv.uio.no/econ/english/people/aca/andrekan/index.html
https://www-dav.sv.uio.no/econ/english/people/aca/amsandso/index.html
https://www-dav.sv.uio.no/econ/english/people/aca/karlom/index.html
https://www-dav.sv.uio.no/econ/personer/adm/torillbo/index.html
https://www-dav.sv.uio.no/econ/personer/adm/tonee/index.html
https://www-dav.sv.uio.no/econ/personer/adm/snezanae/index.html
https://www-dav.sv.uio.no/econ/personer/adm/merethea/index.html
https://www-dav.sv.uio.no/econ/personer/adm/katbli/index.html
https://www-dav.sv.uio.no/econ/personer/adm/kasverre/index.html
https://www-dav.sv.uio.no/econ/personer/adm/ingsand/index.html
https://www-dav.sv.uio.no/econ/personer/adm/gstensbo/index.html
https://www-dav.sv.uio.no/econ/personer/vit/tskrogh/index.html
https://www-dav.sv.uio.no/econ/personer/vit/tores/index.html
https://www-dav.sv.uio.no/econ/personer/vit/toneo/index.html
https://www-dav.sv.uio.no/econ/personer/vit/sigurg/index.html
https://www-dav.sv.uio.no/econ/personer/vit/sholden/index.html
https://www-dav.sv.uio.no/econ/personer/vit/ragnhifj/index.html
https://www-dav.sv.uio.no/econ/personer/vit/okravdal/index.html
https://www-dav.sv.uio.no/econ/personer/vit/mstrom/index.html
https://www-dav.sv.uio.no/econ/personer/vit/lasseeik/index.html
https://www-dav.sv.uio.no/econ/personer/vit/kso/index.html
https://www-dav.sv.uio.no/econ/personer/vit/knutsy/index.html
https://www-dav.sv.uio.no/econ/personer/vit/kjellbre/index.html
https://www-dav.sv.uio.no/econ/personer/vit/karivea/index.html
https://www-dav.sv.uio.no/econ/personer/vit/jennymcl/index.html
https://www-dav.sv.uio.no/econ/personer/vit/haraldg/index.html
https://www-dav.sv.uio.no/econ/personer/vit/gryto/index.html
https://www-dav.sv.uio.no/econ/personer/vit/andrekan/index.html
https://www-dav.sv.uio.no/econ/personer/vit/asro/index.html
https://www-dav.sv.uio.no/econ/personer/vit/dilund/index.html
https://www-dav.sv.uio.no/econ/personer/vit/eaboler/index.html
https://www-dav.sv.uio.no/econ/personer/vit/erlingba/index.html
https://www-dav.sv.uio.no/econ/personer/vit/finnrf/index.html
https://www-dav.sv.uio.no/econ/personer/vit/fredrihw/index.html
https://www-dav.sv.uio.no/econ/personer/vit/amsandso/index.html
https://www-dav.sv.uio.no/econ/personer/vit/toreni/index.html
https://www-dav.sv.uio.no/econ/personer/adm/mhz/index.html
https://www-dav.sv.uio.no/personer/adm/fak/personal/berittro/index.html
https://www-dav.sv.uio.no/personer/adm/fak/forskning/ramg/index.html
https://www-dav.sv.uio.no/iss/english/people/aca/hansena/index.html
https://www-dav.sv.uio.no/personer/adm/fak/ledelsen/ingerann/index.html
https://www-dav.sv.uio.no/isv/personer/adm/anettl/index.html
https://www-dav.sv.uio.no/sai/personer/adm/mattheww/index.html
https://www-dav.sv.uio.no/iss/personer/vit/jornel/index.html
https://www-dav.sv.uio.no/isv/personer/adm/dagfinha/index.html
https://www-dav.sv.uio.no/isv/personer/adm/guroov/index.html
https://www-dav.sv.uio.no/psi/english/people/aca/geirki/index.html
https://www-dav.sv.uio.no/psi/personer/vit/geirki/index.html
https://www-dav.sv.uio.no/psi/personer/vit/kmviana/index.html
https://www-dav.sv.uio.no/psi/english/people/aca/kmviana/index.html
https://www-dav.sv.uio.no/psi/english/people/aca/dagaln/index.html
https://www-dav.sv.uio.no/psi/personer/vit/dagaln/index.html
https://www-dav.sv.uio.no/isv/personer/vit/berasch/index.html
https://www-dav.sv.uio.no/sai/personer/adm/astrid/index.html
https://www-dav.sv.uio.no/iss/personer/vit/nanz/index.html
https://www-dav.sv.uio.no/psi/personer/vit/brunol/index.html
https://www-dav.sv.uio.no/isv/personer/adm/jennyes/index.html
https://www-dav.sv.uio.no/psi/personer/vit/bjorggr/index.html
https://www-dav.sv.uio.no/isv/english/people/adm/jennyes/index.html
https://www-dav.sv.uio.no/isv/personer/vit/dagc/index.html
https://www-dav.sv.uio.no/psi/english/people/admin/bjornahj/index.html
https://www-dav.sv.uio.no/psi/personer/adm/bjornahj/index.html
https://www-dav.sv.uio.no/iss/english/people/aca/paalkle/index.html
https://www-dav.sv.uio.no/iss/personer/vit/paalkle/index.html
https://www-dav.sv.uio.no/personer/adm/fak/personal/stvamh1/index.html
https://www-dav.sv.uio.no/psi/personer/vit/sabinr/index.html
https://www-dav.sv.uio.no/psi/english/people/aca/sabinr/index.html
https://www-dav.sv.uio.no/psi/english/people/admin/didarak/index.html
https://www-dav.sv.uio.no/psi/personer/adm/didarak/index.html
https://www-dav.sv.uio.no/isv/english/people/aca/josteira/index.html
https://www-dav.sv.uio.no/psi/personer/vit/sveinma/index.html
https://www-dav.sv.uio.no/sai/personer/vit/ckh/index.html
https://www-dav.sv.uio.no/sai/personer/vit/oddare/index.html
https://www-dav.sv.uio.no/psi/english/people/admin/grogr/index.html
https://www-dav.sv.uio.no/sai/personer/vit/csorhaug/index.html
https://www-dav.sv.uio.no/psi/personer/adm/grogr/index.html
https://www-dav.sv.uio.no/sai/personer/vit/ceciln/index.html
https://www-dav.sv.uio.no/isv/english/people/aca/berasch/index.html
https://www-dav.sv.uio.no/psi/personer/adm/stiaandr/index.html
https://www-dav.sv.uio.no/psi/english/people/admin/bethinj/index.html
https://www-dav.sv.uio.no/psi/personer/adm/bethinj/index.html
https://www-dav.sv.uio.no/arena/english/people/aca/hansjurt/index.html
https://www-dav.sv.uio.no/isv/personer/vit/bjornkho/index.html
https://www-dav.sv.uio.no/isv/personer/vit/wcm/index.html
https://www-dav.sv.uio.no/sai/personer/vit/ninahasl/index.html
https://www-dav.sv.uio.no/sai/english/people/aca/ninahasl/index.html
https://www-dav.sv.uio.no/iss/english/people/aca/lynnr/index.html
https://www-dav.sv.uio.no/iss/personer/vit/lynnr/index.html
https://www-dav.sv.uio.no/isv/personer/adm/idawbj/index.html
https://www-dav.sv.uio.no/psi/english/people/aca/andersmf/index.html
https://www-dav.sv.uio.no/isv/english/people/aca/elinal/index.html
https://www-dav.sv.uio.no/isv/personer/vit/elinal/index.html
https://www-dav.sv.uio.no/isv/english/people/aca/stvau1/index.html
https://www-dav.sv.uio.no/isv/personer/vit/stvau1/index.html
https://www-dav.sv.uio.no/tik/english/people/aca/hryggvik/index.html
https://www-dav.sv.uio.no/tik/personer/vit/hryggvik/index.html
https://www-dav.sv.uio.no/psi/personer/vit/karito/index.html
https://www-dav.sv.uio.no/econ/personer/vit/bstigum/index.html
https://www-dav.sv.uio.no/iss/english/people/admin/siriss/index.html
https://www-dav.sv.uio.no/personer/vit/andersi/index.html
https://www-dav.sv.uio.no/psi/personer/vit/andersmf/index.html
https://www-dav.sv.uio.no/tik/personer/adm/annecwe/index.html
https://www-dav.sv.uio.no/iss/english/people/aca/mnhansen/index.html
https://www-dav.sv.uio.no/iss/personer/vit/mnhansen/index.html
https://www-dav.sv.uio.no/econ/english/people/aca/victosp/index.html
https://www-dav.sv.uio.no/econ/personer/vit/jorgem/index.html
https://www-dav.sv.uio.no/iss/personer/adm/sirimit/index.html
https://www-dav.sv.uio.no/personer/adm/fak/okonomi/terjhegg/index.html
https://www-dav.sv.uio.no/econ/personer/vit/jlind/index.html
https://www-dav.sv.uio.no/econ/english/people/aca/jlind/index.html
https://www-dav.sv.uio.no/tik/english/people/adm/annecwe/index.html
https://www-dav.sv.uio.no/psi/personer/vit/bjornki/index.html
https://www-dav.sv.uio.no/arena/personer/vit/Emanuel%20Crudu/index.html
https://www-dav.sv.uio.no/arena/english/people/stud-ass/chriosa/index.html
https://www-dav.sv.uio.no/arena/personer/vit/rafalr/index.html
https://www-dav.sv.uio.no/arena/english/people/aca/rafalr/index.html
https://www-dav.sv.uio.no/tik/personer/vit/mortfos/index.html
https://www-dav.sv.uio.no/tik/english/people/aca/mortfos/index.html
https://www-dav.sv.uio.no/psi/personer/vit/oleandr/index.html
https://www-dav.sv.uio.no/psi/english/people/aca/oleandr/index.html
https://www-dav.sv.uio.no/iss/personer/vit/ferdinam/index.html
https://www-dav.sv.uio.no/sai/personer/vit/arveso/index.html
https://www-dav.sv.uio.no/psi/english/people/admin/juliekj/index.html
https://www-dav.sv.uio.no/psi/personer/adm/juliekj/index.html
https://www-dav.sv.uio.no/isv/personer/vit/hannemn/index.html
https://www-dav.sv.uio.no/psi/english/people/aca/ellenmw/index.html
https://www-dav.sv.uio.no/psi/personer/vit/ellenmw/index.html
https://www-dav.sv.uio.no/sai/personer/vit/ingjerdh/index.html
https://www-dav.sv.uio.no/econ/english/people/aca/siljeasl/index.html
https://www-dav.sv.uio.no/psi/english/people/aca/terjeo/index.html
https://www-dav.sv.uio.no/psi/personer/vit/terjeo/index.html
https://www-dav.sv.uio.no/econ/personer/vit/erikbi/index.html
https://www-dav.sv.uio.no/econ/english/people/aca/erikbi/index.html
https://www-dav.sv.uio.no/iss/personer/vit/jenshj/index.html
https://www-dav.sv.uio.no/psi/personer/vit/annejans/index.html
https://www-dav.sv.uio.no/psi/english/people/aca/annejans/index.html
https://www-dav.sv.uio.no/psi/english/people/aca/guidopb/index.html
https://www-dav.sv.uio.no/econ/personer/vit/erlendf/index.html
https://www-dav.sv.uio.no/iss/english/people/aca/ferdinam/index.html
https://www-dav.sv.uio.no/econ/personer/vit/victosp/index.html
https://www-dav.sv.uio.no/psi/english/people/admin/sigridfs/index.html
https://www-dav.sv.uio.no/iss/english/people/aca/sveinus/index.html
https://www-dav.sv.uio.no/iss/personer/vit/sveinus/index.html
https://www-dav.sv.uio.no/iss/english/people/aca/eachrist/index.html
https://www-dav.sv.uio.no/iss/personer/vit/eachrist/index.html
https://www-dav.sv.uio.no/econ/personer/vit/solveich/index.html
https://www-dav.sv.uio.no/psi/english/people/aca/kjetiss/index.html
https://www-dav.sv.uio.no/psi/personer/vit/kjetiss/index.html
https://www-dav.sv.uio.no/psi/english/people/aca/svennt/index.html
https://www-dav.sv.uio.no/psi/personer/vit/svennt/index.html
https://www-dav.sv.uio.no/psi/personer/vit/jsmedslu/index.html
https://www-dav.sv.uio.no/econ/personer/vit/hmehlum/index.html
https://www-dav.sv.uio.no/isv/personer/vit/josteira/index.html
https://www-dav.sv.uio.no/psi/personer/adm/sigridfs/index.html
https://www-dav.sv.uio.no/sai/english/people/aca/arnds/index.html
https://www-dav.sv.uio.no/iss/personer/vit/anjabs/index.html
https://www-dav.sv.uio.no/iss/personer/adm/karhen/index.html
https://www-dav.sv.uio.no/econ/personer/vit/alfonso/index.html
https://www-dav.sv.uio.no/econ/english/people/admin/hal/index.html
https://www-dav.sv.uio.no/iss/personer/vit/joniels/index.html
https://www-dav.sv.uio.no/econ/personer/adm/hal/index.html
https://www-dav.sv.uio.no/psi/personer/vit/larstw/index.html
https://www-dav.sv.uio.no/isv/personer/vit/haraldba/index.html
https://www-dav.sv.uio.no/psi/personer/vit/astrbj/index.html
https://www-dav.sv.uio.no/sai/english/people/aca/saraam/index.html
https://www-dav.sv.uio.no/sai/personer/vit/saraam/index.html
https://www-dav.sv.uio.no/econ/personer/vit/bozh/index.html
https://www-dav.sv.uio.no/econ/personer/vit/ncf/index.html
https://www-dav.sv.uio.no/isv/english/people/aca/ssherman/index.html
https://www-dav.sv.uio.no/isv/personer/vit/ssherman/index.html
https://www-dav.sv.uio.no/sai/english/people/admin/kirsteng/index.html
https://www-dav.sv.uio.no/sai/personer/adm/kirsteng/index-gml.html
https://www-dav.sv.uio.no/sai/personer/adm/kirsteng/index.html
https://www-dav.sv.uio.no/psi/personer/vit/thomahof/index.html
https://www-dav.sv.uio.no/personer/adm/fak/studier/kentigr/index.html
https://www-dav.sv.uio.no/isv/personer/vit/tatjas/index.html
https://www-dav.sv.uio.no/isv/english/people/aca/tatjas/index.html
https://www-dav.sv.uio.no/sai/personer/vit/jhremme/index.html
https://www-dav.sv.uio.no/sai/personer/adm/gyroh/index.html
https://www-dav.sv.uio.no/sai/personer/adm/clpz/index.html
https://www-dav.sv.uio.no/sai/personer/adm/nataliz/index.html
https://www-dav.sv.uio.no/sai/personer/adm/mettekst/index.html
https://www-dav.sv.uio.no/sai/personer/adm/alfcj/index.html
https://www-dav.sv.uio.no/sai/english/people/admin/astrid/index.html
https://www-dav.sv.uio.no/psi/english/people/admin/stiaandr/index.html
https://www-dav.sv.uio.no/personer/adm/fak/studier/hedvigmb/index.html
https://www-dav.sv.uio.no/english/people/admin/fac/studies/hedvigmb/index.html
https://www-dav.sv.uio.no/psi/personer/adm/unnimbi/index.html
https://www-dav.sv.uio.no/psi/personer/adm/aroseid/index.html
https://www-dav.sv.uio.no/psi/personer/adm/halvst/index.html
https://www-dav.sv.uio.no/psi/personer/adm/kristiom/index.html
https://www-dav.sv.uio.no/psi/personer/vit/pialy/index.html
https://www-dav.sv.uio.no/iss/personer/adm/audjs/index.html
https://www-dav.sv.uio.no/psi/personer/adm/sveinhm/index.html
https://www-dav.sv.uio.no/econ/personer/adm/erihan/index.html
https://www-dav.sv.uio.no/iss/personer/vit/patrican/index.html
https://www-dav.sv.uio.no/psi/personer/vit/sirigra/index.html
https://www-dav.sv.uio.no/psi/english/people/aca/sirigra/index.html
https://www-dav.sv.uio.no/psi/personer/vit/claesvh/index.html
https://www-dav.sv.uio.no/econ/personer/vit/steinast/index.html
https://www-dav.sv.uio.no/psi/personer/vit/annkrisc/index.html
https://www-dav.sv.uio.no/arena/english/people/aca/crudu/index.html
https://www-dav.sv.uio.no/tik/english/people/aca/janesu/index.html
https://www-dav.sv.uio.no/tik/personer/vit/janesu/index.html
https://www-dav.sv.uio.no/isv/personer/adm/ingrga/index.html
https://www-dav.sv.uio.no/psi/personer/vit/sveinmos/index.html
https://www-dav.sv.uio.no/psi/personer/vit/fduckert/index.html
https://www-dav.sv.uio.no/tik/english/people/aca/ivarjh/index.html
https://www-dav.sv.uio.no/tik/english/people/aca/guros/index.html
https://www-dav.sv.uio.no/tik/english/people/aca/goransu/index.html
https://www-dav.sv.uio.no/tik/english/people/aca/linmadse/index.html
https://www-dav.sv.uio.no/tik/personer/vit/linmadse/index.html
https://www-dav.sv.uio.no/isv/english/people/aca/stveb1/index.html
https://www-dav.sv.uio.no/isv/english/people/aca/stvok1/index.html
https://www-dav.sv.uio.no/isv/english/people/aca/runekarl/index.html
https://www-dav.sv.uio.no/isv/english/people/aca/stvoh1/index.html
https://www-dav.sv.uio.no/iss/english/people/aca/magneof/index.html
https://www-dav.sv.uio.no/iss/personer/vit/magneof/index.html
https://www-dav.sv.uio.no/psi/personer/vit/astridwo/index.html
https://www-dav.sv.uio.no/psi/personer/vit/karlte/index.html
https://www-dav.sv.uio.no/psi/personer/vit/katriroe/index.html
https://www-dav.sv.uio.no/psi/personer/vit/geirov/index.html
https://www-dav.sv.uio.no/psi/personer/vit/henrikna/index.html
https://www-dav.sv.uio.no/psi/personer/vit/hnafstad/index.html
https://www-dav.sv.uio.no/psi/personer/vit/ikvalem/index.html
https://www-dav.sv.uio.no/psi/personer/vit/paalkra/index.html
https://www-dav.sv.uio.no/psi/personer/vit/rmb/index.html
https://www-dav.sv.uio.no/psi/personer/vit/agnesan/index.html
https://www-dav.sv.uio.no/psi/personer/vit/kristbw/index.html
https://www-dav.sv.uio.no/psi/personer/vit/reinvang/index.html
https://www-dav.sv.uio.no/psi/personer/vit/nilsil/index.html
https://www-dav.sv.uio.no/psi/personer/vit/andersza/index.html
https://www-dav.sv.uio.no/psi/personer/vit/ovassend/index.html
https://www-dav.sv.uio.no/psi/personer/vit/annemto/index.html
https://www-dav.sv.uio.no/psi/personer/vit/oddat/index.html
https://www-dav.sv.uio.no/psi/personer/vit/norasv/index.html
https://www-dav.sv.uio.no/psi/personer/vit/jmsundet/index.html
https://www-dav.sv.uio.no/psi/personer/vit/espenro/index.html
https://www-dav.sv.uio.no/psi/personer/vit/helgero/index.html
https://www-dav.sv.uio.no/psi/personer/vit/jonmo/index.html
https://www-dav.sv.uio.no/psi/personer/vit/hanneha/index.html
https://www-dav.sv.uio.no/psi/personer/vit/ellenha/index.html
https://www-dav.sv.uio.no/psi/personer/vit/knuthag/index.html
https://www-dav.sv.uio.no/psi/personer/vit/sirigu/index.html
https://www-dav.sv.uio.no/psi/personer/vit/catogro/index.html
https://www-dav.sv.uio.no/psi/personer/vit/kirstben/index.html
https://www-dav.sv.uio.no/sai/personer/vit/grobw/index.html
https://www-dav.sv.uio.no/arena/personer/vit/hansjurt/index.html
https://www-dav.sv.uio.no/tik/english/people/aca/jensh/index.html
https://www-dav.sv.uio.no/tik/personer/vit/jensh/index.html
https://www-dav.sv.uio.no/tik/english/people/aca/haukelid/index.html
https://www-dav.sv.uio.no/tik/personer/vit/haukelid/index.html
https://www-dav.sv.uio.no/tik/personer/vit/madsdg/index.html
https://www-dav.sv.uio.no/psi/personer/vit/paalul/index.html
https://www-dav.sv.uio.no/psi/personer/vit/stephent/index.html
https://www-dav.sv.uio.no/psi/personer/vit/evasko/index.html
https://www-dav.sv.uio.no/psi/personer/vit/annikamm/index.html
https://www-dav.sv.uio.no/psi/personer/vit/anneib/index.html
https://www-dav.sv.uio.no/psi/personer/vit/knutif/index.html
https://www-dav.sv.uio.no/psi/personer/vit/catobj/index.html
https://www-dav.sv.uio.no/iss/english/people/aca/anjabs/index.html
https://www-dav.sv.uio.no/isv/personer/vit/stvrm1/index.html
https://www-dav.sv.uio.no/iss/personer/adm/siriss/index.html
https://www-dav.sv.uio.no/personer/adm/fak/it-av/lmoer/index.html
https://www-dav.sv.uio.no/psi/personer/vit/andstors/index.html
https://www-dav.sv.uio.no/psi/english/people/aca/andstors/index.html
https://www-dav.sv.uio.no/sai/personer/vit/showell/index.html
https://www-dav.sv.uio.no/isv/personer/vit/stveb1/index.html
https://www-dav.sv.uio.no/isv/personer/vit/trnordby/index.html
https://www-dav.sv.uio.no/isv/english/people/aca/krihella/index.html
https://www-dav.sv.uio.no/isv/english/people/aca/amundli/index.html
https://www-dav.sv.uio.no/isv/english/people/aca/stvhh1/index.html
https://www-dav.sv.uio.no/isv/english/people/aca/dagc/index.html
https://www-dav.sv.uio.no/isv/personer/vit/mathiaj/index.html
https://www-dav.sv.uio.no/isv/personer/vit/torahe/index.html
https://www-dav.sv.uio.no/arena/english/people/aca/agustinm/index.html
https://www-dav.sv.uio.no/tik/personer/vit/wicken/index.html
https://www-dav.sv.uio.no/tik/personer/vit/frodehso/index.html
https://www-dav.sv.uio.no/tik/personer/vit/goransu/index.html
https://www-dav.sv.uio.no/tik/english/people/aca/hegerst/index.html
https://www-dav.sv.uio.no/tik/personer/vit/hegerst/index.html
https://www-dav.sv.uio.no/tik/personer/vit/hildre/index.html
https://www-dav.sv.uio.no/tik/personer/vit/htbpham/index.html
https://www-dav.sv.uio.no/tik/personer/vit/sisselmy/index.html
https://www-dav.sv.uio.no/tik/personer/vit/ivarjh/index.html
https://www-dav.sv.uio.no/tik/personer/vit/magnugul/index.html
https://www-dav.sv.uio.no/tik/english/people/aca/tonedr/index.html
https://www-dav.sv.uio.no/tik/personer/vit/siribor/index.html
https://www-dav.sv.uio.no/tik/personer/vit/kasdal/index.html
https://www-dav.sv.uio.no/tik/english/people/aca/wicken/index.html
https://www-dav.sv.uio.no/tik/english/people/aca/siribor/index.html
https://www-dav.sv.uio.no/tik/english/people/aca/htbpham/index.html
https://www-dav.sv.uio.no/tik/english/people/aca/kasdal/index.html
https://www-dav.sv.uio.no/tik/english/people/aca/madsdg/index.html
https://www-dav.sv.uio.no/tik/english/people/aca/sisselmy/index.html
https://www-dav.sv.uio.no/tik/english/people/aca/frodehso/index.html
https://www-dav.sv.uio.no/psi/personer/vit/guidopb/index.html
https://www-dav.sv.uio.no/tik/english/people/aca/skasa/index.html
https://www-dav.sv.uio.no/isv/english/people/aca/stvrm1/index.html
https://www-dav.sv.uio.no/tik/english/people/aca/magnugul/index.html
https://www-dav.sv.uio.no/isv/personer/vit/amundli/index.html
https://www-dav.sv.uio.no/tik/english/people/aca/hildre/index.html
https://www-dav.sv.uio.no/isv/english/people/aca/stvtb1/index.html
https://www-dav.sv.uio.no/isv/personer/vit/stvtb1/index.html
https://www-dav.sv.uio.no/isv/english/people/aca/mathiaj/index.html
https://www-dav.sv.uio.no/psi/english/people/aca/brunol/index.html
https://www-dav.sv.uio.no/isv/english/people/aca/bjornkho/index.html
https://www-dav.sv.uio.no/isv/english/people/aca/torahe/index.html
https://www-dav.sv.uio.no/isv/english/people/aca/tommyak/index.html
https://www-dav.sv.uio.no/isv/english/people/aca/hannemn/index.html
https://www-dav.sv.uio.no/isv/personer/vit/stvtc1/index.html
https://www-dav.sv.uio.no/isv/english/people/aca/stvjh1/index.html
https://www-dav.sv.uio.no/isv/personer/vit/stvjh1/index.html
https://www-dav.sv.uio.no/isv/personer/vit/tommyak/index.html
https://www-dav.sv.uio.no/iss/personer/vit/sylvie/index.html
https://www-dav.sv.uio.no/isv/personer/vit/stvth1/index.html
https://www-dav.sv.uio.no/isv/english/people/aca/stvkh1/index.html
https://www-dav.sv.uio.no/isv/personer/vit/stvkh1/index.html
https://www-dav.sv.uio.no/psi/english/people/aca/anemarts/index.html
https://www-dav.sv.uio.no/psi/personer/vit/anemarts/index.html
https://www-dav.sv.uio.no/isv/personer/vit/tsaglie/index.html
https://www-dav.sv.uio.no/isv/personer/vit/stvoh1/index.html
https://www-dav.sv.uio.no/isv/english/people/aca/kriskoll/index.html
https://www-dav.sv.uio.no/isv/personer/vit/kriskoll/index.html
https://www-dav.sv.uio.no/isv/english/people/aca/kiman/index.html
https://www-dav.sv.uio.no/isv/personer/vit/kiman/index.html
https://www-dav.sv.uio.no/isv/personer/vit/stvas1/index.html
https://www-dav.sv.uio.no/isv/english/people/aca/oivinbr/index.html
https://www-dav.sv.uio.no/isv/english/people/aca/torotte/index.html
https://www-dav.sv.uio.no/isv/personer/vit/dokken/index.html
https://www-dav.sv.uio.no/isv/english/people/aca/wcm/index.html
https://www-dav.sv.uio.no/isv/english/people/aca/ollet/index.html
https://www-dav.sv.uio.no/isv/english/people/aca/stinahs/index.html
https://www-dav.sv.uio.no/isv/personer/vit/stinahs/index.html
https://www-dav.sv.uio.no/isv/english/people/aca/annejse/index.html
https://www-dav.sv.uio.no/isv/personer/vit/annejse/index.html
https://www-dav.sv.uio.no/isv/personer/vit/ollet/index.html
https://www-dav.sv.uio.no/isv/personer/vit/haavarmn/index.html
https://www-dav.sv.uio.no/isv/personer/vit/hagtvet/index.html
https://www-dav.sv.uio.no/isv/personer/vit/stvba1/index.html
https://www-dav.sv.uio.no/isv/personer/vit/gudruno/index.html
https://www-dav.sv.uio.no/isv/personer/vit/ellenste/index.html
https://www-dav.sv.uio.no/isv/personer/vit/krihella/index.html
https://www-dav.sv.uio.no/isv/english/people/aca/vibekewh/index.html
https://www-dav.sv.uio.no/isv/personer/vit/vibekewh/index.html
https://www-dav.sv.uio.no/isv/personer/vit/stvok1/index.html
https://www-dav.sv.uio.no/isv/english/people/aca/stvme1/index.html
https://www-dav.sv.uio.no/isv/personer/vit/stvme1/index.html
https://www-dav.sv.uio.no/isv/personer/vit/carlhk/index.html
https://www-dav.sv.uio.no/psi/english/people/aca/annkrisc/index.html
https://www-dav.sv.uio.no/psi/personer/adm/tormode/index.html
https://www-dav.sv.uio.no/sai/english/people/aca/ceciln/index.html
https://www-dav.sv.uio.no/psi/personer/adm/sindreri/index.html
https://www-dav.sv.uio.no/iss/personer/adm/marilig/index.html
https://www-dav.sv.uio.no/sai/english/people/aca/susannbr/index.html
https://www-dav.sv.uio.no/sai/personer/vit/arnds/index.html
https://www-dav.sv.uio.no/isv/personer/vit/knutac/index.html
https://www-dav.sv.uio.no/isv/personer/vit/oivinbr/index.html
https://www-dav.sv.uio.no/isv/english/people/aca/andersju/index.html
https://www-dav.sv.uio.no/personer/adm/fak/forskning/lenacen/index.html
https://www-dav.sv.uio.no/sai/personer/vit/maritm/index.html
https://www-dav.sv.uio.no/sai/personer/vit/uwikan/index.html
https://www-dav.sv.uio.no/sai/personer/vit/paulwg/index.html
https://www-dav.sv.uio.no/sai/personer/vit/haraldbb/index.html
https://www-dav.sv.uio.no/sai/personer/vit/annekatn/index.html
https://www-dav.sv.uio.no/sai/english/people/aca/ckh/index.html
https://www-dav.sv.uio.no/sai/english/people/admin/geiryg/index.html
https://www-dav.sv.uio.no/sai/english/people/admin/nataliz/index.html
https://www-dav.sv.uio.no/psi/english/people/aca/sveinmos/index.html
https://www-dav.sv.uio.no/econ/english/people/aca/vidarch/index.html
https://www-dav.sv.uio.no/econ/english/people/admin/jelgvin/index.html
https://www-dav.sv.uio.no/isv/personer/adm/sivhaa/index.html
https://www-dav.sv.uio.no/isv/english/people/adm/bjornmf/index.html
https://www-dav.sv.uio.no/isv/personer/adm/bjornmf/index.html
https://www-dav.sv.uio.no/iss/personer/vit/katrif/index.html
https://www-dav.sv.uio.no/iss/personer/vit/janhes/index.html
https://www-dav.sv.uio.no/iss/personer/vit/stokke/index.html
https://www-dav.sv.uio.no/iss/personer/vit/annekrog/index.html
https://www-dav.sv.uio.no/iss/personer/vit/marianmi/index.html
https://www-dav.sv.uio.no/iss/personer/vit/fen/index.html
https://www-dav.sv.uio.no/iss/personer/vit/torbenhn/index.html
https://www-dav.sv.uio.no/iss/personer/vit/ragnvald/index.html
https://www-dav.sv.uio.no/iss/personer/vit/aresh/index.html
https://www-dav.sv.uio.no/iss/personer/vit/pergroe/index.html
https://www-dav.sv.uio.no/iss/personer/vit/regie/index.html
https://www-dav.sv.uio.no/iss/personer/vit/nicolabo/index.html
https://www-dav.sv.uio.no/iss/personer/vit/terjew/index.html
https://www-dav.sv.uio.no/iss/personer/vit/gunnacaa/index.html
https://www-dav.sv.uio.no/iss/personer/vit/gbrocman/index.html
https://www-dav.sv.uio.no/iss/personer/vit/ivarf/index.html
https://www-dav.sv.uio.no/iss/personer/vit/helena/index.html
https://www-dav.sv.uio.no/econ/personer/adm/jelgvin/index.html
https://www-dav.sv.uio.no/sai/arkiv/personer/handberg/index.html
https://www-dav.sv.uio.no/psi/personer/adm/egiltj/index.html
https://www-dav.sv.uio.no/arena/personer/vit/jarletr/index.html
https://www-dav.sv.uio.no/econ/english/people/aca/kundu/index.html
https://www-dav.sv.uio.no/econ/personer/vit/kundu/index.html
https://www-dav.sv.uio.no/tik/personer/adm/rajasinl/index.html
https://www-dav.sv.uio.no/psi/english/people/aca/ikvalem/index.html
https://www-dav.sv.uio.no/psi/english/people/aca/christk/index.html
https://www-dav.sv.uio.no/psi/personer/vit/christkt/index.html
https://www-dav.sv.uio.no/isv/english/people/aca/hahegre/index.html
https://www-dav.sv.uio.no/isv/personer/vit/hahegre/index.html
https://www-dav.sv.uio.no/psi/english/people/aca/ghnordby/index.html
https://www-dav.sv.uio.no/psi/personer/vit/ghnordby/index.html
https://www-dav.sv.uio.no/psi/english/people/aca/olgach/index.html
https://www-dav.sv.uio.no/psi/english/people/aca/agnesan/index.html
https://www-dav.sv.uio.no/psi/personer/vit/aesundne/index.html
https://www-dav.sv.uio.no/econ/gammelt/moved/personer/MOVED/pmunthe/index.html
https://www-dav.sv.uio.no/econ/gammelt/moved/personer/MOVED/jonhfi/index.html
https://www-dav.sv.uio.no/econ/gammelt/moved/personer/MOVED/birkeli/index.html
https://www-dav.sv.uio.no/econ/gammelt/moved/personer/jonhfi/index.html
https://www-dav.sv.uio.no/econ/gammelt/moved/personer/pmunthe/index.html
https://www-dav.sv.uio.no/econ/gammelt/moved/personer/birkeli/index.html
https://www-dav.sv.uio.no/arena/english/people/aca/test/index.html
https://www-dav.sv.uio.no/iss/english/people/aca/nicolabo/index.html
https://www-dav.sv.uio.no/psi/english/people/aca/paalul/index.html
https://www-dav.sv.uio.no/personer/adm/fak/okonomi/manneo/index.html
https://www-dav.sv.uio.no/personer/adm/fak/okonomi/clpz/index.html
https://www-dav.sv.uio.no/personer/adm/fak/forskning/olabrat/index.html
https://www-dav.sv.uio.no/psi/english/people/aca/jonalon/index.html
https://www-dav.sv.uio.no/psi/personer/vit/jonalon/index.html
https://www-dav.sv.uio.no/psi/personer/adm/trondsv/index.html
https://www-dav.sv.uio.no/psi/english/people/admin/aroseid/index.html
https://www-dav.sv.uio.no/sai/personer/vit/sindreba/index.html
https://www-dav.sv.uio.no/personer/adm/fak/arkiv/irmelij/index.html
https://www-dav.sv.uio.no/psi/personer/vit/mariraa/index.html
https://www-dav.sv.uio.no/personer/adm/fak/forskning-phd/sveing/index.html
https://www-dav.sv.uio.no/psi/english/people/admin/trina/index.html
https://www-dav.sv.uio.no/psi/personer/adm/trina/index.html
https://www-dav.sv.uio.no/arena/personer/vit/agustinm/index.html
https://www-dav.sv.uio.no/arena/english/people/aca/jarletr/index.html
https://www-dav.sv.uio.no/personer/adm/fak/studier/tonev/index.html
https://www-dav.sv.uio.no/iss/personer/vit/arvidf/index.html
https://www-dav.sv.uio.no/iss/english/people/aca/katrif/index.html
https://www-dav.sv.uio.no/iss/english/people/aca/annikaw/index.html
https://www-dav.sv.uio.no/iss/personer/vit/annikaw/index.html
https://www-dav.sv.uio.no/iss/personer/vit/dagal/index.html
https://www-dav.sv.uio.no/isv/english/people/aca/carlhk/index.html
https://www-dav.sv.uio.no/iss/personer/vit/gunnb/index.html
https://www-dav.sv.uio.no/econ/english/people/aca/keilman/index.html
https://www-dav.sv.uio.no/psi/personer/adm/perob/index.html
https://www-dav.sv.uio.no/psi/personer/adm/verao/index.html
https://www-dav.sv.uio.no/psi/english/people/admin/verao/index.html
https://www-dav.sv.uio.no/iss/personer/adm/lillib/index.html
https://www-dav.sv.uio.no/iss/english/people/aca/helena/index.html
https://www-dav.sv.uio.no/psi/english/people/aca/aesundne/index.html
https://www-dav.sv.uio.no/tik/personer/vit/stefaner/index.html
https://www-dav.sv.uio.no/isv/personer/adm/stianboh/index.html
https://www-dav.sv.uio.no/sai/english/people/aca/marianel/index.html
https://www-dav.sv.uio.no/sai/personer/vit/marianel/index.html
https://www-dav.sv.uio.no/iss/personer/vit/annemels/index.html
https://www-dav.sv.uio.no/iss/arkiv/english/people/aca/heidinic/index.html
https://www-dav.sv.uio.no/iss/arkiv/personer/vit/heidinic/index.html
https://www-dav.sv.uio.no/sai/personer/vit/akalland/index.html
https://www-dav.sv.uio.no/english/people/admin/fac/it-av/lmoer/index.html
https://www-dav.sv.uio.no/personer/adm/fak/arkiv/agniesbd/index.html
https://www-dav.sv.uio.no/psi/english/people/admin/magnue/index.html
https://www-dav.sv.uio.no/iss/english/people/aca/marianmi/index.html
https://www-dav.sv.uio.no/psi/english/people/admin/birgittb/index.html
https://www-dav.sv.uio.no/psi/english/people/admin/perob/index.html
https://www-dav.sv.uio.no/personer/adm/fak/arkiv/karimak/index.html
https://www-dav.sv.uio.no/personer/adm/fak/forskning/anderv/index.html
https://www-dav.sv.uio.no/psi/english/people/admin/halvst/index.html
https://www-dav.sv.uio.no/arena/english/people/stud-ass/haakoi/index.html
https://www-dav.sv.uio.no/iss/personer/vit/eselboe/index.html
https://www-dav.sv.uio.no/iss/english/people/aca/eselboe/index.html
https://www-dav.sv.uio.no/personer/adm/fak/forskning/synnoaas/index.html
https://www-dav.sv.uio.no/tik/english/people/adm/rajasinl/index.html
https://www-dav.sv.uio.no/arena/personer/vit/pieterd/index.html
https://www-dav.sv.uio.no/arena/personer/stud-ass/assistenter/haakoi/index.html
https://www-dav.sv.uio.no/psi/personer/vit/evaax/index.html
https://www-dav.sv.uio.no/psi/english/people/aca/haakongr/index.html
https://www-dav.sv.uio.no/psi/personer/vit/haakongr/index.html
https://www-dav.sv.uio.no/arena/english/people/aca/annesti/index.html
https://www-dav.sv.uio.no/arena/english/people/aca/pieterd/index.html
https://www-dav.sv.uio.no/iss/personer/adm/maalfrih/index.html
https://www-dav.sv.uio.no/iss/personer/adm/ingerlis/index.html
https://www-dav.sv.uio.no/iss/english/people/admin/ingerlis/index.html
https://www-dav.sv.uio.no/iss/english/people/admin/tarasar/index.html
https://www-dav.sv.uio.no/iss/english/people/aca/aresh/index.html
https://www-dav.sv.uio.no/iss/personer/adm/tarasar/index.html
https://www-dav.sv.uio.no/iss/personer/adm/andreags/index.html
https://www-dav.sv.uio.no/econ/personer/adm/olabrat/index.html
https://www-dav.sv.uio.no/iss/english/people/admin/andreags/index.html
https://www-dav.sv.uio.no/personer/vit/susannso/index.html
https://www-dav.sv.uio.no/tik/english/people/adm/tinanae/index.html
https://www-dav.sv.uio.no/sai/english/people/aca/jhremme/index.html
https://www-dav.sv.uio.no/psi/english/people/aca/larstw/index.html
https://www-dav.sv.uio.no/econ/personer/vit/evaklov/index.html
https://www-dav.sv.uio.no/econ/personer/vit/sarac/index.html
https://www-dav.sv.uio.no/econ/personer/vit/nilsaan/index.html
https://www-dav.sv.uio.no/psi/personer/adm/jannikn/index.html
https://www-dav.sv.uio.no/psi/english/people/admin/jannikn/index.html
https://www-dav.sv.uio.no/sai/personer/vit/geirthe/index.html
https://www-dav.sv.uio.no/sai/personer/vit/knutcm/index.html
https://www-dav.sv.uio.no/econ/personer/vit/yngvewi/index.html
https://www-dav.sv.uio.no/isv/personer/vit/jannehm/index.html
https://www-dav.sv.uio.no/personer/vit/kjeldd/index.html
https://www-dav.sv.uio.no/isv/personer/vit/torotte/index.html
https://www-dav.sv.uio.no/arena/personer/vit/runegjel/index.html
https://www-dav.sv.uio.no/arena/english/people/aca/runegjel/index.html
https://www-dav.sv.uio.no/arena/english/people/aca/magdalgo/index.html
https://www-dav.sv.uio.no/arena/personer/vit/magdalgo/index.html
https://www-dav.sv.uio.no/tik/english/people/aca/govindap/index.html
https://www-dav.sv.uio.no/tik/english/people/aca/janf/index.html
https://www-dav.sv.uio.no/isv/personer/vit/gydas/index.html
https://www-dav.sv.uio.no/sai/arkiv/personer/atalle/index.html
https://www-dav.sv.uio.no/psi/english/people/aca/hannstro/index.html
https://www-dav.sv.uio.no/psi/personer/vit/hannstro/index.html
https://www-dav.sv.uio.no/psi/personer/adm/magnue/index.html
https://www-dav.sv.uio.no/psi/personer/vit/gurooie/index.html
https://www-dav.sv.uio.no/econ/english/people/aca/karineny/index.html
https://www-dav.sv.uio.no/iss/english/people/aca/ketilsk/index.html
https://www-dav.sv.uio.no/personer/adm/fak/personal/audjs/index.html
https://www-dav.sv.uio.no/sai/personer/adm/gross/index.html
https://www-dav.sv.uio.no/iss/english/people/aca/tonemlio/index.html
https://www-dav.sv.uio.no/iss/english/people/aca/sveihov/index.html
https://www-dav.sv.uio.no/iss/english/people/aca/eirikham/index.html
https://www-dav.sv.uio.no/iss/arkiv/english/people/aca/atlewh/index.html
https://www-dav.sv.uio.no/iss/english/people/aca/gbrocman/index.html
https://www-dav.sv.uio.no/iss/english/people/aca/arvidf/index.html
https://www-dav.sv.uio.no/psi/personer/adm/froydgb/index.html
https://www-dav.sv.uio.no/psi/personer/adm/birgittb/index.html
https://www-dav.sv.uio.no/econ/personer/vit/karineny/index.html
https://www-dav.sv.uio.no/psi/english/people/aca/fridag/index.html
https://www-dav.sv.uio.no/psi/personer/vit/fridag/index.html
https://www-dav.sv.uio.no/psi/english/people/aca/ellenha/index.html
https://www-dav.sv.uio.no/psi/personer/vit/hanneodd/index.html
https://www-dav.sv.uio.no/psi/english/people/aca/pederkjo/index.html
https://www-dav.sv.uio.no/psi/english/people/aca/tuvaok/index.html
https://www-dav.sv.uio.no/psi/english/people/aca/torgeimo/index.html
https://www-dav.sv.uio.no/psi/personer/vit/tuvaok/index.html
https://www-dav.sv.uio.no/psi/personer/vit/torgeimo/index.html
https://www-dav.sv.uio.no/psi/personer/vit/pederkjo/index.html
https://www-dav.sv.uio.no/psi/personer/vit/olgach/index.html
https://www-dav.sv.uio.no/isv/personer/adm/oeyvindc/index.html
https://www-dav.sv.uio.no/personer/adm/fak/studier/annembj/index.html
https://www-dav.sv.uio.no/sai/personer/vit/runehesp/index.html
https://www-dav.sv.uio.no/sai/personer/vit/idacer/index.html
https://www-dav.sv.uio.no/sai/english/people/admin/mettekst/index.html
https://www-dav.sv.uio.no/sai/english/people/aca/rmussie/index.html
https://www-dav.sv.uio.no/sai/english/people/aca/knutcm/index.html
https://www-dav.sv.uio.no/sai/english/people/aca/henriksl/index.html
https://www-dav.sv.uio.no/sai/personer/vit/rmussie/index.html
https://www-dav.sv.uio.no/sai/personer/vit/henriksl/index.html
https://www-dav.sv.uio.no/sai/english/people/aca/efurst/index.html
https://www-dav.sv.uio.no/econ/personer/vit/olavbj/index.html
https://www-dav.sv.uio.no/econ/english/people/aca/olavbj/index.html
https://www-dav.sv.uio.no/psi/english/people/admin/victobr/index.html
https://www-dav.sv.uio.no/psi/personer/adm/victobr/index.html
https://www-dav.sv.uio.no/sai/english/people/admin/rundgren/index.html
https://www-dav.sv.uio.no/psi/personer/vit/margresh/index.html
https://www-dav.sv.uio.no/sai/arkiv/personer/english/lorenzk/index.html
https://www-dav.sv.uio.no/sai/personer/adm/birgittb/index.html
https://www-dav.sv.uio.no/iss/english/people/admin/lillib/index.html
https://www-dav.sv.uio.no/english/people/admin/fac/studies/hildej/index.html
https://www-dav.sv.uio.no/sai/personer/vit/taoy/index.html
https://www-dav.sv.uio.no/iss/arkiv/personer/adm/dagfinha/index.html
https://www-dav.sv.uio.no/iss/arkiv/personer/adm/dagfinha-eng/index.html
https://www-dav.sv.uio.no/sai/personer/adm/geiryg/index.html
https://www-dav.sv.uio.no/iss/english/people/aca/arnlaugl/index.html
https://www-dav.sv.uio.no/iss/personer/vit/arnlaugl/index.html
https://www-dav.sv.uio.no/iss/personer/vit/joncr/index.html
https://www-dav.sv.uio.no/iss/english/people/aca/annekrog/index.html
https://www-dav.sv.uio.no/psi/english/people/admin/olejsk/index.html
https://www-dav.sv.uio.no/psi/personer/adm/olejsk/index.html
https://www-dav.sv.uio.no/psi/english/people/admin/tahseenr/index.html
https://www-dav.sv.uio.no/psi/personer/adm/tahseenr/index.html
https://www-dav.sv.uio.no/psi/personer/adm/gunnaram/index.html
https://www-dav.sv.uio.no/psi/english/people/admin/gunnaram/index.html
https://www-dav.sv.uio.no/psi/english/people/admin/clpz/index.html
https://www-dav.sv.uio.no/psi/personer/adm/clpz/index.html
https://www-dav.sv.uio.no/psi/english/people/admin/runekil/index.html
https://www-dav.sv.uio.no/psi/english/people/admin/oivindho/index.html
https://www-dav.sv.uio.no/psi/personer/adm/oivindho/index.html
https://www-dav.sv.uio.no/psi/personer/adm/jorundb/index.html
https://www-dav.sv.uio.no/psi/english/people/admin/jorundb/index.html
https://www-dav.sv.uio.no/psi/english/people/admin/egiltj/index.html
https://www-dav.sv.uio.no/psi/english/people/admin/froydgb/index.html
https://www-dav.sv.uio.no/psi/english/people/admin/caroliau/index.html
https://www-dav.sv.uio.no/psi/personer/adm/caroliau/index.html
https://www-dav.sv.uio.no/sai/english/people/aca/runehesp/index.html
https://www-dav.sv.uio.no/sai/english/people/aca/idacer/index.html
https://www-dav.sv.uio.no/sai/english/people/aca/sharama/index.html
https://www-dav.sv.uio.no/sai/english/people/aca/cicilief/index.html
https://www-dav.sv.uio.no/sai/personer/vit/cicilief/index.html
https://www-dav.sv.uio.no/psi/personer/adm/siljemja/index.html
https://www-dav.sv.uio.no/psi/english/people/admin/siljemja/index.html
https://www-dav.sv.uio.no/econ/english/people/admin/eaboler/index.html
https://www-dav.sv.uio.no/arena/english/people/stud-ass/kathinlr/index.html
https://www-dav.sv.uio.no/psi/english/people/admin/tormode/index.html
https://www-dav.sv.uio.no/personer/adm/fak/it-av/surendra/index.html
https://www-dav.sv.uio.no/iss/personer/vit/martma/index.html
https://www-dav.sv.uio.no/arena/personer/stud-ass/assistenter/elmad/index.html
https://www-dav.sv.uio.no/arena/english/people/stud-ass/elmad/index.html
https://www-dav.sv.uio.no/arena/english/people/stud-ass/mathiaj/index.html
https://www-dav.sv.uio.no/econ/personer/vit/nhfehr/index.html
https://www-dav.sv.uio.no/psi/english/people/aca/alfbk/index.html
https://www-dav.sv.uio.no/psi/personer/vit/alfbk/index.html
https://www-dav.sv.uio.no/iss/english/people/aca/karenob/index.html
https://www-dav.sv.uio.no/iss/english/people/aca/elinsa/index.html
https://www-dav.sv.uio.no/iss/english/people/aca/terjew/index.html
https://www-dav.sv.uio.no/iss/english/people/aca/kirstenu/index.html
https://www-dav.sv.uio.no/iss/english/people/aca/stokke/index.html
https://www-dav.sv.uio.no/iss/english/people/aca/pergroe/index.html
https://www-dav.sv.uio.no/iss/english/people/aca/hegemk/index.html
https://www-dav.sv.uio.no/iss/english/people/aca/stigerij/index.html
https://www-dav.sv.uio.no/iss/english/people/aca/janhes/index.html
https://www-dav.sv.uio.no/iss/english/people/aca/mariells/index.html
https://www-dav.sv.uio.no/iss/english/people/aca/sylvie/index.html
https://www-dav.sv.uio.no/iss/arkiv/english/people/aca/ingarbr/index.html
https://www-dav.sv.uio.no/iss/english/people/aca/gunnacaa/index.html
https://www-dav.sv.uio.no/iss/english/people/aca/karinwi/index.html
https://www-dav.sv.uio.no/iss/english/people/aca/tonesw/index.html
https://www-dav.sv.uio.no/iss/english/people/aca/toveth/index.html
https://www-dav.sv.uio.no/iss/english/people/aca/hanscso/index.html
https://www-dav.sv.uio.no/iss/english/people/aca/sigurds/index.html
https://www-dav.sv.uio.no/iss/english/people/aca/groennin/index.html
https://www-dav.sv.uio.no/iss/english/people/aca/joncr/index.html
https://www-dav.sv.uio.no/iss/english/people/aca/willype/index.html
https://www-dav.sv.uio.no/iss/english/people/aca/eirinped/index.html
https://www-dav.sv.uio.no/iss/english/people/aca/potnes/index.html
https://www-dav.sv.uio.no/iss/english/people/aca/runeani/index.html
https://www-dav.sv.uio.no/iss/english/people/aca/torbenhn/index.html
https://www-dav.sv.uio.no/iss/english/people/aca/arnema/index.html
https://www-dav.sv.uio.no/iss/english/people/aca/larsmj/index.html
https://www-dav.sv.uio.no/iss/english/people/aca/martma/index.html
https://www-dav.sv.uio.no/iss/english/people/aca/torkildl/index.html
https://www-dav.sv.uio.no/iss/arkiv/english/people/aca/haakonla/index.html
https://www-dav.sv.uio.no/iss/english/people/aca/lisekj/index.html
https://www-dav.sv.uio.no/iss/english/people/aca/ragnvald/index.html
https://www-dav.sv.uio.no/iss/english/people/aca/cathho/index.html
https://www-dav.sv.uio.no/iss/english/people/aca/jenshj/index.html
https://www-dav.sv.uio.no/iss/english/people/aca/tryggul/index.html
https://www-dav.sv.uio.no/iss/english/people/aca/ivarf/index.html
https://www-dav.sv.uio.no/iss/english/people/aca/fen/index.html
https://www-dav.sv.uio.no/iss/english/people/aca/regie/index.html
https://www-dav.sv.uio.no/iss/english/people/aca/joniels/index.html
https://www-dav.sv.uio.no/iss/english/people/aca/annlisee/index.html
https://www-dav.sv.uio.no/iss/english/people/aca/sbraten/index.html
https://www-dav.sv.uio.no/iss/arkiv/english/people/aca/geirtbr/index.html
https://www-dav.sv.uio.no/iss/english/people/aca/gunnb/index.html
https://www-dav.sv.uio.no/iss/english/people/aca/patrican/index.html
https://www-dav.sv.uio.no/iss/english/people/aca/dagal/index.html
https://www-dav.sv.uio.no/iss/personer/vit/tonesw/index.html
https://www-dav.sv.uio.no/iss/personer/vit/kirstenu/index.html
https://www-dav.sv.uio.no/iss/personer/vit/runeani/index.html
https://www-dav.sv.uio.no/iss/personer/vit/potnes/index.html
https://www-dav.sv.uio.no/iss/personer/vit/larsmj/index.html
https://www-dav.sv.uio.no/iss/personer/vit/toveth/index.html
https://www-dav.sv.uio.no/iss/personer/vit/eirinped/index.html
https://www-dav.sv.uio.no/iss/personer/vit/arnema/index.html
https://www-dav.sv.uio.no/iss/personer/vit/hanscso/index.html
https://www-dav.sv.uio.no/iss/personer/vit/ketilsk/index.html
https://www-dav.sv.uio.no/iss/personer/vit/torkildl/index.html
https://www-dav.sv.uio.no/iss/personer/vit/sigurds/index.html
https://www-dav.sv.uio.no/iss/arkiv/personer/vit/haakonla/index.html
https://www-dav.sv.uio.no/iss/personer/vit/karenob/index.html
https://www-dav.sv.uio.no/iss/personer/vit/groennin/index.html
https://www-dav.sv.uio.no/iss/personer/vit/hegemk/index.html
https://www-dav.sv.uio.no/iss/personer/vit/karinwi/index.html
https://www-dav.sv.uio.no/iss/personer/vit/lisekj/index.html
https://www-dav.sv.uio.no/iss/personer/vit/elinsa/index.html
https://www-dav.sv.uio.no/iss/personer/vit/bjsather/index.html
https://www-dav.sv.uio.no/iss/personer/vit/willype/index.html
https://www-dav.sv.uio.no/iss/personer/vit/stigerij/index.html
https://www-dav.sv.uio.no/iss/personer/vit/sveihov/index.html
https://www-dav.sv.uio.no/iss/personer/vit/cathho/index.html
https://www-dav.sv.uio.no/iss/arkiv/personer/vit/atlewh/index.html
https://www-dav.sv.uio.no/iss/personer/vit/eirikham/index.html
https://www-dav.sv.uio.no/iss/personer/vit/tryggul/index.html
https://www-dav.sv.uio.no/iss/personer/vit/mariells/index.html
https://www-dav.sv.uio.no/iss/arkiv/personer/vit/ingarbr/index.html
https://www-dav.sv.uio.no/iss/personer/vit/annlisee/index.html
https://www-dav.sv.uio.no/iss/personer/vit/sbraten/index.html
https://www-dav.sv.uio.no/iss/arkiv/personer/vit/geirtbr/index.html
https://www-dav.sv.uio.no/econ/english/people/aca/aanundh/index.html
https://www-dav.sv.uio.no/econ/personer/vit/aanundh/index.html
https://www-dav.sv.uio.no/arena/english/people/aca/irenaf/index.html
https://www-dav.sv.uio.no/psi/english/people/aca/espenro/index.html
https://www-dav.sv.uio.no/iss/english/people/admin/lindsy/index.html
https://www-dav.sv.uio.no/psi/english/people/aca/persc/index.html
https://www-dav.sv.uio.no/psi/personer/vit/persc/index.html
https://www-dav.sv.uio.no/isv/english/people/adm/aashildr/index.html
https://www-dav.sv.uio.no/english/people/admin/elinlbo/index.html
https://www-dav.sv.uio.no/english/people/admin/grobj/index.html
https://www-dav.sv.uio.no/english/people/aca/eivinba/index.html
https://www-dav.sv.uio.no/english/people/admin/fac/studies/llalsvi/index.html
https://www-dav.sv.uio.no/english/people/admin/fac/staff-info/halvards/index.html
https://www-dav.sv.uio.no/english/people/admin/fac/it-av/surendra/index.html
https://www-dav.sv.uio.no/english/people/admin/toralfn/index.html
https://www-dav.sv.uio.no/english/people/aca/susannso/index.html
https://www-dav.sv.uio.no/english/people/admin/fac/archive/beritke/index.html
https://www-dav.sv.uio.no/english/people/admin/vegaberg/index.html
https://www-dav.sv.uio.no/english/people/admin/fac/personnel/stvamh1/index.html
https://www-dav.sv.uio.no/english/people/admin/peraol/index.html
https://www-dav.sv.uio.no/english/people/admin/fac/finance/manneo/index.html
https://www-dav.sv.uio.no/english/people/admin/fac/finance/clpz/index.html
https://www-dav.sv.uio.no/english/people/admin/fac/finance/dagfinnk/index.html
https://www-dav.sv.uio.no/econ/personer/vit/siljeasl/index.html
https://www-dav.sv.uio.no/english/people/admin/fac/studies/aneslo/index.html
https://www-dav.sv.uio.no/english/people/admin/fac/archive/audjs/index.html
https://www-dav.sv.uio.no/personer/adm/fak/studier/tront/index.html
https://www-dav.sv.uio.no/econ/personer/vit/atlese/index.html
https://www-dav.sv.uio.no/econ/personer/adm/larsmx/index.html
https://www-dav.sv.uio.no/psi/personer/adm/hhoksnes/index.html
https://www-dav.sv.uio.no/psi/personer/adm/nismam/index.html
https://www-dav.sv.uio.no/psi/personer/adm/kristn/index.html
https://www-dav.sv.uio.no/econ/personer/vit/bjorda/index.html
https://www-dav.sv.uio.no/econ/personer/vit/berheb/index.html
https://www-dav.sv.uio.no/psi/english/people/aca/sveinma/index.html
https://www-dav.sv.uio.no/personer/adm/fak/okonomi/dagfinnk/index.html
https://www-dav.sv.uio.no/personer/adm/fak/arkiv/beritke/index.html
https://www-dav.sv.uio.no/tik/personer/vit/janf/index.html
https://www-dav.sv.uio.no/econ/personer/adm/tinave/index.html
https://www-dav.sv.uio.no/econ/personer/adm/inskej/index.html
https://www-dav.sv.uio.no/psi/english/people/aca/catogro/index.html
https://www-dav.sv.uio.no/psi/english/people/aca/jsmedslun/index.html
https://www-dav.sv.uio.no/psi/english/people/aca/anneham/index.html
https://www-dav.sv.uio.no/isv/personer/vit/stvoo1/index.html
https://www-dav.sv.uio.no/econ/english/people/admin/inskej/index.html
https://www-dav.sv.uio.no/isv/english/people/adm/anettl/index.html
https://www-dav.sv.uio.no/psi/personer/vit/bjoernr/index.html
https://www-dav.sv.uio.no/iss/english/people/admin/karhen/index.html
https://www-dav.sv.uio.no/english/people/admin/fac/research/olabrat/index.html
https://www-dav.sv.uio.no/econ/english/people/admin/olabrat/index.html
https://www-dav.sv.uio.no/psi/english/people/aca/astrbj/index.html
https://www-dav.sv.uio.no/psi/english/people/aca/gurooie/index.html
https://www-dav.sv.uio.no/psi/personer/vit/bergljog/index.html
https://www-dav.sv.uio.no/psi/english/people/aca/bjorggr/index.html
https://www-dav.sv.uio.no/psi/personer/vit/bettinga/index.html
https://www-dav.sv.uio.no/psi/personer/vit/espenwa/index.html
https://www-dav.sv.uio.no/psi/english/people/aca/espenwa/index.html
https://www-dav.sv.uio.no/psi/english/people/aca/evaax/index.html
https://www-dav.sv.uio.no/psi/english/people/aca/avdl/index.html
https://www-dav.sv.uio.no/personer/adm/fak/studier/camiltho/index.html
https://www-dav.sv.uio.no/arena/personer/stud-ass/assistenter/madsskog/index.html
https://www-dav.sv.uio.no/arena/personer/stud-ass/madsskog/index.html
https://www-dav.sv.uio.no/personer/adm/fak/ledelsen/gudleik/index.html
https://www-dav.sv.uio.no/english/people/admin/fac/management/gudleik/index.html
https://www-dav.sv.uio.no/psi/english/people/aca/fduckert/index.html
https://www-dav.sv.uio.no/psi/english/people/aca/anneib/index.html
https://www-dav.sv.uio.no/psi/english/people/aca/bjoernr/index.html
https://www-dav.sv.uio.no/psi/english/people/aca/andersza/index.html
https://www-dav.sv.uio.no/psi/english/people/aca/bergljog/index.html
https://www-dav.sv.uio.no/psi/english/people/aca/annikamm/index.html
https://www-dav.sv.uio.no/english/people/admin/fac/finance/ferideeb/index.html
https://www-dav.sv.uio.no/psi/english/people/aca/deilerts/index.html
https://www-dav.sv.uio.no/psi/personer/vit/deilerts/index.html
https://www-dav.sv.uio.no/english/people/admin/fac/personnel/audjs/index.html
https://www-dav.sv.uio.no/psi/english/people/aca/katriroe/index.html
https://www-dav.sv.uio.no/psi/english/people/aca/ylvao/index.html
https://www-dav.sv.uio.no/psi/personer/vit/ylvao/index.html
https://www-dav.sv.uio.no/psi/personer/vit/wenkeg/index.html
https://www-dav.sv.uio.no/psi/personer/vit/wencheda/index.html
https://www-dav.sv.uio.no/psi/personer/vit/torleifh/index.html
https://www-dav.sv.uio.no/psi/english/people/aca/torleifh/index.html
https://www-dav.sv.uio.no/psi/english/people/aca/torillsi/index.html
https://www-dav.sv.uio.no/psi/personer/vit/tomasfo/index.html
https://www-dav.sv.uio.no/psi/english/people/aca/tomasfo/index.html
https://www-dav.sv.uio.no/psi/english/people/aca/tinej/index.html
https://www-dav.sv.uio.no/psi/english/people/aca/thomahof/index.html
https://www-dav.sv.uio.no/psi/english/people/aca/thomaesp/index.html
https://www-dav.sv.uio.no/psi/english/people/aca/stephent/index.html
https://www-dav.sv.uio.no/psi/personer/vit/sisselre/index.html
https://www-dav.sv.uio.no/psi/english/people/aca/sisselre/index.html
https://www-dav.sv.uio.no/psi/english/people/aca/sirigu/index.html
https://www-dav.sv.uio.no/psi/english/people/aca/siljemar/index.html
https://www-dav.sv.uio.no/psi/english/people/aca/schalaz/index.html
https://www-dav.sv.uio.no/psi/personer/vit/schalaz/index.html
https://www-dav.sv.uio.no/psi/personer/vit/salmant/index.html
https://www-dav.sv.uio.no/psi/english/people/aca/salmant/index.html
https://www-dav.sv.uio.no/psi/personer/vit/rogersan/index.html
https://www-dav.sv.uio.no/psi/english/people/aca/rogersan/index.html
https://www-dav.sv.uio.no/psi/english/people/aca/reinvang/index.html
https://www-dav.sv.uio.no/psi/english/people/aca/pialy/index.html
https://www-dav.sv.uio.no/psi/english/people/aca/pederbn/index.html
https://www-dav.sv.uio.no/psi/personer/vit/pederbn/index.html
https://www-dav.sv.uio.no/psi/english/people/aca/paulindu/index.html
https://www-dav.sv.uio.no/psi/personer/vit/paulindu/index.html
https://www-dav.sv.uio.no/psi/english/people/aca/paalkra/index.html
https://www-dav.sv.uio.no/psi/english/people/aca/ovassend/index.html
https://www-dav.sv.uio.no/psi/english/people/aca/oddat/index.html
https://www-dav.sv.uio.no/psi/english/people/aca/norasv/index.html
https://www-dav.sv.uio.no/psi/english/people/aca/nilsil/index.html
https://www-dav.sv.uio.no/psi/personer/vit/monabek/index.html
https://www-dav.sv.uio.no/psi/english/people/aca/monabek/index.html
https://www-dav.sv.uio.no/psi/english/people/aca/knutif/index.html
https://www-dav.sv.uio.no/english/people/aca/kjeldd/index.html
https://www-dav.sv.uio.no/psi/personer/vit/markushs/index.html
https://www-dav.sv.uio.no/psi/english/people/aca/markushs/index.html
https://www-dav.sv.uio.no/psi/english/people/aca/mariraa/index.html
https://www-dav.sv.uio.no/psi/english/people/aca/margresh/index.html
https://www-dav.sv.uio.no/psi/english/people/aca/margarv/index.html
https://www-dav.sv.uio.no/psi/personer/vit/margarv/index.html
https://www-dav.sv.uio.no/psi/personer/vit/linnfi/index.html
https://www-dav.sv.uio.no/psi/english/people/aca/linnfi/index.html
https://www-dav.sv.uio.no/psi/english/people/aca/petrafi/index.html
https://www-dav.sv.uio.no/tik/personer/vit/guros/index.html
https://www-dav.sv.uio.no/english/people/admin/fac/staff-info/kra/index.html
https://www-dav.sv.uio.no/personer/adm/fak/stab-info/kra/index.html
https://www-dav.sv.uio.no/arena/english/people/admin/gross/index.html
https://www-dav.sv.uio.no/econ/english/people/admin/larsmx/index.html
https://www-dav.sv.uio.no/personer/adm/fak/arkiv/audjs/index.html
https://www-dav.sv.uio.no/psi/english/people/aca/kristbw/index.html
https://www-dav.sv.uio.no/psi/english/people/aca/krisshe/index.html
https://www-dav.sv.uio.no/sai/english/people/aca/taoy/index.html
https://www-dav.sv.uio.no/sai/english/people/aca/grobw/index.html
https://www-dav.sv.uio.no/sai/english/people/aca/hvike/index.html
https://www-dav.sv.uio.no/sai/english/people/aca/rolfdr/index.html
https://www-dav.sv.uio.no/sai/english/people/aca/sindreba/index.html
https://www-dav.sv.uio.no/english/people/admin/holdhus/index.html
https://www-dav.sv.uio.no/english/people/admin/fac/research-phd/sveing/index.html
https://www-dav.sv.uio.no/iss/english/people/aca/bjsather/index.html
https://www-dav.sv.uio.no/english/people/admin/fac/archive/karimak/index.html
https://www-dav.sv.uio.no/english/people/admin/fac/archive/agniesbd/index.html
https://www-dav.sv.uio.no/english/people/admin/fac/studies/ghals/index.html
https://www-dav.sv.uio.no/psi/english/people/aca/knuthag/index.html
https://www-dav.sv.uio.no/psi/english/people/aca/kirstben/index.html
https://www-dav.sv.uio.no/sai/english/people/aca/uwikan/index.html
https://www-dav.sv.uio.no/sai/english/people/aca/geirthe/index.html
https://www-dav.sv.uio.no/personer/adm/fak/studier/ghals/index.html
https://www-dav.sv.uio.no/psi/english/people/aca/karlte/index.html
https://www-dav.sv.uio.no/sai/english/people/aca/sarahls/index.html
https://www-dav.sv.uio.no/psi/english/people/aca/karivi/index.html
https://www-dav.sv.uio.no/psi/personer/vit/karivi/index.html
https://www-dav.sv.uio.no/sai/english/people/aca/paulwg/index.html
https://www-dav.sv.uio.no/sai/english/people/aca/oddare/index.html
https://www-dav.sv.uio.no/sai/english/people/aca/ingjerdh/index.html
https://www-dav.sv.uio.no/sai/english/people/aca/haraldbb/index.html
https://www-dav.sv.uio.no/psi/personer/vit/joster/index.html
https://www-dav.sv.uio.no/psi/english/people/aca/joster/index.html
https://www-dav.sv.uio.no/psi/english/people/aca/jonmo/index.html
https://www-dav.sv.uio.no/sai/english/people/aca/arveso/index.html
https://www-dav.sv.uio.no/psi/personer/vit/johannli/index.html
https://www-dav.sv.uio.no/sai/english/people/aca/akalland/index.html
https://www-dav.sv.uio.no/psi/english/people/aca/johannli/index.html
https://www-dav.sv.uio.no/psi/english/people/aca/jmsundet/index.html
https://www-dav.sv.uio.no/psi/english/people/aca/jenseg/index.html
https://www-dav.sv.uio.no/psi/personer/vit/jenseg/index.html
https://www-dav.sv.uio.no/english/people/admin/fac/it-av/hein/index.html
https://www-dav.sv.uio.no/english/people/admin/fac/it-av/helener/index.html
https://www-dav.sv.uio.no/english/people/admin/fac/research/anderv/index.html
https://www-dav.sv.uio.no/isv/english/people/aca/trnordby/index.html
https://www-dav.sv.uio.no/isv/english/people/aca/tsaglie/index.html
https://www-dav.sv.uio.no/isv/english/people/aca/stvth1/index.html
https://www-dav.sv.uio.no/isv/english/people/aca/stvtc1/index.html
https://www-dav.sv.uio.no/isv/english/people/aca/martaus/index.html
https://www-dav.sv.uio.no/isv/personer/vit/martaus/index.html
https://www-dav.sv.uio.no/isv/personer/vit/maribroc/index.html
https://www-dav.sv.uio.no/isv/english/people/aca/maribroc/index.html
https://www-dav.sv.uio.no/isv/personer/vit/krishoe/index.html
https://www-dav.sv.uio.no/isv/english/people/aca/krishoe/index.html
https://www-dav.sv.uio.no/isv/personer/vit/stvkm1/index.html
https://www-dav.sv.uio.no/isv/english/people/aca/stvkm1/index.html
https://www-dav.sv.uio.no/isv/english/people/aca/knutac/index.html
https://www-dav.sv.uio.no/isv/english/people/aca/dokken/index.html
https://www-dav.sv.uio.no/isv/personer/vit/jeevanb/index.html
https://www-dav.sv.uio.no/isv/english/people/aca/jeevanb/index.html
https://www-dav.sv.uio.no/isv/english/people/aca/jannehm/index.html
https://www-dav.sv.uio.no/isv/english/people/aca/hegesk/index.html
https://www-dav.sv.uio.no/isv/personer/vit/hegesk/index.html
https://www-dav.sv.uio.no/isv/english/people/aca/gydas/index.html
https://www-dav.sv.uio.no/isv/english/people/aca/ellenste/index.html
https://www-dav.sv.uio.no/psi/personer/vit/janeno/index.html
https://www-dav.sv.uio.no/isv/english/people/aca/hagtvet/index.html
https://www-dav.sv.uio.no/psi/english/people/aca/janeno/index.html
https://www-dav.sv.uio.no/isv/english/people/aca/stvas1/index.html
https://www-dav.sv.uio.no/psi/personer/vit/ingebrec/index.html
https://www-dav.sv.uio.no/psi/personer/vit/ingvsa/index.html
https://www-dav.sv.uio.no/psi/english/people/aca/ingvsa/index.html
https://www-dav.sv.uio.no/psi/english/people/aca/inesbl/index.html
https://www-dav.sv.uio.no/psi/personer/vit/inesbl/index.html
https://www-dav.sv.uio.no/psi/english/people/aca/hnafstad/index.html
https://www-dav.sv.uio.no/psi/english/people/aca/henrikna/index.html
https://www-dav.sv.uio.no/psi/english/people/aca/helstrup/index.html
https://www-dav.sv.uio.no/psi/personer/vit/helstrup/index.html
https://www-dav.sv.uio.no/psi/english/people/aca/helgero/index.html
https://www-dav.sv.uio.no/psi/english/people/aca/hanneodd/index.html
https://www-dav.sv.uio.no/psi/english/people/aca/hanneha/index.html
https://www-dav.sv.uio.no/psi/english/people/aca/evasko/index.html
https://www-dav.sv.uio.no/english/people/admin/fac/it-av/marir/index.html
https://www-dav.sv.uio.no/sai/personer/vit/rolfdr/index.html
https://www-dav.sv.uio.no/psi/english/people/aca/elsemau/index.html
https://www-dav.sv.uio.no/psi/personer/vit/elsemau/index.html
https://www-dav.sv.uio.no/psi/english/people/aca/claesvh/index.html
https://www-dav.sv.uio.no/psi/personer/vit/christom/index.html
https://www-dav.sv.uio.no/psi/english/people/aca/christom/index.html
https://www-dav.sv.uio.no/psi/english/people/aca/charlfh/index.html
https://www-dav.sv.uio.no/psi/personer/vit/charlfh/index.html
https://www-dav.sv.uio.no/psi/english/people/aca/catobj/index.html
https://www-dav.sv.uio.no/psi/personer/vit/caroliko/index.html
https://www-dav.sv.uio.no/psi/english/people/aca/caroliko/index.html
https://www-dav.sv.uio.no/psi/english/people/aca/bjornki/index.html
https://www-dav.sv.uio.no/psi/english/people/aca/bjorgh/index.html
https://www-dav.sv.uio.no/psi/personer/vit/bjorgh/index.html
https://www-dav.sv.uio.no/psi/english/people/aca/bettinga/index.html
https://www-dav.sv.uio.no/psi/english/people/aca/astridwo/index.html
https://www-dav.sv.uio.no/psi/english/people/aca/geirov/index.html
https://www-dav.sv.uio.no/isv/english/people/adm/ingrga/index.html
https://www-dav.sv.uio.no/iss/english/people/admin/kathl/index.html
https://www-dav.sv.uio.no/iss/english/people/admin/frankps/index.html
https://www-dav.sv.uio.no/psi/english/people/aca/annemto/index.html
https://www-dav.sv.uio.no/isv/personer/vit/roberthu/index.html
https://www-dav.sv.uio.no/isv/english/people/aca/roberthu/index.html
https://www-dav.sv.uio.no/psi/personer/vit/anneham/index.html
https://www-dav.sv.uio.no/psi/english/people/aca/aholte/index.html
https://www-dav.sv.uio.no/psi/personer/vit/aholte/index.html
https://www-dav.sv.uio.no/econ/english/people/aca/toreni/index.html
https://www-dav.sv.uio.no/sai/personer/adm/rundgren/index.html
https://www-dav.sv.uio.no/personer/adm/fak/studier/trinnb/index.html
https://www-dav.sv.uio.no/english/people/admin/fac/studies/trinnb/index.html
https://www-dav.sv.uio.no/personer/adm/fak/studier/hannebr/index.html
https://www-dav.sv.uio.no/english/people/admin/fac/studies/hannebr/index.html
https://www-dav.sv.uio.no/iss/personer/adm/susanp/index.html
https://www-dav.sv.uio.no/personer/vit/eivinba/index.html
https://www-dav.sv.uio.no/iss/personer/adm/einarfi/index.html
https://www-dav.sv.uio.no/english/people/admin/fac/studies/camiltho/index.html
https://www-dav.sv.uio.no/psi/english/people/aca/rmb/index.html
https://www-dav.sv.uio.no/isv/personer/vit/stvpkm1/index.html
https://www-dav.sv.uio.no/isv/english/people/aca/stvpkm1/index.html
https://www-dav.sv.uio.no/isv/english/people/aca/stvoo1/index.html
https://www-dav.sv.uio.no/isv/personer/vit/stvlr1/index.html
https://www-dav.sv.uio.no/isv/english/people/aca/stvlr1/index.html
https://www-dav.sv.uio.no/isv/personer/adm/stvhoy11/index.html
https://www-dav.sv.uio.no/isv/english/people/adm/stvhoy11/index.html
https://www-dav.sv.uio.no/isv/personer/vit/stvhh1/index.html
https://www-dav.sv.uio.no/isv/english/people/adm/stianboh/index.html
https://www-dav.sv.uio.no/econ/personer/vit/toreth/index.html
https://www-dav.sv.uio.no/econ/english/people/aca/toreth/index.html
https://www-dav.sv.uio.no/isv/english/people/adm/sivhaa/index.html
https://www-dav.sv.uio.no/isv/english/people/adm/oeyvindc/index.html
https://www-dav.sv.uio.no/isv/english/people/aca/haraldba/index.html
https://www-dav.sv.uio.no/iss/arkiv/english/people/aca/mleirvik/index.html
https://www-dav.sv.uio.no/isv/english/people/aca/haavarmn/index.html
https://www-dav.sv.uio.no/isv/english/people/adm/guroov/index.html
https://www-dav.sv.uio.no/isv/english/people/aca/gudruno/index.html
https://www-dav.sv.uio.no/econ/english/people/aca/sarac/index.html
https://www-dav.sv.uio.no/econ/english/people/aca/nilsaan/index.html
https://www-dav.sv.uio.no/econ/english/people/aca/jostrand/index.html
https://www-dav.sv.uio.no/econ/english/people/aca/yngvewi/index.html
https://www-dav.sv.uio.no/econ/english/people/aca/kjstore/index.html
https://www-dav.sv.uio.no/psi/personer/vit/petrafi/index.html
https://www-dav.sv.uio.no/econ/english/people/aca/hbojer/index.html
https://www-dav.sv.uio.no/econ/english/people/aca/evaklov/index.html
https://www-dav.sv.uio.no/econ/english/people/aca/chingtoa/index.html
https://www-dav.sv.uio.no/econ/english/people/aca/bozh/index.html
https://www-dav.sv.uio.no/econ/english/people/aca/atlese/index.html
https://www-dav.sv.uio.no/econ/english/people/aca/aasamr/index.html
https://www-dav.sv.uio.no/econ/personer/vit/aasamr/index.html
https://www-dav.sv.uio.no/econ/personer/vit/hbojer/index.html
https://www-dav.sv.uio.no/econ/personer/vit/chingtoa/index.html
https://www-dav.sv.uio.no/psi/english/people/aca/wenkeg/index.html
https://www-dav.sv.uio.no/econ/english/people/aca/ncf/index.html
https://www-dav.sv.uio.no/isv/english/people/adm/kentigr/index.html
https://www-dav.sv.uio.no/isv/english/people/adm/idawbj/index.html
https://www-dav.sv.uio.no/isv/english/people/adm/dagfinha/index.html
https://www-dav.sv.uio.no/econ/personer/vit/keilman/index.html
https://www-dav.sv.uio.no/econ/english/people/aca/hmehlum/index.html
https://www-dav.sv.uio.no/econ/english/people/aca/bjorda/index.html
https://www-dav.sv.uio.no/econ/personer/vit/arnest/index.html
https://www-dav.sv.uio.no/econ/english/people/aca/arnest/index.html
https://www-dav.sv.uio.no/psi/personer/vit/tinej/index.html
https://www-dav.sv.uio.no/sai/english/people/aca/runefl/index.html
https://www-dav.sv.uio.no/sai/arkiv/personer/english/handberg/index.html
https://www-dav.sv.uio.no/sai/arkiv/personer/english/atalle/index.html
https://www-dav.sv.uio.no/personer/adm/fak/okonomi/grazynn/index.html
https://www-dav.sv.uio.no/personer/adm/fak/studier/trondtv/index.html
https://www-dav.sv.uio.no/english/people/admin/fac/studies/trondtv/index.html
https://www-dav.sv.uio.no/psi/english/people/aca/aslehof/index.html
https://www-dav.sv.uio.no/personer/adm/fak/studier/livtm/index.html
https://www-dav.sv.uio.no/english/people/admin/fac/studies/livtm/index.html
https://www-dav.sv.uio.no/personer/adm/fak/stab-info/halvards/index.html
https://www-dav.sv.uio.no/personer/adm/fak/forskning-phd/tronht/index.html
https://www-dav.sv.uio.no/english/people/admin/fac/research-phd/tronht/index.html
https://www-dav.sv.uio.no/personer/adm/fak/personal/livhilde/index.html
https://www-dav.sv.uio.no/english/people/admin/fac/personnel/livhilde/index.html
https://www-dav.sv.uio.no/personer/adm/fak/personal/georgjk/index.html
https://www-dav.sv.uio.no/english/people/admin/fac/personnel/georgjk/index.html
https://www-dav.sv.uio.no/english/people/admin/fac/studies/tront/index.html
https://www-dav.sv.uio.no/english/people/admin/fac/studies/tonev/index.html
https://www-dav.sv.uio.no/personer/adm/fak/studier/hildej/index.html
https://www-dav.sv.uio.no/personer/adm/fak/it-av/marir/index.html
https://www-dav.sv.uio.no/personer/adm/fak/it-av/helener/index.html
https://www-dav.sv.uio.no/tik/personer/adm/benteble/index.html
https://www-dav.sv.uio.no/english/people/admin/fac/studies/annembj/index.html
https://www-dav.sv.uio.no/english/people/admin/fac/research/synnoaas/index.html
https://www-dav.sv.uio.no/english/people/admin/fac/research/lenacen/index.html
https://www-dav.sv.uio.no/psi/english/people/aca/karito/index.html
https://www-dav.sv.uio.no/psi/english/people/aca/wencheda/index.html
https://www-dav.sv.uio.no/psi/personer/vit/aslehof/index.html
https://www-dav.sv.uio.no/iss/arkiv/personer/vit/mleirvik/index.html
https://www-dav.sv.uio.no/psi/english/people/aca/olavben/index.html
https://www-dav.sv.uio.no/psi/personer/vit/olavben/index.html
https://www-dav.sv.uio.no/psi/personer/vit/krisshe/index.html
https://www-dav.sv.uio.no/sai/personer/vit/hvike/index.html
https://www-dav.sv.uio.no/econ/english/people/aca/jorgem/index.html
https://www-dav.sv.uio.no/econ/english/people/aca/erlendf/index.html
https://www-dav.sv.uio.no/econ/english/people/aca/alfonso/index.html
https://www-dav.sv.uio.no/sai/english/people/aca/maritm/index.html
https://www-dav.sv.uio.no/psi/english/people/aca/mal/index.html
https://www-dav.sv.uio.no/psi/english/people/aca/gunvormd/index.html
https://www-dav.sv.uio.no/psi/english/people/aca/gunnba/index.html
https://www-dav.sv.uio.no/iss/english/people/aca/annemels/index.html
https://www-dav.sv.uio.no/isv/english/people/aca/stvba1/index.html
https://www-dav.sv.uio.no/konv/nettlogger/index.html
https://www-dav.sv.uio.no/econ/english/people/admin/tinave/index.html
https://www-dav.sv.uio.no/econ/personer/vit/keika/index.html
https://www-dav.sv.uio.no/econ/english/people/aca/solveich/index.html
https://www-dav.sv.uio.no/psi/personer/vit/thomaesp/index.html
https://www-dav.sv.uio.no/psi/personer/vit/gunvormd/index.html
https://www-dav.sv.uio.no/psi/personer/vit/torillsi/index.html
https://www-dav.sv.uio.no/psi/personer/vit/siljemar/index.html
https://www-dav.sv.uio.no/sai/english/people/admin/gyroh/index.html
https://www-dav.sv.uio.no/sai/arkiv/personer/english/erihan/index.html
https://www-dav.sv.uio.no/sai/english/people/admin/alfcj/index.html
https://www-dav.sv.uio.no/econ/english/people/admin/rhianab/index.html
https://www-dav.sv.uio.no/econ/english/people/admin/erihan/index.html
https://www-dav.sv.uio.no/psi/personer/vit/gunnba/index.html
https://www-dav.sv.uio.no/psi/personer/vit/mal/index.html
https://www-dav.sv.uio.no/sai/arkiv/personer/lorenzk/index.html
https://www-dav.sv.uio.no/iss/personer/adm/oystek/index.html
https://www-dav.sv.uio.no/tik/personer/vit/govindap/index.html
https://www-dav.sv.uio.no/psi/english/people/admin/username/index.html
https://www-dav.sv.uio.no/psi/english/people/admin/trondsv/index.html
https://www-dav.sv.uio.no/psi/english/people/admin/nismam/index.html
https://www-dav.sv.uio.no/psi/english/people/admin/hhoksnes/index.html
https://www-dav.sv.uio.no/tik/english/people/adm/grazynn/index.html
https://www-dav.sv.uio.no/tik/english/people/adm/benteble/index.html
https://www-dav.sv.uio.no/english/people/admin/ruben/index.html
https://www-dav.sv.uio.no/english/people/admin/olepdahl/index.html
https://www-dav.sv.uio.no/english/people/admin/marjann/index.html
https://www-dav.sv.uio.no/english/people/admin/lenehhol/index.html
https://www-dav.sv.uio.no/english/people/admin/katarzb/index.html
https://www-dav.sv.uio.no/english/people/admin/julitar/index.html
https://www-dav.sv.uio.no/english/people/admin/jonsne/index.html
https://www-dav.sv.uio.no/english/people/admin/fac/archive/irmelij/index.html
https://www-dav.sv.uio.no/english/people/admin/idatobr/index.html
https://www-dav.sv.uio.no/english/people/admin/idasen/index.html
https://www-dav.sv.uio.no/english/people/admin/hegemfa/index.html
https://www-dav.sv.uio.no/english/people/admin/danutasd/index.html
https://www-dav.sv.uio.no/english/people/admin/annkfj/index.html
https://www-dav.sv.uio.no/isv/english/people/adm/person-bilde/index.html
https://www-dav.sv.uio.no/iss/english/people/admin/susanp/index.html
https://www-dav.sv.uio.no/iss/english/people/admin/sirimit/index.html
https://www-dav.sv.uio.no/iss/english/people/admin/oystek/index.html
https://www-dav.sv.uio.no/iss/english/people/admin/maalfrih/index.html
https://www-dav.sv.uio.no/iss/english/people/admin/einarfi/index.html
https://www-dav.sv.uio.no/iss/english/people/admin/audunme/index.html
https://www-dav.sv.uio.no/psi/english/people/admin/noshinr/index.html
https://www-dav.sv.uio.no/sai/arkiv/personer/erihan/index.html
https://www-dav.sv.uio.no/personer/vit/test/index.html
https://www-dav.sv.uio.no/arena/english/people/admin/geiryg/index.html
https://www-dav.sv.uio.no/econ/personer/adm/person-bilde/index.html
https://www-dav.sv.uio.no/personer/adm/fak/studier/llalsvi/index.html
https://www-dav.sv.uio.no/personer/adm/fak/personal/georgjk_old/index.html
https://www-dav.sv.uio.no/arena/personer/adm/stvhoy11/index.html
https://www-dav.sv.uio.no/arena/personer/adm/gross/index.html
https://www-dav.sv.uio.no/arena/personer/adm/geiryg/index.html
https://www-dav.sv.uio.no/arena/personer/adm/geiradm/index.html
https://www-dav.sv.uio.no/arena/personer/stud-ass/assistenter/mathiaj/index.html
https://www-dav.sv.uio.no/arena/personer/stud-ass/assistenter/ingriri/index.html
https://www-dav.sv.uio.no/arena/personer/vit/stvjpo/index.html
https://www-dav.sv.uio.no/arena/personer/gjesteforskere/toringih/index.html
https://www-dav.sv.uio.no/arena/personer/gjesteforskere/rafalr/index.html
https://www-dav.sv.uio.no/arena/personer/gjesteforskere/larscbl/index.html
https://www-dav.sv.uio.no/arena/personer/gjesteforskere/kjartakm/index.html
https://www-dav.sv.uio.no/arena/personer/gjesteforskere/annesti/index.html
https://www-dav.sv.uio.no/gammelt/konvertert-sv-0913a/statsvitenskap/ansatte/presentasjon/vit/no/nor/stvirb1/index.html
https://www-dav.sv.uio.no/gammelt/konvertert-sv-0913b-htmluendret/statsvitenskap/ansatte/presentasjon/vit/no/nor/stvirb1/index.html
https://www-dav.sv.uio.no/gammelt/konvertert-sv-0827a/eumargins/vrtx/vortex-webdocuments/uio/person/v004/nor/person-with-all-elements/index.html
https://www-dav.sv.uio.no/gammelt/konvertert-sv-0827a/eumargins/vrtx/vortex-webdocuments/hf/person/v002/nor/person/index.html
https://www-dav.sv.uio.no/gammelt/konvertert-sv-0827a/eumargins/vrtx/vortex-webdocuments/uio/person/v004/nor/person/index.html
https://www-dav.sv.uio.no/gammelt/konvertert-sv-0827b-htmluendret/eumargins/vrtx/vortex-webdocuments/hf/person/v002/nor/person/index.html
https://www-dav.sv.uio.no/gammelt/konvertert-sv-0827b-htmluendret/eumargins/vrtx/vortex-webdocuments/uio/person/v004/nor/person-with-all-elements/index.html
https://www-dav.sv.uio.no/gammelt/konvertert-sv-0827b-htmluendret/eumargins/vrtx/vortex-webdocuments/uio/person/v004/nor/person/index.html
https://www-dav.sv.uio.no/gammelt/konvertert-sv-0913a/iss/gammelt_LESEBEGRENSET/arkiv/instituttet/ansatte/nor/geirlh/index.html
https://www-dav.sv.uio.no/gammelt/konvertert-sv-0913b-htmluendret/iss/gammelt_LESEBEGRENSET/arkiv/instituttet/ansatte/nor/geirlh/index.html
https://www-dav.sv.uio.no/gammelt/konvertert-sv-0913a/iss/gammelt_LESEBEGRENSET/arkiv/instituttet/ansatte/eng/geirlh/index.html
https://www-dav.sv.uio.no/gammelt/konvertert-sv-0913b-htmluendret/iss/gammelt_LESEBEGRENSET/arkiv/instituttet/ansatte/eng/geirlh/index.html
https://www-dav.sv.uio.no/gammelt/konvertert-sv-0913a/iss/gammelt_LESEBEGRENSET/arkiv/instituttet/ansatte/eng/bdb/index.html
https://www-dav.sv.uio.no/gammelt/konvertert-sv-0913a/iss/gammelt_LESEBEGRENSET/arkiv/instituttet/ansatte/nor/bdb/index.html
https://www-dav.sv.uio.no/gammelt/konvertert-sv-0913b-htmluendret/iss/gammelt_LESEBEGRENSET/arkiv/instituttet/ansatte/eng/bdb/index.html
https://www-dav.sv.uio.no/gammelt/konvertert-sv-0913b-htmluendret/iss/gammelt_LESEBEGRENSET/arkiv/instituttet/ansatte/nor/bdb/index.html
https://www-dav.sv.uio.no/gammelt/konvertert-sv-0827b-htmluendret/demokrati/vrtx/vortex-webdocuments/uio/person/v004/nor/person/index.html
https://www-dav.sv.uio.no/gammelt/konvertert-sv-0827a/demokrati/vrtx/vortex-webdocuments/uio/person/v004/nor/person/index.html
https://www-dav.sv.uio.no/gammelt/konvertert-sv-0827b-htmluendret/demokrati/vrtx/vortex-webdocuments/uio/person/v004/nor/person-with-all-elements/index.html
https://www-dav.sv.uio.no/gammelt/konvertert-sv-0827a/demokrati/vrtx/vortex-webdocuments/uio/person/v004/nor/person-with-all-elements/index.html
https://www-dav.sv.uio.no/gammelt/konvertert-sv-0827b-htmluendret/demokrati/vrtx/vortex-webdocuments/hf/person/v002/nor/person/index.html
https://www-dav.sv.uio.no/gammelt/konvertert-sv-0827a/demokrati/vrtx/vortex-webdocuments/hf/person/v002/nor/person/index.html
https://www-dav.sv.uio.no/gammelt/konvertert-sv-0913a/iss/gammelt_LESEBEGRENSET/arkiv/prosjektforum/vrtx/vortex-webdocuments/hf/person/v002/nor/person/index.html
https://www-dav.sv.uio.no/gammelt/konvertert-sv-0913a/iss/gammelt_LESEBEGRENSET/arkiv/prosjektforum/vrtx/vortex-webdocuments/uio/person/v004/nor/person-with-all-elements/index.html
https://www-dav.sv.uio.no/gammelt/konvertert-sv-0913a/iss/gammelt_LESEBEGRENSET/arkiv/prosjektforum/vrtx/vortex-webdocuments/uio/person/v004/nor/person/index.html
https://www-dav.sv.uio.no/gammelt/konvertert-sv-0913b-htmluendret/iss/gammelt_LESEBEGRENSET/arkiv/prosjektforum/vrtx/vortex-webdocuments/hf/person/v002/nor/person/index.html
https://www-dav.sv.uio.no/gammelt/konvertert-sv-0913b-htmluendret/iss/gammelt_LESEBEGRENSET/arkiv/prosjektforum/vrtx/vortex-webdocuments/uio/person/v004/nor/person-with-all-elements/index.html
https://www-dav.sv.uio.no/gammelt/konvertert-sv-0913b-htmluendret/iss/gammelt_LESEBEGRENSET/arkiv/prosjektforum/vrtx/vortex-webdocuments/uio/person/v004/nor/person/index.html
https://www-dav.sv.uio.no/gammelt/konvertert-sv-0913a/iss/gammelt_LESEBEGRENSET/forskning/eumargins/vrtx/vortex-webdocuments/uio/person/v004/nor/person/index.html
https://www-dav.sv.uio.no/gammelt/konvertert-sv-0913b-htmluendret/iss/gammelt_LESEBEGRENSET/forskning/eumargins/vrtx/vortex-webdocuments/uio/person/v004/nor/person/index.html
https://www-dav.sv.uio.no/gammelt/konvertert-sv-0913a/iss/gammelt_LESEBEGRENSET/forskning/eumargins/vrtx/vortex-webdocuments/uio/person/v004/nor/person-with-all-elements/index.html
https://www-dav.sv.uio.no/gammelt/konvertert-sv-0913b-htmluendret/iss/gammelt_LESEBEGRENSET/forskning/eumargins/vrtx/vortex-webdocuments/uio/person/v004/nor/person-with-all-elements/index.html
https://www-dav.sv.uio.no/gammelt/konvertert-sv-0913a/iss/gammelt_LESEBEGRENSET/forskning/eumargins/vrtx/vortex-webdocuments/hf/person/v002/nor/person/index.html
https://www-dav.sv.uio.no/gammelt/konvertert-sv-0913b-htmluendret/iss/gammelt_LESEBEGRENSET/forskning/eumargins/vrtx/vortex-webdocuments/hf/person/v002/nor/person/index.html
https://www-dav.sv.uio.no/gammelt/konvertert-sv-0827b-htmluendret/culcom/vrtx/vortex-webdocuments/uio/person/v004/nor/person/index.html
https://www-dav.sv.uio.no/gammelt/konvertert-sv-0827a/culcom/vrtx/vortex-webdocuments/uio/person/v004/nor/person/index.html
https://www-dav.sv.uio.no/gammelt/konvertert-sv-0827b-htmluendret/culcom/vrtx/vortex-webdocuments/uio/person/v004/nor/person-with-all-elements/index.html
https://www-dav.sv.uio.no/gammelt/konvertert-sv-0827a/culcom/vrtx/vortex-webdocuments/uio/person/v004/nor/person-with-all-elements/index.html
https://www-dav.sv.uio.no/gammelt/konvertert-sv-0827b-htmluendret/culcom/vrtx/vortex-webdocuments/hf/person/v002/nor/person/index.html
https://www-dav.sv.uio.no/gammelt/konvertert-sv-0827a/culcom/vrtx/vortex-webdocuments/hf/person/v002/nor/person/index.html
https://www-dav.sv.uio.no/gammelt/konvertert-sv-0913b-htmluendret/oekonomi/gammelt_LESEBEGRENSET/ansatte/Div./nor/%20espenrhe_gml/index.html
https://www-dav.sv.uio.no/gammelt/konvertert-sv-0913b-htmluendret/oekonomi/gammelt_LESEBEGRENSET/ansatte/Div./nor/evaklov/index.html
https://www-dav.sv.uio.no/gammelt/konvertert-sv-0913a/arena/vrtx/vortex-webdocuments/hf/person/v002/nor/person/index.html
https://www-dav.sv.uio.no/gammelt/konvertert-sv-0913b-htmluendret/arena/vrtx/vortex-webdocuments/hf/person/v002/nor/person/index.html
https://www-dav.sv.uio.no/gammelt/konvertert-sv-0913a/arena/vrtx/vortex-webdocuments/uio/person/v004/nor/person-with-all-elements/index.html
https://www-dav.sv.uio.no/gammelt/konvertert-sv-0913a/arena/vrtx/vortex-webdocuments/uio/person/v004/nor/person/index.html
https://www-dav.sv.uio.no/gammelt/konvertert-sv-0913b-htmluendret/arena/vrtx/vortex-webdocuments/uio/person/v004/nor/person-with-all-elements/index.html
https://www-dav.sv.uio.no/gammelt/konvertert-sv-0913b-htmluendret/arena/vrtx/vortex-webdocuments/uio/person/v004/nor/person/index.html
https://www-dav.sv.uio.no/gammelt/konvertert-sv-0913b-htmluendret/oekonomi/gammelt_LESEBEGRENSET/ansatte/Div./nor/aanundh_lav/index.html
https://www-dav.sv.uio.no/gammelt/konvertert-sv-0913b-htmluendret/oekonomi/gammelt_LESEBEGRENSET/ansatte/Div./nor/aanundh_hoy/index.html
