https://www-dav.uv.uio.no/intermedia/english/people/aca/dagnyst/index.html
https://www-dav.uv.uio.no/pfi/english/people/aca/rmtpinhe/index.html
https://www-dav.uv.uio.no/intermedia/personer/adm/perhet/index.html
https://www-dav.uv.uio.no/intermedia/english/people/adm/perhet/index.html
https://www-dav.uv.uio.no/isp/english/people/adm/karianmy/index.html
https://www-dav.uv.uio.no/isp/personer/adm/nicolmo/index.html
https://www-dav.uv.uio.no/isp/personer/adm/karianmy/index.html
https://www-dav.uv.uio.no/isp/personer/vit/ellenibr/index.html
https://www-dav.uv.uio.no/ils/english/people/aca/gardos/index.html
https://www-dav.uv.uio.no/pfi/personer/adm/sthide/index.html
https://www-dav.uv.uio.no/isp/english/people/aca/jorunnbh/index.html
https://www-dav.uv.uio.no/ils/english/people/aca/andlund/index.html
https://www-dav.uv.uio.no/english/people/adm/fac/communications/shanecol/index.html
https://www-dav.uv.uio.no/ils/personer/adm/lindandr/index.html
https://www-dav.uv.uio.no/personer/adm/fak/personalseksjonen/toneels/index.html
https://www-dav.uv.uio.no/ils/personer/vit/gardos/index.html
https://www-dav.uv.uio.no/personer/adm/fak/forskningsadministrasjonen/sbl/index.html
https://www-dav.uv.uio.no/intermedia/english/people/aca/svenmba/index.html
https://www-dav.uv.uio.no/intermedia/personer/vit/svenmba/index.html
https://www-dav.uv.uio.no/personer/adm/fak/forvarelse/aevandt/index.html
https://www-dav.uv.uio.no/pfi/personer/vit/tonekv/index.html
https://www-dav.uv.uio.no/isp/english/people/aca/jannik/index.html
https://www-dav.uv.uio.no/pfi/english/people/aca/bedadame/index.html
https://www-dav.uv.uio.no/pfi/english/people/aca/eevi/index.html
https://www-dav.uv.uio.no/pfi/personer/vit/hegeyh/index.html
https://www-dav.uv.uio.no/pfi/english/people/aca/hegeyh/index.html
https://www-dav.uv.uio.no/ils/english/people/adm/brittber/index.html
https://www-dav.uv.uio.no/isp/english/people/adm/hildeol/index.html
https://www-dav.uv.uio.no/isp/personer/adm/hildeol/index.html
https://www-dav.uv.uio.no/ils/personer/vit/arnehole/index.html
https://www-dav.uv.uio.no/intermedia/personer/adm/yvonnep/index.html
https://www-dav.uv.uio.no/intermedia/personer/vit/dagnyst/index.html
https://www-dav.uv.uio.no/personer/adm/fak/personalseksjonen/stvamh1/index.html
https://www-dav.uv.uio.no/personer/adm/fak/personalseksjonen/anderm/index.html
https://www-dav.uv.uio.no/ils/personer/vit/ma/index.html
https://www-dav.uv.uio.no/pfi/english/about/former-employees/eldale/index.html
https://www-dav.uv.uio.no/pfi/om/tidligere-ansatte/eldale/index.html
https://www-dav.uv.uio.no/pfi/personer/vit/ninie/index.html
https://www-dav.uv.uio.no/pfi/english/people/aca/tonec/index.html
https://www-dav.uv.uio.no/intermedia/english/people/aca/palmyre/index.html
https://www-dav.uv.uio.no/pfi/personer/vit/elisabss/index.html
https://www-dav.uv.uio.no/pfi/english/people/adm/emilth/index.html
https://www-dav.uv.uio.no/pfi/personer/adm/emilth/index.html
https://www-dav.uv.uio.no/isp/personer/vit/soll/index.html
https://www-dav.uv.uio.no/ils/personer/adm/misnes/index.html
https://www-dav.uv.uio.no/pfi/personer/vit/cecid/index.html
https://www-dav.uv.uio.no/pfi/personer/adm/camilbak/index.html
https://www-dav.uv.uio.no/pfi/personer/vit/leilaf/index.html
https://www-dav.uv.uio.no/ils/english/people/aca/kariaro/index.html
https://www-dav.uv.uio.no/ils/personer/vit/kariaro/index.html
https://www-dav.uv.uio.no/pfi/english/people/aca/leilaf/index.html
https://www-dav.uv.uio.no/pfi/english/people/aca/iyadna/index.html
https://www-dav.uv.uio.no/ils/personer/adm/annaeri/index.html
https://www-dav.uv.uio.no/isp/personer/adm/carolieh/index.html
https://www-dav.uv.uio.no/isp/english/people/adm/nicolmo/index.html
https://www-dav.uv.uio.no/isp/english/people/adm/carolieh/index.html
https://www-dav.uv.uio.no/isp/english/people/adm/halvorm/index.html
https://www-dav.uv.uio.no/isp/english/people/adm/marthol/index.html
https://www-dav.uv.uio.no/isp/personer/adm/marthol/index.html
https://www-dav.uv.uio.no/isp/personer/adm/halvorm/index.html
https://www-dav.uv.uio.no/intermedia/personer/adm/tkthores/index.html
https://www-dav.uv.uio.no/isp/english/people/aca/livdue/index.html
https://www-dav.uv.uio.no/ils/personer/vit/lisbbr/index.html
https://www-dav.uv.uio.no/pfi/personer/vit/helgardm/index.html
https://www-dav.uv.uio.no/pfi/english/people/aca/helgardm/index.html
https://www-dav.uv.uio.no/pfi/english/people/aca/elborg/index.html
https://www-dav.uv.uio.no/pfi/personer/vit/anderjh/index.html
https://www-dav.uv.uio.no/pfi/english/people/aca/cecid/index.html
https://www-dav.uv.uio.no/pfi/personer/vit/tonec/index.html
https://www-dav.uv.uio.no/pfi/personer/vit/janebaka/index.html
https://www-dav.uv.uio.no/ils/english/people/adm/kyrrev/index.html
https://www-dav.uv.uio.no/intermedia/english/people/aca/alfredog/index.html
https://www-dav.uv.uio.no/pfi/english/people/aca/janebaka/index.html
https://www-dav.uv.uio.no/intermedia/personer/vit/alfredog/index.html
https://www-dav.uv.uio.no/pfi/english/people/aca/marielk/index.html
https://www-dav.uv.uio.no/isp/personer/vit/janicks/index.html
https://www-dav.uv.uio.no/pfi/personer/vit/iyadna/index.html
https://www-dav.uv.uio.no/intermedia/personer/vit/anderskl/index.html
https://www-dav.uv.uio.no/isp/personer/vit/vigdisre/index.html
https://www-dav.uv.uio.no/isp/personer/vit/livdue/index.html
https://www-dav.uv.uio.no/ils/personer/vit/fredca/index.html
https://www-dav.uv.uio.no/intermedia/english/people/adm/muhammfa/index.html
https://www-dav.uv.uio.no/ils/personer/vit/evatvo/index.html
https://www-dav.uv.uio.no/intermedia/personer/adm/edithi/index.html
https://www-dav.uv.uio.no/intermedia/english/people/adm/edithi/index.html
https://www-dav.uv.uio.no/intermedia/personer/adm/anthonjp/index.html
https://www-dav.uv.uio.no/ils/personer/vit/trudenil/index.html
https://www-dav.uv.uio.no/intermedia/personer/vit/nygaarda/index.html
https://www-dav.uv.uio.no/pfi/english/people/aca/ingvillr/index.html
https://www-dav.uv.uio.no/pfi/personer/vit/ingvillr/index.html
https://www-dav.uv.uio.no/ils/english/people/aca/majkenk/index.html
https://www-dav.uv.uio.no/ils/personer/vit/hertzber/index.html
https://www-dav.uv.uio.no/pfi/personer/adm/annettek/index.html
https://www-dav.uv.uio.no/pfi/personer/vit/solvero/index.html
https://www-dav.uv.uio.no/pfi/english/people/aca/sanjam/index.html
https://www-dav.uv.uio.no/pfi/personer/vit/sanjam/index.html
https://www-dav.uv.uio.no/ils/personer/adm/josteiar/index.html
https://www-dav.uv.uio.no/ils/personer/adm/kyrrev/index.html
https://www-dav.uv.uio.no/pfi/english/people/aca/oisteina/index.html
https://www-dav.uv.uio.no/ils/personer/adm/torileg/index.html
https://www-dav.uv.uio.no/ils/personer/adm/ak/index.html
https://www-dav.uv.uio.no/ils/personer/adm/junehl/index.html
https://www-dav.uv.uio.no/pfi/personer/vit/oisteina/index.html
https://www-dav.uv.uio.no/ils/personer/adm/krisbjo/index.html
https://www-dav.uv.uio.no/ils/personer/vit/ingrieik/index.html
https://www-dav.uv.uio.no/ils/personer/adm/maikel/index.html
https://www-dav.uv.uio.no/ils/personer/vit/chrbrand/index.html
https://www-dav.uv.uio.no/ils/personer/vit/dijanati/index.html
https://www-dav.uv.uio.no/ils/personer/vit/lkramber/index.html
https://www-dav.uv.uio.no/isp/personer/vit/melaniek/index.html
https://www-dav.uv.uio.no/isp/personer/vit/onabw/index.html
https://www-dav.uv.uio.no/intermedia/personer/adm/muhammfa/index.html
https://www-dav.uv.uio.no/pfi/english/people/aca/ivarbr/index.html
https://www-dav.uv.uio.no/intermedia/english/people/adm/linste/index.html
https://www-dav.uv.uio.no/intermedia/personer/adm/linste/index.html
https://www-dav.uv.uio.no/english/people/adm/fac/student-administration/linesl/index.html
https://www-dav.uv.uio.no/personer/adm/fak/studieadministrasjonen/linesl/index.html
https://www-dav.uv.uio.no/ils/personer/vit/helmeras/index.html
https://www-dav.uv.uio.no/ils/english/people/adm/kaektved/index.html
https://www-dav.uv.uio.no/intermedia/personer/vit/renatej/index.html
https://www-dav.uv.uio.no/intermedia/english/people/adm/tkthores/index.html
https://www-dav.uv.uio.no/intermedia/english/people/aca/ceciliff/index.html
https://www-dav.uv.uio.no/intermedia/english/people/aca/ikrange/index.html
https://www-dav.uv.uio.no/ils/personer/vit/martebw/index.html
https://www-dav.uv.uio.no/pfi/english/people/adm/ulfg/index.html
https://www-dav.uv.uio.no/pfi/personer/adm/ulfg/index.html
https://www-dav.uv.uio.no/pfi/english/people/aca/anderjh/index.html
https://www-dav.uv.uio.no/intermedia/personer/vit/palmyre/index.html
https://www-dav.uv.uio.no/pfi/personer/vit/larsl/index.html
https://www-dav.uv.uio.no/pfi/english/people/aca/larsl/index.html
https://www-dav.uv.uio.no/pfi/personer/vit/suzannel/index.html
https://www-dav.uv.uio.no/intermedia/english/people/aca/olesm/index.html
https://www-dav.uv.uio.no/isp/personer/vit/evasf/index.html
https://www-dav.uv.uio.no/pfi/personer/vit/rmtpinhe/index.html
https://www-dav.uv.uio.no/intermedia/english/people/aca/inesl/index.html
https://www-dav.uv.uio.no/isp/english/people/adm/stinesto/index.html
https://www-dav.uv.uio.no/isp/personer/adm/stinesto/index.html
https://www-dav.uv.uio.no/personer/adm/fak/studieadministrasjonen/ghbraate/index.html
https://www-dav.uv.uio.no/intermedia/personer/vit/olesm/index.html
https://www-dav.uv.uio.no/pfi/english/people/aca/vidargro/index.html
https://www-dav.uv.uio.no/intermedia/english/people/aca/rolfstei/index.html
https://www-dav.uv.uio.no/intermedia/english/people/adm/kariannu/index.html
https://www-dav.uv.uio.no/intermedia/english/people/adm/anthonjp/index.html
https://www-dav.uv.uio.no/intermedia/personer/vit/sveino/index.html
https://www-dav.uv.uio.no/intermedia/personer/adm/suresha/index.html
https://www-dav.uv.uio.no/intermedia/personer/adm/rosaev/index.html
https://www-dav.uv.uio.no/intermedia/personer/adm/carstens/index.html
https://www-dav.uv.uio.no/isp/personer/vit/siljesy/index.html
https://www-dav.uv.uio.no/intermedia/english/people/aca/andersm/index.html
https://www-dav.uv.uio.no/intermedia/english/people/aca/ingvian/index.html
https://www-dav.uv.uio.no/pfi/english/people/aca/suzannel/index.html
https://www-dav.uv.uio.no/pfi/english/people/aca/torillah/index.html
https://www-dav.uv.uio.no/intermedia/english/people/aca/renatej/index.html
https://www-dav.uv.uio.no/intermedia/english/people/aca/crinad/index.html
https://www-dav.uv.uio.no/ils/personer/vit/khflyum/index.html
https://www-dav.uv.uio.no/ils/english/people/aca/kirstesi/index.html
https://www-dav.uv.uio.no/intermedia/english/people/aca/anderskl/index.html
https://www-dav.uv.uio.no/ils/personer/vit/kirstesi/index.html
https://www-dav.uv.uio.no/ils/english/people/aca/jonv/index.html
https://www-dav.uv.uio.no/ils/personer/vit/jonv/index.html
https://www-dav.uv.uio.no/intermedia/personer/adm/larslo/index.html
https://www-dav.uv.uio.no/isp/english/people/aca/geirny/index.html
https://www-dav.uv.uio.no/isp/personer/vit/geirny/index.html
https://www-dav.uv.uio.no/isp/personer/vit/svenni/index.html
https://www-dav.uv.uio.no/isp/english/people/aca/torot/index.html
https://www-dav.uv.uio.no/ils/personer/adm/jonefos/index.html
https://www-dav.uv.uio.no/ils/english/people/aca/gurisk/index.html
https://www-dav.uv.uio.no/ils/personer/vit/gurisk/index.html
https://www-dav.uv.uio.no/ils/english/people/aca/andrewma/index.html
https://www-dav.uv.uio.no/ils/personer/vit/andrewma/index.html
https://www-dav.uv.uio.no/pfi/personer/vit/chrisnm/index.html
https://www-dav.uv.uio.no/pfi/english/people/aca/chrisnm/index.html
https://www-dav.uv.uio.no/ils/personer/vit/torunna/index.html
https://www-dav.uv.uio.no/ils/english/people/aca/torunna/index.html
https://www-dav.uv.uio.no/isp/personer/adm/sigurdha/index.html
https://www-dav.uv.uio.no/personer/adm/fak/personalseksjonen/lindaval/index.html
https://www-dav.uv.uio.no/personer/adm/fak/kommunikasjon/tkthores/index.html
https://www-dav.uv.uio.no/intermedia/english/people/adm/carstens/index.html
https://www-dav.uv.uio.no/ils/personer/vit/annekbo/index.html
https://www-dav.uv.uio.no/pfi/personer/vit/marielk/index.html
https://www-dav.uv.uio.no/intermedia/personer/adm/idunnsem/index.html
https://www-dav.uv.uio.no/ils/personer/adm/mariesth/index.html
https://www-dav.uv.uio.no/pfi/personer/vit/kennes/index.html
https://www-dav.uv.uio.no/intermedia/english/people/aca/arildb/index.html
https://www-dav.uv.uio.no/ils/english/people/adm/mariesth/index.html
https://www-dav.uv.uio.no/ils/personer/vit/wenchev/index.html
https://www-dav.uv.uio.no/pfi/english/people/aca/monikn/index.html
https://www-dav.uv.uio.no/intermedia/personer/vit/crinad/index.html
https://www-dav.uv.uio.no/ils/english/people/aca/kirstik/index.html
https://www-dav.uv.uio.no/ils/personer/vit/kirstik/index.html
https://www-dav.uv.uio.no/isp/english/people/aca/beritr/index.html
https://www-dav.uv.uio.no/pfi/english/people/aca/arnele/index.html
https://www-dav.uv.uio.no/intermedia/english/people/aca/janad/index.html
https://www-dav.uv.uio.no/intermedia/english/people/aca/annikla/index.html
https://www-dav.uv.uio.no/intermedia/personer/vit/inesl/index.html
https://www-dav.uv.uio.no/pfi/english/people/aca/solvero/index.html
https://www-dav.uv.uio.no/pfi/personer/vit/sverrtv/index.html
https://www-dav.uv.uio.no/pfi/personer/vit/kntveit/index.html
https://www-dav.uv.uio.no/pfi/english/people/aca/kntveit/index.html
https://www-dav.uv.uio.no/pfi/english/people/aca/klycke/index.html
https://www-dav.uv.uio.no/pfi/personer/vit/klycke/index.html
https://www-dav.uv.uio.no/intermedia/personer/vit/ceciliff/index.html
https://www-dav.uv.uio.no/ils/personer/vit/auds/index.html
https://www-dav.uv.uio.no/ils/english/people/aca/khflyum/index.html
https://www-dav.uv.uio.no/personer/adm/fak/studieadministrasjonen/metteko/index.html
https://www-dav.uv.uio.no/personer/adm/fak/studieadministrasjonen/ariels/index.html
https://www-dav.uv.uio.no/isp/personer/adm/synned/index.html
https://www-dav.uv.uio.no/isp/english/people/adm/jyttri/index.html
https://www-dav.uv.uio.no/isp/english/people/adm/sigurdha/index.html
https://www-dav.uv.uio.no/isp/english/people/adm/hildefe/index.html
https://www-dav.uv.uio.no/isp/english/people/adm/deneseb/index.html
https://www-dav.uv.uio.no/isp/english/people/adm/trinelab/index.html
https://www-dav.uv.uio.no/isp/personer/adm/trinelab/index.html
https://www-dav.uv.uio.no/isp/english/people/adm/komdal/index.html
https://www-dav.uv.uio.no/isp/english/people/adm/bjorgmat/index.html
https://www-dav.uv.uio.no/isp/english/people/adm/synned/index.html
https://www-dav.uv.uio.no/isp/english/people/adm/siljeeri/index.html
https://www-dav.uv.uio.no/isp/personer/adm/bjorgmat/index.html
https://www-dav.uv.uio.no/isp/personer/adm/deneseb/index.html
https://www-dav.uv.uio.no/isp/personer/adm/komdal/index.html
https://www-dav.uv.uio.no/isp/personer/adm/siljeeri/index.html
https://www-dav.uv.uio.no/ils/english/people/aca/anneroll/index.html
https://www-dav.uv.uio.no/ils/english/people/aca/thomafp/index.html
https://www-dav.uv.uio.no/ils/english/people/aca/ingeols/index.html
https://www-dav.uv.uio.no/ils/english/people/aca/tovefr/index.html
https://www-dav.uv.uio.no/ils/english/people/aca/aebbesen/index.html
https://www-dav.uv.uio.no/ils/english/people/aca/elibsen/index.html
https://www-dav.uv.uio.no/ils/personer/vit/elibsen/index.html
https://www-dav.uv.uio.no/ils/personer/adm/bendikn/index.html
https://www-dav.uv.uio.no/ils/english/people/aca/gunneh/index.html
https://www-dav.uv.uio.no/ils/personer/vit/gunneh/index.html
https://www-dav.uv.uio.no/ils/english/people/aca/hannesmo/index.html
https://www-dav.uv.uio.no/ils/personer/vit/hannesmo/index.html
https://www-dav.uv.uio.no/ils/english/people/aca/ingaj/index.html
https://www-dav.uv.uio.no/ils/personer/vit/ingaj/index.html
https://www-dav.uv.uio.no/ils/english/people/aca/ingerth/index.html
https://www-dav.uv.uio.no/ils/personer/vit/ingerth/index.html
https://www-dav.uv.uio.no/ils/english/people/aca/meretfo/index.html
https://www-dav.uv.uio.no/ils/english/people/adm/jonefos/index.html
https://www-dav.uv.uio.no/ils/personer/vit/meretfo/index.html
https://www-dav.uv.uio.no/ils/english/people/aca/sylvish/index.html
https://www-dav.uv.uio.no/ils/personer/vit/sylvish/index.html
https://www-dav.uv.uio.no/ils/english/people/aca/tovehu/index.html
https://www-dav.uv.uio.no/ils/personer/vit/tovehu/index.html
https://www-dav.uv.uio.no/ils/english/people/adm/krisbjo/index.html
https://www-dav.uv.uio.no/ils/english/people/aca/martebw/index.html
https://www-dav.uv.uio.no/ils/english/people/adm/anubhar/index.html
https://www-dav.uv.uio.no/ils/personer/adm/anubhar/index.html
https://www-dav.uv.uio.no/ils/english/people/adm/evakn/index.html
https://www-dav.uv.uio.no/ils/personer/adm/evakn/index.html
https://www-dav.uv.uio.no/ils/english/people/adm/livfi/index.html
https://www-dav.uv.uio.no/ils/personer/adm/livfi/index.html
https://www-dav.uv.uio.no/ils/english/people/aca/emiliaa/index.html
https://www-dav.uv.uio.no/ils/personer/vit/emiliaa/index.html
https://www-dav.uv.uio.no/ils/personer/vit/majkenk/index.html
https://www-dav.uv.uio.no/intermedia/personer/vit/ikrange/index.html
https://www-dav.uv.uio.no/pfi/personer/vit/sveinev/index.html
https://www-dav.uv.uio.no/isp/personer/vit/camillh/index.html
https://www-dav.uv.uio.no/isp/english/people/aca/martak/index.html
https://www-dav.uv.uio.no/ils/english/people/aca/tehauge/index.html
https://www-dav.uv.uio.no/ils/personer/vit/tovefr/index.html
https://www-dav.uv.uio.no/isp/personer/vit/martak/index.html
https://www-dav.uv.uio.no/ils/personer/vit/tehauge/index.html
https://www-dav.uv.uio.no/intermedia/personer/vit/andersm/index.html
https://www-dav.uv.uio.no/pfi/personer/vit/vibekega/index.html
https://www-dav.uv.uio.no/pfi/english/people/aca/chrbrand/index.html
https://www-dav.uv.uio.no/pfi/personer/vit/chrbrand/index.html
https://www-dav.uv.uio.no/isp/personer/vit/siljehol/index.html
https://www-dav.uv.uio.no/isp/personer/vit/yngver/index.html
https://www-dav.uv.uio.no/isp/personer/vit/kristrth/index.html
https://www-dav.uv.uio.no/isp/english/people/aca/monima/index.html
https://www-dav.uv.uio.no/isp/personer/vit/chulme/index.html
https://www-dav.uv.uio.no/isp/english/people/aca/chulme/index.html
https://www-dav.uv.uio.no/isp/english/people/aca/kjerr/index.html
https://www-dav.uv.uio.no/isp/english/people/aca/jorgefro/index.html
https://www-dav.uv.uio.no/isp/english/people/aca/evasf/index.html
https://www-dav.uv.uio.no/isp/english/people/aca/nilsbre/index.html
https://www-dav.uv.uio.no/isp/english/people/adm/stigaas/index.html
https://www-dav.uv.uio.no/isp/personer/vit/monima/index.html
https://www-dav.uv.uio.no/isp/personer/vit/heidilm/index.html
https://www-dav.uv.uio.no/isp/personer/vit/livl/index.html
https://www-dav.uv.uio.no/isp/personer/vit/janakru/index.html
https://www-dav.uv.uio.no/isp/personer/vit/mklem/index.html
https://www-dav.uv.uio.no/isp/personer/vit/jannik/index.html
https://www-dav.uv.uio.no/isp/personer/vit/kariabn/index.html
https://www-dav.uv.uio.no/isp/personer/vit/stefapo/index.html
https://www-dav.uv.uio.no/isp/personer/vit/beritjo/index.html
https://www-dav.uv.uio.no/isp/personer/vit/beritr/index.html
https://www-dav.uv.uio.no/isp/personer/vit/kjerr/index.html
https://www-dav.uv.uio.no/isp/personer/vit/hannemho/index.html
https://www-dav.uv.uio.no/isp/personer/vit/livie/index.html
https://www-dav.uv.uio.no/isp/personer/vit/reidunt/index.html
https://www-dav.uv.uio.no/isp/personer/vit/grethev/index.html
https://www-dav.uv.uio.no/isp/personer/vit/kristvon/index.html
https://www-dav.uv.uio.no/isp/personer/vit/siriwo/index.html
https://www-dav.uv.uio.no/isp/personer/adm/stigaas/index.html
https://www-dav.uv.uio.no/isp/personer/vit/monicada/index.html
https://www-dav.uv.uio.no/isp/personer/vit/nilsbre/index.html
https://www-dav.uv.uio.no/pfi/personer/vit/monikn/index.html
https://www-dav.uv.uio.no/pfi/personer/vit/monicaru/index.html
https://www-dav.uv.uio.no/isp/english/people/aca/kristrth/index.html
https://www-dav.uv.uio.no/pfi/english/people/aca/hansa/index.html
https://www-dav.uv.uio.no/pfi/english/people/aca/sverrtv/index.html
https://www-dav.uv.uio.no/pfi/personer/vit/torillah/index.html
https://www-dav.uv.uio.no/pfi/personer/adm/steinosa/index.html
https://www-dav.uv.uio.no/pfi/personer/vit/bkarseth/index.html
https://www-dav.uv.uio.no/intermedia/english/people/previous-staff/andrewm/index.html
https://www-dav.uv.uio.no/intermedia/personer/vit/bskaar/index.html
https://www-dav.uv.uio.no/pfi/personer/vit/cbeck/index.html
https://www-dav.uv.uio.no/personer/adm/fak/forskningsadministrasjonen/erik/index.html
https://www-dav.uv.uio.no/ils/english/people/aca/olekb/index.html
https://www-dav.uv.uio.no/ils/personer/vit/olekb/index.html
https://www-dav.uv.uio.no/ils/personer/adm/brittber/index.html
https://www-dav.uv.uio.no/pfi/english/people/aca/tonekv/index.html
https://www-dav.uv.uio.no/pfi/personer/vit/bjorste/index.html
https://www-dav.uv.uio.no/isp/english/people/aca/janicks/index.html
https://www-dav.uv.uio.no/isp/personer/vit/halvobjo/index.html
https://www-dav.uv.uio.no/ils/english/people/aca/ma/index.html
https://www-dav.uv.uio.no/isp/english/people/aca/svenni/index.html
https://www-dav.uv.uio.no/pfi/english/people/aca/bkarseth/index.html
https://www-dav.uv.uio.no/isp/personer/adm/hildefe/index.html
https://www-dav.uv.uio.no/personer/adm/fak/studieadministrasjonen/annemetn/index.html
https://www-dav.uv.uio.no/ils/personer/adm/brigtho/index.html
https://www-dav.uv.uio.no/intermedia/english/people/adm/idunnsem/index.html
https://www-dav.uv.uio.no/ils/personer/adm/kirstr/index.html
https://www-dav.uv.uio.no/personer/adm/fak/studieadministrasjonen/olavsk/index.html
https://www-dav.uv.uio.no/intermedia/english/people/adm/rosaev/index.html
https://www-dav.uv.uio.no/ils/personer/adm/oysteje/index.html
https://www-dav.uv.uio.no/ils/personer/adm/casperse/index.html
https://www-dav.uv.uio.no/isp/english/people/aca/hannemho/index.html
https://www-dav.uv.uio.no/isp/english/people/aca/ivarm/index.html
https://www-dav.uv.uio.no/intermedia/english/people/adm/yvonnep/index.html
https://www-dav.uv.uio.no/isp/english/people/aca/janakru/index.html
https://www-dav.uv.uio.no/isp/english/people/aca/kariabn/index.html
https://www-dav.uv.uio.no/pfi/english/people/aca/kennes/index.html
https://www-dav.uv.uio.no/intermedia/personer/vit/arildb/index.html
https://www-dav.uv.uio.no/intermedia/personer/adm/jeremyt/index.html
https://www-dav.uv.uio.no/english/people/adm/fac/hr/ahaga/index.html
https://www-dav.uv.uio.no/english/people/adm/fac/hr/anderm/index.html
https://www-dav.uv.uio.no/english/people/adm/fac/hr/bernah/index.html
https://www-dav.uv.uio.no/english/people/adm/fac/hr/lindaval/index.html
https://www-dav.uv.uio.no/english/people/adm/fac/hr/monikvaa/index.html
https://www-dav.uv.uio.no/english/people/adm/fac/leadership/jarlevt/index.html
https://www-dav.uv.uio.no/english/people/adm/fac/reception/aevandt/index.html
https://www-dav.uv.uio.no/english/people/adm/fac/student-administration/annemetn/index.html
https://www-dav.uv.uio.no/english/people/adm/fac/student-administration/kristivi/index.html
https://www-dav.uv.uio.no/english/people/adm/fac/student-administration/metteko/index.html
https://www-dav.uv.uio.no/english/people/adm/fac/student-administration/olavsk/index.html
https://www-dav.uv.uio.no/english/people/adm/fac/student-administration/shringo/index.html
https://www-dav.uv.uio.no/english/people/adm/fac/student-administration/simenf/index.html
https://www-dav.uv.uio.no/english/people/adm/fac/student-administration/solbjorh/index.html
https://www-dav.uv.uio.no/pfi/personer/vit/kamiloe/index.html
https://www-dav.uv.uio.no/english/people/adm/fac/student-administration/toneso/index.html
https://www-dav.uv.uio.no/personer/vit/toneso/index.html
https://www-dav.uv.uio.no/isp/personer/vit/ivarm/index.html
https://www-dav.uv.uio.no/ils/english/people/adm/anjaom/index.html
https://www-dav.uv.uio.no/pfi/english/people/aca/bbrock/index.html
https://www-dav.uv.uio.no/ils/personer/adm/terjegul/index.html
https://www-dav.uv.uio.no/ils/english/people/adm/terjegul/index.html
https://www-dav.uv.uio.no/pfi/personer/vit/hansa/index.html
https://www-dav.uv.uio.no/ils/english/people/aca/wenchev/index.html
https://www-dav.uv.uio.no/ils/personer/vit/kirstefo/index.html
https://www-dav.uv.uio.no/english/people/adm/fac/finance/sjoshi/index.html
https://www-dav.uv.uio.no/english/people/adm/fac/communications/tkthores/index.html
https://www-dav.uv.uio.no/english/people/adm/fac/communications/jarlevt/index.html
https://www-dav.uv.uio.no/english/people/adm/fac/archives/isabelps/index.html
https://www-dav.uv.uio.no/english/people/adm/fac/it/ageva/index.html
https://www-dav.uv.uio.no/english/people/adm/fac/it/gulbraro/index.html
https://www-dav.uv.uio.no/english/people/adm/fac/it/jensmb/index.html
https://www-dav.uv.uio.no/english/people/adm/fac/it/theresaa/index.html
https://www-dav.uv.uio.no/intermedia/personer/adm/kariannu/index.html
https://www-dav.uv.uio.no/pfi/personer/vit/turidlh/index.html
https://www-dav.uv.uio.no/personer/adm/fak/kommunikasjon/jarlevt/index.html
https://www-dav.uv.uio.no/ils/personer/vit/ritah/index.html
https://www-dav.uv.uio.no/pfi/personer/vit/arnele/index.html
https://www-dav.uv.uio.no/ils/personer/adm/anjaom/index.html
https://www-dav.uv.uio.no/pfi/personer/vit/thork/index.html
https://www-dav.uv.uio.no/pfi/english/people/aca/peterma/index.html
https://www-dav.uv.uio.no/pfi/english/people/aca/sveinev/index.html
https://www-dav.uv.uio.no/isp/english/people/aca/bhagtvet/index.html
https://www-dav.uv.uio.no/pfi/personer/vit/olae/index.html
https://www-dav.uv.uio.no/pfi/personer/adm/elinosor/index.html
https://www-dav.uv.uio.no/intermedia/english/people/aca/stenl/index.html
https://www-dav.uv.uio.no/intermedia/personer/vit/stenl/index.html
https://www-dav.uv.uio.no/intermedia/english/people/adm/suresha/index.html
https://www-dav.uv.uio.no/intermedia/english/people/aca/nygaarda/index.html
https://www-dav.uv.uio.no/intermedia/personer/adm/arven/index.html
https://www-dav.uv.uio.no/ils/personer/vit/ruthje/index.html
https://www-dav.uv.uio.no/ils/personer/vit/krishels/index.html
https://www-dav.uv.uio.no/ils/personer/vit/eliot/index.html
https://www-dav.uv.uio.no/isp/english/people/aca/beritjo/index.html
https://www-dav.uv.uio.no/english/people/adm/fac/archives/petteroh/index.html
https://www-dav.uv.uio.no/pfi/personer/vit/vidargro/index.html
https://www-dav.uv.uio.no/pfi/personer/vit/roseem/index.html
https://www-dav.uv.uio.no/pfi/personer/vit/bedadame/index.html
https://www-dav.uv.uio.no/pfi/personer/vit/bbrock/index.html
https://www-dav.uv.uio.no/pfi/personer/adm/metteko/index.html
https://www-dav.uv.uio.no/pfi/english/people/adm/metteko/index.html
https://www-dav.uv.uio.no/pfi/english/people/aca/roseem/index.html
https://www-dav.uv.uio.no/personer/adm/fak/arkivseksjonen/isabelps/index.html
https://www-dav.uv.uio.no/ils/personer/vit/annekda/index.html
https://www-dav.uv.uio.no/ils/personer/vit/aebbesen/index.html
https://www-dav.uv.uio.no/ils/english/people/aca/auds/index.html
https://www-dav.uv.uio.no/pfi/personer/vit/ostafsen/index.html
https://www-dav.uv.uio.no/pfi/english/people/aca/ostafsen/index.html
https://www-dav.uv.uio.no/pfi/personer/vit/martinvu/index.html
https://www-dav.uv.uio.no/pfi/personer/vit/kristibv/index.html
https://www-dav.uv.uio.no/pfi/personer/vit/bodilo/index.html
https://www-dav.uv.uio.no/pfi/personer/vit/monikab/index.html
https://www-dav.uv.uio.no/pfi/personer/vit/karljo/index.html
https://www-dav.uv.uio.no/pfi/personer/vit/karenj/index.html
https://www-dav.uv.uio.no/pfi/personer/vit/britmh/index.html
https://www-dav.uv.uio.no/pfi/personer/vit/ammhage/index.html
https://www-dav.uv.uio.no/pfi/personer/vit/helenefu/index.html
https://www-dav.uv.uio.no/pfi/personer/vit/lynneac/index.html
https://www-dav.uv.uio.no/pfi/personer/vit/ceciliej/index.html
https://www-dav.uv.uio.no/pfi/personer/vit/brittue/index.html
https://www-dav.uv.uio.no/pfi/personer/vit/thomasdl/index.html
https://www-dav.uv.uio.no/pfi/personer/vit/lenebuc/index.html
https://www-dav.uv.uio.no/pfi/personer/vit/ivarbr/index.html
https://www-dav.uv.uio.no/personer/adm/fak/kommunikasjon/shanecol/index.html
https://www-dav.uv.uio.no/pfi/personer/vit/elborg/index.html
https://www-dav.uv.uio.no/pfi/personer/vit/eevi/index.html
https://www-dav.uv.uio.no/isp/english/people/aca/siljesy/index.html
https://www-dav.uv.uio.no/pfi/personer/vit/arnesko/index.html
https://www-dav.uv.uio.no/pfi/personer/vit/peterma/index.html
https://www-dav.uv.uio.no/ils/personer/adm/kaektved/index.html
https://www-dav.uv.uio.no/pfi/english/people/adm/kjersjen/index.html
https://www-dav.uv.uio.no/pfi/personer/adm/kjersjen/index.html
https://www-dav.uv.uio.no/pfi/personer/adm/krislba/index.html
https://www-dav.uv.uio.no/pfi/personer/adm/paolalov/index.html
https://www-dav.uv.uio.no/isp/english/people/aca/reidunt/index.html
https://www-dav.uv.uio.no/isp/english/people/aca/livie/index.html
https://www-dav.uv.uio.no/isp/english/people/aca/grethev/index.html
https://www-dav.uv.uio.no/isp/english/people/aca/evas/index.html
https://www-dav.uv.uio.no/isp/english/people/aca/camillh/index.html
https://www-dav.uv.uio.no/isp/english/people/aca/benteek/index.html
https://www-dav.uv.uio.no/pfi/english/people/aca/robinu/index.html
https://www-dav.uv.uio.no/pfi/personer/vit/robinu/index.html
https://www-dav.uv.uio.no/pfi/english/people/aca/kristibv/index.html
https://www-dav.uv.uio.no/ils/english/people/adm/ylvaso/index.html
https://www-dav.uv.uio.no/pfi/english/people/aca/oystegi/index.html
https://www-dav.uv.uio.no/pfi/personer/vit/oystegi/index.html
https://www-dav.uv.uio.no/pfi/english/people/aca/bjorste/index.html
https://www-dav.uv.uio.no/intermedia/personer/vit/ingvian/index.html
https://www-dav.uv.uio.no/intermedia/english/people/aca/bskaar/index.html
https://www-dav.uv.uio.no/english/people/adm/fac/student-administration/marteam/index.html
https://www-dav.uv.uio.no/english/people/adm/fac/leadership/baardkjo/index.html
https://www-dav.uv.uio.no/pfi/personer/vit/einarsun/index.html
https://www-dav.uv.uio.no/pfi/english/people/aca/einarsun/index.html
https://www-dav.uv.uio.no/pfi/english/people/aca/martinvu/index.html
https://www-dav.uv.uio.no/personer/adm/fak/ledelsen/baardkjo/index.html
https://www-dav.uv.uio.no/isp/personer/vit/gunvorv/index.html
https://www-dav.uv.uio.no/isp/personer/vit/evas/index.html
https://www-dav.uv.uio.no/isp/english/people/aca/kolbjorv/index.html
https://www-dav.uv.uio.no/isp/english/people/aca/marirod/index.html
https://www-dav.uv.uio.no/isp/english/people/aca/ernstjo/index.html
https://www-dav.uv.uio.no/isp/english/people/aca/haraldma/index.html
https://www-dav.uv.uio.no/isp/english/people/aca/vigdisre/index.html
https://www-dav.uv.uio.no/isp/personer/vit/susanbuckley/index.html
https://www-dav.uv.uio.no/isp/english/people/aca/suanbucley/index.html
https://www-dav.uv.uio.no/english/people/adm/fac/leadership/sbl/index.html
https://www-dav.uv.uio.no/ils/english/people/aca/eyvindel/index.html
https://www-dav.uv.uio.no/ils/personer/vit/eyvindel/index.html
https://www-dav.uv.uio.no/pfi/english/people/aca/blacksok/index.html
https://www-dav.uv.uio.no/pfi/personer/vit/blacksok/index.html
https://www-dav.uv.uio.no/isp/personer/vit/torot/index.html
https://www-dav.uv.uio.no/isp/personer/vit/jorunnbh/index.html
https://www-dav.uv.uio.no/ils/personer/vit/dorisj/index.html
https://www-dav.uv.uio.no/isp/english/people/aca/yngver/index.html
https://www-dav.uv.uio.no/isp/english/people/aca/siljehol/index.html
https://www-dav.uv.uio.no/isp/personer/vit/peerm/index.html
https://www-dav.uv.uio.no/isp/english/people/aca/monicada/index.html
https://www-dav.uv.uio.no/isp/english/people/aca/mklem/index.html
https://www-dav.uv.uio.no/isp/english/people/aca/livl/index.html
https://www-dav.uv.uio.no/isp/english/people/aca/kristvon/index.html
https://www-dav.uv.uio.no/isp/english/people/aca/halvobjo/index.html
https://www-dav.uv.uio.no/isp/english/people/aca/erlingk/index.html
https://www-dav.uv.uio.no/pfi/english/people/adm/elinosor/index.html
https://www-dav.uv.uio.no/pfi/english/people/aca/thomasdl/index.html
https://www-dav.uv.uio.no/personer/adm/fak/studieadministrasjonen/marteam/index.html
https://www-dav.uv.uio.no/pfi/english/people/adm/sthide/index.html
https://www-dav.uv.uio.no/isp/personer/vit/hannenh/index.html
https://www-dav.uv.uio.no/pfi/english/people/aca/hthuen/index.html
https://www-dav.uv.uio.no/pfi/english/people/aca/arnesko/index.html
https://www-dav.uv.uio.no/pfi/english/people/aca/monicaru/index.html
https://www-dav.uv.uio.no/pfi/english/people/aca/ammhage/index.html
https://www-dav.uv.uio.no/pfi/english/people/aca/fengshul/index.html
https://www-dav.uv.uio.no/pfi/english/people/aca/vibekega/index.html
https://www-dav.uv.uio.no/pfi/english/people/adm/krislba/index.html
https://www-dav.uv.uio.no/pfi/english/people/aca/sigmunl/index.html
https://www-dav.uv.uio.no/pfi/english/people/aca/lynneac/index.html
https://www-dav.uv.uio.no/pfi/personer/vit/sigmunl/index.html
https://www-dav.uv.uio.no/intermedia/english/people/adm/knutq/index.html
https://www-dav.uv.uio.no/intermedia/personer/adm/knutq/index.html
https://www-dav.uv.uio.no/personer/adm/fak/it-seksjonen/jensmb/index.html
https://www-dav.uv.uio.no/pfi/personer/adm/yngvild/index.html
https://www-dav.uv.uio.no/intermedia/personer/vit/rolfstei/index.html
https://www-dav.uv.uio.no/intermedia/personer/vit/nilsoste/index.html
https://www-dav.uv.uio.no/intermedia/personer/vit/janad/index.html
https://www-dav.uv.uio.no/intermedia/personer/vit/annikla/index.html
https://www-dav.uv.uio.no/intermedia/personer/vit/annemo/index.html
https://www-dav.uv.uio.no/intermedia/personer/adm/sirijo/index.html
https://www-dav.uv.uio.no/intermedia/personer/adm/percl/index.html
https://www-dav.uv.uio.no/intermedia/english/people/aca/sveino/index.html
https://www-dav.uv.uio.no/intermedia/english/people/aca/nilsoste/index.html
https://www-dav.uv.uio.no/intermedia/english/people/aca/annemo/index.html
https://www-dav.uv.uio.no/intermedia/english/people/adm/sirijo/index.html
https://www-dav.uv.uio.no/intermedia/english/people/adm/percl/index.html
https://www-dav.uv.uio.no/intermedia/english/people/adm/larslo/index.html
https://www-dav.uv.uio.no/intermedia/english/people/adm/jeremyt/index.html
https://www-dav.uv.uio.no/intermedia/english/people/adm/arven/index.html
https://www-dav.uv.uio.no/pfi/english/people/aca/turidlh/index.html
https://www-dav.uv.uio.no/ils/personer/vit/solvili/index.html
https://www-dav.uv.uio.no/pfi/english/people/adm/steinosa/index.html
https://www-dav.uv.uio.no/pfi/personer/vit/helgestr/index.html
https://www-dav.uv.uio.no/pfi/personer/vit/veslemry/index.html
https://www-dav.uv.uio.no/pfi/personer/vit/turidl/index.html
https://www-dav.uv.uio.no/pfi/personer/vit/torist/index.html
https://www-dav.uv.uio.no/pfi/personer/vit/torgrigj/index.html
https://www-dav.uv.uio.no/pfi/personer/vit/terjegro/index.html
https://www-dav.uv.uio.no/pfi/personer/vit/steineu/index.html
https://www-dav.uv.uio.no/ils/personer/vit/gurin/index.html
https://www-dav.uv.uio.no/pfi/personer/vit/leifla/index.html
https://www-dav.uv.uio.no/pfi/personer/vit/jonla/index.html
https://www-dav.uv.uio.no/pfi/personer/vit/hthuen/index.html
https://www-dav.uv.uio.no/pfi/personer/vit/finnhj/index.html
https://www-dav.uv.uio.no/pfi/personer/vit/fengshul/index.html
https://www-dav.uv.uio.no/pfi/personer/vit/esterf/index.html
https://www-dav.uv.uio.no/pfi/personer/vit/azitaa/index.html
https://www-dav.uv.uio.no/pfi/english/people/aca/cbeck/index.html
https://www-dav.uv.uio.no/pfi/english/people/aca/veslemry/index.html
https://www-dav.uv.uio.no/pfi/english/people/aca/olae/index.html
https://www-dav.uv.uio.no/pfi/english/people/aca/monikab/index.html
https://www-dav.uv.uio.no/english/people/adm/fac/research-administration/sbl/index.html
https://www-dav.uv.uio.no/personer/adm/fak/it-seksjonen/geiraby/index.html
https://www-dav.uv.uio.no/isp/personer/vit/kolbjorv/index.html
https://www-dav.uv.uio.no/isp/personer/vit/marirod/index.html
https://www-dav.uv.uio.no/isp/personer/vit/ernstjo/index.html
https://www-dav.uv.uio.no/isp/personer/vit/haraldma/index.html
https://www-dav.uv.uio.no/pfi/english/people/aca/thork/index.html
https://www-dav.uv.uio.no/pfi/english/people/aca/steineu/index.html
https://www-dav.uv.uio.no/english/people/adm/fac/student-administration/sirihog/index.html
https://www-dav.uv.uio.no/personer/adm/fak/studieadministrasjonen/elitro/index.html
https://www-dav.uv.uio.no/personer/adm/fak/it-seksjonen/theresaa/index.html
https://www-dav.uv.uio.no/ils/personer/vit/henrifl/index.html
https://www-dav.uv.uio.no/ils/english/people/adm/liviaas/index.html
https://www-dav.uv.uio.no/ils/english/people/adm/johnap/index.html
https://www-dav.uv.uio.no/ils/english/people/adm/kennetn/index.html
https://www-dav.uv.uio.no/ils/english/people/adm/tanggah/index.html
https://www-dav.uv.uio.no/ils/english/people/adm/jonasjos/index.html
https://www-dav.uv.uio.no/ils/english/people/adm/bjorgja/index.html
https://www-dav.uv.uio.no/ils/english/people/adm/ak/index.html
https://www-dav.uv.uio.no/ils/english/people/adm/junehl/index.html
https://www-dav.uv.uio.no/ils/english/people/adm/casperse/index.html
https://www-dav.uv.uio.no/ils/english/people/aca/aret/index.html
https://www-dav.uv.uio.no/ils/english/people/aca/idafp/index.html
https://www-dav.uv.uio.no/ils/english/people/aca/trudenil/index.html
https://www-dav.uv.uio.no/ils/english/people/aca/ketilma/index.html
https://www-dav.uv.uio.no/ils/english/people/aca/solvili/index.html
https://www-dav.uv.uio.no/ils/english/people/aca/hkaarste/index.html
https://www-dav.uv.uio.no/ils/english/people/aca/sveneh/index.html
https://www-dav.uv.uio.no/ils/english/people/aca/livhage/index.html
https://www-dav.uv.uio.no/ils/english/people/aca/lindaagr/index.html
https://www-dav.uv.uio.no/ils/english/people/aca/henrifl/index.html
https://www-dav.uv.uio.no/ils/english/people/aca/pauler/index.html
https://www-dav.uv.uio.no/ils/english/people/aca/torco/index.html
https://www-dav.uv.uio.no/ils/personer/vit/mettevav/index.html
https://www-dav.uv.uio.no/ils/personer/vit/aret/index.html
https://www-dav.uv.uio.no/ils/personer/vit/anneroll/index.html
https://www-dav.uv.uio.no/ils/personer/vit/thomafp/index.html
https://www-dav.uv.uio.no/ils/personer/vit/idafp/index.html
https://www-dav.uv.uio.no/ils/personer/vit/ingeols/index.html
https://www-dav.uv.uio.no/ils/personer/vit/ketilma/index.html
https://www-dav.uv.uio.no/ils/personer/vit/hkaarste/index.html
https://www-dav.uv.uio.no/ils/personer/vit/atlehjo/index.html
https://www-dav.uv.uio.no/ils/personer/vit/sveneh/index.html
https://www-dav.uv.uio.no/ils/personer/vit/livhage/index.html
https://www-dav.uv.uio.no/ils/personer/vit/lindaagr/index.html
https://www-dav.uv.uio.no/ils/personer/vit/pauler/index.html
https://www-dav.uv.uio.no/ils/personer/vit/torco/index.html
https://www-dav.uv.uio.no/ils/personer/adm/liviaas/index.html
https://www-dav.uv.uio.no/ils/personer/adm/ylvaso/index.html
https://www-dav.uv.uio.no/ils/personer/adm/johnap/index.html
https://www-dav.uv.uio.no/ils/personer/adm/kennetn/index.html
https://www-dav.uv.uio.no/ils/personer/adm/tanggah/index.html
https://www-dav.uv.uio.no/ils/personer/adm/jonasjos/index.html
https://www-dav.uv.uio.no/ils/personer/adm/bjorgja/index.html
https://www-dav.uv.uio.no/pfi/english/people/aca/lenebuc/index.html
https://www-dav.uv.uio.no/pfi/english/people/aca/azitaa/index.html
https://www-dav.uv.uio.no/pfi/english/people/adm/theresmu/index.html
https://www-dav.uv.uio.no/pfi/english/people/aca/britmh/index.html
https://www-dav.uv.uio.no/pfi/english/people/aca/elisabss/index.html
https://www-dav.uv.uio.no/pfi/english/people/aca/brittue/index.html
https://www-dav.uv.uio.no/pfi/english/people/aca/kamiloe/index.html
https://www-dav.uv.uio.no/pfi/english/people/aca/finnhj/index.html
https://www-dav.uv.uio.no/pfi/english/people/adm/cindy/index.html
https://www-dav.uv.uio.no/pfi/personer/adm/cindy/index.html
https://www-dav.uv.uio.no/pfi/english/people/adm/paolalov/index.html
https://www-dav.uv.uio.no/pfi/english/people/adm/camilbak/index.html
https://www-dav.uv.uio.no/ils/english/people/aca/therenh/index.html
https://www-dav.uv.uio.no/ils/personer/vit/therenh/index.html
https://www-dav.uv.uio.no/ils/personer/vit/kirstien/index.html
https://www-dav.uv.uio.no/pfi/english/people/aca/terjegro/index.html
https://www-dav.uv.uio.no/pfi/english/people/aca/helgestr/index.html
https://www-dav.uv.uio.no/pfi/english/people/aca/torist/index.html
https://www-dav.uv.uio.no/pfi/english/people/aca/esterf/index.html
https://www-dav.uv.uio.no/pfi/personer/adm/heddasf/index.html
https://www-dav.uv.uio.no/personer/adm/fak/studieadministrasjonen/simenf/index.html
https://www-dav.uv.uio.no/personer/adm/fak/studieadministrasjonen/shringo/index.html
https://www-dav.uv.uio.no/personer/adm/fak/studieadministrasjonen/kristivi/index.html
https://www-dav.uv.uio.no/personer/adm/fak/personalseksjonen/monikvaa/index.html
https://www-dav.uv.uio.no/personer/adm/fak/personalseksjonen/bernah/index.html
https://www-dav.uv.uio.no/personer/adm/fak/personalseksjonen/ahaga/index.html
https://www-dav.uv.uio.no/personer/adm/fak/okonomiseksjonen/sjoshi/index.html
https://www-dav.uv.uio.no/personer/adm/fak/it-seksjonen/gulbraro/index.html
https://www-dav.uv.uio.no/personer/adm/fak/it-seksjonen/ageva/index.html
https://www-dav.uv.uio.no/personer/adm/fak/arkivseksjonen/petteroh/index.html
https://www-dav.uv.uio.no/pfi/english/people/aca/bodilo/index.html
https://www-dav.uv.uio.no/pfi/english/people/aca/karljo/index.html
https://www-dav.uv.uio.no/pfi/english/people/aca/karenj/index.html
https://www-dav.uv.uio.no/pfi/english/people/aca/helenefu/index.html
https://www-dav.uv.uio.no/pfi/english/people/adm/heddasf/index.html
https://www-dav.uv.uio.no/ils/personer/vit/ggjone/index.html
https://www-dav.uv.uio.no/pfi/english/people/aca/ceciliej/index.html
https://www-dav.uv.uio.no/pfi/english/people/aca/torgrigj/index.html
https://www-dav.uv.uio.no/ils/personer/adm/kristfst/index.html
https://www-dav.uv.uio.no/ils/english/people/adm/kristfst/index.html
https://www-dav.uv.uio.no/pfi/personer/adm/theresmu/index.html
https://www-dav.uv.uio.no/ils/english/people/aca/ritah/index.html
https://www-dav.uv.uio.no/personer/adm/fak/studieadministrasjonen/sirihog/index.html
https://www-dav.uv.uio.no/ils/personer/vit/jorunnm/index.html
https://www-dav.uv.uio.no/ils/english/people/aca/jorunnm/index.html
https://www-dav.uv.uio.no/ils/english/people/aca/annekda/index.html
https://www-dav.uv.uio.no/pfi/english/people/adm/yngvild/index.html
https://www-dav.uv.uio.no/isp/english/people/aca/gunvorv/index.html
https://www-dav.uv.uio.no/isp/personer/vit/benteek/index.html
https://www-dav.uv.uio.no/ils/english/people/aca/dorisj/index.html
https://www-dav.uv.uio.no/pfi/english/people/adm/annettek/index.html
https://www-dav.uv.uio.no/ils/english/people/adm/oysteje/index.html
https://www-dav.uv.uio.no/ils/english/people/aca/kirstien/index.html
https://www-dav.uv.uio.no/ils/english/people/aca/krishels/index.html
https://www-dav.uv.uio.no/isp/personer/adm/jyttri/index.html
https://www-dav.uv.uio.no/isp/english/people/aca/theie/index.html
https://www-dav.uv.uio.no/isp/english/people/aca/soll/index.html
https://www-dav.uv.uio.no/isp/english/people/aca/siriwo/index.html
https://www-dav.uv.uio.no/isp/english/people/aca/jont/index.html
https://www-dav.uv.uio.no/isp/english/people/aca/annery/index.html
https://www-dav.uv.uio.no/isp/personer/vit/theie/index.html
https://www-dav.uv.uio.no/isp/personer/vit/jont/index.html
https://www-dav.uv.uio.no/isp/personer/vit/annery/index.html
https://www-dav.uv.uio.no/isp/english/people/aca/hannenh/index.html
https://www-dav.uv.uio.no/isp/personer/vit/erlingk/index.html
https://www-dav.uv.uio.no/isp/english/people/aca/randimyk/index.html
https://www-dav.uv.uio.no/isp/english/people/aca/heidilm/index.html
https://www-dav.uv.uio.no/pfi/english/people/aca/jonla/index.html
https://www-dav.uv.uio.no/isp/english/people/aca/stefapo/index.html
https://www-dav.uv.uio.no/pfi/english/people/aca/turidl/index.html
https://www-dav.uv.uio.no/isp/personer/vit/randimyk/index.html
https://www-dav.uv.uio.no/isp/english/people/aca/lagej/index.html
https://www-dav.uv.uio.no/isp/personer/vit/jorgefro/index.html
https://www-dav.uv.uio.no/isp/english/people/aca/peerm/index.html
https://www-dav.uv.uio.no/ils/english/people/aca/hertzber/index.html
https://www-dav.uv.uio.no/ils/personer/vit/sveinsj/index.html
https://www-dav.uv.uio.no/pfi/english/people/aca/leifla/index.html
https://www-dav.uv.uio.no/isp/personer/vit/bhagtvet/index.html
https://www-dav.uv.uio.no/ils/english/people/aca/ruthje/index.html
https://www-dav.uv.uio.no/ils/personer/vit/vivip/index.html
https://www-dav.uv.uio.no/ils/personer/adm/vibeketo/index.html
https://www-dav.uv.uio.no/ils/personer/vit/ulrikkri/index.html
https://www-dav.uv.uio.no/ils/personer/adm/torgeich/index.html
https://www-dav.uv.uio.no/ils/personer/vit/tonstad/index.html
https://www-dav.uv.uio.no/ils/personer/vit/terjekr/index.html
https://www-dav.uv.uio.no/ils/personer/vit/sveinl/index.html
https://www-dav.uv.uio.no/ils/personer/vit/rolfvo/index.html
https://www-dav.uv.uio.no/ils/english/people/aca/hfskram/index.html
https://www-dav.uv.uio.no/ils/personer/vit/rolfm/index.html
https://www-dav.uv.uio.no/ils/personer/vit/maritkj/index.html
https://www-dav.uv.uio.no/ils/personer/vit/mariavet/index.html
https://www-dav.uv.uio.no/ils/personer/vit/livsg/index.html
https://www-dav.uv.uio.no/ils/personer/adm/laaamodt/index.html
https://www-dav.uv.uio.no/ils/personer/vit/kirstefi/index.html
https://www-dav.uv.uio.no/ils/personer/vit/hfskram/index.html
https://www-dav.uv.uio.no/ils/personer/vit/glennh/index.html
https://www-dav.uv.uio.no/ils/personer/vit/geirrw/index.html
https://www-dav.uv.uio.no/ils/personer/vit/geirkn/index.html
https://www-dav.uv.uio.no/ils/personer/vit/egilt/index.html
https://www-dav.uv.uio.no/ils/personer/vit/dagfj/index.html
https://www-dav.uv.uio.no/ils/personer/vit/brittfo/index.html
https://www-dav.uv.uio.no/ils/personer/vit/astridro/index.html
https://www-dav.uv.uio.no/ils/personer/adm/annbritf/index.html
https://www-dav.uv.uio.no/ils/personer/vit/andlund/index.html
https://www-dav.uv.uio.no/ils/english/people/aca/vivip/index.html
https://www-dav.uv.uio.no/ils/english/people/adm/vibeketo/index.html
https://www-dav.uv.uio.no/ils/english/people/aca/ulrikkri/index.html
https://www-dav.uv.uio.no/ils/english/people/adm/torileg/index.html
https://www-dav.uv.uio.no/ils/english/people/aca/terjekr/index.html
https://www-dav.uv.uio.no/ils/english/people/aca/tonstad/index.html
https://www-dav.uv.uio.no/ils/english/people/aca/sveinsj/index.html
https://www-dav.uv.uio.no/ils/english/people/aca/sveinl/index.html
https://www-dav.uv.uio.no/ils/english/people/aca/rolfvo/index.html
https://www-dav.uv.uio.no/ils/english/people/aca/rolfm/index.html
https://www-dav.uv.uio.no/ils/english/people/adm/misnes/index.html
https://www-dav.uv.uio.no/ils/english/people/aca/maritkj/index.html
https://www-dav.uv.uio.no/ils/english/people/aca/mariavet/index.html
https://www-dav.uv.uio.no/ils/english/people/aca/livsg/index.html
https://www-dav.uv.uio.no/ils/english/people/adm/laaamodt/index.html
https://www-dav.uv.uio.no/ils/english/people/adm/kirstr/index.html
https://www-dav.uv.uio.no/ils/english/people/aca/kirstefo/index.html
https://www-dav.uv.uio.no/ils/english/people/aca/kirstefi/index.html
https://www-dav.uv.uio.no/ils/english/people/aca/glennh/index.html
https://www-dav.uv.uio.no/ils/english/people/aca/ggjone/index.html
https://www-dav.uv.uio.no/ils/english/people/aca/geirkn/index.html
https://www-dav.uv.uio.no/ils/english/people/aca/eliot/index.html
https://www-dav.uv.uio.no/ils/english/people/aca/egilt/index.html
https://www-dav.uv.uio.no/ils/english/people/aca/dagfj/index.html
https://www-dav.uv.uio.no/ils/english/people/aca/brittfo/index.html
https://www-dav.uv.uio.no/ils/english/people/adm/brigtho/index.html
https://www-dav.uv.uio.no/ils/english/people/aca/astridro/index.html
https://www-dav.uv.uio.no/ils/english/people/aca/annekbo/index.html
https://www-dav.uv.uio.no/ils/english/people/aca/geirrw/index.html
https://www-dav.uv.uio.no/ils/english/people/adm/torgeich/index.html
https://www-dav.uv.uio.no/ils/english/people/adm/annbritf/index.html
https://www-dav.uv.uio.no/isp/personer/vit/lagej/index.html
https://www-dav.uv.uio.no/intermedia/english/people/aca/dagnyst/index.html
https://www-dav.uv.uio.no/pfi/english/people/aca/rmtpinhe/index.html
https://www-dav.uv.uio.no/intermedia/personer/adm/perhet/index.html
https://www-dav.uv.uio.no/intermedia/english/people/adm/perhet/index.html
https://www-dav.uv.uio.no/isp/english/people/adm/karianmy/index.html
https://www-dav.uv.uio.no/isp/personer/adm/nicolmo/index.html
https://www-dav.uv.uio.no/isp/personer/adm/karianmy/index.html
https://www-dav.uv.uio.no/isp/personer/vit/ellenibr/index.html
https://www-dav.uv.uio.no/ils/english/people/aca/gardos/index.html
https://www-dav.uv.uio.no/pfi/personer/adm/sthide/index.html
https://www-dav.uv.uio.no/isp/english/people/aca/jorunnbh/index.html
https://www-dav.uv.uio.no/ils/english/people/aca/andlund/index.html
https://www-dav.uv.uio.no/english/people/adm/fac/communications/shanecol/index.html
https://www-dav.uv.uio.no/ils/personer/adm/lindandr/index.html
https://www-dav.uv.uio.no/personer/adm/fak/personalseksjonen/toneels/index.html
https://www-dav.uv.uio.no/ils/personer/vit/gardos/index.html
https://www-dav.uv.uio.no/personer/adm/fak/forskningsadministrasjonen/sbl/index.html
https://www-dav.uv.uio.no/intermedia/english/people/aca/svenmba/index.html
https://www-dav.uv.uio.no/intermedia/personer/vit/svenmba/index.html
https://www-dav.uv.uio.no/personer/adm/fak/forvarelse/aevandt/index.html
https://www-dav.uv.uio.no/pfi/personer/vit/tonekv/index.html
https://www-dav.uv.uio.no/isp/english/people/aca/jannik/index.html
https://www-dav.uv.uio.no/pfi/english/people/aca/bedadame/index.html
https://www-dav.uv.uio.no/pfi/english/people/aca/eevi/index.html
https://www-dav.uv.uio.no/pfi/personer/vit/hegeyh/index.html
https://www-dav.uv.uio.no/pfi/english/people/aca/hegeyh/index.html
https://www-dav.uv.uio.no/ils/english/people/adm/brittber/index.html
https://www-dav.uv.uio.no/isp/english/people/adm/hildeol/index.html
https://www-dav.uv.uio.no/isp/personer/adm/hildeol/index.html
https://www-dav.uv.uio.no/ils/personer/vit/arnehole/index.html
https://www-dav.uv.uio.no/intermedia/personer/adm/yvonnep/index.html
https://www-dav.uv.uio.no/intermedia/personer/vit/dagnyst/index.html
https://www-dav.uv.uio.no/personer/adm/fak/personalseksjonen/stvamh1/index.html
https://www-dav.uv.uio.no/personer/adm/fak/personalseksjonen/anderm/index.html
https://www-dav.uv.uio.no/ils/personer/vit/ma/index.html
https://www-dav.uv.uio.no/pfi/english/about/former-employees/eldale/index.html
https://www-dav.uv.uio.no/pfi/om/tidligere-ansatte/eldale/index.html
https://www-dav.uv.uio.no/pfi/personer/vit/ninie/index.html
https://www-dav.uv.uio.no/pfi/english/people/aca/tonec/index.html
https://www-dav.uv.uio.no/intermedia/english/people/aca/palmyre/index.html
https://www-dav.uv.uio.no/pfi/personer/vit/elisabss/index.html
https://www-dav.uv.uio.no/pfi/english/people/adm/emilth/index.html
https://www-dav.uv.uio.no/pfi/personer/adm/emilth/index.html
https://www-dav.uv.uio.no/isp/personer/vit/soll/index.html
https://www-dav.uv.uio.no/ils/personer/adm/misnes/index.html
https://www-dav.uv.uio.no/pfi/personer/vit/cecid/index.html
https://www-dav.uv.uio.no/pfi/personer/adm/camilbak/index.html
https://www-dav.uv.uio.no/pfi/personer/vit/leilaf/index.html
https://www-dav.uv.uio.no/ils/english/people/aca/kariaro/index.html
https://www-dav.uv.uio.no/ils/personer/vit/kariaro/index.html
https://www-dav.uv.uio.no/pfi/english/people/aca/leilaf/index.html
https://www-dav.uv.uio.no/pfi/english/people/aca/iyadna/index.html
https://www-dav.uv.uio.no/ils/personer/adm/annaeri/index.html
https://www-dav.uv.uio.no/isp/personer/adm/carolieh/index.html
https://www-dav.uv.uio.no/isp/english/people/adm/nicolmo/index.html
https://www-dav.uv.uio.no/isp/english/people/adm/carolieh/index.html
https://www-dav.uv.uio.no/isp/english/people/adm/halvorm/index.html
https://www-dav.uv.uio.no/isp/english/people/adm/marthol/index.html
https://www-dav.uv.uio.no/isp/personer/adm/marthol/index.html
https://www-dav.uv.uio.no/isp/personer/adm/halvorm/index.html
https://www-dav.uv.uio.no/intermedia/personer/adm/tkthores/index.html
https://www-dav.uv.uio.no/isp/english/people/aca/livdue/index.html
https://www-dav.uv.uio.no/ils/personer/vit/lisbbr/index.html
https://www-dav.uv.uio.no/pfi/personer/vit/helgardm/index.html
https://www-dav.uv.uio.no/pfi/english/people/aca/helgardm/index.html
https://www-dav.uv.uio.no/pfi/english/people/aca/elborg/index.html
https://www-dav.uv.uio.no/pfi/personer/vit/anderjh/index.html
https://www-dav.uv.uio.no/pfi/english/people/aca/cecid/index.html
https://www-dav.uv.uio.no/pfi/personer/vit/tonec/index.html
https://www-dav.uv.uio.no/pfi/personer/vit/janebaka/index.html
https://www-dav.uv.uio.no/ils/english/people/adm/kyrrev/index.html
https://www-dav.uv.uio.no/intermedia/english/people/aca/alfredog/index.html
https://www-dav.uv.uio.no/pfi/english/people/aca/janebaka/index.html
https://www-dav.uv.uio.no/intermedia/personer/vit/alfredog/index.html
https://www-dav.uv.uio.no/pfi/english/people/aca/marielk/index.html
https://www-dav.uv.uio.no/isp/personer/vit/janicks/index.html
https://www-dav.uv.uio.no/pfi/personer/vit/iyadna/index.html
https://www-dav.uv.uio.no/intermedia/personer/vit/anderskl/index.html
https://www-dav.uv.uio.no/isp/personer/vit/vigdisre/index.html
https://www-dav.uv.uio.no/isp/personer/vit/livdue/index.html
https://www-dav.uv.uio.no/ils/personer/vit/fredca/index.html
https://www-dav.uv.uio.no/intermedia/english/people/adm/muhammfa/index.html
https://www-dav.uv.uio.no/ils/personer/vit/evatvo/index.html
https://www-dav.uv.uio.no/intermedia/personer/adm/edithi/index.html
https://www-dav.uv.uio.no/intermedia/english/people/adm/edithi/index.html
https://www-dav.uv.uio.no/intermedia/personer/adm/anthonjp/index.html
https://www-dav.uv.uio.no/ils/personer/vit/trudenil/index.html
https://www-dav.uv.uio.no/intermedia/personer/vit/nygaarda/index.html
https://www-dav.uv.uio.no/pfi/english/people/aca/ingvillr/index.html
https://www-dav.uv.uio.no/pfi/personer/vit/ingvillr/index.html
https://www-dav.uv.uio.no/ils/english/people/aca/majkenk/index.html
https://www-dav.uv.uio.no/ils/personer/vit/hertzber/index.html
https://www-dav.uv.uio.no/pfi/personer/adm/annettek/index.html
https://www-dav.uv.uio.no/pfi/personer/vit/solvero/index.html
https://www-dav.uv.uio.no/pfi/english/people/aca/sanjam/index.html
https://www-dav.uv.uio.no/pfi/personer/vit/sanjam/index.html
https://www-dav.uv.uio.no/ils/personer/adm/josteiar/index.html
https://www-dav.uv.uio.no/ils/personer/adm/kyrrev/index.html
https://www-dav.uv.uio.no/pfi/english/people/aca/oisteina/index.html
https://www-dav.uv.uio.no/ils/personer/adm/torileg/index.html
https://www-dav.uv.uio.no/ils/personer/adm/ak/index.html
https://www-dav.uv.uio.no/ils/personer/adm/junehl/index.html
https://www-dav.uv.uio.no/pfi/personer/vit/oisteina/index.html
https://www-dav.uv.uio.no/ils/personer/adm/krisbjo/index.html
https://www-dav.uv.uio.no/ils/personer/vit/ingrieik/index.html
https://www-dav.uv.uio.no/ils/personer/adm/maikel/index.html
https://www-dav.uv.uio.no/ils/personer/vit/chrbrand/index.html
https://www-dav.uv.uio.no/ils/personer/vit/dijanati/index.html
https://www-dav.uv.uio.no/ils/personer/vit/lkramber/index.html
https://www-dav.uv.uio.no/isp/personer/vit/melaniek/index.html
https://www-dav.uv.uio.no/isp/personer/vit/onabw/index.html
https://www-dav.uv.uio.no/intermedia/personer/adm/muhammfa/index.html
https://www-dav.uv.uio.no/pfi/english/people/aca/ivarbr/index.html
https://www-dav.uv.uio.no/intermedia/english/people/adm/linste/index.html
https://www-dav.uv.uio.no/intermedia/personer/adm/linste/index.html
https://www-dav.uv.uio.no/english/people/adm/fac/student-administration/linesl/index.html
https://www-dav.uv.uio.no/personer/adm/fak/studieadministrasjonen/linesl/index.html
https://www-dav.uv.uio.no/ils/personer/vit/helmeras/index.html
https://www-dav.uv.uio.no/ils/english/people/adm/kaektved/index.html
https://www-dav.uv.uio.no/intermedia/personer/vit/renatej/index.html
https://www-dav.uv.uio.no/intermedia/english/people/adm/tkthores/index.html
https://www-dav.uv.uio.no/intermedia/english/people/aca/ceciliff/index.html
https://www-dav.uv.uio.no/intermedia/english/people/aca/ikrange/index.html
https://www-dav.uv.uio.no/ils/personer/vit/martebw/index.html
https://www-dav.uv.uio.no/pfi/english/people/adm/ulfg/index.html
https://www-dav.uv.uio.no/pfi/personer/adm/ulfg/index.html
https://www-dav.uv.uio.no/pfi/english/people/aca/anderjh/index.html
https://www-dav.uv.uio.no/intermedia/personer/vit/palmyre/index.html
https://www-dav.uv.uio.no/pfi/personer/vit/larsl/index.html
https://www-dav.uv.uio.no/pfi/english/people/aca/larsl/index.html
https://www-dav.uv.uio.no/pfi/personer/vit/suzannel/index.html
https://www-dav.uv.uio.no/intermedia/english/people/aca/olesm/index.html
https://www-dav.uv.uio.no/isp/personer/vit/evasf/index.html
https://www-dav.uv.uio.no/pfi/personer/vit/rmtpinhe/index.html
https://www-dav.uv.uio.no/intermedia/english/people/aca/inesl/index.html
https://www-dav.uv.uio.no/isp/english/people/adm/stinesto/index.html
https://www-dav.uv.uio.no/isp/personer/adm/stinesto/index.html
https://www-dav.uv.uio.no/personer/adm/fak/studieadministrasjonen/ghbraate/index.html
https://www-dav.uv.uio.no/intermedia/personer/vit/olesm/index.html
https://www-dav.uv.uio.no/pfi/english/people/aca/vidargro/index.html
https://www-dav.uv.uio.no/intermedia/english/people/aca/rolfstei/index.html
https://www-dav.uv.uio.no/intermedia/english/people/adm/kariannu/index.html
https://www-dav.uv.uio.no/intermedia/english/people/adm/anthonjp/index.html
https://www-dav.uv.uio.no/intermedia/personer/vit/sveino/index.html
https://www-dav.uv.uio.no/intermedia/personer/adm/suresha/index.html
https://www-dav.uv.uio.no/intermedia/personer/adm/rosaev/index.html
https://www-dav.uv.uio.no/intermedia/personer/adm/carstens/index.html
https://www-dav.uv.uio.no/isp/personer/vit/siljesy/index.html
https://www-dav.uv.uio.no/intermedia/english/people/aca/andersm/index.html
https://www-dav.uv.uio.no/intermedia/english/people/aca/ingvian/index.html
https://www-dav.uv.uio.no/pfi/english/people/aca/suzannel/index.html
https://www-dav.uv.uio.no/pfi/english/people/aca/torillah/index.html
https://www-dav.uv.uio.no/intermedia/english/people/aca/renatej/index.html
https://www-dav.uv.uio.no/intermedia/english/people/aca/crinad/index.html
https://www-dav.uv.uio.no/ils/personer/vit/khflyum/index.html
https://www-dav.uv.uio.no/ils/english/people/aca/kirstesi/index.html
https://www-dav.uv.uio.no/intermedia/english/people/aca/anderskl/index.html
https://www-dav.uv.uio.no/ils/personer/vit/kirstesi/index.html
https://www-dav.uv.uio.no/ils/english/people/aca/jonv/index.html
https://www-dav.uv.uio.no/ils/personer/vit/jonv/index.html
https://www-dav.uv.uio.no/intermedia/personer/adm/larslo/index.html
https://www-dav.uv.uio.no/isp/english/people/aca/geirny/index.html
https://www-dav.uv.uio.no/isp/personer/vit/geirny/index.html
https://www-dav.uv.uio.no/isp/personer/vit/svenni/index.html
https://www-dav.uv.uio.no/isp/english/people/aca/torot/index.html
https://www-dav.uv.uio.no/ils/personer/adm/jonefos/index.html
https://www-dav.uv.uio.no/ils/english/people/aca/gurisk/index.html
https://www-dav.uv.uio.no/ils/personer/vit/gurisk/index.html
https://www-dav.uv.uio.no/ils/english/people/aca/andrewma/index.html
https://www-dav.uv.uio.no/ils/personer/vit/andrewma/index.html
https://www-dav.uv.uio.no/pfi/personer/vit/chrisnm/index.html
https://www-dav.uv.uio.no/pfi/english/people/aca/chrisnm/index.html
https://www-dav.uv.uio.no/ils/personer/vit/torunna/index.html
https://www-dav.uv.uio.no/ils/english/people/aca/torunna/index.html
https://www-dav.uv.uio.no/isp/personer/adm/sigurdha/index.html
https://www-dav.uv.uio.no/personer/adm/fak/personalseksjonen/lindaval/index.html
https://www-dav.uv.uio.no/personer/adm/fak/kommunikasjon/tkthores/index.html
https://www-dav.uv.uio.no/intermedia/english/people/adm/carstens/index.html
https://www-dav.uv.uio.no/ils/personer/vit/annekbo/index.html
https://www-dav.uv.uio.no/pfi/personer/vit/marielk/index.html
https://www-dav.uv.uio.no/intermedia/personer/adm/idunnsem/index.html
https://www-dav.uv.uio.no/ils/personer/adm/mariesth/index.html
https://www-dav.uv.uio.no/pfi/personer/vit/kennes/index.html
https://www-dav.uv.uio.no/intermedia/english/people/aca/arildb/index.html
https://www-dav.uv.uio.no/ils/english/people/adm/mariesth/index.html
https://www-dav.uv.uio.no/ils/personer/vit/wenchev/index.html
https://www-dav.uv.uio.no/pfi/english/people/aca/monikn/index.html
https://www-dav.uv.uio.no/intermedia/personer/vit/crinad/index.html
https://www-dav.uv.uio.no/ils/english/people/aca/kirstik/index.html
https://www-dav.uv.uio.no/ils/personer/vit/kirstik/index.html
https://www-dav.uv.uio.no/isp/english/people/aca/beritr/index.html
https://www-dav.uv.uio.no/pfi/english/people/aca/arnele/index.html
https://www-dav.uv.uio.no/intermedia/english/people/aca/janad/index.html
https://www-dav.uv.uio.no/intermedia/english/people/aca/annikla/index.html
https://www-dav.uv.uio.no/intermedia/personer/vit/inesl/index.html
https://www-dav.uv.uio.no/pfi/english/people/aca/solvero/index.html
https://www-dav.uv.uio.no/pfi/personer/vit/sverrtv/index.html
https://www-dav.uv.uio.no/pfi/personer/vit/kntveit/index.html
https://www-dav.uv.uio.no/pfi/english/people/aca/kntveit/index.html
https://www-dav.uv.uio.no/pfi/english/people/aca/klycke/index.html
https://www-dav.uv.uio.no/pfi/personer/vit/klycke/index.html
https://www-dav.uv.uio.no/intermedia/personer/vit/ceciliff/index.html
https://www-dav.uv.uio.no/ils/personer/vit/auds/index.html
https://www-dav.uv.uio.no/ils/english/people/aca/khflyum/index.html
https://www-dav.uv.uio.no/personer/adm/fak/studieadministrasjonen/metteko/index.html
https://www-dav.uv.uio.no/personer/adm/fak/studieadministrasjonen/ariels/index.html
https://www-dav.uv.uio.no/isp/personer/adm/synned/index.html
https://www-dav.uv.uio.no/isp/english/people/adm/jyttri/index.html
https://www-dav.uv.uio.no/isp/english/people/adm/sigurdha/index.html
https://www-dav.uv.uio.no/isp/english/people/adm/hildefe/index.html
https://www-dav.uv.uio.no/isp/english/people/adm/deneseb/index.html
https://www-dav.uv.uio.no/isp/english/people/adm/trinelab/index.html
https://www-dav.uv.uio.no/isp/personer/adm/trinelab/index.html
https://www-dav.uv.uio.no/isp/english/people/adm/komdal/index.html
https://www-dav.uv.uio.no/isp/english/people/adm/bjorgmat/index.html
https://www-dav.uv.uio.no/isp/english/people/adm/synned/index.html
https://www-dav.uv.uio.no/isp/english/people/adm/siljeeri/index.html
https://www-dav.uv.uio.no/isp/personer/adm/bjorgmat/index.html
https://www-dav.uv.uio.no/isp/personer/adm/deneseb/index.html
https://www-dav.uv.uio.no/isp/personer/adm/komdal/index.html
https://www-dav.uv.uio.no/isp/personer/adm/siljeeri/index.html
https://www-dav.uv.uio.no/ils/english/people/aca/anneroll/index.html
https://www-dav.uv.uio.no/ils/english/people/aca/thomafp/index.html
https://www-dav.uv.uio.no/ils/english/people/aca/ingeols/index.html
https://www-dav.uv.uio.no/ils/english/people/aca/tovefr/index.html
https://www-dav.uv.uio.no/ils/english/people/aca/aebbesen/index.html
https://www-dav.uv.uio.no/ils/english/people/aca/elibsen/index.html
https://www-dav.uv.uio.no/ils/personer/vit/elibsen/index.html
https://www-dav.uv.uio.no/ils/personer/adm/bendikn/index.html
https://www-dav.uv.uio.no/ils/english/people/aca/gunneh/index.html
https://www-dav.uv.uio.no/ils/personer/vit/gunneh/index.html
https://www-dav.uv.uio.no/ils/english/people/aca/hannesmo/index.html
https://www-dav.uv.uio.no/ils/personer/vit/hannesmo/index.html
https://www-dav.uv.uio.no/ils/english/people/aca/ingaj/index.html
https://www-dav.uv.uio.no/ils/personer/vit/ingaj/index.html
https://www-dav.uv.uio.no/ils/english/people/aca/ingerth/index.html
https://www-dav.uv.uio.no/ils/personer/vit/ingerth/index.html
https://www-dav.uv.uio.no/ils/english/people/aca/meretfo/index.html
https://www-dav.uv.uio.no/ils/english/people/adm/jonefos/index.html
https://www-dav.uv.uio.no/ils/personer/vit/meretfo/index.html
https://www-dav.uv.uio.no/ils/english/people/aca/sylvish/index.html
https://www-dav.uv.uio.no/ils/personer/vit/sylvish/index.html
https://www-dav.uv.uio.no/ils/english/people/aca/tovehu/index.html
https://www-dav.uv.uio.no/ils/personer/vit/tovehu/index.html
https://www-dav.uv.uio.no/ils/english/people/adm/krisbjo/index.html
https://www-dav.uv.uio.no/ils/english/people/aca/martebw/index.html
https://www-dav.uv.uio.no/ils/english/people/adm/anubhar/index.html
https://www-dav.uv.uio.no/ils/personer/adm/anubhar/index.html
https://www-dav.uv.uio.no/ils/english/people/adm/evakn/index.html
https://www-dav.uv.uio.no/ils/personer/adm/evakn/index.html
https://www-dav.uv.uio.no/ils/english/people/adm/livfi/index.html
https://www-dav.uv.uio.no/ils/personer/adm/livfi/index.html
https://www-dav.uv.uio.no/ils/english/people/aca/emiliaa/index.html
https://www-dav.uv.uio.no/ils/personer/vit/emiliaa/index.html
https://www-dav.uv.uio.no/ils/personer/vit/majkenk/index.html
https://www-dav.uv.uio.no/intermedia/personer/vit/ikrange/index.html
https://www-dav.uv.uio.no/pfi/personer/vit/sveinev/index.html
https://www-dav.uv.uio.no/isp/personer/vit/camillh/index.html
https://www-dav.uv.uio.no/isp/english/people/aca/martak/index.html
https://www-dav.uv.uio.no/ils/english/people/aca/tehauge/index.html
https://www-dav.uv.uio.no/ils/personer/vit/tovefr/index.html
https://www-dav.uv.uio.no/isp/personer/vit/martak/index.html
https://www-dav.uv.uio.no/ils/personer/vit/tehauge/index.html
https://www-dav.uv.uio.no/intermedia/personer/vit/andersm/index.html
https://www-dav.uv.uio.no/pfi/personer/vit/vibekega/index.html
https://www-dav.uv.uio.no/pfi/english/people/aca/chrbrand/index.html
https://www-dav.uv.uio.no/pfi/personer/vit/chrbrand/index.html
https://www-dav.uv.uio.no/isp/personer/vit/siljehol/index.html
https://www-dav.uv.uio.no/isp/personer/vit/yngver/index.html
https://www-dav.uv.uio.no/isp/personer/vit/kristrth/index.html
https://www-dav.uv.uio.no/isp/english/people/aca/monima/index.html
https://www-dav.uv.uio.no/isp/personer/vit/chulme/index.html
https://www-dav.uv.uio.no/isp/english/people/aca/chulme/index.html
https://www-dav.uv.uio.no/isp/english/people/aca/kjerr/index.html
https://www-dav.uv.uio.no/isp/english/people/aca/jorgefro/index.html
https://www-dav.uv.uio.no/isp/english/people/aca/evasf/index.html
https://www-dav.uv.uio.no/isp/english/people/aca/nilsbre/index.html
https://www-dav.uv.uio.no/isp/english/people/adm/stigaas/index.html
https://www-dav.uv.uio.no/isp/personer/vit/monima/index.html
https://www-dav.uv.uio.no/isp/personer/vit/heidilm/index.html
https://www-dav.uv.uio.no/isp/personer/vit/livl/index.html
https://www-dav.uv.uio.no/isp/personer/vit/janakru/index.html
https://www-dav.uv.uio.no/isp/personer/vit/mklem/index.html
https://www-dav.uv.uio.no/isp/personer/vit/jannik/index.html
https://www-dav.uv.uio.no/isp/personer/vit/kariabn/index.html
https://www-dav.uv.uio.no/isp/personer/vit/stefapo/index.html
https://www-dav.uv.uio.no/isp/personer/vit/beritjo/index.html
https://www-dav.uv.uio.no/isp/personer/vit/beritr/index.html
https://www-dav.uv.uio.no/isp/personer/vit/kjerr/index.html
https://www-dav.uv.uio.no/isp/personer/vit/hannemho/index.html
https://www-dav.uv.uio.no/isp/personer/vit/livie/index.html
https://www-dav.uv.uio.no/isp/personer/vit/reidunt/index.html
https://www-dav.uv.uio.no/isp/personer/vit/grethev/index.html
https://www-dav.uv.uio.no/isp/personer/vit/kristvon/index.html
https://www-dav.uv.uio.no/isp/personer/vit/siriwo/index.html
https://www-dav.uv.uio.no/isp/personer/adm/stigaas/index.html
https://www-dav.uv.uio.no/isp/personer/vit/monicada/index.html
https://www-dav.uv.uio.no/isp/personer/vit/nilsbre/index.html
https://www-dav.uv.uio.no/pfi/personer/vit/monikn/index.html
https://www-dav.uv.uio.no/pfi/personer/vit/monicaru/index.html
https://www-dav.uv.uio.no/isp/english/people/aca/kristrth/index.html
https://www-dav.uv.uio.no/pfi/english/people/aca/hansa/index.html
https://www-dav.uv.uio.no/pfi/english/people/aca/sverrtv/index.html
https://www-dav.uv.uio.no/pfi/personer/vit/torillah/index.html
https://www-dav.uv.uio.no/pfi/personer/adm/steinosa/index.html
https://www-dav.uv.uio.no/pfi/personer/vit/bkarseth/index.html
https://www-dav.uv.uio.no/intermedia/english/people/previous-staff/andrewm/index.html
https://www-dav.uv.uio.no/intermedia/personer/vit/bskaar/index.html
https://www-dav.uv.uio.no/pfi/personer/vit/cbeck/index.html
https://www-dav.uv.uio.no/personer/adm/fak/forskningsadministrasjonen/erik/index.html
https://www-dav.uv.uio.no/ils/english/people/aca/olekb/index.html
https://www-dav.uv.uio.no/ils/personer/vit/olekb/index.html
https://www-dav.uv.uio.no/ils/personer/adm/brittber/index.html
https://www-dav.uv.uio.no/pfi/english/people/aca/tonekv/index.html
https://www-dav.uv.uio.no/pfi/personer/vit/bjorste/index.html
https://www-dav.uv.uio.no/isp/english/people/aca/janicks/index.html
https://www-dav.uv.uio.no/isp/personer/vit/halvobjo/index.html
https://www-dav.uv.uio.no/ils/english/people/aca/ma/index.html
https://www-dav.uv.uio.no/isp/english/people/aca/svenni/index.html
https://www-dav.uv.uio.no/pfi/english/people/aca/bkarseth/index.html
https://www-dav.uv.uio.no/isp/personer/adm/hildefe/index.html
https://www-dav.uv.uio.no/personer/adm/fak/studieadministrasjonen/annemetn/index.html
https://www-dav.uv.uio.no/ils/personer/adm/brigtho/index.html
https://www-dav.uv.uio.no/intermedia/english/people/adm/idunnsem/index.html
https://www-dav.uv.uio.no/ils/personer/adm/kirstr/index.html
https://www-dav.uv.uio.no/personer/adm/fak/studieadministrasjonen/olavsk/index.html
https://www-dav.uv.uio.no/intermedia/english/people/adm/rosaev/index.html
https://www-dav.uv.uio.no/ils/personer/adm/oysteje/index.html
https://www-dav.uv.uio.no/ils/personer/adm/casperse/index.html
https://www-dav.uv.uio.no/isp/english/people/aca/hannemho/index.html
https://www-dav.uv.uio.no/isp/english/people/aca/ivarm/index.html
https://www-dav.uv.uio.no/intermedia/english/people/adm/yvonnep/index.html
https://www-dav.uv.uio.no/isp/english/people/aca/janakru/index.html
https://www-dav.uv.uio.no/isp/english/people/aca/kariabn/index.html
https://www-dav.uv.uio.no/pfi/english/people/aca/kennes/index.html
https://www-dav.uv.uio.no/intermedia/personer/vit/arildb/index.html
https://www-dav.uv.uio.no/intermedia/personer/adm/jeremyt/index.html
https://www-dav.uv.uio.no/english/people/adm/fac/hr/ahaga/index.html
https://www-dav.uv.uio.no/english/people/adm/fac/hr/anderm/index.html
https://www-dav.uv.uio.no/english/people/adm/fac/hr/bernah/index.html
https://www-dav.uv.uio.no/english/people/adm/fac/hr/lindaval/index.html
https://www-dav.uv.uio.no/english/people/adm/fac/hr/monikvaa/index.html
https://www-dav.uv.uio.no/english/people/adm/fac/leadership/jarlevt/index.html
https://www-dav.uv.uio.no/english/people/adm/fac/reception/aevandt/index.html
https://www-dav.uv.uio.no/english/people/adm/fac/student-administration/annemetn/index.html
https://www-dav.uv.uio.no/english/people/adm/fac/student-administration/kristivi/index.html
https://www-dav.uv.uio.no/english/people/adm/fac/student-administration/metteko/index.html
https://www-dav.uv.uio.no/english/people/adm/fac/student-administration/olavsk/index.html
https://www-dav.uv.uio.no/english/people/adm/fac/student-administration/shringo/index.html
https://www-dav.uv.uio.no/english/people/adm/fac/student-administration/simenf/index.html
https://www-dav.uv.uio.no/english/people/adm/fac/student-administration/solbjorh/index.html
https://www-dav.uv.uio.no/pfi/personer/vit/kamiloe/index.html
https://www-dav.uv.uio.no/english/people/adm/fac/student-administration/toneso/index.html
https://www-dav.uv.uio.no/personer/vit/toneso/index.html
https://www-dav.uv.uio.no/isp/personer/vit/ivarm/index.html
https://www-dav.uv.uio.no/ils/english/people/adm/anjaom/index.html
https://www-dav.uv.uio.no/pfi/english/people/aca/bbrock/index.html
https://www-dav.uv.uio.no/ils/personer/adm/terjegul/index.html
https://www-dav.uv.uio.no/ils/english/people/adm/terjegul/index.html
https://www-dav.uv.uio.no/pfi/personer/vit/hansa/index.html
https://www-dav.uv.uio.no/ils/english/people/aca/wenchev/index.html
https://www-dav.uv.uio.no/ils/personer/vit/kirstefo/index.html
https://www-dav.uv.uio.no/english/people/adm/fac/finance/sjoshi/index.html
https://www-dav.uv.uio.no/english/people/adm/fac/communications/tkthores/index.html
https://www-dav.uv.uio.no/english/people/adm/fac/communications/jarlevt/index.html
https://www-dav.uv.uio.no/english/people/adm/fac/archives/isabelps/index.html
https://www-dav.uv.uio.no/english/people/adm/fac/it/ageva/index.html
https://www-dav.uv.uio.no/english/people/adm/fac/it/gulbraro/index.html
https://www-dav.uv.uio.no/english/people/adm/fac/it/jensmb/index.html
https://www-dav.uv.uio.no/english/people/adm/fac/it/theresaa/index.html
https://www-dav.uv.uio.no/intermedia/personer/adm/kariannu/index.html
https://www-dav.uv.uio.no/pfi/personer/vit/turidlh/index.html
https://www-dav.uv.uio.no/personer/adm/fak/kommunikasjon/jarlevt/index.html
https://www-dav.uv.uio.no/ils/personer/vit/ritah/index.html
https://www-dav.uv.uio.no/pfi/personer/vit/arnele/index.html
https://www-dav.uv.uio.no/ils/personer/adm/anjaom/index.html
https://www-dav.uv.uio.no/pfi/personer/vit/thork/index.html
https://www-dav.uv.uio.no/pfi/english/people/aca/peterma/index.html
https://www-dav.uv.uio.no/pfi/english/people/aca/sveinev/index.html
https://www-dav.uv.uio.no/isp/english/people/aca/bhagtvet/index.html
https://www-dav.uv.uio.no/pfi/personer/vit/olae/index.html
https://www-dav.uv.uio.no/pfi/personer/adm/elinosor/index.html
https://www-dav.uv.uio.no/intermedia/english/people/aca/stenl/index.html
https://www-dav.uv.uio.no/intermedia/personer/vit/stenl/index.html
https://www-dav.uv.uio.no/intermedia/english/people/adm/suresha/index.html
https://www-dav.uv.uio.no/intermedia/english/people/aca/nygaarda/index.html
https://www-dav.uv.uio.no/intermedia/personer/adm/arven/index.html
https://www-dav.uv.uio.no/ils/personer/vit/ruthje/index.html
https://www-dav.uv.uio.no/ils/personer/vit/krishels/index.html
https://www-dav.uv.uio.no/ils/personer/vit/eliot/index.html
https://www-dav.uv.uio.no/isp/english/people/aca/beritjo/index.html
https://www-dav.uv.uio.no/english/people/adm/fac/archives/petteroh/index.html
https://www-dav.uv.uio.no/pfi/personer/vit/vidargro/index.html
https://www-dav.uv.uio.no/pfi/personer/vit/roseem/index.html
https://www-dav.uv.uio.no/pfi/personer/vit/bedadame/index.html
https://www-dav.uv.uio.no/pfi/personer/vit/bbrock/index.html
https://www-dav.uv.uio.no/pfi/personer/adm/metteko/index.html
https://www-dav.uv.uio.no/pfi/english/people/adm/metteko/index.html
https://www-dav.uv.uio.no/pfi/english/people/aca/roseem/index.html
https://www-dav.uv.uio.no/personer/adm/fak/arkivseksjonen/isabelps/index.html
https://www-dav.uv.uio.no/ils/personer/vit/annekda/index.html
https://www-dav.uv.uio.no/ils/personer/vit/aebbesen/index.html
https://www-dav.uv.uio.no/ils/english/people/aca/auds/index.html
https://www-dav.uv.uio.no/pfi/personer/vit/ostafsen/index.html
https://www-dav.uv.uio.no/pfi/english/people/aca/ostafsen/index.html
https://www-dav.uv.uio.no/pfi/personer/vit/martinvu/index.html
https://www-dav.uv.uio.no/pfi/personer/vit/kristibv/index.html
https://www-dav.uv.uio.no/pfi/personer/vit/bodilo/index.html
https://www-dav.uv.uio.no/pfi/personer/vit/monikab/index.html
https://www-dav.uv.uio.no/pfi/personer/vit/karljo/index.html
https://www-dav.uv.uio.no/pfi/personer/vit/karenj/index.html
https://www-dav.uv.uio.no/pfi/personer/vit/britmh/index.html
https://www-dav.uv.uio.no/pfi/personer/vit/ammhage/index.html
https://www-dav.uv.uio.no/pfi/personer/vit/helenefu/index.html
https://www-dav.uv.uio.no/pfi/personer/vit/lynneac/index.html
https://www-dav.uv.uio.no/pfi/personer/vit/ceciliej/index.html
https://www-dav.uv.uio.no/pfi/personer/vit/brittue/index.html
https://www-dav.uv.uio.no/pfi/personer/vit/thomasdl/index.html
https://www-dav.uv.uio.no/pfi/personer/vit/lenebuc/index.html
https://www-dav.uv.uio.no/pfi/personer/vit/ivarbr/index.html
https://www-dav.uv.uio.no/personer/adm/fak/kommunikasjon/shanecol/index.html
https://www-dav.uv.uio.no/pfi/personer/vit/elborg/index.html
https://www-dav.uv.uio.no/pfi/personer/vit/eevi/index.html
https://www-dav.uv.uio.no/isp/english/people/aca/siljesy/index.html
https://www-dav.uv.uio.no/pfi/personer/vit/arnesko/index.html
https://www-dav.uv.uio.no/pfi/personer/vit/peterma/index.html
https://www-dav.uv.uio.no/ils/personer/adm/kaektved/index.html
https://www-dav.uv.uio.no/pfi/english/people/adm/kjersjen/index.html
https://www-dav.uv.uio.no/pfi/personer/adm/kjersjen/index.html
https://www-dav.uv.uio.no/pfi/personer/adm/krislba/index.html
https://www-dav.uv.uio.no/pfi/personer/adm/paolalov/index.html
https://www-dav.uv.uio.no/isp/english/people/aca/reidunt/index.html
https://www-dav.uv.uio.no/isp/english/people/aca/livie/index.html
https://www-dav.uv.uio.no/isp/english/people/aca/grethev/index.html
https://www-dav.uv.uio.no/isp/english/people/aca/evas/index.html
https://www-dav.uv.uio.no/isp/english/people/aca/camillh/index.html
https://www-dav.uv.uio.no/isp/english/people/aca/benteek/index.html
https://www-dav.uv.uio.no/pfi/english/people/aca/robinu/index.html
https://www-dav.uv.uio.no/pfi/personer/vit/robinu/index.html
https://www-dav.uv.uio.no/pfi/english/people/aca/kristibv/index.html
https://www-dav.uv.uio.no/ils/english/people/adm/ylvaso/index.html
https://www-dav.uv.uio.no/pfi/english/people/aca/oystegi/index.html
https://www-dav.uv.uio.no/pfi/personer/vit/oystegi/index.html
https://www-dav.uv.uio.no/pfi/english/people/aca/bjorste/index.html
https://www-dav.uv.uio.no/intermedia/personer/vit/ingvian/index.html
https://www-dav.uv.uio.no/intermedia/english/people/aca/bskaar/index.html
https://www-dav.uv.uio.no/english/people/adm/fac/student-administration/marteam/index.html
https://www-dav.uv.uio.no/english/people/adm/fac/leadership/baardkjo/index.html
https://www-dav.uv.uio.no/pfi/personer/vit/einarsun/index.html
https://www-dav.uv.uio.no/pfi/english/people/aca/einarsun/index.html
https://www-dav.uv.uio.no/pfi/english/people/aca/martinvu/index.html
https://www-dav.uv.uio.no/personer/adm/fak/ledelsen/baardkjo/index.html
https://www-dav.uv.uio.no/isp/personer/vit/gunvorv/index.html
https://www-dav.uv.uio.no/isp/personer/vit/evas/index.html
https://www-dav.uv.uio.no/isp/english/people/aca/kolbjorv/index.html
https://www-dav.uv.uio.no/isp/english/people/aca/marirod/index.html
https://www-dav.uv.uio.no/isp/english/people/aca/ernstjo/index.html
https://www-dav.uv.uio.no/isp/english/people/aca/haraldma/index.html
https://www-dav.uv.uio.no/isp/english/people/aca/vigdisre/index.html
https://www-dav.uv.uio.no/isp/personer/vit/susanbuckley/index.html
https://www-dav.uv.uio.no/isp/english/people/aca/suanbucley/index.html
https://www-dav.uv.uio.no/english/people/adm/fac/leadership/sbl/index.html
https://www-dav.uv.uio.no/ils/english/people/aca/eyvindel/index.html
https://www-dav.uv.uio.no/ils/personer/vit/eyvindel/index.html
https://www-dav.uv.uio.no/pfi/english/people/aca/blacksok/index.html
https://www-dav.uv.uio.no/pfi/personer/vit/blacksok/index.html
https://www-dav.uv.uio.no/isp/personer/vit/torot/index.html
https://www-dav.uv.uio.no/isp/personer/vit/jorunnbh/index.html
https://www-dav.uv.uio.no/ils/personer/vit/dorisj/index.html
https://www-dav.uv.uio.no/isp/english/people/aca/yngver/index.html
https://www-dav.uv.uio.no/isp/english/people/aca/siljehol/index.html
https://www-dav.uv.uio.no/isp/personer/vit/peerm/index.html
https://www-dav.uv.uio.no/isp/english/people/aca/monicada/index.html
https://www-dav.uv.uio.no/isp/english/people/aca/mklem/index.html
https://www-dav.uv.uio.no/isp/english/people/aca/livl/index.html
https://www-dav.uv.uio.no/isp/english/people/aca/kristvon/index.html
https://www-dav.uv.uio.no/isp/english/people/aca/halvobjo/index.html
https://www-dav.uv.uio.no/isp/english/people/aca/erlingk/index.html
https://www-dav.uv.uio.no/pfi/english/people/adm/elinosor/index.html
https://www-dav.uv.uio.no/pfi/english/people/aca/thomasdl/index.html
https://www-dav.uv.uio.no/personer/adm/fak/studieadministrasjonen/marteam/index.html
https://www-dav.uv.uio.no/pfi/english/people/adm/sthide/index.html
https://www-dav.uv.uio.no/isp/personer/vit/hannenh/index.html
https://www-dav.uv.uio.no/pfi/english/people/aca/hthuen/index.html
https://www-dav.uv.uio.no/pfi/english/people/aca/arnesko/index.html
https://www-dav.uv.uio.no/pfi/english/people/aca/monicaru/index.html
https://www-dav.uv.uio.no/pfi/english/people/aca/ammhage/index.html
https://www-dav.uv.uio.no/pfi/english/people/aca/fengshul/index.html
https://www-dav.uv.uio.no/pfi/english/people/aca/vibekega/index.html
https://www-dav.uv.uio.no/pfi/english/people/adm/krislba/index.html
https://www-dav.uv.uio.no/pfi/english/people/aca/sigmunl/index.html
https://www-dav.uv.uio.no/pfi/english/people/aca/lynneac/index.html
https://www-dav.uv.uio.no/pfi/personer/vit/sigmunl/index.html
https://www-dav.uv.uio.no/intermedia/english/people/adm/knutq/index.html
https://www-dav.uv.uio.no/intermedia/personer/adm/knutq/index.html
https://www-dav.uv.uio.no/personer/adm/fak/it-seksjonen/jensmb/index.html
https://www-dav.uv.uio.no/pfi/personer/adm/yngvild/index.html
https://www-dav.uv.uio.no/intermedia/personer/vit/rolfstei/index.html
https://www-dav.uv.uio.no/intermedia/personer/vit/nilsoste/index.html
https://www-dav.uv.uio.no/intermedia/personer/vit/janad/index.html
https://www-dav.uv.uio.no/intermedia/personer/vit/annikla/index.html
https://www-dav.uv.uio.no/intermedia/personer/vit/annemo/index.html
https://www-dav.uv.uio.no/intermedia/personer/adm/sirijo/index.html
https://www-dav.uv.uio.no/intermedia/personer/adm/percl/index.html
https://www-dav.uv.uio.no/intermedia/english/people/aca/sveino/index.html
https://www-dav.uv.uio.no/intermedia/english/people/aca/nilsoste/index.html
https://www-dav.uv.uio.no/intermedia/english/people/aca/annemo/index.html
https://www-dav.uv.uio.no/intermedia/english/people/adm/sirijo/index.html
https://www-dav.uv.uio.no/intermedia/english/people/adm/percl/index.html
https://www-dav.uv.uio.no/intermedia/english/people/adm/larslo/index.html
https://www-dav.uv.uio.no/intermedia/english/people/adm/jeremyt/index.html
https://www-dav.uv.uio.no/intermedia/english/people/adm/arven/index.html
https://www-dav.uv.uio.no/pfi/english/people/aca/turidlh/index.html
https://www-dav.uv.uio.no/ils/personer/vit/solvili/index.html
https://www-dav.uv.uio.no/pfi/english/people/adm/steinosa/index.html
https://www-dav.uv.uio.no/pfi/personer/vit/helgestr/index.html
https://www-dav.uv.uio.no/pfi/personer/vit/veslemry/index.html
https://www-dav.uv.uio.no/pfi/personer/vit/turidl/index.html
https://www-dav.uv.uio.no/pfi/personer/vit/torist/index.html
https://www-dav.uv.uio.no/pfi/personer/vit/torgrigj/index.html
https://www-dav.uv.uio.no/pfi/personer/vit/terjegro/index.html
https://www-dav.uv.uio.no/pfi/personer/vit/steineu/index.html
https://www-dav.uv.uio.no/ils/personer/vit/gurin/index.html
https://www-dav.uv.uio.no/pfi/personer/vit/leifla/index.html
https://www-dav.uv.uio.no/pfi/personer/vit/jonla/index.html
https://www-dav.uv.uio.no/pfi/personer/vit/hthuen/index.html
https://www-dav.uv.uio.no/pfi/personer/vit/finnhj/index.html
https://www-dav.uv.uio.no/pfi/personer/vit/fengshul/index.html
https://www-dav.uv.uio.no/pfi/personer/vit/esterf/index.html
https://www-dav.uv.uio.no/pfi/personer/vit/azitaa/index.html
https://www-dav.uv.uio.no/pfi/english/people/aca/cbeck/index.html
https://www-dav.uv.uio.no/pfi/english/people/aca/veslemry/index.html
https://www-dav.uv.uio.no/pfi/english/people/aca/olae/index.html
https://www-dav.uv.uio.no/pfi/english/people/aca/monikab/index.html
https://www-dav.uv.uio.no/english/people/adm/fac/research-administration/sbl/index.html
https://www-dav.uv.uio.no/personer/adm/fak/it-seksjonen/geiraby/index.html
https://www-dav.uv.uio.no/isp/personer/vit/kolbjorv/index.html
https://www-dav.uv.uio.no/isp/personer/vit/marirod/index.html
https://www-dav.uv.uio.no/isp/personer/vit/ernstjo/index.html
https://www-dav.uv.uio.no/isp/personer/vit/haraldma/index.html
https://www-dav.uv.uio.no/pfi/english/people/aca/thork/index.html
https://www-dav.uv.uio.no/pfi/english/people/aca/steineu/index.html
https://www-dav.uv.uio.no/english/people/adm/fac/student-administration/sirihog/index.html
https://www-dav.uv.uio.no/personer/adm/fak/studieadministrasjonen/elitro/index.html
https://www-dav.uv.uio.no/personer/adm/fak/it-seksjonen/theresaa/index.html
https://www-dav.uv.uio.no/ils/personer/vit/henrifl/index.html
https://www-dav.uv.uio.no/ils/english/people/adm/liviaas/index.html
https://www-dav.uv.uio.no/ils/english/people/adm/johnap/index.html
https://www-dav.uv.uio.no/ils/english/people/adm/kennetn/index.html
https://www-dav.uv.uio.no/ils/english/people/adm/tanggah/index.html
https://www-dav.uv.uio.no/ils/english/people/adm/jonasjos/index.html
https://www-dav.uv.uio.no/ils/english/people/adm/bjorgja/index.html
https://www-dav.uv.uio.no/ils/english/people/adm/ak/index.html
https://www-dav.uv.uio.no/ils/english/people/adm/junehl/index.html
https://www-dav.uv.uio.no/ils/english/people/adm/casperse/index.html
https://www-dav.uv.uio.no/ils/english/people/aca/aret/index.html
https://www-dav.uv.uio.no/ils/english/people/aca/idafp/index.html
https://www-dav.uv.uio.no/ils/english/people/aca/trudenil/index.html
https://www-dav.uv.uio.no/ils/english/people/aca/ketilma/index.html
https://www-dav.uv.uio.no/ils/english/people/aca/solvili/index.html
https://www-dav.uv.uio.no/ils/english/people/aca/hkaarste/index.html
https://www-dav.uv.uio.no/ils/english/people/aca/sveneh/index.html
https://www-dav.uv.uio.no/ils/english/people/aca/livhage/index.html
https://www-dav.uv.uio.no/ils/english/people/aca/lindaagr/index.html
https://www-dav.uv.uio.no/ils/english/people/aca/henrifl/index.html
https://www-dav.uv.uio.no/ils/english/people/aca/pauler/index.html
https://www-dav.uv.uio.no/ils/english/people/aca/torco/index.html
https://www-dav.uv.uio.no/ils/personer/vit/mettevav/index.html
https://www-dav.uv.uio.no/ils/personer/vit/aret/index.html
https://www-dav.uv.uio.no/ils/personer/vit/anneroll/index.html
https://www-dav.uv.uio.no/ils/personer/vit/thomafp/index.html
https://www-dav.uv.uio.no/ils/personer/vit/idafp/index.html
https://www-dav.uv.uio.no/ils/personer/vit/ingeols/index.html
https://www-dav.uv.uio.no/ils/personer/vit/ketilma/index.html
https://www-dav.uv.uio.no/ils/personer/vit/hkaarste/index.html
https://www-dav.uv.uio.no/ils/personer/vit/atlehjo/index.html
https://www-dav.uv.uio.no/ils/personer/vit/sveneh/index.html
https://www-dav.uv.uio.no/ils/personer/vit/livhage/index.html
https://www-dav.uv.uio.no/ils/personer/vit/lindaagr/index.html
https://www-dav.uv.uio.no/ils/personer/vit/pauler/index.html
https://www-dav.uv.uio.no/ils/personer/vit/torco/index.html
https://www-dav.uv.uio.no/ils/personer/adm/liviaas/index.html
https://www-dav.uv.uio.no/ils/personer/adm/ylvaso/index.html
https://www-dav.uv.uio.no/ils/personer/adm/johnap/index.html
https://www-dav.uv.uio.no/ils/personer/adm/kennetn/index.html
https://www-dav.uv.uio.no/ils/personer/adm/tanggah/index.html
https://www-dav.uv.uio.no/ils/personer/adm/jonasjos/index.html
https://www-dav.uv.uio.no/ils/personer/adm/bjorgja/index.html
https://www-dav.uv.uio.no/pfi/english/people/aca/lenebuc/index.html
https://www-dav.uv.uio.no/pfi/english/people/aca/azitaa/index.html
https://www-dav.uv.uio.no/pfi/english/people/adm/theresmu/index.html
https://www-dav.uv.uio.no/pfi/english/people/aca/britmh/index.html
https://www-dav.uv.uio.no/pfi/english/people/aca/elisabss/index.html
https://www-dav.uv.uio.no/pfi/english/people/aca/brittue/index.html
https://www-dav.uv.uio.no/pfi/english/people/aca/kamiloe/index.html
https://www-dav.uv.uio.no/pfi/english/people/aca/finnhj/index.html
https://www-dav.uv.uio.no/pfi/english/people/adm/cindy/index.html
https://www-dav.uv.uio.no/pfi/personer/adm/cindy/index.html
https://www-dav.uv.uio.no/pfi/english/people/adm/paolalov/index.html
https://www-dav.uv.uio.no/pfi/english/people/adm/camilbak/index.html
https://www-dav.uv.uio.no/ils/english/people/aca/therenh/index.html
https://www-dav.uv.uio.no/ils/personer/vit/therenh/index.html
https://www-dav.uv.uio.no/ils/personer/vit/kirstien/index.html
https://www-dav.uv.uio.no/pfi/english/people/aca/terjegro/index.html
https://www-dav.uv.uio.no/pfi/english/people/aca/helgestr/index.html
https://www-dav.uv.uio.no/pfi/english/people/aca/torist/index.html
https://www-dav.uv.uio.no/pfi/english/people/aca/esterf/index.html
https://www-dav.uv.uio.no/pfi/personer/adm/heddasf/index.html
https://www-dav.uv.uio.no/personer/adm/fak/studieadministrasjonen/simenf/index.html
https://www-dav.uv.uio.no/personer/adm/fak/studieadministrasjonen/shringo/index.html
https://www-dav.uv.uio.no/personer/adm/fak/studieadministrasjonen/kristivi/index.html
https://www-dav.uv.uio.no/personer/adm/fak/personalseksjonen/monikvaa/index.html
https://www-dav.uv.uio.no/personer/adm/fak/personalseksjonen/bernah/index.html
https://www-dav.uv.uio.no/personer/adm/fak/personalseksjonen/ahaga/index.html
https://www-dav.uv.uio.no/personer/adm/fak/okonomiseksjonen/sjoshi/index.html
https://www-dav.uv.uio.no/personer/adm/fak/it-seksjonen/gulbraro/index.html
https://www-dav.uv.uio.no/personer/adm/fak/it-seksjonen/ageva/index.html
https://www-dav.uv.uio.no/personer/adm/fak/arkivseksjonen/petteroh/index.html
https://www-dav.uv.uio.no/pfi/english/people/aca/bodilo/index.html
https://www-dav.uv.uio.no/pfi/english/people/aca/karljo/index.html
https://www-dav.uv.uio.no/pfi/english/people/aca/karenj/index.html
https://www-dav.uv.uio.no/pfi/english/people/aca/helenefu/index.html
https://www-dav.uv.uio.no/pfi/english/people/adm/heddasf/index.html
https://www-dav.uv.uio.no/ils/personer/vit/ggjone/index.html
https://www-dav.uv.uio.no/pfi/english/people/aca/ceciliej/index.html
https://www-dav.uv.uio.no/pfi/english/people/aca/torgrigj/index.html
https://www-dav.uv.uio.no/ils/personer/adm/kristfst/index.html
https://www-dav.uv.uio.no/ils/english/people/adm/kristfst/index.html
https://www-dav.uv.uio.no/pfi/personer/adm/theresmu/index.html
https://www-dav.uv.uio.no/ils/english/people/aca/ritah/index.html
https://www-dav.uv.uio.no/personer/adm/fak/studieadministrasjonen/sirihog/index.html
https://www-dav.uv.uio.no/ils/personer/vit/jorunnm/index.html
https://www-dav.uv.uio.no/ils/english/people/aca/jorunnm/index.html
https://www-dav.uv.uio.no/ils/english/people/aca/annekda/index.html
https://www-dav.uv.uio.no/pfi/english/people/adm/yngvild/index.html
https://www-dav.uv.uio.no/isp/english/people/aca/gunvorv/index.html
https://www-dav.uv.uio.no/isp/personer/vit/benteek/index.html
https://www-dav.uv.uio.no/ils/english/people/aca/dorisj/index.html
https://www-dav.uv.uio.no/pfi/english/people/adm/annettek/index.html
https://www-dav.uv.uio.no/ils/english/people/adm/oysteje/index.html
https://www-dav.uv.uio.no/ils/english/people/aca/kirstien/index.html
https://www-dav.uv.uio.no/ils/english/people/aca/krishels/index.html
https://www-dav.uv.uio.no/isp/personer/adm/jyttri/index.html
https://www-dav.uv.uio.no/isp/english/people/aca/theie/index.html
https://www-dav.uv.uio.no/isp/english/people/aca/soll/index.html
https://www-dav.uv.uio.no/isp/english/people/aca/siriwo/index.html
https://www-dav.uv.uio.no/isp/english/people/aca/jont/index.html
https://www-dav.uv.uio.no/isp/english/people/aca/annery/index.html
https://www-dav.uv.uio.no/isp/personer/vit/theie/index.html
https://www-dav.uv.uio.no/isp/personer/vit/jont/index.html
https://www-dav.uv.uio.no/isp/personer/vit/annery/index.html
https://www-dav.uv.uio.no/isp/english/people/aca/hannenh/index.html
https://www-dav.uv.uio.no/isp/personer/vit/erlingk/index.html
https://www-dav.uv.uio.no/isp/english/people/aca/randimyk/index.html
https://www-dav.uv.uio.no/isp/english/people/aca/heidilm/index.html
https://www-dav.uv.uio.no/pfi/english/people/aca/jonla/index.html
https://www-dav.uv.uio.no/isp/english/people/aca/stefapo/index.html
https://www-dav.uv.uio.no/pfi/english/people/aca/turidl/index.html
https://www-dav.uv.uio.no/isp/personer/vit/randimyk/index.html
https://www-dav.uv.uio.no/isp/english/people/aca/lagej/index.html
https://www-dav.uv.uio.no/isp/personer/vit/jorgefro/index.html
https://www-dav.uv.uio.no/isp/english/people/aca/peerm/index.html
https://www-dav.uv.uio.no/ils/english/people/aca/hertzber/index.html
https://www-dav.uv.uio.no/ils/personer/vit/sveinsj/index.html
https://www-dav.uv.uio.no/pfi/english/people/aca/leifla/index.html
https://www-dav.uv.uio.no/isp/personer/vit/bhagtvet/index.html
https://www-dav.uv.uio.no/ils/english/people/aca/ruthje/index.html
https://www-dav.uv.uio.no/ils/personer/vit/vivip/index.html
https://www-dav.uv.uio.no/ils/personer/adm/vibeketo/index.html
https://www-dav.uv.uio.no/ils/personer/vit/ulrikkri/index.html
https://www-dav.uv.uio.no/ils/personer/adm/torgeich/index.html
https://www-dav.uv.uio.no/ils/personer/vit/tonstad/index.html
https://www-dav.uv.uio.no/ils/personer/vit/terjekr/index.html
https://www-dav.uv.uio.no/ils/personer/vit/sveinl/index.html
https://www-dav.uv.uio.no/ils/personer/vit/rolfvo/index.html
https://www-dav.uv.uio.no/ils/english/people/aca/hfskram/index.html
https://www-dav.uv.uio.no/ils/personer/vit/rolfm/index.html
https://www-dav.uv.uio.no/ils/personer/vit/maritkj/index.html
https://www-dav.uv.uio.no/ils/personer/vit/mariavet/index.html
https://www-dav.uv.uio.no/ils/personer/vit/livsg/index.html
https://www-dav.uv.uio.no/ils/personer/adm/laaamodt/index.html
https://www-dav.uv.uio.no/ils/personer/vit/kirstefi/index.html
https://www-dav.uv.uio.no/ils/personer/vit/hfskram/index.html
https://www-dav.uv.uio.no/ils/personer/vit/glennh/index.html
https://www-dav.uv.uio.no/ils/personer/vit/geirrw/index.html
https://www-dav.uv.uio.no/ils/personer/vit/geirkn/index.html
https://www-dav.uv.uio.no/ils/personer/vit/egilt/index.html
https://www-dav.uv.uio.no/ils/personer/vit/dagfj/index.html
https://www-dav.uv.uio.no/ils/personer/vit/brittfo/index.html
https://www-dav.uv.uio.no/ils/personer/vit/astridro/index.html
https://www-dav.uv.uio.no/ils/personer/adm/annbritf/index.html
https://www-dav.uv.uio.no/ils/personer/vit/andlund/index.html
https://www-dav.uv.uio.no/ils/english/people/aca/vivip/index.html
https://www-dav.uv.uio.no/ils/english/people/adm/vibeketo/index.html
https://www-dav.uv.uio.no/ils/english/people/aca/ulrikkri/index.html
https://www-dav.uv.uio.no/ils/english/people/adm/torileg/index.html
https://www-dav.uv.uio.no/ils/english/people/aca/terjekr/index.html
https://www-dav.uv.uio.no/ils/english/people/aca/tonstad/index.html
https://www-dav.uv.uio.no/ils/english/people/aca/sveinsj/index.html
https://www-dav.uv.uio.no/ils/english/people/aca/sveinl/index.html
https://www-dav.uv.uio.no/ils/english/people/aca/rolfvo/index.html
https://www-dav.uv.uio.no/ils/english/people/aca/rolfm/index.html
https://www-dav.uv.uio.no/ils/english/people/adm/misnes/index.html
https://www-dav.uv.uio.no/ils/english/people/aca/maritkj/index.html
https://www-dav.uv.uio.no/ils/english/people/aca/mariavet/index.html
https://www-dav.uv.uio.no/ils/english/people/aca/livsg/index.html
https://www-dav.uv.uio.no/ils/english/people/adm/laaamodt/index.html
https://www-dav.uv.uio.no/ils/english/people/adm/kirstr/index.html
https://www-dav.uv.uio.no/ils/english/people/aca/kirstefo/index.html
https://www-dav.uv.uio.no/ils/english/people/aca/kirstefi/index.html
https://www-dav.uv.uio.no/ils/english/people/aca/glennh/index.html
https://www-dav.uv.uio.no/ils/english/people/aca/ggjone/index.html
https://www-dav.uv.uio.no/ils/english/people/aca/geirkn/index.html
https://www-dav.uv.uio.no/ils/english/people/aca/eliot/index.html
https://www-dav.uv.uio.no/ils/english/people/aca/egilt/index.html
https://www-dav.uv.uio.no/ils/english/people/aca/dagfj/index.html
https://www-dav.uv.uio.no/ils/english/people/aca/brittfo/index.html
https://www-dav.uv.uio.no/ils/english/people/adm/brigtho/index.html
https://www-dav.uv.uio.no/ils/english/people/aca/astridro/index.html
https://www-dav.uv.uio.no/ils/english/people/aca/annekbo/index.html
https://www-dav.uv.uio.no/ils/english/people/aca/geirrw/index.html
https://www-dav.uv.uio.no/ils/english/people/adm/torgeich/index.html
https://www-dav.uv.uio.no/ils/english/people/adm/annbritf/index.html
https://www-dav.uv.uio.no/isp/personer/vit/lagej/index.html
