https://www.mn.uio.no/astro/english/people/aca/claudio/index.html:Claudio:Claudio Llinares
https://www.mn.uio.no/astro/english/people/aca/dagss/index.html:Dagss:Dag Sverre Seljebotn
https://www.mn.uio.no/astro/english/people/aca/hdahle/index.html:Dahle, Håkon:Håkon Dahle
https://www.mn.uio.no/astro/english/people/aca/jtrulsen/index.html:Trulsen, Jan Karsten:Jan Karsten Trulsen
https://www.mn.uio.no/astro/personer/vit/claudio/index.html:Claudio:Claudio Llinares
https://www.mn.uio.no/astro/personer/vit/dagss/index.html:Dagss:Dag Sverre Seljebotn
https://www.mn.uio.no/astro/personer/vit/hdahle/index.html:Dahle, Håkon:Håkon Dahle
https://www.mn.uio.no/astro/personer/vit/janeso/index.html:Janeso:Jan Erik Solheim
https://www.mn.uio.no/astro/personer/vit/jtrulsen/index.html:Trulsen, Jan Karsten:Jan Karsten Trulsen
https://www.mn.uio.no/astro/personer/vit/matsc/index.html:Mats Carlsson:Mats Per-Olof Carlsson
https://www.mn.uio.no/astro/personer/vit/oengvold/index.html:Oengvold:Oddbjørn Engvold
https://www.mn.uio.no/bio/english/people/aca/anevi/index.html:Vollsnes, Ane Victoria:Ane Victoria Vollsnes
https://www.mn.uio.no/bio/english/people/adm/jholmen/index.html:Holmen, Johannes:Johannes Holmen
https://www.mn.uio.no/bio/forskning/prosjekter/hjortareal/eksterne-deltagere/arve-aarhus/index.html:Arve-aarhus:Arve  Aarhus
https://www.mn.uio.no/bio/forskning/prosjekter/hjortareal/eksterne-deltagere/hallvard-flatjord/index.html:Hallvard-flatjord:Hallvard Flatjord
https://www.mn.uio.no/bio/forskning/prosjekter/hjortareal/eksterne-deltagere/ivar-syrstad/index.html:Ivar-syrstad:Ivar Syrstad
https://www.mn.uio.no/bio/forskning/prosjekter/hjortareal/eksterne-deltagere/jean-michel-gaillard/index.html:Jean-michel-gaillard:Jean-Michel Gaillard
https://www.mn.uio.no/bio/forskning/prosjekter/hjortareal/eksterne-deltagere/rolf-langvatn/index.html:Rolf-langvatn:Rolf Langvatn
https://www.mn.uio.no/bio/forskning/prosjekter/hjortareal/eksterne-deltagere/vidar-holthe/index.html:Vidar-holthe:Vidar Holthe
https://www.mn.uio.no/bio/personer/adm/jholmen/index.html:Holmen, Johannes:Johannes Holmen
https://www.mn.uio.no/bio/personer/vit/anevi/index.html:Vollsnes, Ane Victoria:Ane Victoria Vollsnes
https://www.mn.uio.no/english/people/adm/fac/studies/linegre/index.html:Linegre:Line Grenheim
https://www.mn.uio.no/farmasi/english/people/aca/annebsa/index.html:Anne Berit Samuelsen:Anne Berit  Calmeyer Samuelsen
https://www.mn.uio.no/farmasi/english/people/aca/elisaops/index.html:Elisabeth Opsjøn:Elisabeth Opsjøn Lampe
https://www.mn.uio.no/farmasi/english/people/aca/ingvilau/index.html:Ingvild Marie Austarheim:Ingvild Austarheim
https://www.mn.uio.no/farmasi/english/people/aca/solvefos/index.html:Solveig Fossum:Solveig Fossum - Raunehaug
https://www.mn.uio.no/farmasi/english/people/aca/veronis/index.html:Veronica Smith:Veronika Smith
https://www.mn.uio.no/farmasi/personer/adm/adamrb/index.html:Babinski, Adam Roman:Adam Roman Babinski
https://www.mn.uio.no/farmasi/personer/adm/anneri/index.html:Rishovd, Anne-Lise:Anne-Lise Rishovd
https://www.mn.uio.no/farmasi/personer/adm/atlehaug/index.html:Haugen, Atle:Atle Haugen
https://www.mn.uio.no/farmasi/personer/adm/beatam/index.html:Mohebi, Beata Urbanczyk:Beata Urbanczyk Mohebi
https://www.mn.uio.no/farmasi/personer/adm/camste/index.html:Stensrud, Camilla:Camilla Stensrud
https://www.mn.uio.no/farmasi/personer/adm/ellenhc/index.html:Cohen, Ellen Hanne:Ellen Hanne Cohen
https://www.mn.uio.no/farmasi/personer/adm/ewaj/index.html:Jaroszewicz, Ewa:Ewa Jaroszewicz
https://www.mn.uio.no/farmasi/personer/adm/ftonnese/index.html:Tønnesen, Finn:Finn Tønnesen
https://www.mn.uio.no/farmasi/personer/adm/halvoraa/index.html:Aandal, Halvor:Halvor Aandal
https://www.mn.uio.no/farmasi/personer/adm/hildenil/index.html:Nilsen, Hilde:Hilde Nilsen
https://www.mn.uio.no/farmasi/personer/adm/htaas/index.html:Aas, Hoai Thi Nguyen:Hoai Thi Nguyen Aas
https://www.mn.uio.no/farmasi/personer/adm/ivargro/index.html:Grove, Ivar:Ivar Grove
https://www.mn.uio.no/farmasi/personer/adm/juliana/index.html:Johansen, Iuliana-Cezarina Aldea:Iuliana-Cezarina Aldea Johansen
https://www.mn.uio.no/farmasi/personer/adm/karenmu/index.html:Ulshagen, Karen Marie:Karen Marie Ulshagen
https://www.mn.uio.no/farmasi/personer/adm/kirstir/index.html:Ridling, Kirsti:Kirsti Ridling
https://www.mn.uio.no/farmasi/personer/adm/krisjg/index.html:Grasmo, Kristin Johanne:Kristin Johanne Grasmo
https://www.mn.uio.no/farmasi/personer/adm/kyrregr/index.html:Grøtan, Kyrre:Kyrre Grøtan
https://www.mn.uio.no/farmasi/personer/adm/lisbett/index.html:Trelnes, Lisbeth:Lisbeth Trelnes
https://www.mn.uio.no/farmasi/personer/adm/mariusbe/index.html:Bergh, Marius:Marius Bergh
https://www.mn.uio.no/farmasi/personer/adm/mgaarder/index.html:Gaarder, Mona:Mona Gaarder
https://www.mn.uio.no/farmasi/personer/adm/sirij/index.html:Johannesen, Siri:Siri Johannesen
https://www.mn.uio.no/farmasi/personer/adm/suthajy/index.html:Yogarajah, Suthajini:Suthajini Yogarajah
https://www.mn.uio.no/farmasi/personer/adm/tagren/index.html:Larsen, Tove:Tove Larsen
https://www.mn.uio.no/farmasi/personer/adm/tinart/index.html:Tuveng, Tina Rise:Tina Rise Tuveng
https://www.mn.uio.no/farmasi/personer/adm/tomca/index.html:Caspersen, Tom Arild:Tom Arild Caspersen
https://www.mn.uio.no/farmasi/personer/adm/yonathan/index.html:Samuel, Yonathan:Yonathan Samuel
https://www.mn.uio.no/farmasi/personer/vit/ahegge/index.html:Hegge, Anne Bee:Anne Bee Hegge
https://www.mn.uio.no/farmasi/personer/vit/alfkb/index.html:Berg, Alf Kristian:Alf Kristian Berg
https://www.mn.uio.no/farmasi/personer/vit/aloechen/index.html:Økstad, Ole Andreas Løchen:Ole Andreas Løchen Økstad
https://www.mn.uio.no/farmasi/personer/vit/anderas/index.html:Åsberg, Anders:Anders Åsberg
https://www.mn.uio.no/farmasi/personer/vit/andervik/index.html:Vik, Anders:Anders Vik
https://www.mn.uio.no/farmasi/personer/vit/angelalu/index.html:Lupattelli, Angela:Angela Lupattelli
https://www.mn.uio.no/farmasi/personer/vit/anhp/index.html:Pham, Anh Thu:Anh Thu Pham
https://www.mn.uio.no/farmasi/personer/vit/anikov/index.html:Vörös, Aniko:Aniko Vörös
https://www.mn.uio.no/farmasi/personer/vit/annalenk/index.html:Kjøniksen, Anna-Lena:Anna-Lena Kjøniksen
https://www.mn.uio.no/farmasi/personer/vit/annebko/index.html:Kolstø, Anne-Brit:Anne-Brit Kolstø
https://www.mn.uio.no/farmasi/personer/vit/annebsa/index.html:Samuelsen, Anne Berit:Anne Berit  Calmeyer Samuelsen
https://www.mn.uio.no/farmasi/personer/vit/annecves/index.html:Vestrheim, Anne Cathrine:Anne Cathrine Vestrheim
https://www.mn.uio.no/farmasi/personer/vit/annetf/index.html:Fagerlund, Annette:Annette Fagerlund
https://www.mn.uio.no/farmasi/personer/vit/arildr/index.html:Rustan, Arild:Arild Rustan
https://www.mn.uio.no/farmasi/personer/vit/asee/index.html:Ertesvåg, Åse:Åse Ertesvåg
https://www.mn.uio.no/farmasi/personer/vit/benjamil/index.html:Larsen, Benjamin Endré:Benjamin Endré Larsen
https://www.mn.uio.no/farmasi/personer/vit/beritsp/index.html:Paulsen, Berit Smestad:Berit Smestad Paulsen
https://www.mn.uio.no/farmasi/personer/vit/eilitk/index.html:Kase, Eili Tranheim:Eili Tranheim Kase
https://www.mn.uio.no/farmasi/personer/vit/eirikjs/index.html:Solum, Eirik Johansson:Eirik Johansson Solum
https://www.mn.uio.no/farmasi/personer/vit/elisaops/index.html:Opsjøn, Elisabeth:Elisabeth Opsjøn Lampe
https://www.mn.uio.no/farmasi/personer/vit/elset/index.html:Toverud, Else-Lydia:Else-Lydia Toverud
https://www.mn.uio.no/farmasi/personer/vit/emolden/index.html:Molden, Espen:Espen Molden
https://www.mn.uio.no/farmasi/personer/vit/erno/index.html:Nord, Erik:Erik Nord
https://www.mn.uio.no/farmasi/personer/vit/grochav/index.html:Havnen, Gro Cecilie:Gro Cecilie Havnen
https://www.mn.uio.no/farmasi/personer/vit/gromat/index.html:Mathisen, Gro Haarklou:Gro Haarklou Mathisen
https://www.mn.uio.no/farmasi/personer/vit/gsmistad/index.html:Smistad, Gro:Gro Smistad
https://www.mn.uio.no/farmasi/personer/vit/hanneht/index.html:Tønnesen, Hanne Hjorth:Hanne Hjorth Tønnesen
https://www.mn.uio.no/farmasi/personer/vit/hannelun/index.html:Lund, Hanne:Hanne Lund
https://www.mn.uio.no/farmasi/personer/vit/hannewi/index.html:Winther-Larsen, Hanne Cecilie:Hanne Cecilie Winther-Larsen
https://www.mn.uio.no/farmasi/personer/vit/haraldtj/index.html:Johansen, Harald Thidemann:Harald Thidemann Johansen
https://www.mn.uio.no/farmasi/personer/vit/hbarsett/index.html:Barsett, Hilde:Hilde Barsett
https://www.mn.uio.no/farmasi/personer/vit/hedvign/index.html:Nordeng, Hedvig Marie Egeland:Hedvig Marie Egeland Nordeng
https://www.mn.uio.no/farmasi/personer/vit/hegec/index.html:Christensen, Hege:Hege Staaland Christensen
https://www.mn.uio.no/farmasi/personer/vit/hegeth/index.html:Thoresen, Hege:Hege Thoresen
https://www.mn.uio.no/farmasi/personer/vit/helenjo/index.html:Jonassen, Helene:Helene Jonassen
https://www.mn.uio.no/farmasi/personer/vit/helleha/index.html:Håkonsen, Helle:Helle Håkonsen
https://www.mn.uio.no/farmasi/personer/vit/hellew/index.html:Wangensteen, Helle:Helle Wangensteen
https://www.mn.uio.no/farmasi/personer/vit/idarob/index.html:Robertsen, Ida:Ida Robertsen
https://www.mn.uio.no/farmasi/personer/vit/ingjersa/index.html:Sæves, Ingjerd:Ingjerd Sæves
https://www.mn.uio.no/farmasi/personer/vit/ingrsst/index.html:Aursnes, Ingrid Augusta Stølen:Ingrid Augusta Stølen Aursnes
https://www.mn.uio.no/farmasi/personer/vit/ingvilau/index.html:Austarheim, Ingvild Marie:Ingvild Austarheim
https://www.mn.uio.no/farmasi/personer/vit/irenebso/index.html:Sørvik, Irene Beate:Irene Beate Sørvik
https://www.mn.uio.no/farmasi/personer/vit/janjso/index.html:Sobczynski, Jan:Jan Sobczynski
https://www.mn.uio.no/farmasi/personer/vit/janka/index.html:Karlsen, Jan:Jan Karlsen
https://www.mn.uio.no/farmasi/personer/vit/jasmins/index.html:Kroeger, Jasmin Kaori:Jasmin Kaori Kroeger
https://www.mn.uio.no/farmasi/personer/vit/jok/index.html:Klaveness, Jo:Jo Klaveness
https://www.mn.uio.no/farmasi/personer/vit/karenab/index.html:Debernard, Karen Boldingh:Karen Boldingh Debernard
https://www.mn.uio.no/farmasi/personer/vit/karii/index.html:Inngjerdingen, Kari Tvete:Kari Tvete Inngjerdingen
https://www.mn.uio.no/farmasi/personer/vit/kariner/index.html:Ruud, Karine Wabø:Karine Wabø Ruud
https://www.mn.uio.no/farmasi/personer/vit/karlem/index.html:Malterud, Karl Egil:Karl Egil Malterud
https://www.mn.uio.no/farmasi/personer/vit/katerinh/index.html:Nezvalova-Henriksen, Katerina:Katerina Nezvalova-Henriksen
https://www.mn.uio.no/farmasi/personer/vit/kirstkv/index.html:Viktil, Kirsten Kilvik:Kirsten Kilvik Viktil
https://www.mn.uio.no/farmasi/personer/vit/kirstra/index.html:Rakkestad, Kirsten Eline:Kirsten Eline Rakkestad
https://www.mn.uio.no/farmasi/personer/vit/knutfse/index.html:Seip, Knut Fredrik:Knut Fredrik Seip
https://www.mn.uio.no/farmasi/personer/vit/knutra/index.html:Rasmussen, Knut Einar:Knut Einar Rasmussen
https://www.mn.uio.no/farmasi/personer/vit/kskarsta/index.html:Skarstad, Kirsten:Kirsten Skarstad
https://www.mn.uio.no/farmasi/personer/vit/leeibak/index.html:Eibak, Lars Erik:Lars Erik Eibak
https://www.mn.uio.no/farmasi/personer/vit/leonr/index.html:Reubsaet, Jan Leo:Jan Leo Reubsaet
https://www.mn.uio.no/farmasi/personer/vit/liseber/index.html:Berven, Lise:Lise Berven
https://www.mn.uio.no/farmasi/personer/vit/marialil/index.html:Lilletvedt, Marianne:Marianne Lilletvedt
https://www.mn.uio.no/farmasi/personer/vit/marianhm/index.html:Hiorth, Marianne:Marianne Hiorth
https://www.mn.uio.no/farmasi/personer/vit/mariatc/index.html:Calejo, Maria Teresa Rebelo:Maria Teresa Rebelo Calejo
https://www.mn.uio.no/farmasi/personer/vit/mariaulv/index.html:Ulvestad, Maria:Maria Ulvestad
https://www.mn.uio.no/farmasi/personer/vit/mariuaur/index.html:Aursnes, Marius:Marius Aursnes
https://www.mn.uio.no/farmasi/personer/vit/martingj/index.html:Jakobsen, Martin Gjerde:Martin Gjerde Jakobsen
https://www.mn.uio.no/farmasi/personer/vit/milicavu/index.html:Vukicevic, Milica:Milica Vukicevic
https://www.mn.uio.no/farmasi/personer/vit/natasan/index.html:Nikolic, Natasa:Natasa Nikolic
https://www.mn.uio.no/farmasi/personer/vit/oeyvindj/index.html:Jacobsen, Øyvind:Øyvind Jacobsen
https://www.mn.uio.no/farmasi/personer/vit/oveaaa/index.html:Åstrand, Ove Alexander:Ove Alexander Åstrand
https://www.mn.uio.no/farmasi/personer/vit/oyvinwak/index.html:Akselsen, Øyvind Wilhelm:Øyvind Wilhelm Akselsen
https://www.mn.uio.no/farmasi/personer/vit/paalrog/index.html:Rongved, Pål:Pål Rongved
https://www.mn.uio.no/farmasi/personer/vit/paulamb/index.html:Bräunlich, Paula Marie:Paula Marie Bräunlich
https://www.mn.uio.no/farmasi/personer/vit/peterhe/index.html:Hemmersbach, Peter J:Peter J Hemmersbach
https://www.mn.uio.no/farmasi/personer/vit/ragnarby/index.html:Ragnarby:Ragnar Bye
https://www.mn.uio.no/farmasi/personer/vit/ravindes/index.html:Singh, Ravinder:Ravinder Singh
https://www.mn.uio.no/farmasi/personer/vit/rigmors/index.html:Solberg, Rigmor:Rigmor Solberg
https://www.mn.uio.no/farmasi/personer/vit/robersm/index.html:Smith, Robert:Robert Smith
https://www.mn.uio.no/farmasi/personer/vit/rpaulsen/index.html:Paulsen, Ragnhild Elisabeth:Ragnhild Elisabeth Paulsen
https://www.mn.uio.no/farmasi/personer/vit/runamu/index.html:Amundsen, Rune:Rune Amundsen
https://www.mn.uio.no/farmasi/personer/vit/sankon/index.html:Nguyen, Sanko Hoan:Sanko Hoan Nguyen
https://www.mn.uio.no/farmasi/personer/vit/sarabek/index.html:Bekhradnia, Sara:Sara Bekhradnia
https://www.mn.uio.no/farmasi/personer/vit/siljebt/index.html:Torsetnes, Silje:Silje Torsetnes
https://www.mn.uio.no/farmasi/personer/vit/simemk/index.html:Kristoffersen, Simen Martens:Simen Martens Kristoffersen
https://www.mn.uio.no/farmasi/personer/vit/sirilba/index.html:Bakke, Siril Skaret:Siril Skaret Bakke
https://www.mn.uio.no/farmasi/personer/vit/solvefos/index.html:Fossum-Raunehaug, Solveig:Solveig Fossum - Raunehaug
https://www.mn.uio.no/farmasi/personer/vit/solveigk/index.html:Kristensen, Solveig:Solveig Kristensen
https://www.mn.uio.no/farmasi/personer/vit/stbergan/index.html:Bergan, Stein:Stein Bergan
https://www.mn.uio.no/farmasi/personer/vit/stigpe/index.html:Pedersen-Bjergaard, Stig:Stig Pedersen-Bjergaard
https://www.mn.uio.no/farmasi/personer/vit/sverres/index.html:Sande, Sverre Arne:Sverre Arne Sande
https://www.mn.uio.no/farmasi/personer/vit/terjem/index.html:Michaelsen, Terje Einar:Terje Einar Michaelsen
https://www.mn.uio.no/farmasi/personer/vit/tgjoen/index.html:Gjøen, Tor:Tor Gjøen
https://www.mn.uio.no/farmasi/personer/vit/theresek/index.html:Klemetsrud, Therese:Therese Klemetsrud
https://www.mn.uio.no/farmasi/personer/vit/tonehau/index.html:Haukvik, Tone:Tone Haukvik
https://www.mn.uio.no/farmasi/personer/vit/trinegha/index.html:Halvorsen, Trine Grønhaug:Trine Grønhaug Halvorsen
https://www.mn.uio.no/farmasi/personer/vit/trondvh/index.html:Hansen, Trond Vidar:Trond Vidar Hansen
https://www.mn.uio.no/farmasi/personer/vit/veronis/index.html:Veronica Smith:Veronika Smith
https://www.mn.uio.no/farmasi/personer/vit/weiwang/index.html:Wang, Wei:Wei Wang
https://www.mn.uio.no/farmasi/personer/vit/yasserma/index.html:Mahmoud, Yasser:Yasser Mahmoud Ali Mohamed
https://www.mn.uio.no/fysikk/english/people/aca/adenierg/index.html:Adenierg:Guillaume Adenier
https://www.mn.uio.no/fysikk/english/people/aca/anderkve/index.html:Anderkve:Anders Kvellestad
https://www.mn.uio.no/fysikk/english/people/aca/anncecil/index.html:Larsen, Ann-Cecilie:Ann-Cecilie Larsen
https://www.mn.uio.no/fysikk/english/people/aca/glovhoid/index.html:Glovhoid:Gunnar Løvhøiden
https://www.mn.uio.no/fysikk/english/people/aca/jonaerik/index.html:Jonaerik:Jon Alm Eriksen
https://www.mn.uio.no/fysikk/english/people/aca/jorgentr/index.html:Jorgentr:Jørgen Trømborg
https://www.mn.uio.no/fysikk/english/people/aca/larsdal/index.html:Larsdal:Lars Andreas Dal
https://www.mn.uio.no/fysikk/english/people/aca/mmeir/index.html:Meir, Michaela Georgine:Michaela Georgine Meir
https://www.mn.uio.no/fysikk/english/people/aca/stinc/index.html:Stinc:Stine Christoffersen
https://www.mn.uio.no/fysikk/english/people/aca/theresre/index.html:Theresre:Therese Renstrøm
https://www.mn.uio.no/fysikk/english/people/adm/adinet/index.html:Adinet:Adine Guldborg Thoresen
https://www.mn.uio.no/fysikk/english/people/adm/kamilljo/index.html:Kamilljo:Kamilla Johansen
https://www.mn.uio.no/fysikk/personer/adm/adinet/index.html:Adine G. Thoresen:Adine Guldborg Thoresen
https://www.mn.uio.no/fysikk/personer/vit/adenierg/index.html:Adenierg:Guillaume Adenier
https://www.mn.uio.no/fysikk/personer/vit/anderkve/index.html:Anderkve:Anders Kvellestad
https://www.mn.uio.no/fysikk/personer/vit/anncecil/index.html:Larsen, Ann-Cecilie:Ann-Cecilie Larsen
https://www.mn.uio.no/fysikk/personer/vit/berntn/index.html:Bernt Nordbotten:Bernt Jørgen Nordbotten
https://www.mn.uio.no/fysikk/personer/vit/glovhoid/index.html:Glovhoid:Gunnar Løvhøiden
https://www.mn.uio.no/fysikk/personer/vit/janoh/index.html:Høgetveit, Jan Olav:Jan Olav Høgetveit
https://www.mn.uio.no/fysikk/personer/vit/jorgentr/index.html:Jorgentr:Jørgen Trømborg
https://www.mn.uio.no/fysikk/personer/vit/larsdal/index.html:Larsdal:Lars Andreas Dal
https://www.mn.uio.no/fysikk/personer/vit/mmeir/index.html:Meir, Michaela Georgine:Michaela Georgine Meir
https://www.mn.uio.no/fysikk/personer/vit/stinc/index.html:Stinc:Stine Christoffersen
https://www.mn.uio.no/fysikk/personer/vit/theresre/index.html:Theresre:Therese Renstrøm
https://www.mn.uio.no/gammelt/cees-konvertert/cees-htmluendret/people/admin/camilmt/index.html:Camilla M. Tømta:Camilla Marie Tømta
https://www.mn.uio.no/gammelt/cees-konvertert/cees-htmluendret/people/collaborator-guest/torbjore/index.html:Torbjørn Ergon:Torbjørn Håkan Ergon
https://www.mn.uio.no/gammelt/cees-konvertert/cees-htmluendret/people/core/geirs/index.html:Geir Storvik:Geir Olve Storvik
https://www.mn.uio.no/gammelt/cees-konvertert/cees-htmluendret/people/core/thomasha/index.html:Thomas F. Hansen:Thomas F Hansen
https://www.mn.uio.no/gammelt/cees-konvertert/cees-htmluendret/people/kb-professor/stigwo/index.html:Stig Omholt:Stig W Omholt
https://www.mn.uio.no/gammelt/cees-konvertert/cees-htmluendret/people/master/chrimb/index.html:Christiane Maisch Brandvoll:Christiane Brandvoll
https://www.mn.uio.no/gammelt/cees-konvertert/cees-htmluendret/people/master/gmbremer/index.html:Merethe Andersen:Gerd Merethe Andersen Bremer
https://www.mn.uio.no/gammelt/cees-konvertert/cees-htmluendret/people/master/johannsk/index.html:Johanne Skjerven:Johanne Lervik Skjerven
https://www.mn.uio.no/gammelt/cees-konvertert/cees-htmluendret/people/phd/anagawm/index.html:Anagaw Atickem:Anagaw Atickem Meshesha
https://www.mn.uio.no/gammelt/cees-konvertert/cees-htmluendret/people/phd/annamaz/index.html:Anna Mazzarella:Anna Virginia Black Mazzarella
https://www.mn.uio.no/gammelt/cees-konvertert/cees-htmluendret/people/phd/monica/index.html:Monica Solbakken:Monica Hongrø Solbakken
https://www.mn.uio.no/gammelt/cees-konvertert/cees-htmluendret/people/phd/olawes/index.html:Ola Westengen:Ola Tveitereid Westengen
https://www.mn.uio.no/gammelt/cees-konvertert/cees-htmluendret/people/phd/paulrbe/index.html:Paul R. Berg:Paul Ragnar Berg
https://www.mn.uio.no/gammelt/cees-konvertert/cees-htmluendret/people/phd/rubenap/index.html:Ruben A Pettersen:Ruben Alexander Pettersen
https://www.mn.uio.no/gammelt/cees-konvertert/cees-htmluendret/people/researcher-postdoc/andrecg/index.html:Andrea Gerecht:Andrea Cornelia Gerecht
https://www.mn.uio.no/gammelt/cees-konvertert/cees-htmluendret/people/researcher-postdoc/andriesr/index.html:Andries P Richter:Andries Peter Richter
https://www.mn.uio.no/gammelt/cees-konvertert/cees-htmluendret/people/researcher-postdoc/fabrice-eroukmanoff/index.html:Fabrice Eroukmanoff:Fabrice Eroukhmanoff
https://www.mn.uio.no/gammelt/cees-konvertert/cees-htmluendret/people/researcher-postdoc/kyrreka/index.html:Kyrre Kausrud:Kyrre Linné Kausrud
https://www.mn.uio.no/gammelt/cees-konvertert/cees-htmluendret/test_LESEBEGRENSET/people/alexajo/index.html:Alexajo:Alexander Johan Nederbragt
https://www.mn.uio.no/gammelt/cees-konvertert/cees-htmluendret/test_LESEBEGRENSET/people/anagawm/index.html:Anagawm:Anagaw Atickem Meshesha
https://www.mn.uio.no/gammelt/cees-konvertert/cees-htmluendret/test_LESEBEGRENSET/people/andeher/index.html:Andeher:Anders Herland
https://www.mn.uio.no/gammelt/cees-konvertert/cees-htmluendret/test_LESEBEGRENSET/people/andeni/index.html:Andeni:Anders Nielsen
https://www.mn.uio.no/gammelt/cees-konvertert/cees-htmluendret/test_LESEBEGRENSET/people/andrecg/index.html:Andrecg:Andrea Cornelia Gerecht
https://www.mn.uio.no/gammelt/cees-konvertert/cees-htmluendret/test_LESEBEGRENSET/people/andriesr/index.html:Andriesr:Andries Peter Richter
https://www.mn.uio.no/gammelt/cees-konvertert/cees-htmluendret/test_LESEBEGRENSET/people/aneer/index.html:Aneer:Ane Eriksen
https://www.mn.uio.no/gammelt/cees-konvertert/cees-htmluendret/test_LESEBEGRENSET/people/annamaz/index.html:Annamaz:Anna Virginia Black Mazzarella
https://www.mn.uio.no/gammelt/cees-konvertert/cees-htmluendret/test_LESEBEGRENSET/people/annanil/index.html:Annanil:Anna Nilsson
https://www.mn.uio.no/gammelt/cees-konvertert/cees-htmluendret/test_LESEBEGRENSET/people/arthurlb/index.html:Arthurlb:Arthur Bass
https://www.mn.uio.no/gammelt/cees-konvertert/cees-htmluendret/test_LESEBEGRENSET/people/askog/index.html:Askog:Anna Skog
https://www.mn.uio.no/gammelt/cees-konvertert/cees-htmluendret/test_LESEBEGRENSET/people/atlemy/index.html:Atlemy:Atle Mysterud
https://www.mn.uio.no/gammelt/cees-konvertert/cees-htmluendret/test_LESEBEGRENSET/people/aveto/index.html:Aveto:Ave Tooming-Klunderud
https://www.mn.uio.no/gammelt/cees-konvertert/cees-htmluendret/test_LESEBEGRENSET/people/barbaraf/index.html:Barbaraf:Barbara Fischer
https://www.mn.uio.no/gammelt/cees-konvertert/cees-htmluendret/test_LESEBEGRENSET/people/bastiaas/index.html:Bastiaas:Bastiaan Star
https://www.mn.uio.no/gammelt/cees-konvertert/cees-htmluendret/test_LESEBEGRENSET/people/brysting/index.html:Brysting:Anne Krag Brysting
https://www.mn.uio.no/gammelt/cees-konvertert/cees-htmluendret/test_LESEBEGRENSET/people/chrimb/index.html:Chrimb:Christiane Brandvoll
https://www.mn.uio.no/gammelt/cees-konvertert/cees-htmluendret/test_LESEBEGRENSET/people/ejorde/index.html:Ejorde:Per Erik Jorde
https://www.mn.uio.no/gammelt/cees-konvertert/cees-htmluendret/test_LESEBEGRENSET/people/elikr/index.html:Elikr:Eli Knispel Rueness
https://www.mn.uio.no/gammelt/cees-konvertert/cees-htmluendret/test_LESEBEGRENSET/people/emelita/index.html:Emelita:Emelita Rivera Nerli
https://www.mn.uio.no/gammelt/cees-konvertert/cees-htmluendret/test_LESEBEGRENSET/people/endrekn/index.html:Endrekn:Endre Knudsen
https://www.mn.uio.no/gammelt/cees-konvertert/cees-htmluendret/test_LESEBEGRENSET/people/esbenmo/index.html:Esbenmo:Esben Moland Olsen
https://www.mn.uio.no/gammelt/cees-konvertert/cees-htmluendret/test_LESEBEGRENSET/people/floriakd/index.html:Floriakd:Florian Klaus Diekert
https://www.mn.uio.no/gammelt/cees-konvertert/cees-htmluendret/test_LESEBEGRENSET/people/fredhaa/index.html:Fredhaa:Fredrik Haas
https://www.mn.uio.no/gammelt/cees-konvertert/cees-htmluendret/test_LESEBEGRENSET/people/gabriely/index.html:Gabriely:Gabriel Yedid
https://www.mn.uio.no/gammelt/cees-konvertert/cees-htmluendret/test_LESEBEGRENSET/people/geirs/index.html:Geirs:Geir Olve Storvik
https://www.mn.uio.no/gammelt/cees-konvertert/cees-htmluendret/test_LESEBEGRENSET/people/gryg/index.html:Gryg:Gry Gundersen
https://www.mn.uio.no/gammelt/cees-konvertert/cees-htmluendret/test_LESEBEGRENSET/people/hegebakk/index.html:Hegebakk:Hege Bakke
https://www.mn.uio.no/gammelt/cees-konvertert/cees-htmluendret/test_LESEBEGRENSET/people/hessen/index.html:Hessen:Dag Olav Hessen
https://www.mn.uio.no/gammelt/cees-konvertert/cees-htmluendret/test_LESEBEGRENSET/people/hgunders/index.html:Hgunders:Hege Gundersen
https://www.mn.uio.no/gammelt/cees-konvertert/cees-htmluendret/test_LESEBEGRENSET/people/hildegvi/index.html:Hildegvi:Hildegunn Viljugrein
https://www.mn.uio.no/gammelt/cees-konvertert/cees-htmluendret/test_LESEBEGRENSET/people/hjermann/index.html:Hjermann:Dag Øystein Hjermann
https://www.mn.uio.no/gammelt/cees-konvertert/cees-htmluendret/test_LESEBEGRENSET/people/hlampe/index.html:Hlampe:Helene Marie Lampe
https://www.mn.uio.no/gammelt/cees-konvertert/cees-htmluendret/test_LESEBEGRENSET/people/ingermri/index.html:Ingermri:Inger Maren Rivrud
https://www.mn.uio.no/gammelt/cees-konvertert/cees-htmluendret/test_LESEBEGRENSET/people/janhus/index.html:Janhus:Jan Husek
https://www.mn.uio.no/gammelt/cees-konvertert/cees-htmluendret/test_LESEBEGRENSET/people/janohl/index.html:Janohl:Jan Ohlberger
https://www.mn.uio.no/gammelt/cees-konvertert/cees-htmluendret/test_LESEBEGRENSET/people/jasonwh/index.html:Jasonwh:Jason Whittington
https://www.mn.uio.no/gammelt/cees-konvertert/cees-htmluendret/test_LESEBEGRENSET/people/jentoft/index.html:Jentoft:Sissel Jentoft
https://www.mn.uio.no/gammelt/cees-konvertert/cees-htmluendret/test_LESEBEGRENSET/people/jholmen/index.html:Jholmen:Johannes Holmen
https://www.mn.uio.no/gammelt/cees-konvertert/cees-htmluendret/test_LESEBEGRENSET/people/joeld/index.html:Joeld:Joel Marcel Durant
https://www.mn.uio.no/gammelt/cees-konvertert/cees-htmluendret/test_LESEBEGRENSET/people/jonasper/index.html:Jonasper:Jonas Persson
https://www.mn.uio.no/gammelt/cees-konvertert/cees-htmluendret/test_LESEBEGRENSET/people/jorijnth/index.html:Jorijnth:Jorijntje Henderiks
https://www.mn.uio.no/gammelt/cees-konvertert/cees-htmluendret/test_LESEBEGRENSET/people/josh/index.html:Josh:Jo Skeie Hermansen
https://www.mn.uio.no/gammelt/cees-konvertert/cees-htmluendret/test_LESEBEGRENSET/people/junita/index.html:Junita:Hege Junita Gaup
https://www.mn.uio.no/gammelt/cees-konvertert/cees-htmluendret/test_LESEBEGRENSET/people/karinlag/index.html:Karinlag:Karin Lagesen
https://www.mn.uio.no/gammelt/cees-konvertert/cees-htmluendret/test_LESEBEGRENSET/people/kariry/index.html:Kariry:Kari Beate Rygg
https://www.mn.uio.no/gammelt/cees-konvertert/cees-htmluendret/test_LESEBEGRENSET/people/kjetillj/index.html:Kjetillj:Kjetill Sigurd Jakobsen
https://www.mn.uio.no/gammelt/cees-konvertert/cees-htmluendret/test_LESEBEGRENSET/people/kjetillv/index.html:Kjetillv:Kjetil Lysne Voje
https://www.mn.uio.no/gammelt/cees-konvertert/cees-htmluendret/test_LESEBEGRENSET/people/kyrreka/index.html:Kyrreka:Kyrre Linné Kausrud
https://www.mn.uio.no/gammelt/cees-konvertert/cees-htmluendret/test_LESEBEGRENSET/people/labra/index.html:Labra:Antonieta Labra Lillo
https://www.mn.uio.no/gammelt/cees-konvertert/cees-htmluendret/test_LESEBEGRENSET/people/larsq/index.html:Larsq:Lars Qviller
https://www.mn.uio.no/gammelt/cees-konvertert/cees-htmluendret/test_LESEBEGRENSET/people/larswa/index.html:Larswa:Lars Walløe
https://www.mn.uio.no/gammelt/cees-konvertert/cees-htmluendret/test_LESEBEGRENSET/people/leifcst/index.html:Leifcst:Leif Christian Stige
https://www.mn.uio.no/gammelt/cees-konvertert/cees-htmluendret/test_LESEBEGRENSET/people/liheier/index.html:Liheier:Lise Heier
https://www.mn.uio.no/gammelt/cees-konvertert/cees-htmluendret/test_LESEBEGRENSET/people/lmartins/index.html:Lmartins:Lene Martinsen
https://www.mn.uio.no/gammelt/cees-konvertert/cees-htmluendret/test_LESEBEGRENSET/people/manuelhi/index.html:Manuelhi:Jose Manuel Hidalgo Roldan
https://www.mn.uio.no/gammelt/cees-konvertert/cees-htmluendret/test_LESEBEGRENSET/people/marwaj/index.html:Marwaj:Marwa Jalal
https://www.mn.uio.no/gammelt/cees-konvertert/cees-htmluendret/test_LESEBEGRENSET/people/monica/index.html:Monica:Monica Hongrø Solbakken
https://www.mn.uio.no/gammelt/cees-konvertert/cees-htmluendret/test_LESEBEGRENSET/people/morthel/index.html:Morthel:Morten Helberg
https://www.mn.uio.no/gammelt/cees-konvertert/cees-htmluendret/test_LESEBEGRENSET/people/mortskag/index.html:Mortskag:Morten Skage
https://www.mn.uio.no/gammelt/cees-konvertert/cees-htmluendret/test_LESEBEGRENSET/people/nannaws/index.html:Nannaws:Nanna Winger Steen
https://www.mn.uio.no/gammelt/cees-konvertert/cees-htmluendret/test_LESEBEGRENSET/people/nils/index.html:Nils:Nils Lid Hjort
https://www.mn.uio.no/gammelt/cees-konvertert/cees-htmluendret/test_LESEBEGRENSET/people/nilsst/index.html:Nilsst:Nils Christian Stenseth
https://www.mn.uio.no/gammelt/cees-konvertert/cees-htmluendret/test_LESEBEGRENSET/people/olawes/index.html:Olawes:Ola Tveitereid Westengen
https://www.mn.uio.no/gammelt/cees-konvertert/cees-htmluendret/test_LESEBEGRENSET/people/olekto/index.html:Olekto:Ole Kristian Tørresen
https://www.mn.uio.no/gammelt/cees-konvertert/cees-htmluendret/test_LESEBEGRENSET/people/paulrbe/index.html:Paulrbe:Paul Ragnar Berg
https://www.mn.uio.no/gammelt/cees-konvertert/cees-htmluendret/test_LESEBEGRENSET/people/rjsorr/index.html:Rjsorr:Russell Orr
https://www.mn.uio.no/gammelt/cees-konvertert/cees-htmluendret/test_LESEBEGRENSET/people/rubenap/index.html:Rubenap:Ruben Alexander Pettersen
https://www.mn.uio.no/gammelt/cees-konvertert/cees-htmluendret/test_LESEBEGRENSET/people/stigwo/index.html:Stigwo:Stig W Omholt
https://www.mn.uio.no/gammelt/cees-konvertert/cees-htmluendret/test_LESEBEGRENSET/people/theresfm/index.html:Theresfm:Therese Fosholt Moe
https://www.mn.uio.no/gammelt/cees-konvertert/cees-htmluendret/test_LESEBEGRENSET/people/thomasha/index.html:Thomasha:Thomas F Hansen
https://www.mn.uio.no/gammelt/cees-konvertert/cees-htmluendret/test_LESEBEGRENSET/people/torbjore/index.html:Torbjore:Torbjørn Håkan Ergon
https://www.mn.uio.no/gammelt/cees-konvertert/cees-htmluendret/test_LESEBEGRENSET/people/toreoe/index.html:Toreoe:Tore Oldeide Elgvin
https://www.mn.uio.no/gammelt/cees-konvertert/cees-htmluendret/test_LESEBEGRENSET/people/tores/index.html:Tores:Tore Schweder
https://www.mn.uio.no/gammelt/cees-konvertert/cees-htmluendret/test_LESEBEGRENSET/people/toresl/index.html:Toresl:Tore Slagsvold
https://www.mn.uio.no/gammelt/cees-konvertert/cees-htmluendret/test_LESEBEGRENSET/people/trinro/index.html:Trinro:Trine Ballestad Rounge
https://www.mn.uio.no/gammelt/cees-konvertert/cees-htmluendret/test_LESEBEGRENSET/people/tristanr/index.html:Tristanr:Tristan Alexander Rouyer
https://www.mn.uio.no/gammelt/cees-konvertert/cees-htmluendret/test_LESEBEGRENSET/people/trondr/index.html:Trondr:Trond Reitan
https://www.mn.uio.no/gammelt/cees-konvertert/cees-htmluendret/test_LESEBEGRENSET/people/unnigri/index.html:Unnigri:Unni Grimholt
https://www.mn.uio.no/gammelt/cees-konvertert/cees-htmluendret/test_LESEBEGRENSET/people/williare/index.html:Williare:William Ryan Easterday
https://www.mn.uio.no/gammelt/cees-konvertert/cees-htmluendret/test_LESEBEGRENSET/person.html:Test_LESEBEGRENSET:Elisabeth L'orange Furst
https://www.mn.uio.no/gammelt/cees-konvertert/cees/people/admin/camilmt/index.html:Camilla M. Tømta:Camilla Marie Tømta
https://www.mn.uio.no/gammelt/cees-konvertert/cees/people/collaborator-guest/torbjore/index.html:Torbjørn Ergon:Torbjørn Håkan Ergon
https://www.mn.uio.no/gammelt/cees-konvertert/cees/people/core/geirs/index.html:Geir Storvik:Geir Olve Storvik
https://www.mn.uio.no/gammelt/cees-konvertert/cees/people/core/thomasha/index.html:Thomas F. Hansen:Thomas F Hansen
https://www.mn.uio.no/gammelt/cees-konvertert/cees/people/kb-professor/stigwo/index.html:Stig Omholt:Stig W Omholt
https://www.mn.uio.no/gammelt/cees-konvertert/cees/people/master/chrimb/index.html:Christiane Maisch Brandvoll:Christiane Brandvoll
https://www.mn.uio.no/gammelt/cees-konvertert/cees/people/master/gmbremer/index.html:Merethe Andersen:Gerd Merethe Andersen Bremer
https://www.mn.uio.no/gammelt/cees-konvertert/cees/people/master/johannsk/index.html:Johanne Skjerven:Johanne Lervik Skjerven
https://www.mn.uio.no/gammelt/cees-konvertert/cees/people/phd/anagawm/index.html:Anagaw Atickem:Anagaw Atickem Meshesha
https://www.mn.uio.no/gammelt/cees-konvertert/cees/people/phd/annamaz/index.html:Anna Mazzarella:Anna Virginia Black Mazzarella
https://www.mn.uio.no/gammelt/cees-konvertert/cees/people/phd/monica/index.html:Monica Solbakken:Monica Hongrø Solbakken
https://www.mn.uio.no/gammelt/cees-konvertert/cees/people/phd/olawes/index.html:Ola Westengen:Ola Tveitereid Westengen
https://www.mn.uio.no/gammelt/cees-konvertert/cees/people/phd/paulrbe/index.html:Paul R. Berg:Paul Ragnar Berg
https://www.mn.uio.no/gammelt/cees-konvertert/cees/people/phd/rubenap/index.html:Ruben A Pettersen:Ruben Alexander Pettersen
https://www.mn.uio.no/gammelt/cees-konvertert/cees/people/researcher-postdoc/andrecg/index.html:Andrea Gerecht:Andrea Cornelia Gerecht
https://www.mn.uio.no/gammelt/cees-konvertert/cees/people/researcher-postdoc/andriesr/index.html:Andries P Richter:Andries Peter Richter
https://www.mn.uio.no/gammelt/cees-konvertert/cees/people/researcher-postdoc/fabrice-eroukmanoff/index.html:Fabrice Eroukmanoff:Fabrice Eroukhmanoff
https://www.mn.uio.no/gammelt/cees-konvertert/cees/people/researcher-postdoc/kyrreka/index.html:Kyrre Kausrud:Kyrre Linné Kausrud
https://www.mn.uio.no/gammelt/cees-konvertert/cees/test_LESEBEGRENSET/people/alexajo/index.html:Alexajo:Alexander Johan Nederbragt
https://www.mn.uio.no/gammelt/cees-konvertert/cees/test_LESEBEGRENSET/people/anagawm/index.html:Anagawm:Anagaw Atickem Meshesha
https://www.mn.uio.no/gammelt/cees-konvertert/cees/test_LESEBEGRENSET/people/andeher/index.html:Andeher:Anders Herland
https://www.mn.uio.no/gammelt/cees-konvertert/cees/test_LESEBEGRENSET/people/andeni/index.html:Andeni:Anders Nielsen
https://www.mn.uio.no/gammelt/cees-konvertert/cees/test_LESEBEGRENSET/people/andrecg/index.html:Andrecg:Andrea Cornelia Gerecht
https://www.mn.uio.no/gammelt/cees-konvertert/cees/test_LESEBEGRENSET/people/andriesr/index.html:Andriesr:Andries Peter Richter
https://www.mn.uio.no/gammelt/cees-konvertert/cees/test_LESEBEGRENSET/people/aneer/index.html:Aneer:Ane Eriksen
https://www.mn.uio.no/gammelt/cees-konvertert/cees/test_LESEBEGRENSET/people/annamaz/index.html:Annamaz:Anna Virginia Black Mazzarella
https://www.mn.uio.no/gammelt/cees-konvertert/cees/test_LESEBEGRENSET/people/annanil/index.html:Annanil:Anna Nilsson
https://www.mn.uio.no/gammelt/cees-konvertert/cees/test_LESEBEGRENSET/people/arthurlb/index.html:Arthurlb:Arthur Bass
https://www.mn.uio.no/gammelt/cees-konvertert/cees/test_LESEBEGRENSET/people/askog/index.html:Askog:Anna Skog
https://www.mn.uio.no/gammelt/cees-konvertert/cees/test_LESEBEGRENSET/people/atlemy/index.html:Atlemy:Atle Mysterud
https://www.mn.uio.no/gammelt/cees-konvertert/cees/test_LESEBEGRENSET/people/aveto/index.html:Aveto:Ave Tooming-Klunderud
https://www.mn.uio.no/gammelt/cees-konvertert/cees/test_LESEBEGRENSET/people/barbaraf/index.html:Barbaraf:Barbara Fischer
https://www.mn.uio.no/gammelt/cees-konvertert/cees/test_LESEBEGRENSET/people/bastiaas/index.html:Bastiaas:Bastiaan Star
https://www.mn.uio.no/gammelt/cees-konvertert/cees/test_LESEBEGRENSET/people/brysting/index.html:Brysting:Anne Krag Brysting
https://www.mn.uio.no/gammelt/cees-konvertert/cees/test_LESEBEGRENSET/people/chrimb/index.html:Chrimb:Christiane Brandvoll
https://www.mn.uio.no/gammelt/cees-konvertert/cees/test_LESEBEGRENSET/people/ejorde/index.html:Ejorde:Per Erik Jorde
https://www.mn.uio.no/gammelt/cees-konvertert/cees/test_LESEBEGRENSET/people/elikr/index.html:Elikr:Eli Knispel Rueness
https://www.mn.uio.no/gammelt/cees-konvertert/cees/test_LESEBEGRENSET/people/emelita/index.html:Emelita:Emelita Rivera Nerli
https://www.mn.uio.no/gammelt/cees-konvertert/cees/test_LESEBEGRENSET/people/endrekn/index.html:Endrekn:Endre Knudsen
https://www.mn.uio.no/gammelt/cees-konvertert/cees/test_LESEBEGRENSET/people/esbenmo/index.html:Esbenmo:Esben Moland Olsen
https://www.mn.uio.no/gammelt/cees-konvertert/cees/test_LESEBEGRENSET/people/floriakd/index.html:Floriakd:Florian Klaus Diekert
https://www.mn.uio.no/gammelt/cees-konvertert/cees/test_LESEBEGRENSET/people/fredhaa/index.html:Fredhaa:Fredrik Haas
https://www.mn.uio.no/gammelt/cees-konvertert/cees/test_LESEBEGRENSET/people/gabriely/index.html:Gabriely:Gabriel Yedid
https://www.mn.uio.no/gammelt/cees-konvertert/cees/test_LESEBEGRENSET/people/geirs/index.html:Geirs:Geir Olve Storvik
https://www.mn.uio.no/gammelt/cees-konvertert/cees/test_LESEBEGRENSET/people/gryg/index.html:Gryg:Gry Gundersen
https://www.mn.uio.no/gammelt/cees-konvertert/cees/test_LESEBEGRENSET/people/hegebakk/index.html:Hegebakk:Hege Bakke
https://www.mn.uio.no/gammelt/cees-konvertert/cees/test_LESEBEGRENSET/people/hessen/index.html:Hessen:Dag Olav Hessen
https://www.mn.uio.no/gammelt/cees-konvertert/cees/test_LESEBEGRENSET/people/hgunders/index.html:Hgunders:Hege Gundersen
https://www.mn.uio.no/gammelt/cees-konvertert/cees/test_LESEBEGRENSET/people/hildegvi/index.html:Hildegvi:Hildegunn Viljugrein
https://www.mn.uio.no/gammelt/cees-konvertert/cees/test_LESEBEGRENSET/people/hjermann/index.html:Hjermann:Dag Øystein Hjermann
https://www.mn.uio.no/gammelt/cees-konvertert/cees/test_LESEBEGRENSET/people/hlampe/index.html:Hlampe:Helene Marie Lampe
https://www.mn.uio.no/gammelt/cees-konvertert/cees/test_LESEBEGRENSET/people/ingermri/index.html:Ingermri:Inger Maren Rivrud
https://www.mn.uio.no/gammelt/cees-konvertert/cees/test_LESEBEGRENSET/people/janhus/index.html:Janhus:Jan Husek
https://www.mn.uio.no/gammelt/cees-konvertert/cees/test_LESEBEGRENSET/people/janohl/index.html:Janohl:Jan Ohlberger
https://www.mn.uio.no/gammelt/cees-konvertert/cees/test_LESEBEGRENSET/people/jasonwh/index.html:Jasonwh:Jason Whittington
https://www.mn.uio.no/gammelt/cees-konvertert/cees/test_LESEBEGRENSET/people/jentoft/index.html:Jentoft:Sissel Jentoft
https://www.mn.uio.no/gammelt/cees-konvertert/cees/test_LESEBEGRENSET/people/jholmen/index.html:Jholmen:Johannes Holmen
https://www.mn.uio.no/gammelt/cees-konvertert/cees/test_LESEBEGRENSET/people/joeld/index.html:Joeld:Joel Marcel Durant
https://www.mn.uio.no/gammelt/cees-konvertert/cees/test_LESEBEGRENSET/people/jonasper/index.html:Jonasper:Jonas Persson
https://www.mn.uio.no/gammelt/cees-konvertert/cees/test_LESEBEGRENSET/people/jorijnth/index.html:Jorijnth:Jorijntje Henderiks
https://www.mn.uio.no/gammelt/cees-konvertert/cees/test_LESEBEGRENSET/people/josh/index.html:Josh:Jo Skeie Hermansen
https://www.mn.uio.no/gammelt/cees-konvertert/cees/test_LESEBEGRENSET/people/junita/index.html:Junita:Hege Junita Gaup
https://www.mn.uio.no/gammelt/cees-konvertert/cees/test_LESEBEGRENSET/people/karinlag/index.html:Karinlag:Karin Lagesen
https://www.mn.uio.no/gammelt/cees-konvertert/cees/test_LESEBEGRENSET/people/kariry/index.html:Kariry:Kari Beate Rygg
https://www.mn.uio.no/gammelt/cees-konvertert/cees/test_LESEBEGRENSET/people/kjetillj/index.html:Kjetillj:Kjetill Sigurd Jakobsen
https://www.mn.uio.no/gammelt/cees-konvertert/cees/test_LESEBEGRENSET/people/kjetillv/index.html:Kjetillv:Kjetil Lysne Voje
https://www.mn.uio.no/gammelt/cees-konvertert/cees/test_LESEBEGRENSET/people/kyrreka/index.html:Kyrreka:Kyrre Linné Kausrud
https://www.mn.uio.no/gammelt/cees-konvertert/cees/test_LESEBEGRENSET/people/labra/index.html:Labra:Antonieta Labra Lillo
https://www.mn.uio.no/gammelt/cees-konvertert/cees/test_LESEBEGRENSET/people/larsq/index.html:Larsq:Lars Qviller
https://www.mn.uio.no/gammelt/cees-konvertert/cees/test_LESEBEGRENSET/people/larswa/index.html:Larswa:Lars Walløe
https://www.mn.uio.no/gammelt/cees-konvertert/cees/test_LESEBEGRENSET/people/leifcst/index.html:Leifcst:Leif Christian Stige
https://www.mn.uio.no/gammelt/cees-konvertert/cees/test_LESEBEGRENSET/people/liheier/index.html:Liheier:Lise Heier
https://www.mn.uio.no/gammelt/cees-konvertert/cees/test_LESEBEGRENSET/people/lmartins/index.html:Lmartins:Lene Martinsen
https://www.mn.uio.no/gammelt/cees-konvertert/cees/test_LESEBEGRENSET/people/manuelhi/index.html:Manuelhi:Jose Manuel Hidalgo Roldan
https://www.mn.uio.no/gammelt/cees-konvertert/cees/test_LESEBEGRENSET/people/marwaj/index.html:Marwaj:Marwa Jalal
https://www.mn.uio.no/gammelt/cees-konvertert/cees/test_LESEBEGRENSET/people/monica/index.html:Monica:Monica Hongrø Solbakken
https://www.mn.uio.no/gammelt/cees-konvertert/cees/test_LESEBEGRENSET/people/morthel/index.html:Morthel:Morten Helberg
https://www.mn.uio.no/gammelt/cees-konvertert/cees/test_LESEBEGRENSET/people/mortskag/index.html:Mortskag:Morten Skage
https://www.mn.uio.no/gammelt/cees-konvertert/cees/test_LESEBEGRENSET/people/nannaws/index.html:Nannaws:Nanna Winger Steen
https://www.mn.uio.no/gammelt/cees-konvertert/cees/test_LESEBEGRENSET/people/nils/index.html:Nils:Nils Lid Hjort
https://www.mn.uio.no/gammelt/cees-konvertert/cees/test_LESEBEGRENSET/people/nilsst/index.html:Nilsst:Nils Christian Stenseth
https://www.mn.uio.no/gammelt/cees-konvertert/cees/test_LESEBEGRENSET/people/olawes/index.html:Olawes:Ola Tveitereid Westengen
https://www.mn.uio.no/gammelt/cees-konvertert/cees/test_LESEBEGRENSET/people/olekto/index.html:Olekto:Ole Kristian Tørresen
https://www.mn.uio.no/gammelt/cees-konvertert/cees/test_LESEBEGRENSET/people/paulrbe/index.html:Paulrbe:Paul Ragnar Berg
https://www.mn.uio.no/gammelt/cees-konvertert/cees/test_LESEBEGRENSET/people/rjsorr/index.html:Rjsorr:Russell Orr
https://www.mn.uio.no/gammelt/cees-konvertert/cees/test_LESEBEGRENSET/people/rubenap/index.html:Rubenap:Ruben Alexander Pettersen
https://www.mn.uio.no/gammelt/cees-konvertert/cees/test_LESEBEGRENSET/people/stigwo/index.html:Stigwo:Stig W Omholt
https://www.mn.uio.no/gammelt/cees-konvertert/cees/test_LESEBEGRENSET/people/theresfm/index.html:Theresfm:Therese Fosholt Moe
https://www.mn.uio.no/gammelt/cees-konvertert/cees/test_LESEBEGRENSET/people/thomasha/index.html:Thomasha:Thomas F Hansen
https://www.mn.uio.no/gammelt/cees-konvertert/cees/test_LESEBEGRENSET/people/torbjore/index.html:Torbjore:Torbjørn Håkan Ergon
https://www.mn.uio.no/gammelt/cees-konvertert/cees/test_LESEBEGRENSET/people/toreoe/index.html:Toreoe:Tore Oldeide Elgvin
https://www.mn.uio.no/gammelt/cees-konvertert/cees/test_LESEBEGRENSET/people/tores/index.html:Tores:Tore Schweder
https://www.mn.uio.no/gammelt/cees-konvertert/cees/test_LESEBEGRENSET/people/toresl/index.html:Toresl:Tore Slagsvold
https://www.mn.uio.no/gammelt/cees-konvertert/cees/test_LESEBEGRENSET/people/trinro/index.html:Trinro:Trine Ballestad Rounge
https://www.mn.uio.no/gammelt/cees-konvertert/cees/test_LESEBEGRENSET/people/tristanr/index.html:Tristanr:Tristan Alexander Rouyer
https://www.mn.uio.no/gammelt/cees-konvertert/cees/test_LESEBEGRENSET/people/trondr/index.html:Trondr:Trond Reitan
https://www.mn.uio.no/gammelt/cees-konvertert/cees/test_LESEBEGRENSET/people/unnigri/index.html:Unnigri:Unni Grimholt
https://www.mn.uio.no/gammelt/cees-konvertert/cees/test_LESEBEGRENSET/people/williare/index.html:Williare:William Ryan Easterday
https://www.mn.uio.no/gammelt/cees-konvertert/cees/test_LESEBEGRENSET/person.html:Test_LESEBEGRENSET:Elisabeth L'orange Furst
https://www.mn.uio.no/geo/english/people/aca/metos/peyghamg/index.html:Peyghamg:Peygham Ghaffari
https://www.mn.uio.no/geo/english/people/aca/mgh/thereskf/index.html:Therese K. Flaathen:Therese Kaarbø Flaathen Loe
https://www.mn.uio.no/geo/english/people/aca/pegg/wolframk/index.html:Wolfram M. Kürschner:Wolfram Michael Kürschner
https://www.mn.uio.no/geo/english/people/aca/tpg/toanders/index.html:Andersen, Tom:Tom  Andersen
https://www.mn.uio.no/geo/english/people/adm/ahbfinst/index.html:Ann-Charlotte Harriet Birgitta Finstad:Ann-Charlotte Finstad
https://www.mn.uio.no/geo/english/people/adm/tig/index.html:Torhild A.T. Guttorm:Torhild Anni Thorbjørnsen Guttorm
https://www.mn.uio.no/geo/personer/adm/ahbfinst/index.html:Ann-Charlotte Harriet Birgitta Finstad:Ann-Charlotte Finstad
https://www.mn.uio.no/geo/personer/adm/tig/index.html:Torhild A.T. Guttorm:Torhild Anni Thorbjørnsen Guttorm
https://www.mn.uio.no/geo/personer/vit/kast/ewats/index.html:Sokalska, Ewa Teresa:Ewa Teresa Sokalska
https://www.mn.uio.no/geo/personer/vit/kast/jonask/index.html:Karstensen, Jonas:Jonas Karstensen
https://www.mn.uio.no/geo/personer/vit/metos/peyghamg/index.html:Peyghamg:Peygham Ghaffari
https://www.mn.uio.no/geo/personer/vit/mgh/thereskf/index.html:Therese K. Flaathen:Therese Kaarbø Flaathen Loe
https://www.mn.uio.no/geo/personer/vit/natgeo/sebaswe/index.html:Sebaswe:Sebastian Westermann
https://www.mn.uio.no/geo/personer/vit/tpg/toanders/index.html:Andersen, Tom:Tom  Andersen
https://www.mn.uio.no/ifi/english/people/aca/farajam/index.html:Farajam:Faraja Teddy Igira
https://www.mn.uio.no/ifi/english/people/aca/fatemehk/index.html:Kazemeyni, Fatemeh Sadat:Fatemeh  Kazemeyni
https://www.mn.uio.no/ifi/english/people/aca/francisv/index.html:Francisco Javiar Velazquez:Francisco Javier Velazquez
https://www.mn.uio.no/ifi/english/people/aca/gunnab/index.html:Bergersen, Gunnar:Gunnar Bergersen
https://www.mn.uio.no/ifi/english/people/aca/hovland/index.html:Hovland:Dag Hovland
https://www.mn.uio.no/ifi/english/people/aca/joakimbj/index.html:Bjørk, Joakim:Joakim Bjørk
https://www.mn.uio.no/ifi/english/people/aca/jread/index.html:Jonathon Read:Jonathon Lee Read
https://www.mn.uio.no/ifi/english/people/aca/navneet/index.html:Pandey, Navneet Kumar:Navneet Kumar Pandey
https://www.mn.uio.no/ifi/english/people/aca/pnielsen/index.html:Nielsen, Petter:Petter Nielsen
https://www.mn.uio.no/ifi/english/people/aca/srinivar/index.html:Srinivasa Reddy Kuppireddi:Srinivasa Reddy Kuppi Reddi
https://www.mn.uio.no/ifi/english/people/adm/fredrw/index.html:Fredrw:Fredrik Wilhelmsen
https://www.mn.uio.no/ifi/english/people/adm/haakonks/index.html:Stensland, Håkon Kvale:Håkon Kvale Stensland
https://www.mn.uio.no/ifi/personer/adm/haakonks/index.html:Stensland, Håkon Kvale:Håkon Kvale Stensland
https://www.mn.uio.no/ifi/personer/adm/jasama/index.html:Jo Andreas Sama:Jo Andreas Prøis Sama
https://www.mn.uio.no/ifi/personer/adm/mcmurry/index.html:McMurry, Andrew David:Andrew David McMurry
https://www.mn.uio.no/ifi/personer/vit/carlman/index.html:Mannino, Carlo:Carlo Mannino
https://www.mn.uio.no/ifi/personer/vit/farajam/index.html:Igira, Faraja Teddy:Faraja Teddy Igira
https://www.mn.uio.no/ifi/personer/vit/fatemehk/index.html:Kazemeyni, Fatemeh Sadat:Fatemeh Sadat Kazemeyni
https://www.mn.uio.no/ifi/personer/vit/francisv/index.html:Francisco Javiar Velazquez:Francisco Javier Velazquez
https://www.mn.uio.no/ifi/personer/vit/gunnab/index.html:Bergersen, Gunnar:Gunnar Bergersen
https://www.mn.uio.no/ifi/personer/vit/hovland/index.html:Hovland:Dag Hovland
https://www.mn.uio.no/ifi/personer/vit/joakimbj/index.html:Bjørk, Joakim:Joakim Bjørk
https://www.mn.uio.no/ifi/personer/vit/mcmurry/index.html:Mcmurry:Andrew David McMurry
https://www.mn.uio.no/ifi/personer/vit/navneet/index.html:Pandey, Navneet Kumar:Navneet Kumar Pandey
https://www.mn.uio.no/ifi/personer/vit/pnielsen/index.html:Nielsen, Petter:Petter Nielsen
https://www.mn.uio.no/ifi/personer/vit/terjeasa/index.html:Sanner, Terje Aksel:Terje Aksel Sanner
https://www.mn.uio.no/imbv/personer/vit/margrst/index.html:Margrst:Margrethe Storm
https://www.mn.uio.no/imbv/personer/vit/suqu/index.html:Suqu:Su Qu
https://www.mn.uio.no/kjemi/english/people/aca/bjorntlo/index.html:Bjørn Tore Lønstad:Bjørn Tore Lønstad Bleken
https://www.mn.uio.no/kjemi/english/people/aca/eriktel/index.html:Tellgren Erik:Erik Tellgren
https://www.mn.uio.no/kjemi/english/people/aca/francesb/index.html:Francesca Bleken:Francesca Lønstad Bleken
https://www.mn.uio.no/kjemi/english/people/aca/kaunan/index.html:Aunan, Kristin:Kristin Aunan
https://www.mn.uio.no/kjemi/english/people/aca/mariusun/index.html:Mariusun:Marius Uv Nagell
https://www.mn.uio.no/kjemi/english/people/aca/skjalger/index.html:Erdal Skjalg:Skjalg Erdal
https://www.mn.uio.no/kjemi/english/people/aca/steink/index.html:Kolboe, Stein:Stein Kolboe
https://www.mn.uio.no/kjemi/english/people/aca/torsteil/index.html:Lindstad Torstein:Torstein Lindstad
https://www.mn.uio.no/kjemi/english/people/aca/zuoanl/index.html:Li Zuoan:Zuoan Li
https://www.mn.uio.no/kjemi/english/people/adm/bosvik/index.html:Bjørg Osvik:Bjørg Irene Osvik
https://www.mn.uio.no/kjemi/personer/adm/annmov/index.html:Øveraas, Anne Marie:Anne Marie Øveraas
https://www.mn.uio.no/kjemi/personer/adm/bosvik/index.html:Bjørg Osvik:Bjørg Irene Osvik
https://www.mn.uio.no/kjemi/personer/adm/julieehe/index.html:Julieehe:Julie Elisabeth Heggelund
https://www.mn.uio.no/kjemi/personer/adm/simonsod/index.html:Simonsod:Simon Sødermann
https://www.mn.uio.no/kjemi/personer/vit/bjorntlo/index.html:Bjørn Tore Lønstad:Bjørn Tore Lønstad Bleken
https://www.mn.uio.no/kjemi/personer/vit/boras/index.html:Boras:Bora Sieng
https://www.mn.uio.no/kjemi/personer/vit/elahej/index.html:Elahej:Elahe Jafari Chamgordani
https://www.mn.uio.no/kjemi/personer/vit/eriktel/index.html:Tellgren Erik:Erik Tellgren
https://www.mn.uio.no/kjemi/personer/vit/francesb/index.html:Francesca Bleken:Francesca Lønstad Bleken
https://www.mn.uio.no/kjemi/personer/vit/kaunan/index.html:Aunan, Kristin:Kristin Aunan
https://www.mn.uio.no/kjemi/personer/vit/kimafr/index.html:Kimafr:Kim Alex Fredriksen
https://www.mn.uio.no/kjemi/personer/vit/mariusun/index.html:Mariusun:Marius Uv Nagell
https://www.mn.uio.no/kjemi/personer/vit/ruikaixi/index.html:Ruikaixi:Ruikai Xie
https://www.mn.uio.no/kjemi/personer/vit/skjalger/index.html:Erdal Skjalg:Skjalg Erdal
https://www.mn.uio.no/kjemi/personer/vit/steink/index.html:Kolboe, Stein:Stein Kolboe
https://www.mn.uio.no/kjemi/personer/vit/torsteil/index.html:Lindstad Torstein:Torstein Lindstad
https://www.mn.uio.no/kjemi/personer/vit/ulfek/index.html:Ulfek:Ulf  Egil Ekström
https://www.mn.uio.no/kjemi/personer/vit/zuoanl/index.html:Li Zuoan:Zuoan Li
https://www.mn.uio.no/math/english/people/aca/elinero/index.html:Elinero:Elin Engen Røse
https://www.mn.uio.no/math/english/people/aca/jyotishb/index.html:Joytishman Bhowmick:Jyotishman Bhowmick
https://www.mn.uio.no/math/english/people/aca/knube/index.html:Knube:Knut Berg
https://www.mn.uio.no/math/english/people/aca/magnetal/index.html:Magne Aldrin:Magne Tommy Aldrin
https://www.mn.uio.no/math/english/people/aca/maisha/index.html:Peter N. Maisha:Peter Nyangweso Maisha
https://www.mn.uio.no/math/english/people/aca/mkerikss/index.html:Marcus K. V. Eriksson:Marcus Karl Viren Eriksson
https://www.mn.uio.no/math/english/people/aca/noelch/index.html:Nöel Challamel:Noël Felix M Challamel
https://www.mn.uio.no/math/english/people/aca/ruip/index.html:Rui Miguel C. Palma:Rui Miguel Coutinho Palma
https://www.mn.uio.no/math/english/people/aca/tonjegl/index.html:Tonje Guldbrandsen Lien:Tonje Gulbrandsen Lien
https://www.mn.uio.no/math/personer/vit/bohl/index.html:Bohl:Bo Henry Lindqvist
https://www.mn.uio.no/math/personer/vit/elinero/index.html:Elinero:Elin Engen Røse
https://www.mn.uio.no/math/personer/vit/jyotishb/index.html:Joytishman Bhowmick:Jyotishman Bhowmick
https://www.mn.uio.no/math/personer/vit/knube/index.html:Knube:Knut Berg
https://www.mn.uio.no/math/personer/vit/magnetal/index.html:Magne Aldrin:Magne Tommy Aldrin
https://www.mn.uio.no/math/personer/vit/maisha/index.html:Peter N. Maisha:Peter Nyangweso Maisha
https://www.mn.uio.no/math/personer/vit/mkerikss/index.html:Marcus K. V. Eriksson:Marcus Karl Viren Eriksson
https://www.mn.uio.no/math/personer/vit/noelch/index.html:Nöel Challamel:Noël Felix M Challamel
https://www.mn.uio.no/math/personer/vit/ruip/index.html:Rui Miguel C. Palma:Rui Miguel Coutinho Palma
https://www.mn.uio.no/math/personer/vit/tonjegl/index.html:Tonje Guldbrandsen Lien:Tonje Gulbrandsen Lien
https://www.mn.uio.no/personer/adm/fak/kommunikasjon/janbom/index.html:Jan B. Ommundsen:Jan B Ommundsen
https://www.mn.uio.no/personer/adm/fak/studie/linegre/index.html:Linegre:Line Grenheim
https://www.mn.uio.no/sfe/english/people/aca/kristicb/index.html:Kristicb:Kristian Collin Berge
https://www.mn.uio.no/sfe/english/people/aca/torrg/index.html:Torrg:Tor Rolfsen Grønsund
https://www.mn.uio.no/sfe/english/people/aca/tronnas/index.html:Tronn Skjerstad:Tronn Å. Skjerstad
https://www.mn.uio.no/sfe/english/people/adm/mereterg/index.html:Merete Granlund:Merete Røsvik Granlund
https://www.mn.uio.no/sfe/personer/adm/mereterg/index.html:Merete Granlund:Merete Røsvik Granlund
https://www.mn.uio.no/sfe/personer/vit/torrg/index.html:Torrg:Tor Rolfsen Grønsund
https://www.mn.uio.no/sfe/personer/vit/tronnas/index.html:Skjerstad, Tronn Å.:Tronn Å. Skjerstad
