https://www-dav.jus.uio.no/english/research/areas/intrel/projects/judicial-dialogues-ecrp/index.html
https://www-dav.jus.uio.no/smr/forskning/prosjekter/integrasjon-religion-sammenhenger/index.html
https://www-dav.jus.uio.no/smr/forskning/prosjekter/nordforsk/index.html
https://www-dav.jus.uio.no/smr/english/research/projects/nordforsk-eng/index.html
https://www-dav.jus.uio.no/ikrs/forskning/prosjekter/fritzmoen/index.html
https://www-dav.jus.uio.no/ikrs/forskning/prosjekter/crimecontrol/index.html
https://www-dav.jus.uio.no/ikrs/english/research/projects/crimecriminal/index.html
https://www-dav.jus.uio.no/ifp/forskning/prosjekter/arfa/index.html
https://www-dav.jus.uio.no/ikrs/english/research/projects/fritzmoen/index.html
https://www-dav.jus.uio.no/ikrs/english/research/projects/scandinavianstudiesofconfinement/index.html
https://www-dav.jus.uio.no/ikrs/english/research/projects/gronlandsprosjektet/index.html
https://www-dav.jus.uio.no/ifp/forskning/prosjekter/markedsstaten/index.html
https://www-dav.jus.uio.no/ior/forskning/prosjekter/tviststatkom/index.html
https://www-dav.jus.uio.no/ifp/english/research/projects/anglo/index.html
https://www-dav.jus.uio.no/english/research/projects/multirights/index.html
https://www-dav.jus.uio.no/english/research/areas/natural-resources/projects/renergi/index.html
https://www-dav.jus.uio.no/nifs/forskning/prosjekter/omorganisering-av-kraftmarkedet/index.html
https://www-dav.jus.uio.no/forskning/omrader/riks/prosjekter/imer/index.html
https://www-dav.jus.uio.no/ior/forskning/prosjekter/risksociety/index.html
https://www-dav.jus.uio.no/ior/english/research/projects/justice/index.html
https://www-dav.jus.uio.no/smr/english/research/areas/development/index.html
https://www-dav.jus.uio.no/ior/forskning/prosjekter/nye-perspektiver-grunnloven/index.html
https://www-dav.jus.uio.no/ikrs/forskning/prosjekter/crimecrimhist/index.html
https://www-dav.jus.uio.no/forskning/omrader/rettshistorie/prosjekter/forfatnings-folkerettshistoriske-2014/nye-perspektiver-grunnloven/index.html
https://www-dav.jus.uio.no/ifp/forskning/prosjekter/sustainablecompanies/index.html
https://www-dav.jus.uio.no/ikrs/forskning/prosjekter/scandinavianstudiesofconfinement/index.html
https://www-dav.jus.uio.no/ifp/english/research/projects/sustainable-companies/index.html
https://www-dav.jus.uio.no/smr/forskning/prosjekter/fattigdommens-legalitet/index.html
https://www-dav.jus.uio.no/forskning/prosjekter/crimmigration/index.html
https://www-dav.jus.uio.no/english/research/projects/crimmigration/index.html
https://www-dav.jus.uio.no/english/research/projects/crimmigration/sub-projects/a/index.html
https://www-dav.jus.uio.no/english/research/projects/crimmigration/sub-projects/e/index.html
https://www-dav.jus.uio.no/ior/forskning/prosjekter/kurs/index.html
https://www-dav.jus.uio.no/ikrs/forskning/prosjekter/holdningertilstraff/index.html
https://www-dav.jus.uio.no/ior/forskning/prosjekter/forfatnings-folkerettshistoriske-2014/index.html
https://www-dav.jus.uio.no/forskning/omrader/naturressurs/prosjekter/klimautfordringene/index.html
https://www-dav.jus.uio.no/forskning/omrader/naturressurs/prosjekter/norklima/index.html
https://www-dav.jus.uio.no/english/research/areas/natural-resources/projects/norklima/index.html
https://www-dav.jus.uio.no/forskning/omrader/rettshistorie/prosjekter/forfatnings-folkerettshistoriske-2014/index.html
https://www-dav.jus.uio.no/smr/forskning/prosjekter/ripoca/index.html
https://www-dav.jus.uio.no/nifs/forskning/prosjekter/sjosikkerhet/index.html
https://www-dav.jus.uio.no/smr/english/research/projects/ripoca/index.html
https://www-dav.jus.uio.no/smr/english/research/projects/austat/index.html
https://www-dav.jus.uio.no/ior/forskning/prosjekter/formelltilreell/index.html
https://www-dav.jus.uio.no/ifp/forskning/prosjekter/arkiv/anglo/index.html
https://www-dav.jus.uio.no/ifp/om/organisasjon/seri/forskningsomrader/pagaende-prosjekter/lov-it/index.html
https://www-dav.jus.uio.no/forskning/prosjekter/multirettigheter/index.html
https://www-dav.jus.uio.no/smr/english/research/projects/global-justice-state-duties/index.html
https://www-dav.jus.uio.no/smr/english/research/areas/conflict/index.html
https://www-dav.jus.uio.no/ifp/english/research/projects/financial-market-regulation/index.html
https://www-dav.jus.uio.no/ifp/forskning/prosjekter/finansmarked/index.html
https://www-dav.jus.uio.no/forskning/omrader/naturressurs/prosjekter/konsistens-i-miljoretten/index.html
https://www-dav.jus.uio.no/smr/forskning/prosjekter/test/index.html
https://www-dav.jus.uio.no/ior/forskning/prosjekter/test/index.html
https://www-dav.jus.uio.no/ikrs/english/research/projects/rettsligjoeringsprosjektet/index.html
https://www-dav.jus.uio.no/ikrs/forskning/prosjekter/rettsligjoeringsprosjektet/index.html
https://www-dav.jus.uio.no/forskning/omrader/riks/prosjekter/water-governance-africa/index.html
https://www-dav.jus.uio.no/ior/forskning/prosjekter/water-governance-africa/index.html
https://www-dav.jus.uio.no/ifp/om/organisasjon/seri/forskningsomrader/personvern-informasjonssikkerhet/prosjekter/personal-data-to-china/index.html
https://www-dav.jus.uio.no/ifp/om/organisasjon/seri/forskningsomrader/personvern-informasjonssikkerhet/prosjekter/iaccess/index.html
https://www-dav.jus.uio.no/ifp/om/organisasjon/seri/forskningsomrader/personvern-informasjonssikkerhet/prosjekter/biometrics/index.html
https://www-dav.jus.uio.no/ifp/english/research/projects/consumer-contract-law/index.html
https://www-dav.jus.uio.no/ikrs/forskning/prosjekter/prisonbaseddrugtreatment/index.html
https://www-dav.jus.uio.no/ifp/english/research/projects/freemov/index.html
https://www-dav.jus.uio.no/ikrs/forskning/prosjekter/nettverket/index.html
https://www-dav.jus.uio.no/ior/forskning/prosjekter/trygdforandring/index.html
https://www-dav.jus.uio.no/ifp/forskning/prosjekter/markedsrett/index.html
https://www-dav.jus.uio.no/ior/forskning/prosjekter/demrok/index.html
https://www-dav.jus.uio.no/ikrs/forskning/prosjekter/capitalpunishment/index.html
https://www-dav.jus.uio.no/ifp/forskning/prosjekter/formula/index.html
https://www-dav.jus.uio.no/forskning/omrader/riks/prosjekter/culcom/index.html
https://www-dav.jus.uio.no/forskning/omrader/riks/prosjekter/bistandsrelevant/index.html
https://www-dav.jus.uio.no/forskning/omrader/riks/prosjekter/barnerett/index.html
https://www-dav.jus.uio.no/english/research/areas/natural-resources/projects/products/index.html
https://www-dav.jus.uio.no/forskning/omrader/naturressurs/prosjekter/produkter/index.html
https://www-dav.jus.uio.no/ifp/english/research/projects/legal-risk-management/index.html
https://www-dav.jus.uio.no/ifp/om/organisasjon/seri/forskningsomrader/rettsteknologi/prosjekter/legal-risk-management/index.html
https://www-dav.jus.uio.no/ifp/forskning/prosjekter/kunnskapsbehov/index.html
https://www-dav.jus.uio.no/ifp/forskning/prosjekter/igovernance/index.html
https://www-dav.jus.uio.no/smr/english/research/areas/diversity/index.html
https://www-dav.jus.uio.no/smr/english/research/areas/constitutionalism/index.html
https://www-dav.jus.uio.no/ifp/om/organisasjon/seri/forskningsomrader/eforvaltning/prosjekter/semicolon-2/index.html
https://www-dav.jus.uio.no/ifp/om/organisasjon/seri/forskningsomrader/personvern-informasjonssikkerhet/prosjekter/eme/index.html
https://www-dav.jus.uio.no/ifp/om/organisasjon/seri/forskningsomrader/eforvaltning/prosjekter/begrepsdefinisjoner/index.html
https://www-dav.jus.uio.no/ifp/om/organisasjon/seri/forskningsomrader/rettsteknologi/prosjekter/lovit/index.html
https://www-dav.jus.uio.no/ifp/om/organisasjon/seri/forskningsomrader/eforvaltning/prosjekter/lovit/index.html
https://www-dav.jus.uio.no/english/research/areas/intrel/projects/international-tribunals/index.html
https://www-dav.jus.uio.no/forskning/omrader/rettshistorie/prosjekter/nyere-europeisk-norsk-rettsvitenskapshistorie/index.html
https://www-dav.jus.uio.no/ifp/forskning/prosjekter/arkiv/helseopplysninger/index.html
https://www-dav.jus.uio.no/ifp/forskning/prosjekter/legal_risk/index.html
https://www-dav.jus.uio.no/ifp/forskning/prosjekter/arkiv/biometri/index.html
https://www-dav.jus.uio.no/ikrs/forskning/prosjekter/gronlandsprosjektet/index.html
https://www-dav.jus.uio.no/ifp/english/research/projects/internet-governance/index.html
https://www-dav.jus.uio.no/ikrs/forskning/prosjekter/gronnkriminologi/index.html
https://www-dav.jus.uio.no/ikrs/english/research/projects/cuba/index.html
https://www-dav.jus.uio.no/ikrs/forskning/prosjekter/cuba/index.html
https://www-dav.jus.uio.no/ikrs/english/research/projects/gronnkriminologi/index.html
https://www-dav.jus.uio.no/ior/forskning/prosjekter/relasjonsvold/index.html
https://www-dav.jus.uio.no/ior/forskning/prosjekter/norges-bank/index.html
https://www-dav.jus.uio.no/ior/forskning/prosjekter/inttribunals/index.html
https://www-dav.jus.uio.no/ior/forskning/prosjekter/demosreg/index.html
https://www-dav.jus.uio.no/ior/forskning/prosjekter/barnsrettigheter/index.html
https://www-dav.jus.uio.no/ikrs/english/research/projects/holdningertilstraff/index.html
https://www-dav.jus.uio.no/ifp/forskning/prosjekter/arkiv/ehandel/index.html
https://www-dav.jus.uio.no/ikrs/english/research/projects/capitalpunishment/index.html
https://www-dav.jus.uio.no/smr/english/research/projects/socio-economic-rights-ml/index.html
https://www-dav.jus.uio.no/smr/english/research/projects/right-to-water/index.html
https://www-dav.jus.uio.no/ifp/om/organisasjon/seri/forskningsomrader/rettsteknologi/prosjekter/regelverkshjelpen/index.html
https://www-dav.jus.uio.no/ifp/om/organisasjon/seri/forskningsomrader/personvern-informasjonssikkerhet/prosjekter/hjem-skole/index.html
https://www-dav.jus.uio.no/english/research/areas/intrel/projects/ybiel/index.html
https://www-dav.jus.uio.no/ifp/english/about/organization/nrccl/research-areas/ongoing-research/igov2.html
https://www-dav.jus.uio.no/ifp/om/organisasjon/seri/forskningsomrader/medierett-internetgovernance/prosjekter/internet-governance2/index.html
https://www-dav.jus.uio.no/ifp/om/organisasjon/seri/forskningsomrader/eforvaltning/prosjekter/undersokelse-av-it-styring-i-forvaltningen-en-tilstandsrapport/index.html
https://www-dav.jus.uio.no/forskning/omrader/rettshistorie/prosjekter/norges-bank-1816-2016/index.html
https://www-dav.jus.uio.no/english/research/areas/natural-resources/projects/consistency/index.html
https://www-dav.jus.uio.no/ifp/om/organisasjon/seri/forskningsomrader/personvern-informasjonssikkerhet/prosjekter/dpsca/index.html
https://www-dav.jus.uio.no/ifp/english/research/projects/choice-of-law/index.html
https://www-dav.jus.uio.no/ifp/forskning/prosjekter/kontraktomfasteigedom/index.html
https://www-dav.jus.uio.no/ifp/forskning/prosjekter/apa/index.html
https://www-dav.jus.uio.no/smr/english/research/projects/indigenous-people-latinamerica/index.html
https://www-dav.jus.uio.no/smr/forskning/prosjekter/overvaking-urfolkspolitikk-latinamerika/index.html
https://www-dav.jus.uio.no/ikrs/forskning/prosjekter/erstatningsordninger/index.html
https://www-dav.jus.uio.no/smr/forskning/prosjekter/straffedomstol-konfliktlosning/index.html
https://www-dav.jus.uio.no/smr/english/research/projects/should-states-ratify-hr-conventions/index.html
https://www-dav.jus.uio.no/smr/forskning/prosjekter/ratifisering-mrkonvensjoner/index.html
https://www-dav.jus.uio.no/smr/forskning/prosjekter/fn-traktat-organer-mr/index.html
https://www-dav.jus.uio.no/smr/forskning/prosjekter/globalt-rettsvesen/index.html
https://www-dav.jus.uio.no/smr/forskning/prosjekter/sosio-ok-rettigheter-ml/index.html
https://www-dav.jus.uio.no/smr/forskning/prosjekter/flertallsdemokrati-kvoteordninger-minoritetsvern/index.html
https://www-dav.jus.uio.no/smr/english/research/projects/icc-conflict-resolution/index.html
https://www-dav.jus.uio.no/ikrs/forskning/prosjekter/prindsen/index.html
https://www-dav.jus.uio.no/ifp/english/research/projects/arfa/index.html
https://www-dav.jus.uio.no/for-ansatte/kompetanse/it-kurs/disposisjon/vortex-for-redaktorer/eksempler/mitt-prosjekt/index.html
https://www-dav.jus.uio.no/smr/english/research/projects/intepretation-hr-untreatybodies/index.html
https://www-dav.jus.uio.no/smr/forskning/prosjekter/demokrati-mr-institusjoner/index.html
https://www-dav.jus.uio.no/smr/forskning/prosjekter/begrepsbruk-lov-rett/index.html
https://www-dav.jus.uio.no/smr/english/research/projects/democracy-hr-int-inst/index.html
https://www-dav.jus.uio.no/smr/english/research/projects/integration-religion/index.html
https://www-dav.jus.uio.no/smr/english/research/projects/legalities-of-poverty/index.html
https://www-dav.jus.uio.no/forskning/omrader/rettshistorie/prosjekter/ressursrettshistorie/index.html
https://www-dav.jus.uio.no/forskning/omrader/rettshistorie/prosjekter/metodiske-temaer/index.html
https://www-dav.jus.uio.no/ior/forskning/prosjekter/should-states-ratify-project/index.html
https://www-dav.jus.uio.no/english/research/areas/intrel/projects/should-states-ratify-project/index.html
https://www-dav.jus.uio.no/ior/english/research/projects/should-states-ratify-project/index.html
https://www-dav.jus.uio.no/ior/english/research/projects/tribunals/index.html
https://www-dav.jus.uio.no/ifp/forskning/prosjekter/forbrukarkontraktar/index.html
https://www-dav.jus.uio.no/forskning/omrader/naturressurs/prosjekter/utmarksprosjektet/index.html
https://www-dav.jus.uio.no/smr/forskning/prosjekter/reparere-fortiden/index.html
https://www-dav.jus.uio.no/smr/english/research/projects/convention-rights-child/index.html
https://www-dav.jus.uio.no/english/research/areas/natural-resources/projects/uncultivated-land/index.html
https://www-dav.jus.uio.no/nifs/forskning/prosjekter/sikkerhetsregulering-petro/index.html
https://www-dav.jus.uio.no/ior/english/research/projects/ybiel/index.html
https://www-dav.jus.uio.no/english/research/areas/intrel/projects/treaty/index.html
https://www-dav.jus.uio.no/english/research/areas/intrel/projects/sustainable-companies/index.html
https://www-dav.jus.uio.no/english/research/areas/intrel-new/projects/tribunals/index.html
https://www-dav.jus.uio.no/ifp/om/organisasjon/seri/forskningsomrader/eforvaltning/prosjekter/ressursnettverk-eforvaltning/index.html
https://www-dav.jus.uio.no/ifp/om/organisasjon/seri/forskningsomrader/personvern-informasjonssikkerhet/prosjekter/pert/index.html
https://www-dav.jus.uio.no/forskning/omrader/samfunnskontroll/prosjekter/justice/index.html
https://www-dav.jus.uio.no/ifp/om/organisasjon/seri/forskningsomrader/eforvaltning/prosjekter/kunnskapsbehov/index.html
https://www-dav.jus.uio.no/ifp/om/organisasjon/seri/forskningsomrader/eforvaltning/prosjekter/ios-tss/index.html
https://www-dav.jus.uio.no/ifp/om/organisasjon/seri/forskningsomrader/ehandel/prosjekter/electronic-contracting/index.html
https://www-dav.jus.uio.no/ifp/om/organisasjon/seri/forskningsomrader/medierett-internetgovernance/prosjekter/internet-governance/index.html
https://www-dav.jus.uio.no/ifp/om/organisasjon/seri/forskningsomrader/personvern-informasjonssikkerhet/prosjekter/personvernskolen/index.html
https://www-dav.jus.uio.no/ifp/forskning/prosjekter/ressursnettverket/index.html
https://www-dav.jus.uio.no/ifp/english/research/projects/markets-and-competition/index.html
https://www-dav.jus.uio.no/ifp/forskning/prosjekter/personvernskolen/index.html
https://www-dav.jus.uio.no/ifp/forskning/prosjekter/pert/index.html
https://www-dav.jus.uio.no/smr/forskning/prosjekter/fredsoperasjoner/index.html
https://www-dav.jus.uio.no/smr/forskning/prosjekter/detecter/index.html
https://www-dav.jus.uio.no/smr/forskning/prosjekter/samiske-barn/index.html
https://www-dav.jus.uio.no/ior/forskning/prosjekter/lovgivningslaere/index.html
https://www-dav.jus.uio.no/smr/forskning/prosjekter/islamsk-rettstenkning/index.html
https://www-dav.jus.uio.no/smr/english/research/projects/detecter/index.html
https://www-dav.jus.uio.no/smr/english/research/projects/losing-discourse-justice/index.html
https://www-dav.jus.uio.no/smr/english/research/projects/victim-reparations-latinamerica/index.html
https://www-dav.jus.uio.no/smr/english/research/projects/human-rights-peace-operations/index.html
https://www-dav.jus.uio.no/ifp/om/organisasjon/seri/forskningsomrader/personvern-informasjonssikkerhet/prosjekter/ipsko/index.html
https://www-dav.jus.uio.no/ifp/om/organisasjon/seri/forskningsomrader/personvern-informasjonssikkerhet/prosjekter/risit/index.html
https://www-dav.jus.uio.no/ifp/om/organisasjon/seri/forskningsomrader/personvern-informasjonssikkerhet/prosjekter/pet/index.html
https://www-dav.jus.uio.no/ifp/om/organisasjon/seri/forskningsomrader/personvern-informasjonssikkerhet/prosjekter/lisrip/index.html
https://www-dav.jus.uio.no/ifp/om/organisasjon/seri/forskningsomrader/rettsteknologi/prosjekter/prosjekt-lovdata/index.html
https://www-dav.jus.uio.no/ifp/om/organisasjon/seri/forskningsomrader/medierett-internetgovernance/prosjekter/whois/index.html
https://www-dav.jus.uio.no/ifp/om/organisasjon/seri/forskningsomrader/medierett-internetgovernance/prosjekter/access-to-justice/index.html
https://www-dav.jus.uio.no/ifp/om/organisasjon/seri/forskningsomrader/ehandel/prosjekter/dno/index.html
https://www-dav.jus.uio.no/smr/english/research/projects/religious-practice-kw/index.html
