https://www-dav.usit.uio.no/english/about/organisation/suaf/so/staff/karinar/index.html
https://www-dav.usit.uio.no/english/about/organisation/sas/glit/staff/norara/index.html
https://www-dav.usit.uio.no/om/organisasjon/suf/dml/ansatte/ingercgr/index.html
https://www-dav.usit.uio.no/om/organisasjon/web/wapp/ansatte/dagfinb/index.html
https://www-dav.usit.uio.no/om/organisasjon/suf/vd/ansatte/palfu/index.html
https://www-dav.usit.uio.no/om/organisasjon/sas/lipk/ansatte/ernestog/index.html
https://www-dav.usit.uio.no/om/organisasjon/sas/wi/ansatte/axelbsa/index.html
https://www-dav.usit.uio.no/om/organisasjon/admin/ansatte/gydakj/index.html
https://www-dav.usit.uio.no/om/organisasjon/suf/ansatte/lindaj/index.html
https://www-dav.usit.uio.no/om/organisasjon/suf/dml/ansatte/bentku/index.html
https://www-dav.usit.uio.no/om/organisasjon/web/wapp/ansatte/thomasfl/index.html
https://www-dav.usit.uio.no/om/organisasjon/sapp/dba/ansatte/iholm/index.html
https://www-dav.usit.uio.no/om/organisasjon/suf/vd/ansatte/haeide/index.html
https://www-dav.usit.uio.no/om/organisasjon/sas/wi/ansatte/olaod/index.html
https://www-dav.usit.uio.no/om/organisasjon/sapp/bsd/ansatte/werner/index.html
https://www-dav.usit.uio.no/om/organisasjon/sas/glit/ansatte/norara/index.html
https://www-dav.usit.uio.no/english/about/organisation/sapp/gt/staff/bore/index.html
https://www-dav.usit.uio.no/english/about/organisation/web/guan/staff/areg/index.html
https://www-dav.usit.uio.no/english/about/organisation/staff/bness/index.html
https://www-dav.usit.uio.no/english/about/organisation/web/guan/staff/oyvihatl/index.html
https://www-dav.usit.uio.no/english/about/organisation/suaf/fus/staff/roynek/index.html
https://www-dav.usit.uio.no/om/organisasjon/web/wapp/ansatte/rikkejf/index.html
https://www-dav.usit.uio.no/om/organisasjon/suf/vd/ansatte/nikolaiv/index.html
https://www-dav.usit.uio.no/om/organisasjon/sapp/gt/ansatte/jokim/index.html
https://www-dav.usit.uio.no/om/organisasjon/suf/dml/ansatte/audunbr/index.html
https://www-dav.usit.uio.no/om/organisasjon/sapp/dba/ansatte/rafael/index.html
https://www-dav.usit.uio.no/om/organisasjon/sapp/gt/ansatte/hbf/index.html
https://www-dav.usit.uio.no/om/organisasjon/sapp/gt/ansatte/amveha/index.html
https://www-dav.usit.uio.no/om/organisasjon/sapp/gt/ansatte/jazz/index.html
https://www-dav.usit.uio.no/om/organisasjon/sapp/gt/ansatte/rogerha/index.html
https://www-dav.usit.uio.no/om/organisasjon/sapp/gt/ansatte/tvl/index.html
https://www-dav.usit.uio.no/om/organisasjon/sapp/gt/ansatte/bore/index.html
https://www-dav.usit.uio.no/om/organisasjon/suaf/fus/ansatte/steiaske/index.html
https://www-dav.usit.uio.no/english/about/organisation/web/wapp/staff/thomasfl/index.html
https://www-dav.usit.uio.no/om/organisasjon/suaf/fus/ansatte/roynek/index.html
https://www-dav.usit.uio.no/om/organisasjon/web/guan/ansatte/oyvihatl/index.html
https://www-dav.usit.uio.no/om/organisasjon/ansatte/bness/index.html
https://www-dav.usit.uio.no/om/organisasjon/web/guan/ansatte/areg/index.html
https://www-dav.usit.uio.no/om/organisasjon/suaf/so/ansatte/karinar/index.html
https://www-dav.usit.uio.no/om/organisasjon/suaf/so/ansatte/kristhka/index.html
https://www-dav.usit.uio.no/om/organisasjon/suaf/so/ansatte/geirhha/index.html
https://www-dav.usit.uio.no/om/organisasjon/sapp/gt/ansatte/bca/index.html
https://www-dav.usit.uio.no/om/organisasjon/sas/glit/ansatte/safeta/index.html
https://www-dav.usit.uio.no/om/organisasjon/sint/ansatte/henrikb/index.html
https://www-dav.usit.uio.no/om/organisasjon/sapp/gt/ansatte/hamar/index.html
https://www-dav.usit.uio.no/om/organisasjon/sapp/gt/ansatte/xiaoliz/index.html
https://www-dav.usit.uio.no/om/organisasjon/sapp/gt/ansatte/igorer/index.html
https://www-dav.usit.uio.no/om/organisasjon/sapp/bsd/ansatte/ketilni/index.html
https://www-dav.usit.uio.no/om/organisasjon/sapp/bsd/ansatte/pre/index.html
https://www-dav.usit.uio.no/om/organisasjon/suaf/fs/ansatte/annemamm/index.html
https://www-dav.usit.uio.no/om/organisasjon/sas/lipk/ansatte/aruste/index.html
https://www-dav.usit.uio.no/om/organisasjon/sas/wi/ansatte/magnuhho/index.html
https://www-dav.usit.uio.no/om/organisasjon/sas/wi/ansatte/espenwi/index.html
https://www-dav.usit.uio.no/om/organisasjon/it-dir-stab/ansatte/christfs/index.html
https://www-dav.usit.uio.no/om/organisasjon/sas/glit/ansatte/jmjohann/index.html
https://www-dav.usit.uio.no/om/organisasjon/sas/glit/ansatte/annabelt/index.html
https://www-dav.usit.uio.no/om/organisasjon/sas/glit/ansatte/martinbn/index.html
https://www-dav.usit.uio.no/om/organisasjon/sas/glit/ansatte/vegardko/index.html
https://www-dav.usit.uio.no/om/organisasjon/sas/glit/ansatte/henrihel/index.html
https://www-dav.usit.uio.no/om/organisasjon/sas/glit/ansatte/pmbraath/index.html
https://www-dav.usit.uio.no/om/organisasjon/sas/glit/ansatte/martiben/index.html
https://www-dav.usit.uio.no/om/organisasjon/suaf/so/ansatte/msetek/index.html
https://www-dav.usit.uio.no/om/organisasjon/sas/wi/ansatte/ketilkl/index.html
https://www-dav.usit.uio.no/om/organisasjon/suf/ds/ansatte/sveigl/index.html
https://www-dav.usit.uio.no/om/organisasjon/suf/ds/ansatte/brithaug/index.html
https://www-dav.usit.uio.no/om/organisasjon/suf/ds/ansatte/jstabel/index.html
https://www-dav.usit.uio.no/om/organisasjon/suf/ds/ansatte/ellenjo/index.html
https://www-dav.usit.uio.no/om/organisasjon/suf/ds/ansatte/sofiao/index.html
https://www-dav.usit.uio.no/om/organisasjon/splo/ansatte/evabry/index.html
https://www-dav.usit.uio.no/om/organisasjon/suf/dml/ansatte/hvassing/index_en.html
https://www-dav.usit.uio.no/om/organisasjon/suf/dml/ansatte/hansne/index.html
https://www-dav.usit.uio.no/om/organisasjon/sapp/gt/ansatte/iv/index.html
https://www-dav.usit.uio.no/om/organisasjon/sapp/gap/ansatte/hellesol/index.html
https://www-dav.usit.uio.no/om/organisasjon/sint/ansatte/kjetilo/index.html
https://www-dav.usit.uio.no/om/organisasjon/ansatte/larso/index.html
https://www-dav.usit.uio.no/om/organisasjon/sas/wi/ansatte/are/index.html
https://www-dav.usit.uio.no/om/organisasjon/suaf/so/ansatte/asbjornt/index.html
https://www-dav.usit.uio.no/om/organisasjon/sapp/gt/ansatte/baardj/index.html
https://www-dav.usit.uio.no/om/organisasjon/admin/ansatte/ingvhans/index.html
https://www-dav.usit.uio.no/om/organisasjon/suf/vd/ansatte/harad/index.html
https://www-dav.usit.uio.no/om/organisasjon/suf/dml/ansatte/kaugedal/index.html
https://www-dav.usit.uio.no/om/organisasjon/sapp/gap/ansatte/pahis/index.html
https://www-dav.usit.uio.no/om/organisasjon/sas/glit/ansatte/olgabon/index.html
https://www-dav.usit.uio.no/om/organisasjon/sas/glit/ansatte/celineda/index.html
https://www-dav.usit.uio.no/om/organisasjon/sas/glit/ansatte/oholseth/index.html
https://www-dav.usit.uio.no/om/organisasjon/sas/glit/ansatte/torjus/index.html
https://www-dav.usit.uio.no/om/organisasjon/sas/glit/ansatte/safa/index.html
https://www-dav.usit.uio.no/om/organisasjon/sas/glit/ansatte/magnjoh/index.html
https://www-dav.usit.uio.no/om/organisasjon/sas/glit/ansatte/luvogel/index.html
https://www-dav.usit.uio.no/om/organisasjon/sas/glit/ansatte/alme/index.html
https://www-dav.usit.uio.no/om/organisasjon/sas/glit/ansatte/culina/index.html
https://www-dav.usit.uio.no/om/organisasjon/sapp/gap/ansatte/temsgea/index.html
https://www-dav.usit.uio.no/om/organisasjon/web/gpl/ansatte/tommae/index.html
https://www-dav.usit.uio.no/om/organisasjon/suf/ds/ansatte/rituvesk/index.html
https://www-dav.usit.uio.no/om/organisasjon/sas/lipk/ansatte/jarre/index.html
https://www-dav.usit.uio.no/om/organisasjon/sapp/gt/ansatte/estephaz/index.html
https://www-dav.usit.uio.no/om/organisasjon/suaf/so/ansatte/berntan/index.html
https://www-dav.usit.uio.no/om/organisasjon/web/gpl/ansatte/evenh/index.html
https://www-dav.usit.uio.no/om/organisasjon/web/gpl/ansatte/oyviste/index.html
https://www-dav.usit.uio.no/om/organisasjon/suf/ds/ansatte/vidarba/index.html
https://www-dav.usit.uio.no/om/organisasjon/web/guan/ansatte/astridj/index.html
https://www-dav.usit.uio.no/om/organisasjon/web/wapp/ansatte/torstsk/index.html
https://www-dav.usit.uio.no/om/organisasjon/web/gpl/ansatte/gormap/index.html
https://www-dav.usit.uio.no/om/organisasjon/web/wapp/ansatte/asno/index.html
https://www-dav.usit.uio.no/om/organisasjon/web/wapp/ansatte/adrianhj/index.html
https://www-dav.usit.uio.no/om/organisasjon/web/gpl/ansatte/rezam/index.html
https://www-dav.usit.uio.no/om/organisasjon/web/wapp/ansatte/steinel/index.html
https://www-dav.usit.uio.no/om/organisasjon/web/wapp/ansatte/erlendfg/index.html
https://www-dav.usit.uio.no/om/organisasjon/web/gpl/ansatte/dave/index.html
https://www-dav.usit.uio.no/om/organisasjon/sapp/gap/ansatte/ksvee/index.html
https://www-dav.usit.uio.no/om/organisasjon/suaf/so/ansatte/hca/index.html
https://www-dav.usit.uio.no/om/organisasjon/sint/ansatte/petter/index.html
https://www-dav.usit.uio.no/om/organisasjon/sas/glit/ansatte/emadsen/index.html
https://www-dav.usit.uio.no/om/organisasjon/suf/ds/ansatte/jarlee/index.html
https://www-dav.usit.uio.no/om/organisasjon/sapp/bsd/ansatte/hh/index.html
https://www-dav.usit.uio.no/om/organisasjon/suf/dml/ansatte/joakimt/index.html
https://www-dav.usit.uio.no/om/organisasjon/sas/glit/ansatte/omarlb/index.html
https://www-dav.usit.uio.no/om/organisasjon/admin/ansatte/kadriliw/index.html
https://www-dav.usit.uio.no/om/organisasjon/admin/ansatte/fossdal/index.html
https://www-dav.usit.uio.no/om/organisasjon/it-dir-stab/ansatte/hallgerb/index.html
https://www-dav.usit.uio.no/om/organisasjon/sas/glit/ansatte/danielsl/index.html
https://www-dav.usit.uio.no/om/organisasjon/admin/ansatte/fossdal%281%29/index.html
https://www-dav.usit.uio.no/om/organisasjon/sas/lipk/ansatte/avinger/index.html
https://www-dav.usit.uio.no/om/organisasjon/suf/dml/ansatte/magnuhov/index.html
https://www-dav.usit.uio.no/om/organisasjon/sas/wi/ansatte/masandb/index.html
https://www-dav.usit.uio.no/om/organisasjon/sas/glit/ansatte/danielhs/index.html
https://www-dav.usit.uio.no/om/organisasjon/suaf/fs/ansatte/adelhehu/index.html
https://www-dav.usit.uio.no/om/organisasjon/suf/dml/ansatte/torkeha/index.html
https://www-dav.usit.uio.no/om/organisasjon/suaf/fs/ansatte/bjornkr/index.html
https://www-dav.usit.uio.no/om/organisasjon/sapp/dba/ansatte/rogerjoh/index.html
https://www-dav.usit.uio.no/om/organisasjon/sapp/dba/ansatte/audunle/index.html
https://www-dav.usit.uio.no/om/organisasjon/suf/dml/ansatte/hvassing/index.html
https://www-dav.usit.uio.no/om/organisasjon/suf/dml/ansatte/sveinhkl/index.html
https://www-dav.usit.uio.no/om/organisasjon/web/gpl/ansatte/korvald/index.html
https://www-dav.usit.uio.no/om/organisasjon/sas/lipk/ansatte/markoa/index.html
https://www-dav.usit.uio.no/om/organisasjon/suaf/fus/ansatte/kariht/index.html
https://www-dav.usit.uio.no/om/organisasjon/suaf/fus/ansatte/kaiqu/index.html
https://www-dav.usit.uio.no/om/organisasjon/suaf/fus/ansatte/rikkekr/index.html
https://www-dav.usit.uio.no/om/organisasjon/sas/glit/ansatte/cchiem/index.html
https://www-dav.usit.uio.no/om/organisasjon/suf/dml/ansatte/gunnarjs/index.html
https://www-dav.usit.uio.no/om/organisasjon/sint/ansatte/mape/index.html
https://www-dav.usit.uio.no/om/organisasjon/suf/dml/ansatte/psira/index.html
https://www-dav.usit.uio.no/om/organisasjon/sas/glit/ansatte/tarjetj/index.html
https://www-dav.usit.uio.no/om/organisasjon/sas/glit/ansatte/shahabfm/index.html
https://www-dav.usit.uio.no/om/organisasjon/sapp/gap/ansatte/ingvarbs/index.html
https://www-dav.usit.uio.no/om/organisasjon/suf/vd/ansatte/bkengen/index.html
https://www-dav.usit.uio.no/om/organisasjon/suf/ds/ansatte/erlandse/index.html
https://www-dav.usit.uio.no/om/organisasjon/web/guan/ansatte/stiank/index.html
https://www-dav.usit.uio.no/om/organisasjon/sapp/dba/ansatte/alicer/index.html
https://www-dav.usit.uio.no/om/organisasjon/sapp/dba/ansatte/mesantos/index.html
https://www-dav.usit.uio.no/om/organisasjon/sapp/bsd/ansatte/asbruvik/index.html
https://www-dav.usit.uio.no/om/organisasjon/suaf/so/ansatte/rnhamre/index.html
https://www-dav.usit.uio.no/om/organisasjon/cristin/ansatte/nkarl/index.html
https://www-dav.usit.uio.no/om/organisasjon/cristin/ansatte/larswen/index.html
https://www-dav.usit.uio.no/om/organisasjon/suaf/fus/ansatte/arvidha/index.html
https://www-dav.usit.uio.no/om/organisasjon/sapp/gap/ansatte/vidarsk/index.html
https://www-dav.usit.uio.no/om/organisasjon/suaf/fs/ansatte/geirmv/index.html
https://www-dav.usit.uio.no/om/organisasjon/sas/lipk/ansatte/khellem/index.html
https://www-dav.usit.uio.no/om/organisasjon/sapp/bsd/ansatte/kjell/index.html
https://www-dav.usit.uio.no/om/organisasjon/suaf/fs/ansatte/martsag/index.html
https://www-dav.usit.uio.no/om/organisasjon/cristin/ansatte/katrinwb/index.html
https://www-dav.usit.uio.no/om/organisasjon/sint/ansatte/leneak/index.html
https://www-dav.usit.uio.no/om/organisasjon/splo/ansatte/janth/index.html
https://www-dav.usit.uio.no/om/organisasjon/splo/ansatte/anett/index.html
https://www-dav.usit.uio.no/om/organisasjon/splo/ansatte/esmokvin/index.html
https://www-dav.usit.uio.no/om/organisasjon/it-dir-stab/ansatte/felton/index.html
https://www-dav.usit.uio.no/om/organisasjon/cristin/ansatte/ragnarep/index.html
https://www-dav.usit.uio.no/om/organisasjon/suf/dml/ansatte/jesperha/index.html
https://www-dav.usit.uio.no/om/organisasjon/cristin/ansatte/rostgaar/index.html
https://www-dav.usit.uio.no/om/organisasjon/cristin/ansatte/margareg/index.html
https://www-dav.usit.uio.no/om/organisasjon/sapp/gt/ansatte/kolbu/index.html
https://www-dav.usit.uio.no/om/organisasjon/cristin/ansatte/agnieses/index.html
https://www-dav.usit.uio.no/om/organisasjon/sas/wi/ansatte/janandr/index.html
https://www-dav.usit.uio.no/om/organisasjon/suaf/so/ansatte/kjetilsk/index.html
https://www-dav.usit.uio.no/om/organisasjon/admin/ansatte/oyvin/index.html
https://www-dav.usit.uio.no/om/organisasjon/sas/wi/ansatte/erikvest/index.html
https://www-dav.usit.uio.no/om/organisasjon/admin/ansatte/kjellgm/index.html
https://www-dav.usit.uio.no/om/organisasjon/admin/ansatte/britme/index.html
https://www-dav.usit.uio.no/om/organisasjon/suf/vd/ansatte/toutain/index.html
https://www-dav.usit.uio.no/om/organisasjon/suf/vd/ansatte/sgaure/index.html
https://www-dav.usit.uio.no/om/organisasjon/suf/vd/ansatte/olews/index.html
https://www-dav.usit.uio.no/om/organisasjon/suf/vd/ansatte/dmytrok/index.html
https://www-dav.usit.uio.no/om/organisasjon/suf/vd/ansatte/katerim/index.html
https://www-dav.usit.uio.no/om/organisasjon/suaf/fus/ansatte/matija/index.html
https://www-dav.usit.uio.no/om/organisasjon/sas/lipk/ansatte/kemakine/index.html
https://www-dav.usit.uio.no/om/organisasjon/web/wapp/ansatte/kajh/index.html
https://www-dav.usit.uio.no/om/organisasjon/suf/ansatte/jonar/index.html
https://www-dav.usit.uio.no/om/organisasjon/admin/ansatte/marthebm/index.html
https://www-dav.usit.uio.no/om/organisasjon/admin/ansatte/jonsn/index.html
https://www-dav.usit.uio.no/om/organisasjon/admin/ansatte/toveh/index.html
https://www-dav.usit.uio.no/om/organisasjon/admin/ansatte/hsand/index.html
https://www-dav.usit.uio.no/om/organisasjon/sapp/gap/ansatte/steinars/index.html
https://www-dav.usit.uio.no/om/organisasjon/sint/ansatte/mraaum/index.html
https://www-dav.usit.uio.no/om/organisasjon/sapp/gap/ansatte/mikalkg/index.html
https://www-dav.usit.uio.no/om/organisasjon/admin/ansatte/ellengri/index.html
https://www-dav.usit.uio.no/om/organisasjon/suf/vd/ansatte/perhj/index.html
https://www-dav.usit.uio.no/om/organisasjon/sapp/gap/ansatte/kje/index.html
https://www-dav.usit.uio.no/om/organisasjon/suf/vd/ansatte/mariafio/index.html
https://www-dav.usit.uio.no/om/organisasjon/sapp/gt/ansatte/mocca/index.html
https://www-dav.usit.uio.no/om/organisasjon/suf/vd/ansatte/buzh/index.html
https://www-dav.usit.uio.no/om/organisasjon/suf/dml/ansatte/eliseja/index.html
https://www-dav.usit.uio.no/om/organisasjon/sapp/bsd/ansatte/oystelar/index.html
https://www-dav.usit.uio.no/om/organisasjon/suaf/so/ansatte/einarl/index.html
https://www-dav.usit.uio.no/om/organisasjon/suaf/fus/ansatte/yamunav/index.html
https://www-dav.usit.uio.no/om/organisasjon/suaf/fus/ansatte/torev/index.html
https://www-dav.usit.uio.no/om/organisasjon/suaf/fus/ansatte/torearo/index.html
https://www-dav.usit.uio.no/om/organisasjon/suaf/fus/ansatte/stigab/index.html
https://www-dav.usit.uio.no/om/organisasjon/suaf/fus/ansatte/sigurdfj/index.html
https://www-dav.usit.uio.no/om/organisasjon/suaf/fus/ansatte/margremy/index.html
https://www-dav.usit.uio.no/om/organisasjon/cristin/ansatte/jonin/index.html
https://www-dav.usit.uio.no/om/organisasjon/suaf/fus/ansatte/hannevib/index.html
https://www-dav.usit.uio.no/om/organisasjon/suaf/ansatte/gcl/index.html
https://www-dav.usit.uio.no/om/organisasjon/suaf/fus/ansatte/anneos/index.html
https://www-dav.usit.uio.no/om/organisasjon/suaf/fs/ansatte/markow/index.html
https://www-dav.usit.uio.no/om/organisasjon/suaf/fs/ansatte/leivhe/index.html
https://www-dav.usit.uio.no/om/organisasjon/suaf/fs/ansatte/knutlov/index.html
https://www-dav.usit.uio.no/om/organisasjon/suaf/fs/ansatte/geirsol/index.html
https://www-dav.usit.uio.no/om/organisasjon/suaf/fs/ansatte/foss/index.html
https://www-dav.usit.uio.no/om/organisasjon/suaf/fs/ansatte/erikn/index.html
https://www-dav.usit.uio.no/om/organisasjon/suaf/fs/ansatte/annelll/index.html
https://www-dav.usit.uio.no/om/organisasjon/suaf/fs/ansatte/alenm/index.html
https://www-dav.usit.uio.no/om/organisasjon/suaf/ansatte/kristinh/index.html
https://www-dav.usit.uio.no/om/organisasjon/samarbeidstiltaket-fs/ansatte/juliem/index.html
https://www-dav.usit.uio.no/om/organisasjon/suaf/ansatte/bhotvedt/index.html
https://www-dav.usit.uio.no/om/organisasjon/samarbeidstiltaket-fs/ansatte/aumoe/index.html
https://www-dav.usit.uio.no/om/organisasjon/splo/ansatte/larsggu/index.html
https://www-dav.usit.uio.no/om/organisasjon/splo/ansatte/fritzm/index.html
https://www-dav.usit.uio.no/om/organisasjon/sapp/bsd/ansatte/tomt/index.html
https://www-dav.usit.uio.no/om/organisasjon/sint/ansatte/rolfao/index.html
https://www-dav.usit.uio.no/om/organisasjon/sint/ansatte/roarmi/index.html
https://www-dav.usit.uio.no/om/organisasjon/sint/ansatte/ppaulsen/index.html
https://www-dav.usit.uio.no/om/organisasjon/sint/ansatte/oystegy/index.html
https://www-dav.usit.uio.no/om/organisasjon/sint/ansatte/lasseeng/index.html
https://www-dav.usit.uio.no/om/organisasjon/sint/ansatte/larser/index.html
https://www-dav.usit.uio.no/om/organisasjon/sint/ansatte/jansr/index.html
https://www-dav.usit.uio.no/om/organisasjon/sint/ansatte/arildlj/index.html
https://www-dav.usit.uio.no/om/organisasjon/suf/vd/ansatte/bhm/index.html
https://www-dav.usit.uio.no/om/organisasjon/suf/vd/ansatte/rogeron/index.html
https://www-dav.usit.uio.no/om/organisasjon/sas/wi/ansatte/torfu/index.html
https://www-dav.usit.uio.no/om/organisasjon/sas/wi/ansatte/torbenhr/index.html
https://www-dav.usit.uio.no/om/organisasjon/sas/wi/ansatte/espejoh/index.html
https://www-dav.usit.uio.no/om/organisasjon/sas/wi/ansatte/elisabhs/index.html
https://www-dav.usit.uio.no/om/organisasjon/sas/wi/ansatte/einargj/index.html
https://www-dav.usit.uio.no/om/organisasjon/sas/wi/ansatte/andersrw/index.html
https://www-dav.usit.uio.no/om/organisasjon/sas/wi/ansatte/andehen/index.html
https://www-dav.usit.uio.no/om/organisasjon/sas/lipk/ansatte/steinarm/index.html
https://www-dav.usit.uio.no/om/organisasjon/sas/lipk/ansatte/saidb/index.html
https://www-dav.usit.uio.no/om/organisasjon/sas/glit/ansatte/olsen/index.html
https://www-dav.usit.uio.no/om/organisasjon/sas/glit/ansatte/dagcb/index.html
https://www-dav.usit.uio.no/om/organisasjon/sapp/gt/ansatte/ivr/index.html
https://www-dav.usit.uio.no/om/organisasjon/sapp/bsd/ansatte/trondham/index.html
https://www-dav.usit.uio.no/om/organisasjon/admin/ansatte/bibit/index.html
https://www-dav.usit.uio.no/om/organisasjon/it-dir-stab/ansatte/espegro/index.html
https://www-dav.usit.uio.no/om/organisasjon/sapp/dba/ansatte/torfridl/index.html
https://www-dav.usit.uio.no/om/organisasjon/web/guan/ansatte/lise/index.html
https://www-dav.usit.uio.no/om/organisasjon/sapp/bsd/ansatte/kjetilk/index.html
https://www-dav.usit.uio.no/om/organisasjon/sapp/bsd/ansatte/kristend/index.html
https://www-dav.usit.uio.no/om/organisasjon/sapp/bsd/ansatte/tomdaae/index.html
https://www-dav.usit.uio.no/om/organisasjon/sapp/gap/ansatte/frankjs/index.html
https://www-dav.usit.uio.no/om/organisasjon/sapp/bsd/ansatte/hanspv/index.html
https://www-dav.usit.uio.no/om/organisasjon/sapp/dba/ansatte/lenea/index.html
https://www-dav.usit.uio.no/om/organisasjon/sint/ansatte/hege/index.html
https://www-dav.usit.uio.no/om/organisasjon/sapp/gt/ansatte/mathiasm/index.html
https://www-dav.usit.uio.no/om/organisasjon/sapp/bsd/ansatte/odberg/index.html
https://www-dav.usit.uio.no/om/organisasjon/sapp/gap/ansatte/paalhmy/index.html
https://www-dav.usit.uio.no/om/organisasjon/sapp/bsd/ansatte/jb/index.html
https://www-dav.usit.uio.no/om/organisasjon/sapp/dba/ansatte/jonwes/index.html
https://www-dav.usit.uio.no/om/organisasjon/sapp/ansatte/kborge/index.html
https://www-dav.usit.uio.no/om/organisasjon/sint/ansatte/asbjorp/index.html
https://www-dav.usit.uio.no/om/organisasjon/sas/glit/ansatte/fredla/index.html
https://www-dav.usit.uio.no/om/organisasjon/sapp/dba/ansatte/angelapu/index.html
https://www-dav.usit.uio.no/om/organisasjon/sapp/gap/ansatte/halvoru/index.html
https://www-dav.usit.uio.no/om/organisasjon/sapp/dba/ansatte/kmyrvold/index.html
https://www-dav.usit.uio.no/om/organisasjon/sapp/dba/ansatte/steira/index.html
https://www-dav.usit.uio.no/om/organisasjon/sapp/gap/ansatte/sverredi/index.html
https://www-dav.usit.uio.no/om/organisasjon/suf/dml/ansatte/skoch/index.html
https://www-dav.usit.uio.no/om/organisasjon/web/gpl/ansatte/oddmund/index.html
https://www-dav.usit.uio.no/om/organisasjon/admin/ansatte/livmaris/index.html
https://www-dav.usit.uio.no/om/organisasjon/sas/lipk/ansatte/mlomholt/index.html
https://www-dav.usit.uio.no/om/organisasjon/suaf/fus/ansatte/tonjejf/index.html
https://www-dav.usit.uio.no/om/organisasjon/sapp/bsd/ansatte/mikaeld/index.html
https://www-dav.usit.uio.no/om/organisasjon/web/guan/ansatte/havardf/index.html
https://www-dav.usit.uio.no/om/organisasjon/sas/lipk/ansatte/tonyb/index.html
https://www-dav.usit.uio.no/om/organisasjon/suf/dml/ansatte/torejorg/index.html
https://www-dav.usit.uio.no/om/organisasjon/web/ansatte/harell/index.html
https://www-dav.usit.uio.no/om/organisasjon/web/guan/ansatte/gronlund/index.html
https://www-dav.usit.uio.no/om/organisasjon/suf/ds/ansatte/steinaol/index.html
https://www-dav.usit.uio.no/om/organisasjon/sapp/gap/ansatte/andrsob/index.html
https://www-dav.usit.uio.no/om/organisasjon/sapp/bsd/ansatte/staalej/index.html
https://www-dav.usit.uio.no/om/organisasjon/suaf/fs/ansatte/jkleiser/index.html
https://www-dav.usit.uio.no/om/organisasjon/web/guan/ansatte/ampaia/index.html
